[0.030s] Invoking command in '/home/nvidia/Jetson-RT-Traffic-System/build/traffic_detect': CMAKE_PREFIX_PATH=${CMAKE_PREFIX_PATH}:/opt/ros/humble /usr/bin/cmake --build /home/nvidia/Jetson-RT-Traffic-System/build/traffic_detect -- -j6 -l6
[0.118s] [35m[1mConsolidate compiler generated dependencies of target traffic_detect_node[0m
[0.164s] [ 50%] [32mBuilding CXX object CMakeFiles/traffic_detect_node.dir/src/main.cpp.o[0m
[0.174s] [01m[Kcc1plus:[m[K [01;35m[Kwarning: [m[K/usr/local/cuda-12.6/lib64/libcudart_static.a: not a directory
[0.175s] [01m[Kcc1plus:[m[K [01;35m[Kwarning: [m[K/usr/lib/aarch64-linux-gnu/librt.a: not a directory
[26.497s] [100%] [32m[1mLinking CXX executable traffic_detect_node[0m
[27.062s] /usr/bin/ld: warning: libopencv_imgcodecs.so.4.5d, needed by /opt/ros/humble/lib/libcv_bridge.so, may conflict with libopencv_imgcodecs.so.408
[27.064s] /usr/bin/ld: warning: libopencv_imgproc.so.4.5d, needed by /opt/ros/humble/lib/libcv_bridge.so, may conflict with libopencv_imgproc.so.408
[27.065s] /usr/bin/ld: warning: libopencv_core.so.4.5d, needed by /opt/ros/humble/lib/libcv_bridge.so, may conflict with libopencv_core.so.408
[28.288s] [100%] Built target traffic_detect_node
[28.315s] Invoked command in '/home/nvidia/Jetson-RT-Traffic-System/build/traffic_detect' returned '0': CMAKE_PREFIX_PATH=${CMAKE_PREFIX_PATH}:/opt/ros/humble /usr/bin/cmake --build /home/nvidia/Jetson-RT-Traffic-System/build/traffic_detect -- -j6 -l6
[28.319s] Invoking command in '/home/nvidia/Jetson-RT-Traffic-System/build/traffic_detect': CMAKE_PREFIX_PATH=${CMAKE_PREFIX_PATH}:/opt/ros/humble /usr/bin/cmake --install /home/nvidia/Jetson-RT-Traffic-System/build/traffic_detect
[28.336s] -- Install configuration: ""
[28.337s] -- Installing: /home/nvidia/Jetson-RT-Traffic-System/install/traffic_detect/lib/traffic_detect/traffic_detect_node
[28.351s] -- Set runtime path of "/home/nvidia/Jetson-RT-Traffic-System/install/traffic_detect/lib/traffic_detect/traffic_detect_node" to ""
[28.351s] -- Up-to-date: /home/nvidia/Jetson-RT-Traffic-System/install/traffic_detect/share/ament_index/resource_index/package_run_dependencies/traffic_detect
[28.352s] -- Up-to-date: /home/nvidia/Jetson-RT-Traffic-System/install/traffic_detect/share/ament_index/resource_index/parent_prefix_path/traffic_detect
[28.352s] -- Up-to-date: /home/nvidia/Jetson-RT-Traffic-System/install/traffic_detect/share/traffic_detect/environment/ament_prefix_path.sh
[28.352s] -- Up-to-date: /home/nvidia/Jetson-RT-Traffic-System/install/traffic_detect/share/traffic_detect/environment/ament_prefix_path.dsv
[28.353s] -- Up-to-date: /home/nvidia/Jetson-RT-Traffic-System/install/traffic_detect/share/traffic_detect/environment/path.sh
[28.353s] -- Up-to-date: /home/nvidia/Jetson-RT-Traffic-System/install/traffic_detect/share/traffic_detect/environment/path.dsv
[28.353s] -- Up-to-date: /home/nvidia/Jetson-RT-Traffic-System/install/traffic_detect/share/traffic_detect/local_setup.bash
[28.353s] -- Up-to-date: /home/nvidia/Jetson-RT-Traffic-System/install/traffic_detect/share/traffic_detect/local_setup.sh
[28.354s] -- Up-to-date: /home/nvidia/Jetson-RT-Traffic-System/install/traffic_detect/share/traffic_detect/local_setup.zsh
[28.354s] -- Up-to-date: /home/nvidia/Jetson-RT-Traffic-System/install/traffic_detect/share/traffic_detect/local_setup.dsv
[28.354s] -- Installing: /home/nvidia/Jetson-RT-Traffic-System/install/traffic_detect/share/traffic_detect/package.dsv
[28.354s] -- Up-to-date: /home/nvidia/Jetson-RT-Traffic-System/install/traffic_detect/share/ament_index/resource_index/packages/traffic_detect
[28.355s] -- Up-to-date: /home/nvidia/Jetson-RT-Traffic-System/install/traffic_detect/share/traffic_detect/cmake/traffic_detectConfig.cmake
[28.356s] -- Up-to-date: /home/nvidia/Jetson-RT-Traffic-System/install/traffic_detect/share/traffic_detect/cmake/traffic_detectConfig-version.cmake
[28.359s] -- Up-to-date: /home/nvidia/Jetson-RT-Traffic-System/install/traffic_detect/share/traffic_detect/package.xml
[28.360s] Invoked command in '/home/nvidia/Jetson-RT-Traffic-System/build/traffic_detect' returned '0': CMAKE_PREFIX_PATH=${CMAKE_PREFIX_PATH}:/opt/ros/humble /usr/bin/cmake --install /home/nvidia/Jetson-RT-Traffic-System/build/traffic_detect
