[0.050s] Invoking command in '/home/main-user/Jetson-RT-Traffic-System/build/traffic_detect': CMAKE_PREFIX_PATH=${CMAKE_PREFIX_PATH}:/home/main-user/Jetson-RT-Traffic-System/install/videopub:/home/main-user/install/videopub:/opt/ros/humble /usr/bin/cmake --build /home/main-user/Jetson-RT-Traffic-System/build/traffic_detect -- -j6 -l6
[0.200s] [ 50%] [32mBuilding CXX object CMakeFiles/traffic_detect_node.dir/src/main.cpp.o[0m
[0.208s] [01m[Kcc1plus:[m[K [01;35m[Kwarning: [m[K/usr/local/cuda/lib64/libcudart_static.a: not a directory
[0.209s] [01m[Kcc1plus:[m[K [01;35m[Kwarning: [m[K/usr/lib/aarch64-linux-gnu/librt.a: not a directory
[8.739s] In file included from [01m[K/opt/ros/humble/include/rclcpp/rclcpp/logging.hpp:24[m[K,
[8.739s]                  from [01m[K/opt/ros/humble/include/rclcpp/rclcpp/client.hpp:40[m[K,
[8.739s]                  from [01m[K/opt/ros/humble/include/rclcpp/rclcpp/callback_group.hpp:24[m[K,
[8.739s]                  from [01m[K/opt/ros/humble/include/rclcpp/rclcpp/any_executable.hpp:20[m[K,
[8.740s]                  from [01m[K/opt/ros/humble/include/rclcpp/rclcpp/memory_strategy.hpp:25[m[K,
[8.740s]                  from [01m[K/opt/ros/humble/include/rclcpp/rclcpp/memory_strategies.hpp:18[m[K,
[8.740s]                  from [01m[K/opt/ros/humble/include/rclcpp/rclcpp/executor_options.hpp:20[m[K,
[8.740s]                  from [01m[K/opt/ros/humble/include/rclcpp/rclcpp/executor.hpp:37[m[K,
[8.740s]                  from [01m[K/opt/ros/humble/include/rclcpp/rclcpp/executors/multi_threaded_executor.hpp:25[m[K,
[8.740s]                  from [01m[K/opt/ros/humble/include/rclcpp/rclcpp/executors.hpp:21[m[K,
[8.740s]                  from [01m[K/opt/ros/humble/include/rclcpp/rclcpp/rclcpp.hpp:155[m[K,
[8.741s]                  from [01m[K/home/main-user/Jetson-RT-Traffic-System/src/traffic_detect/src/main.cpp:6[m[K:
[8.741s] [01m[K/home/main-user/Jetson-RT-Traffic-System/src/traffic_detect/src/main.cpp:[m[K In member function ‘[01m[Kvoid TrafficDetector::send_data(std::vector<float>*, std::vector<float>*, float, float, std::string&)[m[K’:
[8.741s] [01m[K/home/main-user/Jetson-RT-Traffic-System/src/traffic_detect/src/main.cpp:297:31:[m[K [01;31m[Kerror: [m[Kinvalid operands of types ‘[01m[Kconst char [16][m[K’ and ‘[01m[Kfloat[m[K’ to binary ‘[01m[Koperator<<[m[K’
[8.741s]   297 |             [32m[K"raw vals: {x = "[m[K [01;31m[K<<[m[K [34m[Kx_raw[m[K << ", y = " << y_raw
[8.741s]       |             [32m[K~~~~~~~~~~~~~~~~~[m[K [01;31m[K^~[m[K [34m[K~~~~~[m[K
[8.741s]       |             [32m[K|[m[K                    [34m[K|[m[K
[8.741s]       |             [32m[Kconst char [16][m[K      [34m[Kfloat[m[K
[16.065s] gmake[2]: *** [CMakeFiles/traffic_detect_node.dir/build.make:76: CMakeFiles/traffic_detect_node.dir/src/main.cpp.o] Error 1
[16.065s] gmake[1]: *** [CMakeFiles/Makefile2:137: CMakeFiles/traffic_detect_node.dir/all] Error 2
[16.065s] gmake: *** [Makefile:146: all] Error 2
[16.070s] Invoked command in '/home/main-user/Jetson-RT-Traffic-System/build/traffic_detect' returned '2': CMAKE_PREFIX_PATH=${CMAKE_PREFIX_PATH}:/home/main-user/Jetson-RT-Traffic-System/install/videopub:/home/main-user/install/videopub:/opt/ros/humble /usr/bin/cmake --build /home/main-user/Jetson-RT-Traffic-System/build/traffic_detect -- -j6 -l6
