[33mCMake Warning (dev) at CMakeLists.txt:17 (add_executable):
  Policy CMP0115 is not set: Source file extensions must be explicit.  Run
  "cmake --help-policy CMP0115" for policy details.  Use the cmake_policy
  command to set the policy and suppress this warning.

  File:

    /home/main-user/Jetson-RT-Traffic-System/src/cpp_pubsub/src/publisher_member_function.cpp.cpp
This warning is for project developers.  Use -Wno-dev to suppress it.
[0m
[01m[K/home/main-user/Jetson-RT-Traffic-System/src/cpp_pubsub/src/publisher_member_function.cpp.cpp:[m[K In function ‘[01m[Kint main(int, char**)[m[K’:
[01m[K/home/main-user/Jetson-RT-Traffic-System/src/cpp_pubsub/src/publisher_member_function.cpp.cpp:16:13:[m[K [01;31m[Kerror: [m[Kexpected ‘[01m[K;[m[K’ before ‘[01m[K}[m[K’ token
   16 |     _exit(0)
      |             [01;31m[K^[m[K
      |             [32m[K;[m[K
   17 | [32m[K}[m[K
      | [32m[K~[m[K            
[01m[K/home/main-user/Jetson-RT-Traffic-System/src/cpp_pubsub/src/publisher_member_function.cpp.cpp:12:14:[m[K [01;35m[Kwarning: [m[Kunused parameter ‘[01m[Kargc[m[K’ [[01;35m[K]8;;https://gcc.gnu.org/onlinedocs/gcc/Warning-Options.html#index-Wunused-parameter-Wunused-parameter]8;;[m[K]
   12 | int main([01;35m[Kint argc[m[K, char** argv){
      |          [01;35m[K~~~~^~~~[m[K
[01m[K/home/main-user/Jetson-RT-Traffic-System/src/cpp_pubsub/src/publisher_member_function.cpp.cpp:12:27:[m[K [01;35m[Kwarning: [m[Kunused parameter ‘[01m[Kargv[m[K’ [[01;35m[K]8;;https://gcc.gnu.org/onlinedocs/gcc/Warning-Options.html#index-Wunused-parameter-Wunused-parameter]8;;[m[K]
   12 | int main(int argc, [01;35m[Kchar** argv[m[K){
      |                    [01;35m[K~~~~~~~^~~~[m[K
gmake[2]: *** [CMakeFiles/talker.dir/build.make:76: CMakeFiles/talker.dir/src/publisher_member_function.cpp.cpp.o] Error 1
gmake[1]: *** [CMakeFiles/Makefile2:137: CMakeFiles/talker.dir/all] Error 2
gmake: *** [Makefile:146: all] Error 2
