[0.024s] Invoking command in '/home/main-user/Jetson-RT-Traffic-System/build/cpp_pubsub': CMAKE_PREFIX_PATH=${CMAKE_PREFIX_PATH}:/opt/ros/humble /usr/bin/cmake --build /home/main-user/Jetson-RT-Traffic-System/build/cpp_pubsub -- -j6 -l6
[0.072s] -- Found ament_cmake: 1.3.11 (/opt/ros/humble/share/ament_cmake/cmake)
[0.346s] -- Found rclcpp: 16.0.12 (/opt/ros/humble/share/rclcpp/cmake)
[0.422s] -- Found rosidl_generator_c: 3.1.6 (/opt/ros/humble/share/rosidl_generator_c/cmake)
[0.428s] -- Found rosidl_adapter: 3.1.6 (/opt/ros/humble/share/rosidl_adapter/cmake)
[0.439s] -- Found rosidl_generator_cpp: 3.1.6 (/opt/ros/humble/share/rosidl_generator_cpp/cmake)
[0.457s] -- Using all available rosidl_typesupport_c: rosidl_typesupport_fastrtps_c;rosidl_typesupport_introspection_c
[0.482s] -- Using all available rosidl_typesupport_cpp: rosidl_typesupport_fastrtps_cpp;rosidl_typesupport_introspection_cpp
[0.541s] -- Found rmw_implementation_cmake: 6.1.2 (/opt/ros/humble/share/rmw_implementation_cmake/cmake)
[0.544s] -- Found rmw_fastrtps_cpp: 6.2.7 (/opt/ros/humble/share/rmw_fastrtps_cpp/cmake)
[0.720s] -- Using RMW implementation 'rmw_fastrtps_cpp' as default
[1.152s] -- Configuring done
[1.158s] [33mCMake Warning (dev) at CMakeLists.txt:17 (add_executable):
[1.158s]   Policy CMP0115 is not set: Source file extensions must be explicit.  Run
[1.158s]   "cmake --help-policy CMP0115" for policy details.  Use the cmake_policy
[1.159s]   command to set the policy and suppress this warning.
[1.159s] 
[1.159s]   File:
[1.159s] 
[1.159s]     /home/main-user/Jetson-RT-Traffic-System/src/cpp_pubsub/src/publisher_member_function.cpp.cpp
[1.159s] This warning is for project developers.  Use -Wno-dev to suppress it.
[1.159s] [0m
[1.170s] -- Generating done
[3.351s] -- Build files have been written to: /home/main-user/Jetson-RT-Traffic-System/build/cpp_pubsub
[3.430s] [ 50%] [32mBuilding CXX object CMakeFiles/talker.dir/src/publisher_member_function.cpp.cpp.o[0m
[9.147s] [01m[K/home/main-user/Jetson-RT-Traffic-System/src/cpp_pubsub/src/publisher_member_function.cpp.cpp:[m[K In function ‘[01m[Kint main(int, char**)[m[K’:
[9.147s] [01m[K/home/main-user/Jetson-RT-Traffic-System/src/cpp_pubsub/src/publisher_member_function.cpp.cpp:16:13:[m[K [01;31m[Kerror: [m[Kexpected ‘[01m[K;[m[K’ before ‘[01m[K}[m[K’ token
[9.148s]    16 |     _exit(0)
[9.148s]       |             [01;31m[K^[m[K
[9.148s]       |             [32m[K;[m[K
[9.148s]    17 | [32m[K}[m[K
[9.149s]       | [32m[K~[m[K            
[9.149s] [01m[K/home/main-user/Jetson-RT-Traffic-System/src/cpp_pubsub/src/publisher_member_function.cpp.cpp:12:14:[m[K [01;35m[Kwarning: [m[Kunused parameter ‘[01m[Kargc[m[K’ [[01;35m[K]8;;https://gcc.gnu.org/onlinedocs/gcc/Warning-Options.html#index-Wunused-parameter-Wunused-parameter]8;;[m[K]
[9.149s]    12 | int main([01;35m[Kint argc[m[K, char** argv){
[9.149s]       |          [01;35m[K~~~~^~~~[m[K
[9.150s] [01m[K/home/main-user/Jetson-RT-Traffic-System/src/cpp_pubsub/src/publisher_member_function.cpp.cpp:12:27:[m[K [01;35m[Kwarning: [m[Kunused parameter ‘[01m[Kargv[m[K’ [[01;35m[K]8;;https://gcc.gnu.org/onlinedocs/gcc/Warning-Options.html#index-Wunused-parameter-Wunused-parameter]8;;[m[K]
[9.150s]    12 | int main(int argc, [01;35m[Kchar** argv[m[K){
[9.150s]       |                    [01;35m[K~~~~~~~^~~~[m[K
[10.127s] gmake[2]: *** [CMakeFiles/talker.dir/build.make:76: CMakeFiles/talker.dir/src/publisher_member_function.cpp.cpp.o] Error 1
[10.128s] gmake[1]: *** [CMakeFiles/Makefile2:137: CMakeFiles/talker.dir/all] Error 2
[10.128s] gmake: *** [Makefile:146: all] Error 2
[10.135s] Invoked command in '/home/main-user/Jetson-RT-Traffic-System/build/cpp_pubsub' returned '2': CMAKE_PREFIX_PATH=${CMAKE_PREFIX_PATH}:/opt/ros/humble /usr/bin/cmake --build /home/main-user/Jetson-RT-Traffic-System/build/cpp_pubsub -- -j6 -l6
