-- Found ament_cmake: 1.3.11 (/opt/ros/humble/share/ament_cmake/cmake)
-- Override CMake install command with custom implementation using symlinks instead of copying resources
-- Found rclcpp: 16.0.12 (/opt/ros/humble/share/rclcpp/cmake)
-- Found rosidl_generator_c: 3.1.6 (/opt/ros/humble/share/rosidl_generator_c/cmake)
-- Found rosidl_adapter: 3.1.6 (/opt/ros/humble/share/rosidl_adapter/cmake)
-- Found rosidl_generator_cpp: 3.1.6 (/opt/ros/humble/share/rosidl_generator_cpp/cmake)
-- Using all available rosidl_typesupport_c: rosidl_typesupport_fastrtps_c;rosidl_typesupport_introspection_c
-- Using all available rosidl_typesupport_cpp: rosidl_typesupport_fastrtps_cpp;rosidl_typesupport_introspection_cpp
-- Found rmw_implementation_cmake: 6.1.2 (/opt/ros/humble/share/rmw_implementation_cmake/cmake)
-- Found rmw_fastrtps_cpp: 6.2.7 (/opt/ros/humble/share/rmw_fastrtps_cpp/cmake)
-- Using RMW implementation 'rmw_fastrtps_cpp' as default
-- Configuring done
-- Generating done
-- Build files have been written to: /home/main-user/Jetson-RT-Traffic-System/build/cpp_pubsub
[35m[1mConsolidate compiler generated dependencies of target talker[0m
[35m[1mConsolidate compiler generated dependencies of target listener[0m
[ 25%] [32mBuilding CXX object CMakeFiles/talker.dir/src/publisher_member_function.cpp.o[0m
[ 50%] [32mBuilding CXX object CMakeFiles/listener.dir/src/subscriber_member_function.cpp.o[0m
[ 75%] [32m[1mLinking CXX executable talker[0m
[ 75%] Built target talker
[100%] [32m[1mLinking CXX executable listener[0m
[100%] Built target listener
-- Install configuration: ""
-- Execute custom install script
-- Symlinking: /home/main-user/Jetson-RT-Traffic-System/install/cpp_pubsub/lib/cpp_pubsub/talker
-- Up-to-date symlink: /home/main-user/Jetson-RT-Traffic-System/install/cpp_pubsub/lib/cpp_pubsub/talker
-- Symlinking: /home/main-user/Jetson-RT-Traffic-System/install/cpp_pubsub/lib/cpp_pubsub/listener
-- Symlinking: /home/main-user/Jetson-RT-Traffic-System/install/cpp_pubsub/share/ament_index/resource_index/package_run_dependencies/cpp_pubsub
-- Symlinking: /home/main-user/Jetson-RT-Traffic-System/install/cpp_pubsub/share/ament_index/resource_index/parent_prefix_path/cpp_pubsub
-- Symlinking: /home/main-user/Jetson-RT-Traffic-System/install/cpp_pubsub/share/cpp_pubsub/environment/ament_prefix_path.sh
-- Symlinking: /home/main-user/Jetson-RT-Traffic-System/install/cpp_pubsub/share/cpp_pubsub/environment/ament_prefix_path.dsv
-- Symlinking: /home/main-user/Jetson-RT-Traffic-System/install/cpp_pubsub/share/cpp_pubsub/environment/path.sh
-- Symlinking: /home/main-user/Jetson-RT-Traffic-System/install/cpp_pubsub/share/cpp_pubsub/environment/path.dsv
-- Symlinking: /home/main-user/Jetson-RT-Traffic-System/install/cpp_pubsub/share/cpp_pubsub/local_setup.bash
-- Symlinking: /home/main-user/Jetson-RT-Traffic-System/install/cpp_pubsub/share/cpp_pubsub/local_setup.sh
-- Symlinking: /home/main-user/Jetson-RT-Traffic-System/install/cpp_pubsub/share/cpp_pubsub/local_setup.zsh
-- Symlinking: /home/main-user/Jetson-RT-Traffic-System/install/cpp_pubsub/share/cpp_pubsub/local_setup.dsv
-- Symlinking: /home/main-user/Jetson-RT-Traffic-System/install/cpp_pubsub/share/cpp_pubsub/package.dsv
-- Symlinking: /home/main-user/Jetson-RT-Traffic-System/install/cpp_pubsub/share/ament_index/resource_index/packages/cpp_pubsub
-- Symlinking: /home/main-user/Jetson-RT-Traffic-System/install/cpp_pubsub/share/cpp_pubsub/cmake/cpp_pubsubConfig.cmake
-- Symlinking: /home/main-user/Jetson-RT-Traffic-System/install/cpp_pubsub/share/cpp_pubsub/cmake/cpp_pubsubConfig-version.cmake
-- Symlinking: /home/main-user/Jetson-RT-Traffic-System/install/cpp_pubsub/share/cpp_pubsub/package.xml
