[0.020s] Invoking command in '/home/nvidia/Jetson-RT-Traffic-System/src/traffic_detect/build/traffic_detect': CMAKE_PREFIX_PATH=${CMAKE_PREFIX_PATH}:/opt/ros/humble /usr/bin/cmake /home/nvidia/Jetson-RT-Traffic-System/src/traffic_detect -DCMAKE_INSTALL_PREFIX=/home/nvidia/Jetson-RT-Traffic-System/src/traffic_detect/install/traffic_detect
[0.050s] -- Found ament_cmake: 1.3.11 (/opt/ros/humble/share/ament_cmake/cmake)
[0.329s] -- Override CMake install command with custom implementation using symlinks instead of copying resources
[0.355s] -- Found rclcpp: 16.0.12 (/opt/ros/humble/share/rclcpp/cmake)
[0.431s] -- Found rosidl_generator_c: 3.1.6 (/opt/ros/humble/share/rosidl_generator_c/cmake)
[0.435s] -- Found rosidl_adapter: 3.1.6 (/opt/ros/humble/share/rosidl_adapter/cmake)
[0.447s] -- Found rosidl_generator_cpp: 3.1.6 (/opt/ros/humble/share/rosidl_generator_cpp/cmake)
[0.467s] -- Using all available rosidl_typesupport_c: rosidl_typesupport_fastrtps_c;rosidl_typesupport_introspection_c
[0.492s] -- Using all available rosidl_typesupport_cpp: rosidl_typesupport_fastrtps_cpp;rosidl_typesupport_introspection_cpp
[0.559s] -- Found rmw_implementation_cmake: 6.1.2 (/opt/ros/humble/share/rmw_implementation_cmake/cmake)
[0.561s] -- Found rmw_fastrtps_cpp: 6.2.7 (/opt/ros/humble/share/rmw_fastrtps_cpp/cmake)
[0.755s] -- Using RMW implementation 'rmw_fastrtps_cpp' as default
[0.856s] -- Found sensor_msgs: 4.8.0 (/opt/ros/humble/share/sensor_msgs/cmake)
[0.921s] -- Found cv_bridge: 3.2.1 (/opt/ros/humble/share/cv_bridge/cmake)
[0.976s] -- Found ament_lint_auto: 0.12.12 (/opt/ros/humble/share/ament_lint_auto/cmake)
[1.174s] -- Added test 'cppcheck' to perform static code analysis on C / C++ code
[1.175s] -- Configured cppcheck include dirs: /home/nvidia/Jetson-RT-Traffic-System/src/traffic_detect/include;/home/nvidia/Jetson-RT-Traffic-System/src/traffic_detect/Threads::Threads;/home/nvidia/Jetson-RT-Traffic-System/src/traffic_detect/dl
[1.175s] -- Configured cppcheck exclude dirs and/or files: 
[1.181s] -- Added test 'flake8' to check Python code syntax and style conventions
[1.192s] -- Added test 'lint_cmake' to check CMake code style
[1.198s] -- Added test 'pep257' to check Python code against some of the docstring style conventions in PEP 257
[1.240s] -- Added test 'uncrustify' to check C / C++ code style
[1.240s] -- Configured uncrustify additional arguments: 
[1.246s] -- Added test 'xmllint' to check XML markup files
[1.248s] -- Configuring done
[1.273s] -- Generating done
[1.282s] -- Build files have been written to: /home/nvidia/Jetson-RT-Traffic-System/src/traffic_detect/build/traffic_detect
[1.305s] Invoked command in '/home/nvidia/Jetson-RT-Traffic-System/src/traffic_detect/build/traffic_detect' returned '0': CMAKE_PREFIX_PATH=${CMAKE_PREFIX_PATH}:/opt/ros/humble /usr/bin/cmake /home/nvidia/Jetson-RT-Traffic-System/src/traffic_detect -DCMAKE_INSTALL_PREFIX=/home/nvidia/Jetson-RT-Traffic-System/src/traffic_detect/install/traffic_detect
[1.310s] Invoking command in '/home/nvidia/Jetson-RT-Traffic-System/src/traffic_detect/build/traffic_detect': CMAKE_PREFIX_PATH=${CMAKE_PREFIX_PATH}:/opt/ros/humble /usr/bin/cmake --build /home/nvidia/Jetson-RT-Traffic-System/src/traffic_detect/build/traffic_detect -- -j6 -l6
[1.396s] [35m[1mConsolidate compiler generated dependencies of target traffic_detect_node[0m
[1.437s] [100%] Built target traffic_detect_node
[1.463s] Invoked command in '/home/nvidia/Jetson-RT-Traffic-System/src/traffic_detect/build/traffic_detect' returned '0': CMAKE_PREFIX_PATH=${CMAKE_PREFIX_PATH}:/opt/ros/humble /usr/bin/cmake --build /home/nvidia/Jetson-RT-Traffic-System/src/traffic_detect/build/traffic_detect -- -j6 -l6
[1.487s] Invoking command in '/home/nvidia/Jetson-RT-Traffic-System/src/traffic_detect/build/traffic_detect': CMAKE_PREFIX_PATH=${CMAKE_PREFIX_PATH}:/opt/ros/humble /usr/bin/cmake --install /home/nvidia/Jetson-RT-Traffic-System/src/traffic_detect/build/traffic_detect
[1.506s] -- Install configuration: ""
[1.507s] -- Execute custom install script
[1.508s] -- Up-to-date symlink: /home/nvidia/Jetson-RT-Traffic-System/src/traffic_detect/install/traffic_detect/lib/traffic_detect/traffic_detect_node
[1.508s] -- Up-to-date symlink: /home/nvidia/Jetson-RT-Traffic-System/src/traffic_detect/install/traffic_detect/share/ament_index/resource_index/package_run_dependencies/traffic_detect
[1.508s] -- Up-to-date symlink: /home/nvidia/Jetson-RT-Traffic-System/src/traffic_detect/install/traffic_detect/share/ament_index/resource_index/parent_prefix_path/traffic_detect
[1.509s] -- Up-to-date symlink: /home/nvidia/Jetson-RT-Traffic-System/src/traffic_detect/install/traffic_detect/share/traffic_detect/environment/ament_prefix_path.sh
[1.509s] -- Up-to-date symlink: /home/nvidia/Jetson-RT-Traffic-System/src/traffic_detect/install/traffic_detect/share/traffic_detect/environment/ament_prefix_path.dsv
[1.509s] -- Up-to-date symlink: /home/nvidia/Jetson-RT-Traffic-System/src/traffic_detect/install/traffic_detect/share/traffic_detect/environment/path.sh
[1.510s] -- Up-to-date symlink: /home/nvidia/Jetson-RT-Traffic-System/src/traffic_detect/install/traffic_detect/share/traffic_detect/environment/path.dsv
[1.510s] -- Up-to-date symlink: /home/nvidia/Jetson-RT-Traffic-System/src/traffic_detect/install/traffic_detect/share/traffic_detect/local_setup.bash
[1.510s] -- Up-to-date symlink: /home/nvidia/Jetson-RT-Traffic-System/src/traffic_detect/install/traffic_detect/share/traffic_detect/local_setup.sh
[1.511s] -- Up-to-date symlink: /home/nvidia/Jetson-RT-Traffic-System/src/traffic_detect/install/traffic_detect/share/traffic_detect/local_setup.zsh
[1.511s] -- Up-to-date symlink: /home/nvidia/Jetson-RT-Traffic-System/src/traffic_detect/install/traffic_detect/share/traffic_detect/local_setup.dsv
[1.511s] -- Symlinking: /home/nvidia/Jetson-RT-Traffic-System/src/traffic_detect/install/traffic_detect/share/traffic_detect/package.dsv
[1.532s] -- Up-to-date symlink: /home/nvidia/Jetson-RT-Traffic-System/src/traffic_detect/install/traffic_detect/share/ament_index/resource_index/packages/traffic_detect
[1.532s] -- Up-to-date symlink: /home/nvidia/Jetson-RT-Traffic-System/src/traffic_detect/install/traffic_detect/share/traffic_detect/cmake/traffic_detectConfig.cmake
[1.532s] -- Up-to-date symlink: /home/nvidia/Jetson-RT-Traffic-System/src/traffic_detect/install/traffic_detect/share/traffic_detect/cmake/traffic_detectConfig-version.cmake
[1.533s] -- Up-to-date symlink: /home/nvidia/Jetson-RT-Traffic-System/src/traffic_detect/install/traffic_detect/share/traffic_detect/package.xml
[1.538s] Invoked command in '/home/nvidia/Jetson-RT-Traffic-System/src/traffic_detect/build/traffic_detect' returned '0': CMAKE_PREFIX_PATH=${CMAKE_PREFIX_PATH}:/opt/ros/humble /usr/bin/cmake --install /home/nvidia/Jetson-RT-Traffic-System/src/traffic_detect/build/traffic_detect
