Traceback (most recent call last):
  File "/home/main-user/Jetson-RT-Traffic-System/src/videopub/setup.py", line 1, in <module>
    from setuptools import setup
  File "/usr/lib/python3/dist-packages/setuptools/__init__.py", line 16, in <module>
    import setuptools.version
  File "/usr/lib/python3/dist-packages/setuptools/version.py", line 1, in <module>
    import pkg_resources
  File "/usr/lib/python3/dist-packages/pkg_resources/__init__.py", line 77, in <module>
    __import__('pkg_resources.extern.packaging.specifiers')
  File "/usr/lib/python3/dist-packages/pkg_resources/_vendor/packaging/specifiers.py", line 317, in <module>
    class Specifier(_IndividualSpecifier):
  File "/usr/lib/python3/dist-packages/pkg_resources/_vendor/packaging/specifiers.py", line 412, in Specifier
    _regex = re.compile(r"^\s*" + _regex_str + r"\s*$", re.VERBOSE | re.IGNORECASE)
  File "/usr/lib/python3.10/re.py", line 251, in compile
    return _compile(pattern, flags)
  File "/usr/lib/python3.10/re.py", line 303, in _compile
    p = sre_compile.compile(pattern, flags)
  File "/usr/lib/python3.10/sre_compile.py", line 788, in compile
    p = sre_parse.parse(p, flags)
  File "/usr/lib/python3.10/sre_parse.py", line 955, in parse
    p = _parse_sub(source, state, flags & SRE_FLAG_VERBOSE, 0)
  File "/usr/lib/python3.10/sre_parse.py", line 444, in _parse_sub
    itemsappend(_parse(source, state, verbose, nested + 1,
  File "/usr/lib/python3.10/sre_parse.py", line 841, in _parse
    p = _parse_sub(source, state, sub_verbose, nested + 1)
  File "/usr/lib/python3.10/sre_parse.py", line 444, in _parse_sub
    itemsappend(_parse(source, state, verbose, nested + 1,
  File "/usr/lib/python3.10/sre_parse.py", line 841, in _parse
    p = _parse_sub(source, state, sub_verbose, nested + 1)
  File "/usr/lib/python3.10/sre_parse.py", line 444, in _parse_sub
    itemsappend(_parse(source, state, verbose, nested + 1,
  File "/usr/lib/python3.10/sre_parse.py", line 512, in _parse
    sourceget()
  File "/usr/lib/python3.10/sre_parse.py", line 257, in get
    self.__next()
  File "/usr/lib/python3.10/sre_parse.py", line 234, in __next
    def __next(self):
KeyboardInterrupt
