[0.029s] Invoking command in '/home/nvidia/Jetson-RT-Traffic-System/build/detections_img': CMAKE_PREFIX_PATH=${CMAKE_PREFIX_PATH}:/opt/ros/humble /usr/bin/cmake --build /home/nvidia/Jetson-RT-Traffic-System/build/detections_img -- -j6 -l6
[0.130s] [35m[1mConsolidate compiler generated dependencies of target detections_img_node[0m
[0.173s] [ 50%] [32mBuilding CXX object CMakeFiles/detections_img_node.dir/src/main.cpp.o[0m
[30.946s] [100%] [32m[1mLinking CXX executable detections_img_node[0m
[31.528s] /usr/bin/ld: warning: libopencv_imgcodecs.so.4.5d, needed by /opt/ros/humble/lib/libcv_bridge.so, may conflict with libopencv_imgcodecs.so.408
[31.529s] /usr/bin/ld: warning: libopencv_imgproc.so.4.5d, needed by /opt/ros/humble/lib/libcv_bridge.so, may conflict with libopencv_imgproc.so.408
[31.530s] /usr/bin/ld: warning: libopencv_core.so.4.5d, needed by /opt/ros/humble/lib/libcv_bridge.so, may conflict with libopencv_core.so.408
[32.896s] [100%] Built target detections_img_node
[32.923s] Invoked command in '/home/nvidia/Jetson-RT-Traffic-System/build/detections_img' returned '0': CMAKE_PREFIX_PATH=${CMAKE_PREFIX_PATH}:/opt/ros/humble /usr/bin/cmake --build /home/nvidia/Jetson-RT-Traffic-System/build/detections_img -- -j6 -l6
[32.928s] Invoking command in '/home/nvidia/Jetson-RT-Traffic-System/build/detections_img': CMAKE_PREFIX_PATH=${CMAKE_PREFIX_PATH}:/opt/ros/humble /usr/bin/cmake --install /home/nvidia/Jetson-RT-Traffic-System/build/detections_img
[32.945s] -- Install configuration: ""
[32.946s] -- Installing: /home/nvidia/Jetson-RT-Traffic-System/install/detections_img/lib/detections_img/detections_img_node
[32.962s] -- Set runtime path of "/home/nvidia/Jetson-RT-Traffic-System/install/detections_img/lib/detections_img/detections_img_node" to ""
[32.962s] -- Up-to-date: /home/nvidia/Jetson-RT-Traffic-System/install/detections_img/share/ament_index/resource_index/package_run_dependencies/detections_img
[32.963s] -- Up-to-date: /home/nvidia/Jetson-RT-Traffic-System/install/detections_img/share/ament_index/resource_index/parent_prefix_path/detections_img
[32.963s] -- Up-to-date: /home/nvidia/Jetson-RT-Traffic-System/install/detections_img/share/detections_img/environment/ament_prefix_path.sh
[32.963s] -- Up-to-date: /home/nvidia/Jetson-RT-Traffic-System/install/detections_img/share/detections_img/environment/ament_prefix_path.dsv
[32.963s] -- Up-to-date: /home/nvidia/Jetson-RT-Traffic-System/install/detections_img/share/detections_img/environment/path.sh
[32.964s] -- Up-to-date: /home/nvidia/Jetson-RT-Traffic-System/install/detections_img/share/detections_img/environment/path.dsv
[32.964s] -- Up-to-date: /home/nvidia/Jetson-RT-Traffic-System/install/detections_img/share/detections_img/local_setup.bash
[32.964s] -- Up-to-date: /home/nvidia/Jetson-RT-Traffic-System/install/detections_img/share/detections_img/local_setup.sh
[32.964s] -- Up-to-date: /home/nvidia/Jetson-RT-Traffic-System/install/detections_img/share/detections_img/local_setup.zsh
[32.964s] -- Up-to-date: /home/nvidia/Jetson-RT-Traffic-System/install/detections_img/share/detections_img/local_setup.dsv
[32.964s] -- Installing: /home/nvidia/Jetson-RT-Traffic-System/install/detections_img/share/detections_img/package.dsv
[32.965s] -- Up-to-date: /home/nvidia/Jetson-RT-Traffic-System/install/detections_img/share/ament_index/resource_index/packages/detections_img
[32.965s] -- Up-to-date: /home/nvidia/Jetson-RT-Traffic-System/install/detections_img/share/detections_img/cmake/detections_imgConfig.cmake
[32.965s] -- Up-to-date: /home/nvidia/Jetson-RT-Traffic-System/install/detections_img/share/detections_img/cmake/detections_imgConfig-version.cmake
[32.965s] -- Up-to-date: /home/nvidia/Jetson-RT-Traffic-System/install/detections_img/share/detections_img/package.xml
[32.969s] Invoked command in '/home/nvidia/Jetson-RT-Traffic-System/build/detections_img' returned '0': CMAKE_PREFIX_PATH=${CMAKE_PREFIX_PATH}:/opt/ros/humble /usr/bin/cmake --install /home/nvidia/Jetson-RT-Traffic-System/build/detections_img
