[1.479s] Invoking command in '/home/main-user/Jetson-RT-Traffic-System/src/videopub': PYTHONPATH=/home/main-user/Jetson-RT-Traffic-System/build/videopub/prefix_override:/usr/lib/python3/dist-packages/colcon_core/task/python/colcon_distutils_commands:/home/main-user/Jetson-RT-Traffic-System/install/videopub/lib/python3.10/site-packages:${PYTHONPATH} /usr/bin/python3 -W ignore:setup.py install is deprecated -W ignore:easy_install command is deprecated setup.py egg_info --egg-base ../../build/videopub build --build-base /home/main-user/Jetson-RT-Traffic-System/build/videopub/build install --record /home/main-user/Jetson-RT-Traffic-System/build/videopub/install.log --single-version-externally-managed install_data
[2.007s] running egg_info
[2.009s] writing ../../build/videopub/videopub.egg-info/PKG-INFO
[2.010s] writing dependency_links to ../../build/videopub/videopub.egg-info/dependency_links.txt
[2.010s] writing entry points to ../../build/videopub/videopub.egg-info/entry_points.txt
[2.010s] writing requirements to ../../build/videopub/videopub.egg-info/requires.txt
[2.011s] writing top-level names to ../../build/videopub/videopub.egg-info/top_level.txt
[2.016s] reading manifest file '../../build/videopub/videopub.egg-info/SOURCES.txt'
[2.017s] writing manifest file '../../build/videopub/videopub.egg-info/SOURCES.txt'
[2.018s] running build
[2.018s] running build_py
[2.019s] running install
[2.020s] running install_lib
[2.022s] running install_data
[2.023s] running install_egg_info
[2.027s] removing '/home/main-user/Jetson-RT-Traffic-System/install/videopub/lib/python3.10/site-packages/videopub-0.0.0-py3.10.egg-info' (and everything under it)
[2.028s] Copying ../../build/videopub/videopub.egg-info to /home/main-user/Jetson-RT-Traffic-System/install/videopub/lib/python3.10/site-packages/videopub-0.0.0-py3.10.egg-info
[2.031s] running install_scripts
[2.080s] Installing video_publisher script to /home/main-user/Jetson-RT-Traffic-System/install/videopub/lib/videopub
[2.081s] writing list of installed files to '/home/main-user/Jetson-RT-Traffic-System/build/videopub/install.log'
[2.166s] Invoked command in '/home/main-user/Jetson-RT-Traffic-System/src/videopub' returned '0': PYTHONPATH=/home/main-user/Jetson-RT-Traffic-System/build/videopub/prefix_override:/usr/lib/python3/dist-packages/colcon_core/task/python/colcon_distutils_commands:/home/main-user/Jetson-RT-Traffic-System/install/videopub/lib/python3.10/site-packages:${PYTHONPATH} /usr/bin/python3 -W ignore:setup.py install is deprecated -W ignore:easy_install command is deprecated setup.py egg_info --egg-base ../../build/videopub build --build-base /home/main-user/Jetson-RT-Traffic-System/build/videopub/build install --record /home/main-user/Jetson-RT-Traffic-System/build/videopub/install.log --single-version-externally-managed install_data
