[0.024s] Invoking command in '/home/main-user/Jetson-RT-Traffic-System/build/my_package': CMAKE_PREFIX_PATH=${CMAKE_PREFIX_PATH}:/opt/ros/humble /usr/bin/cmake --build /home/main-user/Jetson-RT-Traffic-System/build/my_package -- -j6 -l6
[0.105s] [100%] Built target my_node
[0.126s] Invoked command in '/home/main-user/Jetson-RT-Traffic-System/build/my_package' returned '0': CMAKE_PREFIX_PATH=${CMAKE_PREFIX_PATH}:/opt/ros/humble /usr/bin/cmake --build /home/main-user/Jetson-RT-Traffic-System/build/my_package -- -j6 -l6
[0.147s] Invoking command in '/home/main-user/Jetson-RT-Traffic-System/build/my_package': CMAKE_PREFIX_PATH=${CMAKE_PREFIX_PATH}:/opt/ros/humble /usr/bin/cmake --install /home/main-user/Jetson-RT-Traffic-System/build/my_package
[0.162s] -- Install configuration: ""
[0.162s] -- Up-to-date: /home/main-user/Jetson-RT-Traffic-System/install/my_package/lib/my_package/my_node
[0.163s] -- Up-to-date: /home/main-user/Jetson-RT-Traffic-System/install/my_package/share/ament_index/resource_index/package_run_dependencies/my_package
[0.163s] -- Up-to-date: /home/main-user/Jetson-RT-Traffic-System/install/my_package/share/ament_index/resource_index/parent_prefix_path/my_package
[0.163s] -- Up-to-date: /home/main-user/Jetson-RT-Traffic-System/install/my_package/share/my_package/environment/ament_prefix_path.sh
[0.163s] -- Up-to-date: /home/main-user/Jetson-RT-Traffic-System/install/my_package/share/my_package/environment/ament_prefix_path.dsv
[0.164s] -- Up-to-date: /home/main-user/Jetson-RT-Traffic-System/install/my_package/share/my_package/environment/path.sh
[0.164s] -- Up-to-date: /home/main-user/Jetson-RT-Traffic-System/install/my_package/share/my_package/environment/path.dsv
[0.164s] -- Up-to-date: /home/main-user/Jetson-RT-Traffic-System/install/my_package/share/my_package/local_setup.bash
[0.164s] -- Up-to-date: /home/main-user/Jetson-RT-Traffic-System/install/my_package/share/my_package/local_setup.sh
[0.164s] -- Up-to-date: /home/main-user/Jetson-RT-Traffic-System/install/my_package/share/my_package/local_setup.zsh
[0.164s] -- Up-to-date: /home/main-user/Jetson-RT-Traffic-System/install/my_package/share/my_package/local_setup.dsv
[0.165s] -- Installing: /home/main-user/Jetson-RT-Traffic-System/install/my_package/share/my_package/package.dsv
[0.165s] -- Up-to-date: /home/main-user/Jetson-RT-Traffic-System/install/my_package/share/ament_index/resource_index/packages/my_package
[0.165s] -- Up-to-date: /home/main-user/Jetson-RT-Traffic-System/install/my_package/share/my_package/cmake/my_packageConfig.cmake
[0.165s] -- Up-to-date: /home/main-user/Jetson-RT-Traffic-System/install/my_package/share/my_package/cmake/my_packageConfig-version.cmake
[0.165s] -- Up-to-date: /home/main-user/Jetson-RT-Traffic-System/install/my_package/share/my_package/package.xml
[0.169s] Invoked command in '/home/main-user/Jetson-RT-Traffic-System/build/my_package' returned '0': CMAKE_PREFIX_PATH=${CMAKE_PREFIX_PATH}:/opt/ros/humble /usr/bin/cmake --install /home/main-user/Jetson-RT-Traffic-System/build/my_package
