-- The C compiler identification is GNU 11.4.0
-- The CXX compiler identification is GNU 11.4.0
-- Detecting C compiler ABI info
-- Detecting C compiler ABI info - done
-- Check for working C compiler: /usr/bin/cc - skipped
-- Detecting C compile features
-- Detecting C compile features - done
-- Detecting CXX compiler ABI info
-- Detecting CXX compiler ABI info - done
-- Check for working CXX compiler: /usr/bin/c++ - skipped
-- Detecting CXX compile features
-- Detecting CXX compile features - done
-- Found ament_cmake: 1.3.11 (/opt/ros/humble/share/ament_cmake/cmake)
-- Found Python3: /usr/bin/python3 (found version "3.10.12") found components: Interpreter 
-- Override CMake install command with custom implementation using symlinks instead of copying resources
-- Found ament_lint_auto: 0.12.12 (/opt/ros/humble/share/ament_lint_auto/cmake)
-- Added test 'cppcheck' to perform static code analysis on C / C++ code
-- Configured cppcheck include dirs: $<BUILD_INTERFACE:/home/nvidia/Jetson-RT-Traffic-System/src/my_package/include>
-- Configured cppcheck exclude dirs and/or files: 
-- Added test 'lint_cmake' to check CMake code style
-- Added test 'uncrustify' to check C / C++ code style
-- Configured uncrustify additional arguments: 
-- Added test 'xmllint' to check XML markup files
-- Configuring done
-- Generating done
-- Build files have been written to: /home/nvidia/Jetson-RT-Traffic-System/build/my_package
[35m[1mConsolidate compiler generated dependencies of target my_node[0m
[100%] Built target my_node
-- Install configuration: ""
-- Execute custom install script
-- Up-to-date symlink: /home/nvidia/Jetson-RT-Traffic-System/install/my_package/lib/my_package/my_node
-- Up-to-date symlink: /home/nvidia/Jetson-RT-Traffic-System/install/my_package/share/ament_index/resource_index/package_run_dependencies/my_package
-- Up-to-date symlink: /home/nvidia/Jetson-RT-Traffic-System/install/my_package/share/ament_index/resource_index/parent_prefix_path/my_package
-- Up-to-date symlink: /home/nvidia/Jetson-RT-Traffic-System/install/my_package/share/my_package/environment/ament_prefix_path.sh
-- Up-to-date symlink: /home/nvidia/Jetson-RT-Traffic-System/install/my_package/share/my_package/environment/ament_prefix_path.dsv
-- Up-to-date symlink: /home/nvidia/Jetson-RT-Traffic-System/install/my_package/share/my_package/environment/path.sh
-- Up-to-date symlink: /home/nvidia/Jetson-RT-Traffic-System/install/my_package/share/my_package/environment/path.dsv
-- Up-to-date symlink: /home/nvidia/Jetson-RT-Traffic-System/install/my_package/share/my_package/local_setup.bash
-- Up-to-date symlink: /home/nvidia/Jetson-RT-Traffic-System/install/my_package/share/my_package/local_setup.sh
-- Up-to-date symlink: /home/nvidia/Jetson-RT-Traffic-System/install/my_package/share/my_package/local_setup.zsh
-- Up-to-date symlink: /home/nvidia/Jetson-RT-Traffic-System/install/my_package/share/my_package/local_setup.dsv
-- Symlinking: /home/nvidia/Jetson-RT-Traffic-System/install/my_package/share/my_package/package.dsv
-- Up-to-date symlink: /home/nvidia/Jetson-RT-Traffic-System/install/my_package/share/ament_index/resource_index/packages/my_package
-- Up-to-date symlink: /home/nvidia/Jetson-RT-Traffic-System/install/my_package/share/my_package/cmake/my_packageConfig.cmake
-- Up-to-date symlink: /home/nvidia/Jetson-RT-Traffic-System/install/my_package/share/my_package/cmake/my_packageConfig-version.cmake
-- Up-to-date symlink: /home/nvidia/Jetson-RT-Traffic-System/install/my_package/share/my_package/package.xml
