running egg_info
writing ../../build/videopub/videopub.egg-info/PKG-INFO
writing dependency_links to ../../build/videopub/videopub.egg-info/dependency_links.txt
writing entry points to ../../build/videopub/videopub.egg-info/entry_points.txt
writing requirements to ../../build/videopub/videopub.egg-info/requires.txt
writing top-level names to ../../build/videopub/videopub.egg-info/top_level.txt
reading manifest file '../../build/videopub/videopub.egg-info/SOURCES.txt'
writing manifest file '../../build/videopub/videopub.egg-info/SOURCES.txt'
running build
running build_py
copying videopub/video_publisher.py -> /home/nvidia/Jetson-RT-Traffic-System/build/videopub/build/lib/videopub
running install
running install_lib
copying /home/nvidia/Jetson-RT-Traffic-System/build/videopub/build/lib/videopub/video_publisher.py -> /home/nvidia/Jetson-RT-Traffic-System/install/videopub/lib/python3.10/site-packages/videopub
byte-compiling /home/nvidia/Jetson-RT-Traffic-System/install/videopub/lib/python3.10/site-packages/videopub/video_publisher.py to video_publisher.cpython-310.pyc
running install_data
running install_egg_info
removing '/home/nvidia/Jetson-RT-Traffic-System/install/videopub/lib/python3.10/site-packages/videopub-0.0.0-py3.10.egg-info' (and everything under it)
Copying ../../build/videopub/videopub.egg-info to /home/nvidia/Jetson-RT-Traffic-System/install/videopub/lib/python3.10/site-packages/videopub-0.0.0-py3.10.egg-info
running install_scripts
Installing video_publisher script to /home/nvidia/Jetson-RT-Traffic-System/install/videopub/lib/videopub
writing list of installed files to '/home/nvidia/Jetson-RT-Traffic-System/build/videopub/install.log'
