[1.406s] Invoking command in '/home/nvidia/Jetson-RT-Traffic-System/src/videopub': PYTHONPATH=/home/nvidia/Jetson-RT-Traffic-System/build/videopub/prefix_override:/usr/lib/python3/dist-packages/colcon_core/task/python/colcon_distutils_commands:/home/nvidia/Jetson-RT-Traffic-System/install/videopub/lib/python3.10/site-packages:${PYTHONPATH} /usr/bin/python3 -W ignore:setup.py install is deprecated -W ignore:easy_install command is deprecated setup.py egg_info --egg-base ../../build/videopub build --build-base /home/nvidia/Jetson-RT-Traffic-System/build/videopub/build install --record /home/nvidia/Jetson-RT-Traffic-System/build/videopub/install.log --single-version-externally-managed install_data
[1.938s] running egg_info
[1.940s] writing ../../build/videopub/videopub.egg-info/PKG-INFO
[1.940s] writing dependency_links to ../../build/videopub/videopub.egg-info/dependency_links.txt
[1.941s] writing entry points to ../../build/videopub/videopub.egg-info/entry_points.txt
[1.941s] writing requirements to ../../build/videopub/videopub.egg-info/requires.txt
[1.941s] writing top-level names to ../../build/videopub/videopub.egg-info/top_level.txt
[1.945s] reading manifest file '../../build/videopub/videopub.egg-info/SOURCES.txt'
[1.947s] writing manifest file '../../build/videopub/videopub.egg-info/SOURCES.txt'
[1.947s] running build
[1.947s] running build_py
[1.947s] copying videopub/video_publisher.py -> /home/nvidia/Jetson-RT-Traffic-System/build/videopub/build/lib/videopub
[1.948s] running install
[1.949s] running install_lib
[1.950s] copying /home/nvidia/Jetson-RT-Traffic-System/build/videopub/build/lib/videopub/video_publisher.py -> /home/nvidia/Jetson-RT-Traffic-System/install/videopub/lib/python3.10/site-packages/videopub
[1.952s] byte-compiling /home/nvidia/Jetson-RT-Traffic-System/install/videopub/lib/python3.10/site-packages/videopub/video_publisher.py to video_publisher.cpython-310.pyc
[1.953s] running install_data
[1.953s] running install_egg_info
[1.957s] removing '/home/nvidia/Jetson-RT-Traffic-System/install/videopub/lib/python3.10/site-packages/videopub-0.0.0-py3.10.egg-info' (and everything under it)
[1.958s] Copying ../../build/videopub/videopub.egg-info to /home/nvidia/Jetson-RT-Traffic-System/install/videopub/lib/python3.10/site-packages/videopub-0.0.0-py3.10.egg-info
[1.960s] running install_scripts
[2.006s] Installing video_publisher script to /home/nvidia/Jetson-RT-Traffic-System/install/videopub/lib/videopub
[2.007s] writing list of installed files to '/home/nvidia/Jetson-RT-Traffic-System/build/videopub/install.log'
[2.077s] Invoked command in '/home/nvidia/Jetson-RT-Traffic-System/src/videopub' returned '0': PYTHONPATH=/home/nvidia/Jetson-RT-Traffic-System/build/videopub/prefix_override:/usr/lib/python3/dist-packages/colcon_core/task/python/colcon_distutils_commands:/home/nvidia/Jetson-RT-Traffic-System/install/videopub/lib/python3.10/site-packages:${PYTHONPATH} /usr/bin/python3 -W ignore:setup.py install is deprecated -W ignore:easy_install command is deprecated setup.py egg_info --egg-base ../../build/videopub build --build-base /home/nvidia/Jetson-RT-Traffic-System/build/videopub/build install --record /home/nvidia/Jetson-RT-Traffic-System/build/videopub/install.log --single-version-externally-managed install_data
