[0.023s] Invoking command in '/home/main-user/Jetson-RT-Traffic-System/build/traffic_detect': CMAKE_PREFIX_PATH=${CMAKE_PREFIX_PATH}:/opt/ros/humble /usr/bin/cmake /home/main-user/Jetson-RT-Traffic-System/src/traffic_detect -DCMAKE_EXPORT_COMPILE_COMMANDS=ON -DCMAKE_INSTALL_PREFIX=/home/main-user/Jetson-RT-Traffic-System/install/traffic_detect
[0.135s] -- Found ament_cmake: 1.3.11 (/opt/ros/humble/share/ament_cmake/cmake)
[0.457s] -- Override CMake install command with custom implementation using symlinks instead of copying resources
[0.515s] -- Found rclcpp: 16.0.12 (/opt/ros/humble/share/rclcpp/cmake)
[0.644s] -- Found rosidl_generator_c: 3.1.6 (/opt/ros/humble/share/rosidl_generator_c/cmake)
[0.654s] -- Found rosidl_adapter: 3.1.6 (/opt/ros/humble/share/rosidl_adapter/cmake)
[0.677s] -- Found rosidl_generator_cpp: 3.1.6 (/opt/ros/humble/share/rosidl_generator_cpp/cmake)
[0.711s] -- Using all available rosidl_typesupport_c: rosidl_typesupport_fastrtps_c;rosidl_typesupport_introspection_c
[0.751s] -- Using all available rosidl_typesupport_cpp: rosidl_typesupport_fastrtps_cpp;rosidl_typesupport_introspection_cpp
[0.858s] -- Found rmw_implementation_cmake: 6.1.2 (/opt/ros/humble/share/rmw_implementation_cmake/cmake)
[0.864s] -- Found rmw_fastrtps_cpp: 6.2.7 (/opt/ros/humble/share/rmw_fastrtps_cpp/cmake)
[1.099s] -- Using RMW implementation 'rmw_fastrtps_cpp' as default
[1.255s] -- Found sensor_msgs: 4.8.0 (/opt/ros/humble/share/sensor_msgs/cmake)
[1.320s] -- Found cv_bridge: 3.2.1 (/opt/ros/humble/share/cv_bridge/cmake)
[1.350s] -- Found vision_msgs: 4.1.1 (/opt/ros/humble/share/vision_msgs/cmake)
[1.381s] -- Found ament_lint_auto: 0.12.12 (/opt/ros/humble/share/ament_lint_auto/cmake)
[1.605s] -- Added test 'cppcheck' to perform static code analysis on C / C++ code
[1.606s] -- Configured cppcheck include dirs: /home/main-user/Jetson-RT-Traffic-System/src/traffic_detect/include;/home/main-user/Jetson-RT-Traffic-System/src/traffic_detect/Threads::Threads;/home/main-user/Jetson-RT-Traffic-System/src/traffic_detect/dl
[1.606s] -- Configured cppcheck exclude dirs and/or files: 
[1.613s] -- Added test 'flake8' to check Python code syntax and style conventions
[1.624s] -- Added test 'lint_cmake' to check CMake code style
[1.631s] -- Added test 'pep257' to check Python code against some of the docstring style conventions in PEP 257
[1.671s] -- Added test 'uncrustify' to check C / C++ code style
[1.671s] -- Configured uncrustify additional arguments: 
[1.676s] -- Added test 'xmllint' to check XML markup files
[1.682s] -- Configuring done
[1.716s] -- Generating done
[1.726s] -- Build files have been written to: /home/main-user/Jetson-RT-Traffic-System/build/traffic_detect
[1.747s] Invoked command in '/home/main-user/Jetson-RT-Traffic-System/build/traffic_detect' returned '0': CMAKE_PREFIX_PATH=${CMAKE_PREFIX_PATH}:/opt/ros/humble /usr/bin/cmake /home/main-user/Jetson-RT-Traffic-System/src/traffic_detect -DCMAKE_EXPORT_COMPILE_COMMANDS=ON -DCMAKE_INSTALL_PREFIX=/home/main-user/Jetson-RT-Traffic-System/install/traffic_detect
[1.753s] Invoking command in '/home/main-user/Jetson-RT-Traffic-System/build/traffic_detect': CMAKE_PREFIX_PATH=${CMAKE_PREFIX_PATH}:/opt/ros/humble /usr/bin/cmake --build /home/main-user/Jetson-RT-Traffic-System/build/traffic_detect -- -j6 -l6
[1.833s] [35m[1mConsolidate compiler generated dependencies of target traffic_detect_node[0m
[1.876s] [ 50%] [32mBuilding CXX object CMakeFiles/traffic_detect_node.dir/src/main.cpp.o[0m
[1.887s] [01m[Kcc1plus:[m[K [01;35m[Kwarning: [m[K/usr/local/cuda/lib64/libcudart_static.a: not a directory
[1.887s] [01m[Kcc1plus:[m[K [01;35m[Kwarning: [m[K/usr/lib/aarch64-linux-gnu/librt.a: not a directory
[10.017s] [01m[K/home/main-user/Jetson-RT-Traffic-System/src/traffic_detect/src/main.cpp:[m[K In constructor ‘[01m[KTrafficDetector::TrafficDetector()[m[K’:
[10.018s] [01m[K/home/main-user/Jetson-RT-Traffic-System/src/traffic_detect/src/main.cpp:46:5:[m[K [01;31m[Kerror: [m[K‘[01m[Kdetection_pub_[m[K’ was not declared in this scope
[10.018s]    46 |     [01;31m[Kdetection_pub_[m[K = this->create_publisher<vision_msgs::msg::Detection2DArray>("detections", 10);
[10.018s]       |     [01;31m[K^~~~~~~~~~~~~~[m[K
[16.982s] gmake[2]: *** [CMakeFiles/traffic_detect_node.dir/build.make:76: CMakeFiles/traffic_detect_node.dir/src/main.cpp.o] Error 1
[16.982s] gmake[1]: *** [CMakeFiles/Makefile2:137: CMakeFiles/traffic_detect_node.dir/all] Error 2
[16.983s] gmake: *** [Makefile:146: all] Error 2
[16.990s] Invoked command in '/home/main-user/Jetson-RT-Traffic-System/build/traffic_detect' returned '2': CMAKE_PREFIX_PATH=${CMAKE_PREFIX_PATH}:/opt/ros/humble /usr/bin/cmake --build /home/main-user/Jetson-RT-Traffic-System/build/traffic_detect -- -j6 -l6
