[0.296s] DEBUG:colcon:Command line arguments: ['/usr/bin/colcon', 'build']
[0.296s] DEBUG:colcon:Parsed command line arguments: Namespace(log_base=None, log_level=None, verb_name='build', build_base='build', install_base='install', merge_install=False, symlink_install=False, test_result_base=None, continue_on_error=False, executor='parallel', parallel_workers=6, event_handlers=None, ignore_user_meta=False, metas=['./colcon.meta'], base_paths=['.'], packages_ignore=None, packages_ignore_regex=None, paths=None, packages_up_to=None, packages_up_to_regex=None, packages_above=None, packages_above_and_dependencies=None, packages_above_depth=None, packages_select_by_dep=None, packages_skip_by_dep=None, packages_skip_up_to=None, packages_select_build_failed=False, packages_skip_build_finished=False, packages_select_test_failures=False, packages_skip_test_passed=False, packages_select=None, packages_skip=None, packages_select_regex=None, packages_skip_regex=None, packages_start=None, packages_end=None, allow_overriding=[], cmake_args=None, cmake_target=None, cmake_target_skip_unavailable=False, cmake_clean_cache=False, cmake_clean_first=False, cmake_force_configure=False, ament_cmake_args=None, catkin_cmake_args=None, catkin_skip_building_tests=False, verb_parser=<colcon_defaults.argument_parser.defaults.DefaultArgumentsDecorator object at 0xffff87cfb5b0>, verb_extension=<colcon_core.verb.build.BuildVerb object at 0xffff87cfb0a0>, main=<bound method BuildVerb.main of <colcon_core.verb.build.BuildVerb object at 0xffff87cfb0a0>>)
[0.695s] Level 1:colcon.colcon_core.package_discovery:discover_packages(colcon_meta) check parameters
[0.695s] Level 1:colcon.colcon_core.package_discovery:discover_packages(recursive) check parameters
[0.695s] Level 1:colcon.colcon_core.package_discovery:discover_packages(ignore) check parameters
[0.695s] Level 1:colcon.colcon_core.package_discovery:discover_packages(path) check parameters
[0.695s] Level 1:colcon.colcon_core.package_discovery:discover_packages(colcon_meta) discover
[0.695s] Level 1:colcon.colcon_core.package_discovery:discover_packages(recursive) discover
[0.696s] INFO:colcon.colcon_core.package_discovery:Crawling recursively for packages in '/home/nvidia/Jetson-RT-Traffic-System'
[0.696s] Level 1:colcon.colcon_core.package_identification:_identify(.) by extensions ['ignore', 'ignore_ament_install']
[0.696s] Level 1:colcon.colcon_core.package_identification:_identify(.) by extension 'ignore'
[0.696s] Level 1:colcon.colcon_core.package_identification:_identify(.) by extension 'ignore_ament_install'
[0.697s] Level 1:colcon.colcon_core.package_identification:_identify(.) by extensions ['colcon_pkg']
[0.697s] Level 1:colcon.colcon_core.package_identification:_identify(.) by extension 'colcon_pkg'
[0.697s] Level 1:colcon.colcon_core.package_identification:_identify(.) by extensions ['colcon_meta']
[0.697s] Level 1:colcon.colcon_core.package_identification:_identify(.) by extension 'colcon_meta'
[0.697s] Level 1:colcon.colcon_core.package_identification:_identify(.) by extensions ['ros']
[0.697s] Level 1:colcon.colcon_core.package_identification:_identify(.) by extension 'ros'
[0.758s] Level 1:colcon.colcon_core.package_identification:_identify(.) by extensions ['cmake', 'python']
[0.759s] Level 1:colcon.colcon_core.package_identification:_identify(.) by extension 'cmake'
[0.759s] Level 1:colcon.colcon_core.package_identification:_identify(.) by extension 'python'
[0.759s] Level 1:colcon.colcon_core.package_identification:_identify(.) by extensions ['python_setup_py']
[0.759s] Level 1:colcon.colcon_core.package_identification:_identify(.) by extension 'python_setup_py'
[0.759s] Level 1:colcon.colcon_core.package_identification:_identify(build) by extensions ['ignore', 'ignore_ament_install']
[0.760s] Level 1:colcon.colcon_core.package_identification:_identify(build) by extension 'ignore'
[0.760s] Level 1:colcon.colcon_core.package_identification:_identify(build) ignored
[0.760s] Level 1:colcon.colcon_core.package_identification:_identify(camera-model) by extensions ['ignore', 'ignore_ament_install']
[0.760s] Level 1:colcon.colcon_core.package_identification:_identify(camera-model) by extension 'ignore'
[0.761s] Level 1:colcon.colcon_core.package_identification:_identify(camera-model) by extension 'ignore_ament_install'
[0.761s] Level 1:colcon.colcon_core.package_identification:_identify(camera-model) by extensions ['colcon_pkg']
[0.761s] Level 1:colcon.colcon_core.package_identification:_identify(camera-model) by extension 'colcon_pkg'
[0.761s] Level 1:colcon.colcon_core.package_identification:_identify(camera-model) by extensions ['colcon_meta']
[0.761s] Level 1:colcon.colcon_core.package_identification:_identify(camera-model) by extension 'colcon_meta'
[0.761s] Level 1:colcon.colcon_core.package_identification:_identify(camera-model) by extensions ['ros']
[0.761s] Level 1:colcon.colcon_core.package_identification:_identify(camera-model) by extension 'ros'
[0.761s] Level 1:colcon.colcon_core.package_identification:_identify(camera-model) by extensions ['cmake', 'python']
[0.761s] Level 1:colcon.colcon_core.package_identification:_identify(camera-model) by extension 'cmake'
[0.762s] Level 1:colcon.colcon_core.package_identification:_identify(camera-model) by extension 'python'
[0.762s] Level 1:colcon.colcon_core.package_identification:_identify(camera-model) by extensions ['python_setup_py']
[0.762s] Level 1:colcon.colcon_core.package_identification:_identify(camera-model) by extension 'python_setup_py'
[0.762s] Level 1:colcon.colcon_core.package_identification:_identify(install) by extensions ['ignore', 'ignore_ament_install']
[0.762s] Level 1:colcon.colcon_core.package_identification:_identify(install) by extension 'ignore'
[0.762s] Level 1:colcon.colcon_core.package_identification:_identify(install) ignored
[0.763s] Level 1:colcon.colcon_core.package_identification:_identify(log) by extensions ['ignore', 'ignore_ament_install']
[0.763s] Level 1:colcon.colcon_core.package_identification:_identify(log) by extension 'ignore'
[0.763s] Level 1:colcon.colcon_core.package_identification:_identify(log) ignored
[0.763s] Level 1:colcon.colcon_core.package_identification:_identify(src) by extensions ['ignore', 'ignore_ament_install']
[0.764s] Level 1:colcon.colcon_core.package_identification:_identify(src) by extension 'ignore'
[0.764s] Level 1:colcon.colcon_core.package_identification:_identify(src) by extension 'ignore_ament_install'
[0.764s] Level 1:colcon.colcon_core.package_identification:_identify(src) by extensions ['colcon_pkg']
[0.764s] Level 1:colcon.colcon_core.package_identification:_identify(src) by extension 'colcon_pkg'
[0.764s] Level 1:colcon.colcon_core.package_identification:_identify(src) by extensions ['colcon_meta']
[0.764s] Level 1:colcon.colcon_core.package_identification:_identify(src) by extension 'colcon_meta'
[0.764s] Level 1:colcon.colcon_core.package_identification:_identify(src) by extensions ['ros']
[0.764s] Level 1:colcon.colcon_core.package_identification:_identify(src) by extension 'ros'
[0.765s] Level 1:colcon.colcon_core.package_identification:_identify(src) by extensions ['cmake', 'python']
[0.765s] Level 1:colcon.colcon_core.package_identification:_identify(src) by extension 'cmake'
[0.765s] Level 1:colcon.colcon_core.package_identification:_identify(src) by extension 'python'
[0.765s] Level 1:colcon.colcon_core.package_identification:_identify(src) by extensions ['python_setup_py']
[0.765s] Level 1:colcon.colcon_core.package_identification:_identify(src) by extension 'python_setup_py'
[0.765s] Level 1:colcon.colcon_core.package_identification:_identify(src/detections_img) by extensions ['ignore', 'ignore_ament_install']
[0.766s] Level 1:colcon.colcon_core.package_identification:_identify(src/detections_img) by extension 'ignore'
[0.766s] Level 1:colcon.colcon_core.package_identification:_identify(src/detections_img) by extension 'ignore_ament_install'
[0.766s] Level 1:colcon.colcon_core.package_identification:_identify(src/detections_img) by extensions ['colcon_pkg']
[0.766s] Level 1:colcon.colcon_core.package_identification:_identify(src/detections_img) by extension 'colcon_pkg'
[0.766s] Level 1:colcon.colcon_core.package_identification:_identify(src/detections_img) by extensions ['colcon_meta']
[0.766s] Level 1:colcon.colcon_core.package_identification:_identify(src/detections_img) by extension 'colcon_meta'
[0.766s] Level 1:colcon.colcon_core.package_identification:_identify(src/detections_img) by extensions ['ros']
[0.766s] Level 1:colcon.colcon_core.package_identification:_identify(src/detections_img) by extension 'ros'
[0.774s] DEBUG:colcon.colcon_core.package_identification:Package 'src/detections_img' with type 'ros.ament_cmake' and name 'detections_img'
[0.774s] Level 1:colcon.colcon_core.package_identification:_identify(src/traffic_detect) by extensions ['ignore', 'ignore_ament_install']
[0.774s] Level 1:colcon.colcon_core.package_identification:_identify(src/traffic_detect) by extension 'ignore'
[0.774s] Level 1:colcon.colcon_core.package_identification:_identify(src/traffic_detect) by extension 'ignore_ament_install'
[0.775s] Level 1:colcon.colcon_core.package_identification:_identify(src/traffic_detect) by extensions ['colcon_pkg']
[0.775s] Level 1:colcon.colcon_core.package_identification:_identify(src/traffic_detect) by extension 'colcon_pkg'
[0.775s] Level 1:colcon.colcon_core.package_identification:_identify(src/traffic_detect) by extensions ['colcon_meta']
[0.775s] Level 1:colcon.colcon_core.package_identification:_identify(src/traffic_detect) by extension 'colcon_meta'
[0.775s] Level 1:colcon.colcon_core.package_identification:_identify(src/traffic_detect) by extensions ['ros']
[0.775s] Level 1:colcon.colcon_core.package_identification:_identify(src/traffic_detect) by extension 'ros'
[0.777s] DEBUG:colcon.colcon_core.package_identification:Package 'src/traffic_detect' with type 'ros.ament_cmake' and name 'traffic_detect'
[0.777s] Level 1:colcon.colcon_core.package_identification:_identify(usb_cam_cfg) by extensions ['ignore', 'ignore_ament_install']
[0.777s] Level 1:colcon.colcon_core.package_identification:_identify(usb_cam_cfg) by extension 'ignore'
[0.778s] Level 1:colcon.colcon_core.package_identification:_identify(usb_cam_cfg) by extension 'ignore_ament_install'
[0.778s] Level 1:colcon.colcon_core.package_identification:_identify(usb_cam_cfg) by extensions ['colcon_pkg']
[0.778s] Level 1:colcon.colcon_core.package_identification:_identify(usb_cam_cfg) by extension 'colcon_pkg'
[0.778s] Level 1:colcon.colcon_core.package_identification:_identify(usb_cam_cfg) by extensions ['colcon_meta']
[0.778s] Level 1:colcon.colcon_core.package_identification:_identify(usb_cam_cfg) by extension 'colcon_meta'
[0.778s] Level 1:colcon.colcon_core.package_identification:_identify(usb_cam_cfg) by extensions ['ros']
[0.778s] Level 1:colcon.colcon_core.package_identification:_identify(usb_cam_cfg) by extension 'ros'
[0.778s] Level 1:colcon.colcon_core.package_identification:_identify(usb_cam_cfg) by extensions ['cmake', 'python']
[0.778s] Level 1:colcon.colcon_core.package_identification:_identify(usb_cam_cfg) by extension 'cmake'
[0.779s] Level 1:colcon.colcon_core.package_identification:_identify(usb_cam_cfg) by extension 'python'
[0.779s] Level 1:colcon.colcon_core.package_identification:_identify(usb_cam_cfg) by extensions ['python_setup_py']
[0.779s] Level 1:colcon.colcon_core.package_identification:_identify(usb_cam_cfg) by extension 'python_setup_py'
[0.779s] Level 1:colcon.colcon_core.package_discovery:discover_packages(recursive) using defaults
[0.779s] Level 1:colcon.colcon_core.package_discovery:discover_packages(ignore) discover
[0.779s] Level 1:colcon.colcon_core.package_discovery:discover_packages(ignore) using defaults
[0.779s] Level 1:colcon.colcon_core.package_discovery:discover_packages(path) discover
[0.779s] Level 1:colcon.colcon_core.package_discovery:discover_packages(path) using defaults
[0.824s] Level 1:colcon.colcon_core.package_discovery:discover_packages(prefix_path) check parameters
[0.825s] Level 1:colcon.colcon_core.package_discovery:discover_packages(prefix_path) discover
[0.829s] DEBUG:colcon.colcon_installed_package_information.package_discovery:Found 2 installed packages in /home/nvidia/Jetson-RT-Traffic-System/install
[0.832s] DEBUG:colcon.colcon_installed_package_information.package_discovery:Found 303 installed packages in /opt/ros/humble
[0.836s] Level 1:colcon.colcon_core.package_discovery:discover_packages(prefix_path) using defaults
[0.934s] Level 5:colcon.colcon_core.verb:set package 'detections_img' build argument 'cmake_args' from command line to 'None'
[0.934s] Level 5:colcon.colcon_core.verb:set package 'detections_img' build argument 'cmake_target' from command line to 'None'
[0.934s] Level 5:colcon.colcon_core.verb:set package 'detections_img' build argument 'cmake_target_skip_unavailable' from command line to 'False'
[0.934s] Level 5:colcon.colcon_core.verb:set package 'detections_img' build argument 'cmake_clean_cache' from command line to 'False'
[0.934s] Level 5:colcon.colcon_core.verb:set package 'detections_img' build argument 'cmake_clean_first' from command line to 'False'
[0.934s] Level 5:colcon.colcon_core.verb:set package 'detections_img' build argument 'cmake_force_configure' from command line to 'False'
[0.934s] Level 5:colcon.colcon_core.verb:set package 'detections_img' build argument 'ament_cmake_args' from command line to 'None'
[0.934s] Level 5:colcon.colcon_core.verb:set package 'detections_img' build argument 'catkin_cmake_args' from command line to 'None'
[0.934s] Level 5:colcon.colcon_core.verb:set package 'detections_img' build argument 'catkin_skip_building_tests' from command line to 'False'
[0.934s] DEBUG:colcon.colcon_core.verb:Building package 'detections_img' with the following arguments: {'ament_cmake_args': None, 'build_base': '/home/nvidia/Jetson-RT-Traffic-System/build/detections_img', 'catkin_cmake_args': None, 'catkin_skip_building_tests': False, 'cmake_args': None, 'cmake_clean_cache': False, 'cmake_clean_first': False, 'cmake_force_configure': False, 'cmake_target': None, 'cmake_target_skip_unavailable': False, 'install_base': '/home/nvidia/Jetson-RT-Traffic-System/install/detections_img', 'merge_install': False, 'path': '/home/nvidia/Jetson-RT-Traffic-System/src/detections_img', 'symlink_install': False, 'test_result_base': None}
[0.935s] Level 5:colcon.colcon_core.verb:set package 'traffic_detect' build argument 'cmake_args' from command line to 'None'
[0.935s] Level 5:colcon.colcon_core.verb:set package 'traffic_detect' build argument 'cmake_target' from command line to 'None'
[0.935s] Level 5:colcon.colcon_core.verb:set package 'traffic_detect' build argument 'cmake_target_skip_unavailable' from command line to 'False'
[0.935s] Level 5:colcon.colcon_core.verb:set package 'traffic_detect' build argument 'cmake_clean_cache' from command line to 'False'
[0.935s] Level 5:colcon.colcon_core.verb:set package 'traffic_detect' build argument 'cmake_clean_first' from command line to 'False'
[0.936s] Level 5:colcon.colcon_core.verb:set package 'traffic_detect' build argument 'cmake_force_configure' from command line to 'False'
[0.936s] Level 5:colcon.colcon_core.verb:set package 'traffic_detect' build argument 'ament_cmake_args' from command line to 'None'
[0.936s] Level 5:colcon.colcon_core.verb:set package 'traffic_detect' build argument 'catkin_cmake_args' from command line to 'None'
[0.936s] Level 5:colcon.colcon_core.verb:set package 'traffic_detect' build argument 'catkin_skip_building_tests' from command line to 'False'
[0.936s] DEBUG:colcon.colcon_core.verb:Building package 'traffic_detect' with the following arguments: {'ament_cmake_args': None, 'build_base': '/home/nvidia/Jetson-RT-Traffic-System/build/traffic_detect', 'catkin_cmake_args': None, 'catkin_skip_building_tests': False, 'cmake_args': None, 'cmake_clean_cache': False, 'cmake_clean_first': False, 'cmake_force_configure': False, 'cmake_target': None, 'cmake_target_skip_unavailable': False, 'install_base': '/home/nvidia/Jetson-RT-Traffic-System/install/traffic_detect', 'merge_install': False, 'path': '/home/nvidia/Jetson-RT-Traffic-System/src/traffic_detect', 'symlink_install': False, 'test_result_base': None}
[0.936s] INFO:colcon.colcon_core.executor:Executing jobs using 'parallel' executor
[0.939s] DEBUG:colcon.colcon_parallel_executor.executor.parallel:run_until_complete
[0.939s] INFO:colcon.colcon_ros.task.ament_cmake.build:Building ROS package in '/home/nvidia/Jetson-RT-Traffic-System/src/detections_img' with build type 'ament_cmake'
[0.940s] INFO:colcon.colcon_cmake.task.cmake.build:Building CMake package in '/home/nvidia/Jetson-RT-Traffic-System/src/detections_img'
[0.944s] INFO:colcon.colcon_core.plugin_system:Skipping extension 'colcon_core.shell.bat': Not used on non-Windows systems
[0.945s] INFO:colcon.colcon_core.shell:Skip shell extension 'powershell' for command environment: Not usable outside of PowerShell
[0.945s] DEBUG:colcon.colcon_core.shell:Skip shell extension 'dsv' for command environment
[0.953s] INFO:colcon.colcon_ros.task.ament_cmake.build:Building ROS package in '/home/nvidia/Jetson-RT-Traffic-System/src/traffic_detect' with build type 'ament_cmake'
[0.953s] INFO:colcon.colcon_cmake.task.cmake.build:Building CMake package in '/home/nvidia/Jetson-RT-Traffic-System/src/traffic_detect'
[0.954s] INFO:colcon.colcon_core.shell:Skip shell extension 'powershell' for command environment: Not usable outside of PowerShell
[0.954s] DEBUG:colcon.colcon_core.shell:Skip shell extension 'dsv' for command environment
[0.967s] DEBUG:colcon.colcon_core.event_handler.log_command:Invoking command in '/home/nvidia/Jetson-RT-Traffic-System/build/detections_img': CMAKE_PREFIX_PATH=${CMAKE_PREFIX_PATH}:/opt/ros/humble /usr/bin/cmake --build /home/nvidia/Jetson-RT-Traffic-System/build/detections_img -- -j6 -l6
[0.978s] DEBUG:colcon.colcon_core.event_handler.log_command:Invoking command in '/home/nvidia/Jetson-RT-Traffic-System/build/traffic_detect': CMAKE_PREFIX_PATH=${CMAKE_PREFIX_PATH}:/opt/ros/humble /usr/bin/cmake --build /home/nvidia/Jetson-RT-Traffic-System/build/traffic_detect -- -j6 -l6
[1.132s] DEBUG:colcon.colcon_core.event_handler.log_command:Invoked command in '/home/nvidia/Jetson-RT-Traffic-System/build/detections_img' returned '0': CMAKE_PREFIX_PATH=${CMAKE_PREFIX_PATH}:/opt/ros/humble /usr/bin/cmake --build /home/nvidia/Jetson-RT-Traffic-System/build/detections_img -- -j6 -l6
[1.159s] DEBUG:colcon.colcon_core.event_handler.log_command:Invoking command in '/home/nvidia/Jetson-RT-Traffic-System/build/detections_img': CMAKE_PREFIX_PATH=${CMAKE_PREFIX_PATH}:/opt/ros/humble /usr/bin/cmake --install /home/nvidia/Jetson-RT-Traffic-System/build/detections_img
[1.181s] Level 1:colcon.colcon_core.environment:create_environment_scripts_only(detections_img)
[1.183s] DEBUG:colcon.colcon_core.event_handler.log_command:Invoked command in '/home/nvidia/Jetson-RT-Traffic-System/build/detections_img' returned '0': CMAKE_PREFIX_PATH=${CMAKE_PREFIX_PATH}:/opt/ros/humble /usr/bin/cmake --install /home/nvidia/Jetson-RT-Traffic-System/build/detections_img
[1.188s] Level 1:colcon.colcon_core.environment:checking '/home/nvidia/Jetson-RT-Traffic-System/install/detections_img' for CMake module files
[1.189s] Level 1:colcon.colcon_core.environment:checking '/home/nvidia/Jetson-RT-Traffic-System/install/detections_img' for CMake config files
[1.189s] Level 1:colcon.colcon_core.shell:create_environment_hook('detections_img', 'cmake_prefix_path')
[1.190s] INFO:colcon.colcon_core.shell:Creating environment hook '/home/nvidia/Jetson-RT-Traffic-System/install/detections_img/share/detections_img/hook/cmake_prefix_path.ps1'
[1.192s] INFO:colcon.colcon_core.shell:Creating environment descriptor '/home/nvidia/Jetson-RT-Traffic-System/install/detections_img/share/detections_img/hook/cmake_prefix_path.dsv'
[1.193s] INFO:colcon.colcon_core.shell:Creating environment hook '/home/nvidia/Jetson-RT-Traffic-System/install/detections_img/share/detections_img/hook/cmake_prefix_path.sh'
[1.196s] Level 1:colcon.colcon_core.environment:checking '/home/nvidia/Jetson-RT-Traffic-System/install/detections_img/lib'
[1.196s] Level 1:colcon.colcon_core.environment:checking '/home/nvidia/Jetson-RT-Traffic-System/install/detections_img/bin'
[1.196s] Level 1:colcon.colcon_core.environment:checking '/home/nvidia/Jetson-RT-Traffic-System/install/detections_img/lib/pkgconfig/detections_img.pc'
[1.197s] Level 1:colcon.colcon_core.environment:checking '/home/nvidia/Jetson-RT-Traffic-System/install/detections_img/lib/python3.10/site-packages'
[1.198s] Level 1:colcon.colcon_core.environment:checking '/home/nvidia/Jetson-RT-Traffic-System/install/detections_img/bin'
[1.199s] INFO:colcon.colcon_core.shell:Creating package script '/home/nvidia/Jetson-RT-Traffic-System/install/detections_img/share/detections_img/package.ps1'
[1.201s] INFO:colcon.colcon_core.shell:Creating package descriptor '/home/nvidia/Jetson-RT-Traffic-System/install/detections_img/share/detections_img/package.dsv'
[1.203s] INFO:colcon.colcon_core.shell:Creating package script '/home/nvidia/Jetson-RT-Traffic-System/install/detections_img/share/detections_img/package.sh'
[1.205s] INFO:colcon.colcon_core.shell:Creating package script '/home/nvidia/Jetson-RT-Traffic-System/install/detections_img/share/detections_img/package.bash'
[1.208s] INFO:colcon.colcon_core.shell:Creating package script '/home/nvidia/Jetson-RT-Traffic-System/install/detections_img/share/detections_img/package.zsh'
[1.209s] Level 1:colcon.colcon_core.environment:create_file_with_runtime_dependencies(/home/nvidia/Jetson-RT-Traffic-System/install/detections_img/share/colcon-core/packages/detections_img)
[1.211s] Level 1:colcon.colcon_core.environment:create_environment_scripts_only(detections_img)
[1.212s] Level 1:colcon.colcon_core.environment:checking '/home/nvidia/Jetson-RT-Traffic-System/install/detections_img' for CMake module files
[1.213s] Level 1:colcon.colcon_core.environment:checking '/home/nvidia/Jetson-RT-Traffic-System/install/detections_img' for CMake config files
[1.213s] Level 1:colcon.colcon_core.shell:create_environment_hook('detections_img', 'cmake_prefix_path')
[1.214s] INFO:colcon.colcon_core.shell:Creating environment hook '/home/nvidia/Jetson-RT-Traffic-System/install/detections_img/share/detections_img/hook/cmake_prefix_path.ps1'
[1.215s] INFO:colcon.colcon_core.shell:Creating environment descriptor '/home/nvidia/Jetson-RT-Traffic-System/install/detections_img/share/detections_img/hook/cmake_prefix_path.dsv'
[1.216s] INFO:colcon.colcon_core.shell:Creating environment hook '/home/nvidia/Jetson-RT-Traffic-System/install/detections_img/share/detections_img/hook/cmake_prefix_path.sh'
[1.217s] Level 1:colcon.colcon_core.environment:checking '/home/nvidia/Jetson-RT-Traffic-System/install/detections_img/lib'
[1.218s] Level 1:colcon.colcon_core.environment:checking '/home/nvidia/Jetson-RT-Traffic-System/install/detections_img/bin'
[1.218s] Level 1:colcon.colcon_core.environment:checking '/home/nvidia/Jetson-RT-Traffic-System/install/detections_img/lib/pkgconfig/detections_img.pc'
[1.218s] Level 1:colcon.colcon_core.environment:checking '/home/nvidia/Jetson-RT-Traffic-System/install/detections_img/lib/python3.10/site-packages'
[1.219s] Level 1:colcon.colcon_core.environment:checking '/home/nvidia/Jetson-RT-Traffic-System/install/detections_img/bin'
[1.220s] INFO:colcon.colcon_core.shell:Creating package script '/home/nvidia/Jetson-RT-Traffic-System/install/detections_img/share/detections_img/package.ps1'
[1.221s] INFO:colcon.colcon_core.shell:Creating package descriptor '/home/nvidia/Jetson-RT-Traffic-System/install/detections_img/share/detections_img/package.dsv'
[1.222s] INFO:colcon.colcon_core.shell:Creating package script '/home/nvidia/Jetson-RT-Traffic-System/install/detections_img/share/detections_img/package.sh'
[1.223s] INFO:colcon.colcon_core.shell:Creating package script '/home/nvidia/Jetson-RT-Traffic-System/install/detections_img/share/detections_img/package.bash'
[1.224s] INFO:colcon.colcon_core.shell:Creating package script '/home/nvidia/Jetson-RT-Traffic-System/install/detections_img/share/detections_img/package.zsh'
[1.225s] Level 1:colcon.colcon_core.environment:create_file_with_runtime_dependencies(/home/nvidia/Jetson-RT-Traffic-System/install/detections_img/share/colcon-core/packages/detections_img)
[27.915s] DEBUG:colcon.colcon_core.event_handler.log_command:Invoked command in '/home/nvidia/Jetson-RT-Traffic-System/build/traffic_detect' returned '0': CMAKE_PREFIX_PATH=${CMAKE_PREFIX_PATH}:/opt/ros/humble /usr/bin/cmake --build /home/nvidia/Jetson-RT-Traffic-System/build/traffic_detect -- -j6 -l6
[27.920s] DEBUG:colcon.colcon_core.event_handler.log_command:Invoking command in '/home/nvidia/Jetson-RT-Traffic-System/build/traffic_detect': CMAKE_PREFIX_PATH=${CMAKE_PREFIX_PATH}:/opt/ros/humble /usr/bin/cmake --install /home/nvidia/Jetson-RT-Traffic-System/build/traffic_detect
[27.955s] Level 1:colcon.colcon_core.environment:create_environment_scripts_only(traffic_detect)
[27.956s] Level 1:colcon.colcon_core.environment:checking '/home/nvidia/Jetson-RT-Traffic-System/install/traffic_detect' for CMake module files
[27.958s] DEBUG:colcon.colcon_core.event_handler.log_command:Invoked command in '/home/nvidia/Jetson-RT-Traffic-System/build/traffic_detect' returned '0': CMAKE_PREFIX_PATH=${CMAKE_PREFIX_PATH}:/opt/ros/humble /usr/bin/cmake --install /home/nvidia/Jetson-RT-Traffic-System/build/traffic_detect
[27.960s] Level 1:colcon.colcon_core.environment:checking '/home/nvidia/Jetson-RT-Traffic-System/install/traffic_detect' for CMake config files
[27.961s] Level 1:colcon.colcon_core.shell:create_environment_hook('traffic_detect', 'cmake_prefix_path')
[27.962s] INFO:colcon.colcon_core.shell:Creating environment hook '/home/nvidia/Jetson-RT-Traffic-System/install/traffic_detect/share/traffic_detect/hook/cmake_prefix_path.ps1'
[27.964s] INFO:colcon.colcon_core.shell:Creating environment descriptor '/home/nvidia/Jetson-RT-Traffic-System/install/traffic_detect/share/traffic_detect/hook/cmake_prefix_path.dsv'
[27.965s] INFO:colcon.colcon_core.shell:Creating environment hook '/home/nvidia/Jetson-RT-Traffic-System/install/traffic_detect/share/traffic_detect/hook/cmake_prefix_path.sh'
[27.968s] Level 1:colcon.colcon_core.environment:checking '/home/nvidia/Jetson-RT-Traffic-System/install/traffic_detect/lib'
[27.968s] Level 1:colcon.colcon_core.environment:checking '/home/nvidia/Jetson-RT-Traffic-System/install/traffic_detect/bin'
[27.968s] Level 1:colcon.colcon_core.environment:checking '/home/nvidia/Jetson-RT-Traffic-System/install/traffic_detect/lib/pkgconfig/traffic_detect.pc'
[27.969s] Level 1:colcon.colcon_core.environment:checking '/home/nvidia/Jetson-RT-Traffic-System/install/traffic_detect/lib/python3.10/site-packages'
[27.970s] Level 1:colcon.colcon_core.environment:checking '/home/nvidia/Jetson-RT-Traffic-System/install/traffic_detect/bin'
[27.971s] INFO:colcon.colcon_core.shell:Creating package script '/home/nvidia/Jetson-RT-Traffic-System/install/traffic_detect/share/traffic_detect/package.ps1'
[27.973s] INFO:colcon.colcon_core.shell:Creating package descriptor '/home/nvidia/Jetson-RT-Traffic-System/install/traffic_detect/share/traffic_detect/package.dsv'
[27.974s] INFO:colcon.colcon_core.shell:Creating package script '/home/nvidia/Jetson-RT-Traffic-System/install/traffic_detect/share/traffic_detect/package.sh'
[27.976s] INFO:colcon.colcon_core.shell:Creating package script '/home/nvidia/Jetson-RT-Traffic-System/install/traffic_detect/share/traffic_detect/package.bash'
[27.977s] INFO:colcon.colcon_core.shell:Creating package script '/home/nvidia/Jetson-RT-Traffic-System/install/traffic_detect/share/traffic_detect/package.zsh'
[27.978s] Level 1:colcon.colcon_core.environment:create_file_with_runtime_dependencies(/home/nvidia/Jetson-RT-Traffic-System/install/traffic_detect/share/colcon-core/packages/traffic_detect)
[27.980s] Level 1:colcon.colcon_core.environment:create_environment_scripts_only(traffic_detect)
[27.981s] Level 1:colcon.colcon_core.environment:checking '/home/nvidia/Jetson-RT-Traffic-System/install/traffic_detect' for CMake module files
[27.983s] Level 1:colcon.colcon_core.environment:checking '/home/nvidia/Jetson-RT-Traffic-System/install/traffic_detect' for CMake config files
[27.984s] Level 1:colcon.colcon_core.shell:create_environment_hook('traffic_detect', 'cmake_prefix_path')
[27.985s] INFO:colcon.colcon_core.shell:Creating environment hook '/home/nvidia/Jetson-RT-Traffic-System/install/traffic_detect/share/traffic_detect/hook/cmake_prefix_path.ps1'
[27.986s] INFO:colcon.colcon_core.shell:Creating environment descriptor '/home/nvidia/Jetson-RT-Traffic-System/install/traffic_detect/share/traffic_detect/hook/cmake_prefix_path.dsv'
[27.988s] INFO:colcon.colcon_core.shell:Creating environment hook '/home/nvidia/Jetson-RT-Traffic-System/install/traffic_detect/share/traffic_detect/hook/cmake_prefix_path.sh'
[27.990s] Level 1:colcon.colcon_core.environment:checking '/home/nvidia/Jetson-RT-Traffic-System/install/traffic_detect/lib'
[27.990s] Level 1:colcon.colcon_core.environment:checking '/home/nvidia/Jetson-RT-Traffic-System/install/traffic_detect/bin'
[27.990s] Level 1:colcon.colcon_core.environment:checking '/home/nvidia/Jetson-RT-Traffic-System/install/traffic_detect/lib/pkgconfig/traffic_detect.pc'
[27.991s] Level 1:colcon.colcon_core.environment:checking '/home/nvidia/Jetson-RT-Traffic-System/install/traffic_detect/lib/python3.10/site-packages'
[27.992s] Level 1:colcon.colcon_core.environment:checking '/home/nvidia/Jetson-RT-Traffic-System/install/traffic_detect/bin'
[27.993s] INFO:colcon.colcon_core.shell:Creating package script '/home/nvidia/Jetson-RT-Traffic-System/install/traffic_detect/share/traffic_detect/package.ps1'
[27.995s] INFO:colcon.colcon_core.shell:Creating package descriptor '/home/nvidia/Jetson-RT-Traffic-System/install/traffic_detect/share/traffic_detect/package.dsv'
[27.996s] INFO:colcon.colcon_core.shell:Creating package script '/home/nvidia/Jetson-RT-Traffic-System/install/traffic_detect/share/traffic_detect/package.sh'
[27.998s] INFO:colcon.colcon_core.shell:Creating package script '/home/nvidia/Jetson-RT-Traffic-System/install/traffic_detect/share/traffic_detect/package.bash'
[28.000s] INFO:colcon.colcon_core.shell:Creating package script '/home/nvidia/Jetson-RT-Traffic-System/install/traffic_detect/share/traffic_detect/package.zsh'
[28.001s] Level 1:colcon.colcon_core.environment:create_file_with_runtime_dependencies(/home/nvidia/Jetson-RT-Traffic-System/install/traffic_detect/share/colcon-core/packages/traffic_detect)
[28.002s] DEBUG:colcon.colcon_parallel_executor.executor.parallel:closing loop
[28.004s] DEBUG:colcon.colcon_parallel_executor.executor.parallel:loop closed
[28.004s] DEBUG:colcon.colcon_parallel_executor.executor.parallel:run_until_complete finished with '0'
[28.004s] DEBUG:colcon.colcon_core.event_reactor:joining thread
[28.024s] INFO:colcon.colcon_core.plugin_system:Skipping extension 'colcon_notification.desktop_notification.terminal_notifier': Not used on non-Darwin systems
[28.024s] INFO:colcon.colcon_core.plugin_system:Skipping extension 'colcon_notification.desktop_notification.win32': Not used on non-Windows systems
[28.025s] INFO:colcon.colcon_notification.desktop_notification:Sending desktop notification using 'notify2'
[28.067s] DEBUG:colcon.colcon_core.event_reactor:joined thread
[28.068s] INFO:colcon.colcon_core.shell:Creating prefix script '/home/nvidia/Jetson-RT-Traffic-System/install/local_setup.ps1'
[28.072s] INFO:colcon.colcon_core.shell:Creating prefix util module '/home/nvidia/Jetson-RT-Traffic-System/install/_local_setup_util_ps1.py'
[28.078s] INFO:colcon.colcon_core.shell:Creating prefix chain script '/home/nvidia/Jetson-RT-Traffic-System/install/setup.ps1'
[28.081s] INFO:colcon.colcon_core.shell:Creating prefix script '/home/nvidia/Jetson-RT-Traffic-System/install/local_setup.sh'
[28.083s] INFO:colcon.colcon_core.shell:Creating prefix util module '/home/nvidia/Jetson-RT-Traffic-System/install/_local_setup_util_sh.py'
[28.085s] INFO:colcon.colcon_core.shell:Creating prefix chain script '/home/nvidia/Jetson-RT-Traffic-System/install/setup.sh'
[28.089s] INFO:colcon.colcon_core.shell:Creating prefix script '/home/nvidia/Jetson-RT-Traffic-System/install/local_setup.bash'
[28.090s] INFO:colcon.colcon_core.shell:Creating prefix chain script '/home/nvidia/Jetson-RT-Traffic-System/install/setup.bash'
[28.094s] INFO:colcon.colcon_core.shell:Creating prefix script '/home/nvidia/Jetson-RT-Traffic-System/install/local_setup.zsh'
[28.096s] INFO:colcon.colcon_core.shell:Creating prefix chain script '/home/nvidia/Jetson-RT-Traffic-System/install/setup.zsh'
