[0.288s] DEBUG:colcon:Command line arguments: ['/usr/bin/colcon', 'build', '--packages-select', 'traffic_detect']
[0.289s] DEBUG:colcon:Parsed command line arguments: Namespace(log_base=None, log_level=None, verb_name='build', build_base='build', install_base='install', merge_install=False, symlink_install=False, test_result_base=None, continue_on_error=False, executor='parallel', parallel_workers=6, event_handlers=None, ignore_user_meta=False, metas=['./colcon.meta'], base_paths=['.'], packages_ignore=None, packages_ignore_regex=None, paths=None, packages_up_to=None, packages_up_to_regex=None, packages_above=None, packages_above_and_dependencies=None, packages_above_depth=None, packages_select_by_dep=None, packages_skip_by_dep=None, packages_skip_up_to=None, packages_select_build_failed=False, packages_skip_build_finished=False, packages_select_test_failures=False, packages_skip_test_passed=False, packages_select=['traffic_detect'], packages_skip=None, packages_select_regex=None, packages_skip_regex=None, packages_start=None, packages_end=None, allow_overriding=[], cmake_args=None, cmake_target=None, cmake_target_skip_unavailable=False, cmake_clean_cache=False, cmake_clean_first=False, cmake_force_configure=False, ament_cmake_args=None, catkin_cmake_args=None, catkin_skip_building_tests=False, verb_parser=<colcon_defaults.argument_parser.defaults.DefaultArgumentsDecorator object at 0xffffb549b610>, verb_extension=<colcon_core.verb.build.BuildVerb object at 0xffffb549b100>, main=<bound method BuildVerb.main of <colcon_core.verb.build.BuildVerb object at 0xffffb549b100>>)
[0.670s] Level 1:colcon.colcon_core.package_discovery:discover_packages(colcon_meta) check parameters
[0.670s] Level 1:colcon.colcon_core.package_discovery:discover_packages(recursive) check parameters
[0.670s] Level 1:colcon.colcon_core.package_discovery:discover_packages(ignore) check parameters
[0.670s] Level 1:colcon.colcon_core.package_discovery:discover_packages(path) check parameters
[0.671s] Level 1:colcon.colcon_core.package_discovery:discover_packages(colcon_meta) discover
[0.671s] Level 1:colcon.colcon_core.package_discovery:discover_packages(recursive) discover
[0.671s] INFO:colcon.colcon_core.package_discovery:Crawling recursively for packages in '/home/nvidia/Jetson-RT-Traffic-System'
[0.671s] Level 1:colcon.colcon_core.package_identification:_identify(.) by extensions ['ignore', 'ignore_ament_install']
[0.671s] Level 1:colcon.colcon_core.package_identification:_identify(.) by extension 'ignore'
[0.672s] Level 1:colcon.colcon_core.package_identification:_identify(.) by extension 'ignore_ament_install'
[0.672s] Level 1:colcon.colcon_core.package_identification:_identify(.) by extensions ['colcon_pkg']
[0.672s] Level 1:colcon.colcon_core.package_identification:_identify(.) by extension 'colcon_pkg'
[0.672s] Level 1:colcon.colcon_core.package_identification:_identify(.) by extensions ['colcon_meta']
[0.672s] Level 1:colcon.colcon_core.package_identification:_identify(.) by extension 'colcon_meta'
[0.672s] Level 1:colcon.colcon_core.package_identification:_identify(.) by extensions ['ros']
[0.672s] Level 1:colcon.colcon_core.package_identification:_identify(.) by extension 'ros'
[0.730s] Level 1:colcon.colcon_core.package_identification:_identify(.) by extensions ['cmake', 'python']
[0.730s] Level 1:colcon.colcon_core.package_identification:_identify(.) by extension 'cmake'
[0.730s] Level 1:colcon.colcon_core.package_identification:_identify(.) by extension 'python'
[0.730s] Level 1:colcon.colcon_core.package_identification:_identify(.) by extensions ['python_setup_py']
[0.730s] Level 1:colcon.colcon_core.package_identification:_identify(.) by extension 'python_setup_py'
[0.731s] Level 1:colcon.colcon_core.package_identification:_identify(build) by extensions ['ignore', 'ignore_ament_install']
[0.731s] Level 1:colcon.colcon_core.package_identification:_identify(build) by extension 'ignore'
[0.731s] Level 1:colcon.colcon_core.package_identification:_identify(build) ignored
[0.731s] Level 1:colcon.colcon_core.package_identification:_identify(camera-model) by extensions ['ignore', 'ignore_ament_install']
[0.732s] Level 1:colcon.colcon_core.package_identification:_identify(camera-model) by extension 'ignore'
[0.732s] Level 1:colcon.colcon_core.package_identification:_identify(camera-model) by extension 'ignore_ament_install'
[0.732s] Level 1:colcon.colcon_core.package_identification:_identify(camera-model) by extensions ['colcon_pkg']
[0.732s] Level 1:colcon.colcon_core.package_identification:_identify(camera-model) by extension 'colcon_pkg'
[0.732s] Level 1:colcon.colcon_core.package_identification:_identify(camera-model) by extensions ['colcon_meta']
[0.732s] Level 1:colcon.colcon_core.package_identification:_identify(camera-model) by extension 'colcon_meta'
[0.732s] Level 1:colcon.colcon_core.package_identification:_identify(camera-model) by extensions ['ros']
[0.733s] Level 1:colcon.colcon_core.package_identification:_identify(camera-model) by extension 'ros'
[0.733s] Level 1:colcon.colcon_core.package_identification:_identify(camera-model) by extensions ['cmake', 'python']
[0.733s] Level 1:colcon.colcon_core.package_identification:_identify(camera-model) by extension 'cmake'
[0.733s] Level 1:colcon.colcon_core.package_identification:_identify(camera-model) by extension 'python'
[0.733s] Level 1:colcon.colcon_core.package_identification:_identify(camera-model) by extensions ['python_setup_py']
[0.733s] Level 1:colcon.colcon_core.package_identification:_identify(camera-model) by extension 'python_setup_py'
[0.733s] Level 1:colcon.colcon_core.package_identification:_identify(install) by extensions ['ignore', 'ignore_ament_install']
[0.734s] Level 1:colcon.colcon_core.package_identification:_identify(install) by extension 'ignore'
[0.734s] Level 1:colcon.colcon_core.package_identification:_identify(install) ignored
[0.734s] Level 1:colcon.colcon_core.package_identification:_identify(log) by extensions ['ignore', 'ignore_ament_install']
[0.734s] Level 1:colcon.colcon_core.package_identification:_identify(log) by extension 'ignore'
[0.734s] Level 1:colcon.colcon_core.package_identification:_identify(log) ignored
[0.735s] Level 1:colcon.colcon_core.package_identification:_identify(src) by extensions ['ignore', 'ignore_ament_install']
[0.735s] Level 1:colcon.colcon_core.package_identification:_identify(src) by extension 'ignore'
[0.735s] Level 1:colcon.colcon_core.package_identification:_identify(src) by extension 'ignore_ament_install'
[0.735s] Level 1:colcon.colcon_core.package_identification:_identify(src) by extensions ['colcon_pkg']
[0.735s] Level 1:colcon.colcon_core.package_identification:_identify(src) by extension 'colcon_pkg'
[0.735s] Level 1:colcon.colcon_core.package_identification:_identify(src) by extensions ['colcon_meta']
[0.735s] Level 1:colcon.colcon_core.package_identification:_identify(src) by extension 'colcon_meta'
[0.735s] Level 1:colcon.colcon_core.package_identification:_identify(src) by extensions ['ros']
[0.735s] Level 1:colcon.colcon_core.package_identification:_identify(src) by extension 'ros'
[0.736s] Level 1:colcon.colcon_core.package_identification:_identify(src) by extensions ['cmake', 'python']
[0.736s] Level 1:colcon.colcon_core.package_identification:_identify(src) by extension 'cmake'
[0.736s] Level 1:colcon.colcon_core.package_identification:_identify(src) by extension 'python'
[0.736s] Level 1:colcon.colcon_core.package_identification:_identify(src) by extensions ['python_setup_py']
[0.736s] Level 1:colcon.colcon_core.package_identification:_identify(src) by extension 'python_setup_py'
[0.736s] Level 1:colcon.colcon_core.package_identification:_identify(src/traffic_detect) by extensions ['ignore', 'ignore_ament_install']
[0.737s] Level 1:colcon.colcon_core.package_identification:_identify(src/traffic_detect) by extension 'ignore'
[0.737s] Level 1:colcon.colcon_core.package_identification:_identify(src/traffic_detect) by extension 'ignore_ament_install'
[0.737s] Level 1:colcon.colcon_core.package_identification:_identify(src/traffic_detect) by extensions ['colcon_pkg']
[0.737s] Level 1:colcon.colcon_core.package_identification:_identify(src/traffic_detect) by extension 'colcon_pkg'
[0.737s] Level 1:colcon.colcon_core.package_identification:_identify(src/traffic_detect) by extensions ['colcon_meta']
[0.737s] Level 1:colcon.colcon_core.package_identification:_identify(src/traffic_detect) by extension 'colcon_meta'
[0.737s] Level 1:colcon.colcon_core.package_identification:_identify(src/traffic_detect) by extensions ['ros']
[0.737s] Level 1:colcon.colcon_core.package_identification:_identify(src/traffic_detect) by extension 'ros'
[0.744s] DEBUG:colcon.colcon_core.package_identification:Package 'src/traffic_detect' with type 'ros.ament_cmake' and name 'traffic_detect'
[0.744s] Level 1:colcon.colcon_core.package_identification:_identify(usb_cam_cfg) by extensions ['ignore', 'ignore_ament_install']
[0.745s] Level 1:colcon.colcon_core.package_identification:_identify(usb_cam_cfg) by extension 'ignore'
[0.745s] Level 1:colcon.colcon_core.package_identification:_identify(usb_cam_cfg) by extension 'ignore_ament_install'
[0.745s] Level 1:colcon.colcon_core.package_identification:_identify(usb_cam_cfg) by extensions ['colcon_pkg']
[0.745s] Level 1:colcon.colcon_core.package_identification:_identify(usb_cam_cfg) by extension 'colcon_pkg'
[0.745s] Level 1:colcon.colcon_core.package_identification:_identify(usb_cam_cfg) by extensions ['colcon_meta']
[0.745s] Level 1:colcon.colcon_core.package_identification:_identify(usb_cam_cfg) by extension 'colcon_meta'
[0.745s] Level 1:colcon.colcon_core.package_identification:_identify(usb_cam_cfg) by extensions ['ros']
[0.745s] Level 1:colcon.colcon_core.package_identification:_identify(usb_cam_cfg) by extension 'ros'
[0.746s] Level 1:colcon.colcon_core.package_identification:_identify(usb_cam_cfg) by extensions ['cmake', 'python']
[0.746s] Level 1:colcon.colcon_core.package_identification:_identify(usb_cam_cfg) by extension 'cmake'
[0.746s] Level 1:colcon.colcon_core.package_identification:_identify(usb_cam_cfg) by extension 'python'
[0.746s] Level 1:colcon.colcon_core.package_identification:_identify(usb_cam_cfg) by extensions ['python_setup_py']
[0.746s] Level 1:colcon.colcon_core.package_identification:_identify(usb_cam_cfg) by extension 'python_setup_py'
[0.746s] Level 1:colcon.colcon_core.package_discovery:discover_packages(recursive) using defaults
[0.746s] Level 1:colcon.colcon_core.package_discovery:discover_packages(ignore) discover
[0.746s] Level 1:colcon.colcon_core.package_discovery:discover_packages(ignore) using defaults
[0.746s] Level 1:colcon.colcon_core.package_discovery:discover_packages(path) discover
[0.747s] Level 1:colcon.colcon_core.package_discovery:discover_packages(path) using defaults
[0.789s] Level 1:colcon.colcon_core.package_discovery:discover_packages(prefix_path) check parameters
[0.789s] Level 1:colcon.colcon_core.package_discovery:discover_packages(prefix_path) discover
[0.793s] DEBUG:colcon.colcon_installed_package_information.package_discovery:Found 1 installed packages in /home/nvidia/Jetson-RT-Traffic-System/install
[0.796s] DEBUG:colcon.colcon_installed_package_information.package_discovery:Found 303 installed packages in /opt/ros/humble
[0.799s] Level 1:colcon.colcon_core.package_discovery:discover_packages(prefix_path) using defaults
[0.895s] Level 5:colcon.colcon_core.verb:set package 'traffic_detect' build argument 'cmake_args' from command line to 'None'
[0.895s] Level 5:colcon.colcon_core.verb:set package 'traffic_detect' build argument 'cmake_target' from command line to 'None'
[0.895s] Level 5:colcon.colcon_core.verb:set package 'traffic_detect' build argument 'cmake_target_skip_unavailable' from command line to 'False'
[0.896s] Level 5:colcon.colcon_core.verb:set package 'traffic_detect' build argument 'cmake_clean_cache' from command line to 'False'
[0.896s] Level 5:colcon.colcon_core.verb:set package 'traffic_detect' build argument 'cmake_clean_first' from command line to 'False'
[0.896s] Level 5:colcon.colcon_core.verb:set package 'traffic_detect' build argument 'cmake_force_configure' from command line to 'False'
[0.896s] Level 5:colcon.colcon_core.verb:set package 'traffic_detect' build argument 'ament_cmake_args' from command line to 'None'
[0.896s] Level 5:colcon.colcon_core.verb:set package 'traffic_detect' build argument 'catkin_cmake_args' from command line to 'None'
[0.896s] Level 5:colcon.colcon_core.verb:set package 'traffic_detect' build argument 'catkin_skip_building_tests' from command line to 'False'
[0.896s] DEBUG:colcon.colcon_core.verb:Building package 'traffic_detect' with the following arguments: {'ament_cmake_args': None, 'build_base': '/home/nvidia/Jetson-RT-Traffic-System/build/traffic_detect', 'catkin_cmake_args': None, 'catkin_skip_building_tests': False, 'cmake_args': None, 'cmake_clean_cache': False, 'cmake_clean_first': False, 'cmake_force_configure': False, 'cmake_target': None, 'cmake_target_skip_unavailable': False, 'install_base': '/home/nvidia/Jetson-RT-Traffic-System/install/traffic_detect', 'merge_install': False, 'path': '/home/nvidia/Jetson-RT-Traffic-System/src/traffic_detect', 'symlink_install': False, 'test_result_base': None}
[0.896s] INFO:colcon.colcon_core.executor:Executing jobs using 'parallel' executor
[0.899s] DEBUG:colcon.colcon_parallel_executor.executor.parallel:run_until_complete
[0.900s] INFO:colcon.colcon_ros.task.ament_cmake.build:Building ROS package in '/home/nvidia/Jetson-RT-Traffic-System/src/traffic_detect' with build type 'ament_cmake'
[0.900s] INFO:colcon.colcon_cmake.task.cmake.build:Building CMake package in '/home/nvidia/Jetson-RT-Traffic-System/src/traffic_detect'
[0.905s] INFO:colcon.colcon_core.plugin_system:Skipping extension 'colcon_core.shell.bat': Not used on non-Windows systems
[0.906s] INFO:colcon.colcon_core.shell:Skip shell extension 'powershell' for command environment: Not usable outside of PowerShell
[0.906s] DEBUG:colcon.colcon_core.shell:Skip shell extension 'dsv' for command environment
[0.925s] DEBUG:colcon.colcon_core.event_handler.log_command:Invoking command in '/home/nvidia/Jetson-RT-Traffic-System/build/traffic_detect': CMAKE_PREFIX_PATH=${CMAKE_PREFIX_PATH}:/opt/ros/humble /usr/bin/cmake --build /home/nvidia/Jetson-RT-Traffic-System/build/traffic_detect -- -j6 -l6
[27.978s] DEBUG:colcon.colcon_core.event_handler.log_command:Invoked command in '/home/nvidia/Jetson-RT-Traffic-System/build/traffic_detect' returned '0': CMAKE_PREFIX_PATH=${CMAKE_PREFIX_PATH}:/opt/ros/humble /usr/bin/cmake --build /home/nvidia/Jetson-RT-Traffic-System/build/traffic_detect -- -j6 -l6
[28.002s] DEBUG:colcon.colcon_core.event_handler.log_command:Invoking command in '/home/nvidia/Jetson-RT-Traffic-System/build/traffic_detect': CMAKE_PREFIX_PATH=${CMAKE_PREFIX_PATH}:/opt/ros/humble /usr/bin/cmake --install /home/nvidia/Jetson-RT-Traffic-System/build/traffic_detect
[28.038s] Level 1:colcon.colcon_core.environment:create_environment_scripts_only(traffic_detect)
[28.040s] DEBUG:colcon.colcon_core.event_handler.log_command:Invoked command in '/home/nvidia/Jetson-RT-Traffic-System/build/traffic_detect' returned '0': CMAKE_PREFIX_PATH=${CMAKE_PREFIX_PATH}:/opt/ros/humble /usr/bin/cmake --install /home/nvidia/Jetson-RT-Traffic-System/build/traffic_detect
[28.048s] Level 1:colcon.colcon_core.environment:checking '/home/nvidia/Jetson-RT-Traffic-System/install/traffic_detect' for CMake module files
[28.049s] Level 1:colcon.colcon_core.environment:checking '/home/nvidia/Jetson-RT-Traffic-System/install/traffic_detect' for CMake config files
[28.050s] Level 1:colcon.colcon_core.shell:create_environment_hook('traffic_detect', 'cmake_prefix_path')
[28.051s] INFO:colcon.colcon_core.shell:Creating environment hook '/home/nvidia/Jetson-RT-Traffic-System/install/traffic_detect/share/traffic_detect/hook/cmake_prefix_path.ps1'
[28.054s] INFO:colcon.colcon_core.shell:Creating environment descriptor '/home/nvidia/Jetson-RT-Traffic-System/install/traffic_detect/share/traffic_detect/hook/cmake_prefix_path.dsv'
[28.055s] INFO:colcon.colcon_core.shell:Creating environment hook '/home/nvidia/Jetson-RT-Traffic-System/install/traffic_detect/share/traffic_detect/hook/cmake_prefix_path.sh'
[28.059s] Level 1:colcon.colcon_core.environment:checking '/home/nvidia/Jetson-RT-Traffic-System/install/traffic_detect/lib'
[28.059s] Level 1:colcon.colcon_core.environment:checking '/home/nvidia/Jetson-RT-Traffic-System/install/traffic_detect/bin'
[28.060s] Level 1:colcon.colcon_core.environment:checking '/home/nvidia/Jetson-RT-Traffic-System/install/traffic_detect/lib/pkgconfig/traffic_detect.pc'
[28.061s] Level 1:colcon.colcon_core.environment:checking '/home/nvidia/Jetson-RT-Traffic-System/install/traffic_detect/lib/python3.10/site-packages'
[28.061s] Level 1:colcon.colcon_core.environment:checking '/home/nvidia/Jetson-RT-Traffic-System/install/traffic_detect/bin'
[28.062s] INFO:colcon.colcon_core.shell:Creating package script '/home/nvidia/Jetson-RT-Traffic-System/install/traffic_detect/share/traffic_detect/package.ps1'
[28.066s] INFO:colcon.colcon_core.shell:Creating package descriptor '/home/nvidia/Jetson-RT-Traffic-System/install/traffic_detect/share/traffic_detect/package.dsv'
[28.067s] INFO:colcon.colcon_core.shell:Creating package script '/home/nvidia/Jetson-RT-Traffic-System/install/traffic_detect/share/traffic_detect/package.sh'
[28.070s] INFO:colcon.colcon_core.shell:Creating package script '/home/nvidia/Jetson-RT-Traffic-System/install/traffic_detect/share/traffic_detect/package.bash'
[28.072s] INFO:colcon.colcon_core.shell:Creating package script '/home/nvidia/Jetson-RT-Traffic-System/install/traffic_detect/share/traffic_detect/package.zsh'
[28.075s] Level 1:colcon.colcon_core.environment:create_file_with_runtime_dependencies(/home/nvidia/Jetson-RT-Traffic-System/install/traffic_detect/share/colcon-core/packages/traffic_detect)
[28.077s] Level 1:colcon.colcon_core.environment:create_environment_scripts_only(traffic_detect)
[28.078s] Level 1:colcon.colcon_core.environment:checking '/home/nvidia/Jetson-RT-Traffic-System/install/traffic_detect' for CMake module files
[28.079s] Level 1:colcon.colcon_core.environment:checking '/home/nvidia/Jetson-RT-Traffic-System/install/traffic_detect' for CMake config files
[28.081s] Level 1:colcon.colcon_core.shell:create_environment_hook('traffic_detect', 'cmake_prefix_path')
[28.081s] INFO:colcon.colcon_core.shell:Creating environment hook '/home/nvidia/Jetson-RT-Traffic-System/install/traffic_detect/share/traffic_detect/hook/cmake_prefix_path.ps1'
[28.083s] INFO:colcon.colcon_core.shell:Creating environment descriptor '/home/nvidia/Jetson-RT-Traffic-System/install/traffic_detect/share/traffic_detect/hook/cmake_prefix_path.dsv'
[28.083s] INFO:colcon.colcon_core.shell:Creating environment hook '/home/nvidia/Jetson-RT-Traffic-System/install/traffic_detect/share/traffic_detect/hook/cmake_prefix_path.sh'
[28.085s] Level 1:colcon.colcon_core.environment:checking '/home/nvidia/Jetson-RT-Traffic-System/install/traffic_detect/lib'
[28.085s] Level 1:colcon.colcon_core.environment:checking '/home/nvidia/Jetson-RT-Traffic-System/install/traffic_detect/bin'
[28.086s] Level 1:colcon.colcon_core.environment:checking '/home/nvidia/Jetson-RT-Traffic-System/install/traffic_detect/lib/pkgconfig/traffic_detect.pc'
[28.086s] Level 1:colcon.colcon_core.environment:checking '/home/nvidia/Jetson-RT-Traffic-System/install/traffic_detect/lib/python3.10/site-packages'
[28.087s] Level 1:colcon.colcon_core.environment:checking '/home/nvidia/Jetson-RT-Traffic-System/install/traffic_detect/bin'
[28.088s] INFO:colcon.colcon_core.shell:Creating package script '/home/nvidia/Jetson-RT-Traffic-System/install/traffic_detect/share/traffic_detect/package.ps1'
[28.089s] INFO:colcon.colcon_core.shell:Creating package descriptor '/home/nvidia/Jetson-RT-Traffic-System/install/traffic_detect/share/traffic_detect/package.dsv'
[28.091s] INFO:colcon.colcon_core.shell:Creating package script '/home/nvidia/Jetson-RT-Traffic-System/install/traffic_detect/share/traffic_detect/package.sh'
[28.092s] INFO:colcon.colcon_core.shell:Creating package script '/home/nvidia/Jetson-RT-Traffic-System/install/traffic_detect/share/traffic_detect/package.bash'
[28.093s] INFO:colcon.colcon_core.shell:Creating package script '/home/nvidia/Jetson-RT-Traffic-System/install/traffic_detect/share/traffic_detect/package.zsh'
[28.094s] Level 1:colcon.colcon_core.environment:create_file_with_runtime_dependencies(/home/nvidia/Jetson-RT-Traffic-System/install/traffic_detect/share/colcon-core/packages/traffic_detect)
[28.095s] DEBUG:colcon.colcon_parallel_executor.executor.parallel:closing loop
[28.097s] DEBUG:colcon.colcon_parallel_executor.executor.parallel:loop closed
[28.097s] DEBUG:colcon.colcon_parallel_executor.executor.parallel:run_until_complete finished with '0'
[28.097s] DEBUG:colcon.colcon_core.event_reactor:joining thread
[28.121s] INFO:colcon.colcon_core.plugin_system:Skipping extension 'colcon_notification.desktop_notification.terminal_notifier': Not used on non-Darwin systems
[28.121s] INFO:colcon.colcon_core.plugin_system:Skipping extension 'colcon_notification.desktop_notification.win32': Not used on non-Windows systems
[28.122s] INFO:colcon.colcon_notification.desktop_notification:Sending desktop notification using 'notify2'
[28.157s] DEBUG:colcon.colcon_core.event_reactor:joined thread
[28.158s] INFO:colcon.colcon_core.shell:Creating prefix script '/home/nvidia/Jetson-RT-Traffic-System/install/local_setup.ps1'
[28.162s] INFO:colcon.colcon_core.shell:Creating prefix util module '/home/nvidia/Jetson-RT-Traffic-System/install/_local_setup_util_ps1.py'
[28.165s] INFO:colcon.colcon_core.shell:Creating prefix chain script '/home/nvidia/Jetson-RT-Traffic-System/install/setup.ps1'
[28.169s] INFO:colcon.colcon_core.shell:Creating prefix script '/home/nvidia/Jetson-RT-Traffic-System/install/local_setup.sh'
[28.170s] INFO:colcon.colcon_core.shell:Creating prefix util module '/home/nvidia/Jetson-RT-Traffic-System/install/_local_setup_util_sh.py'
[28.173s] INFO:colcon.colcon_core.shell:Creating prefix chain script '/home/nvidia/Jetson-RT-Traffic-System/install/setup.sh'
[28.176s] INFO:colcon.colcon_core.shell:Creating prefix script '/home/nvidia/Jetson-RT-Traffic-System/install/local_setup.bash'
[28.178s] INFO:colcon.colcon_core.shell:Creating prefix chain script '/home/nvidia/Jetson-RT-Traffic-System/install/setup.bash'
[28.180s] INFO:colcon.colcon_core.shell:Creating prefix script '/home/nvidia/Jetson-RT-Traffic-System/install/local_setup.zsh'
[28.182s] INFO:colcon.colcon_core.shell:Creating prefix chain script '/home/nvidia/Jetson-RT-Traffic-System/install/setup.zsh'
