[1.383s] Invoking command in '/home/main-user/Jetson-RT-Traffic-System/src/videopub': PYTHONPATH=/home/main-user/Jetson-RT-Traffic-System/build/videopub/prefix_override:/usr/lib/python3/dist-packages/colcon_core/task/python/colcon_distutils_commands:/home/main-user/Jetson-RT-Traffic-System/install/videopub/lib/python3.10/site-packages:${PYTHONPATH} /usr/bin/python3 -W ignore:setup.py install is deprecated -W ignore:easy_install command is deprecated setup.py egg_info --egg-base ../../build/videopub build --build-base /home/main-user/Jetson-RT-Traffic-System/build/videopub/build install --record /home/main-user/Jetson-RT-Traffic-System/build/videopub/install.log --single-version-externally-managed install_data
[1.527s] Traceback (most recent call last):
[1.527s]   File "/home/main-user/Jetson-RT-Traffic-System/src/videopub/setup.py", line 1, in <module>
[1.528s]     from setuptools import setup
[1.528s]   File "/usr/lib/python3/dist-packages/setuptools/__init__.py", line 16, in <module>
[1.528s]     import setuptools.version
[1.528s]   File "/usr/lib/python3/dist-packages/setuptools/version.py", line 1, in <module>
[1.532s]     import pkg_resources
[1.532s]   File "/usr/lib/python3/dist-packages/pkg_resources/__init__.py", line 77, in <module>
[1.532s]     __import__('pkg_resources.extern.packaging.specifiers')
[1.533s]   File "/usr/lib/python3/dist-packages/pkg_resources/_vendor/packaging/specifiers.py", line 24, in <module>
[1.533s]     from .utils import canonicalize_version
[1.533s]   File "/usr/lib/python3/dist-packages/pkg_resources/_vendor/packaging/utils.py", line 8, in <module>
[1.534s]     from .tags import Tag, parse_tag
[1.534s]   File "/usr/lib/python3/dist-packages/pkg_resources/_vendor/packaging/tags.py", line 5, in <module>
[1.534s]     import logging
[1.534s]   File "/usr/lib/python3.10/logging/__init__.py", line 522, in <module>
[1.537s]     class Formatter(object):
[1.537s] KeyboardInterrupt
[1.568s] Invoked command in '/home/main-user/Jetson-RT-Traffic-System/src/videopub' returned '-2': PYTHONPATH=/home/main-user/Jetson-RT-Traffic-System/build/videopub/prefix_override:/usr/lib/python3/dist-packages/colcon_core/task/python/colcon_distutils_commands:/home/main-user/Jetson-RT-Traffic-System/install/videopub/lib/python3.10/site-packages:${PYTHONPATH} /usr/bin/python3 -W ignore:setup.py install is deprecated -W ignore:easy_install command is deprecated setup.py egg_info --egg-base ../../build/videopub build --build-base /home/main-user/Jetson-RT-Traffic-System/build/videopub/build install --record /home/main-user/Jetson-RT-Traffic-System/build/videopub/install.log --single-version-externally-managed install_data
