[0.027s] Invoking command in '/home/nvidia/Jetson-RT-Traffic-System/src/traffic_detect/build/traffic_detect': CMAKE_PREFIX_PATH=${CMAKE_PREFIX_PATH}:/opt/ros/humble /usr/bin/cmake --build /home/nvidia/Jetson-RT-Traffic-System/src/traffic_detect/build/traffic_detect -- -j6 -l6
[0.148s] [ 50%] [32mBuilding CXX object CMakeFiles/traffic_detect_node.dir/src/main.cpp.o[0m
[0.157s] [01m[Kcc1plus:[m[K [01;35m[Kwarning: [m[K/usr/local/cuda-12.6/lib64/libcudart_static.a: not a directory
[0.157s] [01m[Kcc1plus:[m[K [01;35m[Kwarning: [m[K/usr/lib/aarch64-linux-gnu/librt.a: not a directory
[24.575s] [100%] [32m[1mLinking CXX executable traffic_detect_node[0m
[25.096s] /usr/bin/ld: warning: libopencv_imgcodecs.so.4.5d, needed by /opt/ros/humble/lib/libcv_bridge.so, may conflict with libopencv_imgcodecs.so.408
[25.096s] /usr/bin/ld: warning: libopencv_imgproc.so.4.5d, needed by /opt/ros/humble/lib/libcv_bridge.so, may conflict with libopencv_imgproc.so.408
[25.098s] /usr/bin/ld: warning: libopencv_core.so.4.5d, needed by /opt/ros/humble/lib/libcv_bridge.so, may conflict with libopencv_core.so.408
[26.282s] [100%] Built target traffic_detect_node
[26.310s] Invoked command in '/home/nvidia/Jetson-RT-Traffic-System/src/traffic_detect/build/traffic_detect' returned '0': CMAKE_PREFIX_PATH=${CMAKE_PREFIX_PATH}:/opt/ros/humble /usr/bin/cmake --build /home/nvidia/Jetson-RT-Traffic-System/src/traffic_detect/build/traffic_detect -- -j6 -l6
[26.335s] Invoking command in '/home/nvidia/Jetson-RT-Traffic-System/src/traffic_detect/build/traffic_detect': CMAKE_PREFIX_PATH=${CMAKE_PREFIX_PATH}:/opt/ros/humble /usr/bin/cmake --install /home/nvidia/Jetson-RT-Traffic-System/src/traffic_detect/build/traffic_detect
[26.354s] -- Install configuration: ""
[26.355s] -- Execute custom install script
[26.356s] -- Up-to-date symlink: /home/nvidia/Jetson-RT-Traffic-System/src/traffic_detect/install/traffic_detect/lib/traffic_detect/traffic_detect_node
[26.356s] -- Up-to-date symlink: /home/nvidia/Jetson-RT-Traffic-System/src/traffic_detect/install/traffic_detect/share/ament_index/resource_index/package_run_dependencies/traffic_detect
[26.357s] -- Up-to-date symlink: /home/nvidia/Jetson-RT-Traffic-System/src/traffic_detect/install/traffic_detect/share/ament_index/resource_index/parent_prefix_path/traffic_detect
[26.357s] -- Up-to-date symlink: /home/nvidia/Jetson-RT-Traffic-System/src/traffic_detect/install/traffic_detect/share/traffic_detect/environment/ament_prefix_path.sh
[26.357s] -- Up-to-date symlink: /home/nvidia/Jetson-RT-Traffic-System/src/traffic_detect/install/traffic_detect/share/traffic_detect/environment/ament_prefix_path.dsv
[26.358s] -- Up-to-date symlink: /home/nvidia/Jetson-RT-Traffic-System/src/traffic_detect/install/traffic_detect/share/traffic_detect/environment/path.sh
[26.358s] -- Up-to-date symlink: /home/nvidia/Jetson-RT-Traffic-System/src/traffic_detect/install/traffic_detect/share/traffic_detect/environment/path.dsv
[26.358s] -- Up-to-date symlink: /home/nvidia/Jetson-RT-Traffic-System/src/traffic_detect/install/traffic_detect/share/traffic_detect/local_setup.bash
[26.359s] -- Up-to-date symlink: /home/nvidia/Jetson-RT-Traffic-System/src/traffic_detect/install/traffic_detect/share/traffic_detect/local_setup.sh
[26.359s] -- Up-to-date symlink: /home/nvidia/Jetson-RT-Traffic-System/src/traffic_detect/install/traffic_detect/share/traffic_detect/local_setup.zsh
[26.359s] -- Up-to-date symlink: /home/nvidia/Jetson-RT-Traffic-System/src/traffic_detect/install/traffic_detect/share/traffic_detect/local_setup.dsv
[26.359s] -- Symlinking: /home/nvidia/Jetson-RT-Traffic-System/src/traffic_detect/install/traffic_detect/share/traffic_detect/package.dsv
[26.380s] -- Up-to-date symlink: /home/nvidia/Jetson-RT-Traffic-System/src/traffic_detect/install/traffic_detect/share/ament_index/resource_index/packages/traffic_detect
[26.381s] -- Up-to-date symlink: /home/nvidia/Jetson-RT-Traffic-System/src/traffic_detect/install/traffic_detect/share/traffic_detect/cmake/traffic_detectConfig.cmake
[26.381s] -- Up-to-date symlink: /home/nvidia/Jetson-RT-Traffic-System/src/traffic_detect/install/traffic_detect/share/traffic_detect/cmake/traffic_detectConfig-version.cmake
[26.381s] -- Up-to-date symlink: /home/nvidia/Jetson-RT-Traffic-System/src/traffic_detect/install/traffic_detect/share/traffic_detect/package.xml
[26.386s] Invoked command in '/home/nvidia/Jetson-RT-Traffic-System/src/traffic_detect/build/traffic_detect' returned '0': CMAKE_PREFIX_PATH=${CMAKE_PREFIX_PATH}:/opt/ros/humble /usr/bin/cmake --install /home/nvidia/Jetson-RT-Traffic-System/src/traffic_detect/build/traffic_detect
