[0.032s] Invoking command in '/home/nvidia/Jetson-RT-Traffic-System/build/detections_img': CMAKE_PREFIX_PATH=${CMAKE_PREFIX_PATH}:/opt/ros/humble /usr/bin/cmake --build /home/nvidia/Jetson-RT-Traffic-System/build/detections_img -- -j6 -l6
[0.166s] [100%] Built target detections_img_node
[0.193s] Invoked command in '/home/nvidia/Jetson-RT-Traffic-System/build/detections_img' returned '0': CMAKE_PREFIX_PATH=${CMAKE_PREFIX_PATH}:/opt/ros/humble /usr/bin/cmake --build /home/nvidia/Jetson-RT-Traffic-System/build/detections_img -- -j6 -l6
[0.215s] Invoking command in '/home/nvidia/Jetson-RT-Traffic-System/build/detections_img': CMAKE_PREFIX_PATH=${CMAKE_PREFIX_PATH}:/opt/ros/humble /usr/bin/cmake --install /home/nvidia/Jetson-RT-Traffic-System/build/detections_img
[0.230s] -- Install configuration: ""
[0.231s] -- Up-to-date: /home/nvidia/Jetson-RT-Traffic-System/install/detections_img/lib/detections_img/detections_img_node
[0.231s] -- Up-to-date: /home/nvidia/Jetson-RT-Traffic-System/install/detections_img/share/ament_index/resource_index/package_run_dependencies/detections_img
[0.231s] -- Up-to-date: /home/nvidia/Jetson-RT-Traffic-System/install/detections_img/share/ament_index/resource_index/parent_prefix_path/detections_img
[0.232s] -- Up-to-date: /home/nvidia/Jetson-RT-Traffic-System/install/detections_img/share/detections_img/environment/ament_prefix_path.sh
[0.232s] -- Up-to-date: /home/nvidia/Jetson-RT-Traffic-System/install/detections_img/share/detections_img/environment/ament_prefix_path.dsv
[0.232s] -- Up-to-date: /home/nvidia/Jetson-RT-Traffic-System/install/detections_img/share/detections_img/environment/path.sh
[0.233s] -- Up-to-date: /home/nvidia/Jetson-RT-Traffic-System/install/detections_img/share/detections_img/environment/path.dsv
[0.233s] -- Up-to-date: /home/nvidia/Jetson-RT-Traffic-System/install/detections_img/share/detections_img/local_setup.bash
[0.233s] -- Up-to-date: /home/nvidia/Jetson-RT-Traffic-System/install/detections_img/share/detections_img/local_setup.sh
[0.233s] -- Up-to-date: /home/nvidia/Jetson-RT-Traffic-System/install/detections_img/share/detections_img/local_setup.zsh
[0.234s] -- Up-to-date: /home/nvidia/Jetson-RT-Traffic-System/install/detections_img/share/detections_img/local_setup.dsv
[0.234s] -- Installing: /home/nvidia/Jetson-RT-Traffic-System/install/detections_img/share/detections_img/package.dsv
[0.234s] -- Up-to-date: /home/nvidia/Jetson-RT-Traffic-System/install/detections_img/share/ament_index/resource_index/packages/detections_img
[0.234s] -- Up-to-date: /home/nvidia/Jetson-RT-Traffic-System/install/detections_img/share/detections_img/cmake/detections_imgConfig.cmake
[0.234s] -- Up-to-date: /home/nvidia/Jetson-RT-Traffic-System/install/detections_img/share/detections_img/cmake/detections_imgConfig-version.cmake
[0.235s] -- Up-to-date: /home/nvidia/Jetson-RT-Traffic-System/install/detections_img/share/detections_img/package.xml
[0.238s] Invoked command in '/home/nvidia/Jetson-RT-Traffic-System/build/detections_img' returned '0': CMAKE_PREFIX_PATH=${CMAKE_PREFIX_PATH}:/opt/ros/humble /usr/bin/cmake --install /home/nvidia/Jetson-RT-Traffic-System/build/detections_img
