[0.026s] Invoking command in '/home/main-user/Jetson-RT-Traffic-System/build/traffic_detect': CMAKE_PREFIX_PATH=/opt/ros/humble /usr/bin/cmake /home/main-user/Jetson-RT-Traffic-System/src/traffic_detect -DAMENT_CMAKE_SYMLINK_INSTALL=1 -DCMAKE_INSTALL_PREFIX=/home/main-user/Jetson-RT-Traffic-System/install/traffic_detect
[0.137s] -- The C compiler identification is GNU 11.4.0
[0.254s] -- The CXX compiler identification is GNU 11.4.0
[0.276s] -- Detecting C compiler ABI info
[0.425s] -- Detecting C compiler ABI info - done
[0.438s] -- Check for working C compiler: /usr/bin/cc - skipped
[0.438s] -- Detecting C compile features
[0.439s] -- Detecting C compile features - done
[0.449s] -- Detecting CXX compiler ABI info
[0.600s] -- Detecting CXX compiler ABI info - done
[0.614s] -- Check for working CXX compiler: /usr/bin/c++ - skipped
[0.614s] -- Detecting CXX compile features
[0.615s] -- Detecting CXX compile features - done
[0.619s] -- Found ament_cmake: 1.3.11 (/opt/ros/humble/share/ament_cmake/cmake)
[0.968s] -- Found Python3: /usr/bin/python3 (found version "3.10.12") found components: Interpreter 
[1.119s] -- Override CMake install command with custom implementation using symlinks instead of copying resources
[1.162s] -- Found rclcpp: 16.0.12 (/opt/ros/humble/share/rclcpp/cmake)
[1.236s] -- Found rosidl_generator_c: 3.1.6 (/opt/ros/humble/share/rosidl_generator_c/cmake)
[1.244s] -- Found rosidl_adapter: 3.1.6 (/opt/ros/humble/share/rosidl_adapter/cmake)
[1.258s] -- Found rosidl_generator_cpp: 3.1.6 (/opt/ros/humble/share/rosidl_generator_cpp/cmake)
[1.279s] -- Using all available rosidl_typesupport_c: rosidl_typesupport_fastrtps_c;rosidl_typesupport_introspection_c
[1.310s] -- Using all available rosidl_typesupport_cpp: rosidl_typesupport_fastrtps_cpp;rosidl_typesupport_introspection_cpp
[1.388s] -- Found rmw_implementation_cmake: 6.1.2 (/opt/ros/humble/share/rmw_implementation_cmake/cmake)
[1.392s] -- Found rmw_fastrtps_cpp: 6.2.7 (/opt/ros/humble/share/rmw_fastrtps_cpp/cmake)
[1.536s] -- Found OpenSSL: /usr/lib/aarch64-linux-gnu/libcrypto.so (found version "3.0.2")  
[1.592s] -- Found FastRTPS: /opt/ros/humble/include  
[1.677s] -- Using RMW implementation 'rmw_fastrtps_cpp' as default
[1.692s] -- Looking for pthread.h
[1.835s] -- Looking for pthread.h - found
[1.837s] -- Performing Test CMAKE_HAVE_LIBC_PTHREAD
[1.994s] -- Performing Test CMAKE_HAVE_LIBC_PTHREAD - Success
[1.995s] -- Found Threads: TRUE  
[2.098s] -- Found sensor_msgs: 4.8.0 (/opt/ros/humble/share/sensor_msgs/cmake)
[2.162s] -- Found OpenCV: /usr (found version "4.8.0") 
[2.164s] -- Found cv_bridge: 3.2.1 (/opt/ros/humble/share/cv_bridge/cmake)
[2.230s] -- Found CUDA: /usr/local/cuda (found version "12.6") 
[2.237s] -- Found ament_lint_auto: 0.12.12 (/opt/ros/humble/share/ament_lint_auto/cmake)
[2.443s] -- Added test 'cppcheck' to perform static code analysis on C / C++ code
[2.444s] -- Configured cppcheck include dirs: /home/main-user/Jetson-RT-Traffic-System/src/traffic_detect/include;/home/main-user/Jetson-RT-Traffic-System/src/traffic_detect/Threads::Threads;/home/main-user/Jetson-RT-Traffic-System/src/traffic_detect/dl
[2.444s] -- Configured cppcheck exclude dirs and/or files: 
[2.450s] -- Added test 'flake8' to check Python code syntax and style conventions
[2.459s] -- Added test 'lint_cmake' to check CMake code style
[2.464s] -- Added test 'pep257' to check Python code against some of the docstring style conventions in PEP 257
[2.497s] -- Added test 'uncrustify' to check C / C++ code style
[2.497s] -- Configured uncrustify additional arguments: 
[2.502s] -- Added test 'xmllint' to check XML markup files
[2.506s] -- Configuring done
[2.532s] -- Generating done
[2.541s] -- Build files have been written to: /home/main-user/Jetson-RT-Traffic-System/build/traffic_detect
[2.573s] Invoked command in '/home/main-user/Jetson-RT-Traffic-System/build/traffic_detect' returned '0': CMAKE_PREFIX_PATH=/opt/ros/humble /usr/bin/cmake /home/main-user/Jetson-RT-Traffic-System/src/traffic_detect -DAMENT_CMAKE_SYMLINK_INSTALL=1 -DCMAKE_INSTALL_PREFIX=/home/main-user/Jetson-RT-Traffic-System/install/traffic_detect
[2.578s] Invoking command in '/home/main-user/Jetson-RT-Traffic-System/build/traffic_detect': CMAKE_PREFIX_PATH=/opt/ros/humble /usr/bin/cmake --build /home/main-user/Jetson-RT-Traffic-System/build/traffic_detect -- -j6 -l6
[2.673s] [ 50%] [32mBuilding CXX object CMakeFiles/traffic_detect_node.dir/src/main.cpp.o[0m
[2.682s] [01m[Kcc1plus:[m[K [01;35m[Kwarning: [m[K/usr/local/cuda/lib64/libcudart_static.a: not a directory
[2.682s] [01m[Kcc1plus:[m[K [01;35m[Kwarning: [m[K/usr/lib/aarch64-linux-gnu/librt.a: not a directory
[24.520s] [100%] [32m[1mLinking CXX executable traffic_detect_node[0m
[24.961s] /usr/bin/ld: warning: libopencv_imgcodecs.so.4.5d, needed by /opt/ros/humble/lib/libcv_bridge.so, may conflict with libopencv_imgcodecs.so.408
[24.962s] /usr/bin/ld: warning: libopencv_imgproc.so.4.5d, needed by /opt/ros/humble/lib/libcv_bridge.so, may conflict with libopencv_imgproc.so.408
[24.963s] /usr/bin/ld: warning: libopencv_core.so.4.5d, needed by /opt/ros/humble/lib/libcv_bridge.so, may conflict with libopencv_core.so.408
[26.015s] [100%] Built target traffic_detect_node
