[1.418s] Invoking command in '/home/main-user/Jetson-RT-Traffic-System/src/videopub': PYTHONPATH=/home/main-user/Jetson-RT-Traffic-System/build/videopub/prefix_override:/usr/lib/python3/dist-packages/colcon_core/task/python/colcon_distutils_commands:/home/main-user/Jetson-RT-Traffic-System/install/videopub/lib/python3.10/site-packages:${PYTHONPATH} /usr/bin/python3 -W ignore:setup.py install is deprecated -W ignore:easy_install command is deprecated setup.py egg_info --egg-base ../../build/videopub build --build-base /home/main-user/Jetson-RT-Traffic-System/build/videopub/build install --record /home/main-user/Jetson-RT-Traffic-System/build/videopub/install.log --single-version-externally-managed install_data
[1.974s] running egg_info
[1.976s] writing ../../build/videopub/videopub.egg-info/PKG-INFO
[1.977s] writing dependency_links to ../../build/videopub/videopub.egg-info/dependency_links.txt
[1.978s] writing entry points to ../../build/videopub/videopub.egg-info/entry_points.txt
[1.978s] writing requirements to ../../build/videopub/videopub.egg-info/requires.txt
[1.978s] writing top-level names to ../../build/videopub/videopub.egg-info/top_level.txt
[1.983s] reading manifest file '../../build/videopub/videopub.egg-info/SOURCES.txt'
[1.985s] writing manifest file '../../build/videopub/videopub.egg-info/SOURCES.txt'
[1.985s] running build
[1.986s] running build_py
[1.986s] running install
[1.987s] running install_lib
[1.990s] running install_data
[1.990s] running install_egg_info
[1.995s] removing '/home/main-user/Jetson-RT-Traffic-System/install/videopub/lib/python3.10/site-packages/videopub-0.0.0-py3.10.egg-info' (and everything under it)
[1.996s] Copying ../../build/videopub/videopub.egg-info to /home/main-user/Jetson-RT-Traffic-System/install/videopub/lib/python3.10/site-packages/videopub-0.0.0-py3.10.egg-info
[1.998s] running install_scripts
[2.050s] Installing video_publisher script to /home/main-user/Jetson-RT-Traffic-System/install/videopub/lib/videopub
[2.051s] writing list of installed files to '/home/main-user/Jetson-RT-Traffic-System/build/videopub/install.log'
[2.136s] Invoked command in '/home/main-user/Jetson-RT-Traffic-System/src/videopub' returned '0': PYTHONPATH=/home/main-user/Jetson-RT-Traffic-System/build/videopub/prefix_override:/usr/lib/python3/dist-packages/colcon_core/task/python/colcon_distutils_commands:/home/main-user/Jetson-RT-Traffic-System/install/videopub/lib/python3.10/site-packages:${PYTHONPATH} /usr/bin/python3 -W ignore:setup.py install is deprecated -W ignore:easy_install command is deprecated setup.py egg_info --egg-base ../../build/videopub build --build-base /home/main-user/Jetson-RT-Traffic-System/build/videopub/build install --record /home/main-user/Jetson-RT-Traffic-System/build/videopub/install.log --single-version-externally-managed install_data
