[0.018s] Invoking command in '/home/nvidia/Jetson-RT-Traffic-System/build/traffic_detect': CMAKE_PREFIX_PATH=${CMAKE_PREFIX_PATH}:/opt/ros/humble /usr/bin/cmake /home/nvidia/Jetson-RT-Traffic-System/src/traffic_detect -DCMAKE_INSTALL_PREFIX=/home/nvidia/Jetson-RT-Traffic-System/install/traffic_detect
[0.177s] -- The C compiler identification is GNU 11.4.0
[0.328s] -- The CXX compiler identification is GNU 11.4.0
[0.348s] -- Detecting C compiler ABI info
[0.501s] -- Detecting C compiler ABI info - done
[0.526s] -- Check for working C compiler: /usr/bin/cc - skipped
[0.527s] -- Detecting C compile features
[0.529s] -- Detecting C compile features - done
[0.540s] -- Detecting CXX compiler ABI info
[0.715s] -- Detecting CXX compiler ABI info - done
[0.737s] -- Check for working CXX compiler: /usr/bin/c++ - skipped
[0.737s] -- Detecting CXX compile features
[0.738s] -- Detecting CXX compile features - done
[0.748s] -- Found ament_cmake: 1.3.11 (/opt/ros/humble/share/ament_cmake/cmake)
[1.099s] -- Found Python3: /usr/bin/python3 (found version "3.10.12") found components: Interpreter 
[1.308s] -- Found rclcpp: 16.0.12 (/opt/ros/humble/share/rclcpp/cmake)
[1.392s] -- Found rosidl_generator_c: 3.1.6 (/opt/ros/humble/share/rosidl_generator_c/cmake)
[1.401s] -- Found rosidl_adapter: 3.1.6 (/opt/ros/humble/share/rosidl_adapter/cmake)
[1.417s] -- Found rosidl_generator_cpp: 3.1.6 (/opt/ros/humble/share/rosidl_generator_cpp/cmake)
[1.444s] -- Using all available rosidl_typesupport_c: rosidl_typesupport_fastrtps_c;rosidl_typesupport_introspection_c
[1.477s] -- Using all available rosidl_typesupport_cpp: rosidl_typesupport_fastrtps_cpp;rosidl_typesupport_introspection_cpp
[1.563s] -- Found rmw_implementation_cmake: 6.1.2 (/opt/ros/humble/share/rmw_implementation_cmake/cmake)
[1.567s] -- Found rmw_fastrtps_cpp: 6.2.7 (/opt/ros/humble/share/rmw_fastrtps_cpp/cmake)
[1.730s] -- Found OpenSSL: /usr/lib/aarch64-linux-gnu/libcrypto.so (found version "3.0.2")  
[1.789s] -- Found FastRTPS: /opt/ros/humble/include  
[1.867s] -- Using RMW implementation 'rmw_fastrtps_cpp' as default
[1.883s] -- Looking for pthread.h
[2.033s] -- Looking for pthread.h - found
[2.034s] -- Performing Test CMAKE_HAVE_LIBC_PTHREAD
[2.195s] -- Performing Test CMAKE_HAVE_LIBC_PTHREAD - Success
[2.198s] -- Found Threads: TRUE  
[2.318s] -- Found sensor_msgs: 4.8.0 (/opt/ros/humble/share/sensor_msgs/cmake)
[2.389s] -- Found OpenCV: /usr (found version "4.8.0") 
[2.392s] -- Found cv_bridge: 3.2.1 (/opt/ros/humble/share/cv_bridge/cmake)
[2.482s] -- Found CUDA: /usr/local/cuda-12.6 (found version "12.6") 
[2.502s] [31mCMake Error at CMakeLists.txt:20 (find_package):
[2.503s]   By not providing "Findvision_msgs.cmake" in CMAKE_MODULE_PATH this project
[2.503s]   has asked CMake to find a package configuration file provided by
[2.503s]   "vision_msgs", but CMake did not find one.
[2.503s] 
[2.503s]   Could not find a package configuration file provided by "vision_msgs" with
[2.503s]   any of the following names:
[2.503s] 
[2.504s]     vision_msgsConfig.cmake
[2.504s]     vision_msgs-config.cmake
[2.504s] 
[2.504s]   Add the installation prefix of "vision_msgs" to CMAKE_PREFIX_PATH or set
[2.504s]   "vision_msgs_DIR" to a directory containing one of the above files.  If
[2.504s]   "vision_msgs" provides a separate development package or SDK, be sure it
[2.504s]   has been installed.
[2.504s] 
[2.505s] [0m
[2.505s] -- Configuring incomplete, errors occurred!
[2.505s] See also "/home/nvidia/Jetson-RT-Traffic-System/build/traffic_detect/CMakeFiles/CMakeOutput.log".
[2.528s] Invoked command in '/home/nvidia/Jetson-RT-Traffic-System/build/traffic_detect' returned '1': CMAKE_PREFIX_PATH=${CMAKE_PREFIX_PATH}:/opt/ros/humble /usr/bin/cmake /home/nvidia/Jetson-RT-Traffic-System/src/traffic_detect -DCMAKE_INSTALL_PREFIX=/home/nvidia/Jetson-RT-Traffic-System/install/traffic_detect
