[0.047s] Invoking command in '/home/main-user/Jetson-RT-Traffic-System/build/detections_img': CMAKE_PREFIX_PATH=${CMAKE_PREFIX_PATH}:/home/main-user/Jetson-RT-Traffic-System/install/videopub:/opt/ros/humble /usr/bin/cmake --build /home/main-user/Jetson-RT-Traffic-System/build/detections_img -- -j6 -l6
[0.137s] [35m[1mConsolidate compiler generated dependencies of target detections_img_node[0m
[0.180s] [100%] Built target detections_img_node
[0.654s] Invoked command in '/home/main-user/Jetson-RT-Traffic-System/build/detections_img' returned '0': CMAKE_PREFIX_PATH=${CMAKE_PREFIX_PATH}:/home/main-user/Jetson-RT-Traffic-System/install/videopub:/opt/ros/humble /usr/bin/cmake --build /home/main-user/Jetson-RT-Traffic-System/build/detections_img -- -j6 -l6
[0.677s] Invoking command in '/home/main-user/Jetson-RT-Traffic-System/build/detections_img': CMAKE_PREFIX_PATH=${CMAKE_PREFIX_PATH}:/home/main-user/Jetson-RT-Traffic-System/install/videopub:/opt/ros/humble /usr/bin/cmake --install /home/main-user/Jetson-RT-Traffic-System/build/detections_img
[0.694s] -- Install configuration: ""
[0.696s] -- Execute custom install script
[0.697s] -- Up-to-date symlink: /home/main-user/Jetson-RT-Traffic-System/install/detections_img/lib/detections_img/detections_img_node
[0.699s] -- Up-to-date symlink: /home/main-user/Jetson-RT-Traffic-System/install/detections_img/share/ament_index/resource_index/package_run_dependencies/detections_img
[0.700s] -- Up-to-date symlink: /home/main-user/Jetson-RT-Traffic-System/install/detections_img/share/ament_index/resource_index/parent_prefix_path/detections_img
[0.701s] -- Up-to-date symlink: /home/main-user/Jetson-RT-Traffic-System/install/detections_img/share/detections_img/environment/ament_prefix_path.sh
[0.703s] -- Up-to-date symlink: /home/main-user/Jetson-RT-Traffic-System/install/detections_img/share/detections_img/environment/ament_prefix_path.dsv
[0.704s] -- Up-to-date symlink: /home/main-user/Jetson-RT-Traffic-System/install/detections_img/share/detections_img/environment/path.sh
[0.705s] -- Up-to-date symlink: /home/main-user/Jetson-RT-Traffic-System/install/detections_img/share/detections_img/environment/path.dsv
[0.706s] -- Up-to-date symlink: /home/main-user/Jetson-RT-Traffic-System/install/detections_img/share/detections_img/local_setup.bash
[0.708s] -- Up-to-date symlink: /home/main-user/Jetson-RT-Traffic-System/install/detections_img/share/detections_img/local_setup.sh
[0.708s] -- Up-to-date symlink: /home/main-user/Jetson-RT-Traffic-System/install/detections_img/share/detections_img/local_setup.zsh
[0.710s] -- Up-to-date symlink: /home/main-user/Jetson-RT-Traffic-System/install/detections_img/share/detections_img/local_setup.dsv
[0.711s] -- Symlinking: /home/main-user/Jetson-RT-Traffic-System/install/detections_img/share/detections_img/package.dsv
[0.733s] -- Up-to-date symlink: /home/main-user/Jetson-RT-Traffic-System/install/detections_img/share/ament_index/resource_index/packages/detections_img
[0.733s] -- Up-to-date symlink: /home/main-user/Jetson-RT-Traffic-System/install/detections_img/share/detections_img/cmake/detections_imgConfig.cmake
[0.733s] -- Up-to-date symlink: /home/main-user/Jetson-RT-Traffic-System/install/detections_img/share/detections_img/cmake/detections_imgConfig-version.cmake
[0.734s] -- Up-to-date symlink: /home/main-user/Jetson-RT-Traffic-System/install/detections_img/share/detections_img/package.xml
[0.748s] Invoked command in '/home/main-user/Jetson-RT-Traffic-System/build/detections_img' returned '0': CMAKE_PREFIX_PATH=${CMAKE_PREFIX_PATH}:/home/main-user/Jetson-RT-Traffic-System/install/videopub:/opt/ros/humble /usr/bin/cmake --install /home/main-user/Jetson-RT-Traffic-System/build/detections_img
