[1.414s] Invoking command in '/home/main-user/Jetson-RT-Traffic-System/build/videopub': PYTHONPATH=/home/main-user/Jetson-RT-Traffic-System/build/videopub/prefix_override:/usr/lib/python3/dist-packages/colcon_core/task/python/colcon_distutils_commands:/home/main-user/Jetson-RT-Traffic-System/install/videopub/lib/python3.10/site-packages:${PYTHONPATH} /usr/bin/python3 -W ignore:setup.py install is deprecated -W ignore:easy_install command is deprecated setup.py develop --uninstall --editable --build-directory /home/main-user/Jetson-RT-Traffic-System/build/videopub/build
[1.970s] running develop
[2.328s] Removing /home/main-user/Jetson-RT-Traffic-System/install/videopub/lib/python3.10/site-packages/videopub.egg-link (link to .)
[2.410s] Invoked command in '/home/main-user/Jetson-RT-Traffic-System/build/videopub' returned '0': PYTHONPATH=/home/main-user/Jetson-RT-Traffic-System/build/videopub/prefix_override:/usr/lib/python3/dist-packages/colcon_core/task/python/colcon_distutils_commands:/home/main-user/Jetson-RT-Traffic-System/install/videopub/lib/python3.10/site-packages:${PYTHONPATH} /usr/bin/python3 -W ignore:setup.py install is deprecated -W ignore:easy_install command is deprecated setup.py develop --uninstall --editable --build-directory /home/main-user/Jetson-RT-Traffic-System/build/videopub/build
[2.413s] Invoking command in '/home/main-user/Jetson-RT-Traffic-System/src/videopub': PYTHONPATH=/home/main-user/Jetson-RT-Traffic-System/build/videopub/prefix_override:/usr/lib/python3/dist-packages/colcon_core/task/python/colcon_distutils_commands:/home/main-user/Jetson-RT-Traffic-System/install/videopub/lib/python3.10/site-packages:${PYTHONPATH} /usr/bin/python3 -W ignore:setup.py install is deprecated -W ignore:easy_install command is deprecated setup.py egg_info --egg-base ../../build/videopub build --build-base /home/main-user/Jetson-RT-Traffic-System/build/videopub/build install --record /home/main-user/Jetson-RT-Traffic-System/build/videopub/install.log --single-version-externally-managed install_data --force
[2.905s] running egg_info
[2.907s] writing ../../build/videopub/videopub.egg-info/PKG-INFO
[2.908s] writing dependency_links to ../../build/videopub/videopub.egg-info/dependency_links.txt
[2.908s] writing entry points to ../../build/videopub/videopub.egg-info/entry_points.txt
[2.908s] writing requirements to ../../build/videopub/videopub.egg-info/requires.txt
[2.909s] writing top-level names to ../../build/videopub/videopub.egg-info/top_level.txt
[2.913s] reading manifest file '../../build/videopub/videopub.egg-info/SOURCES.txt'
[2.916s] writing manifest file '../../build/videopub/videopub.egg-info/SOURCES.txt'
[2.916s] running build
[2.916s] running build_py
[2.916s] creating /home/main-user/Jetson-RT-Traffic-System/build/videopub/build
[2.917s] creating /home/main-user/Jetson-RT-Traffic-System/build/videopub/build/lib
[2.917s] creating /home/main-user/Jetson-RT-Traffic-System/build/videopub/build/lib/videopub
[2.917s] copying videopub/video_publisher.py -> /home/main-user/Jetson-RT-Traffic-System/build/videopub/build/lib/videopub
[2.917s] copying videopub/__init__.py -> /home/main-user/Jetson-RT-Traffic-System/build/videopub/build/lib/videopub
[2.917s] running install
[2.918s] running install_lib
[2.920s] creating /home/main-user/Jetson-RT-Traffic-System/install/videopub/lib/python3.10/site-packages/videopub
[2.920s] copying /home/main-user/Jetson-RT-Traffic-System/build/videopub/build/lib/videopub/video_publisher.py -> /home/main-user/Jetson-RT-Traffic-System/install/videopub/lib/python3.10/site-packages/videopub
[2.920s] copying /home/main-user/Jetson-RT-Traffic-System/build/videopub/build/lib/videopub/__init__.py -> /home/main-user/Jetson-RT-Traffic-System/install/videopub/lib/python3.10/site-packages/videopub
[2.922s] byte-compiling /home/main-user/Jetson-RT-Traffic-System/install/videopub/lib/python3.10/site-packages/videopub/video_publisher.py to video_publisher.cpython-310.pyc
[2.923s] byte-compiling /home/main-user/Jetson-RT-Traffic-System/install/videopub/lib/python3.10/site-packages/videopub/__init__.py to __init__.cpython-310.pyc
[2.923s] running install_data
[2.923s] copying resource/videopub -> /home/main-user/Jetson-RT-Traffic-System/install/videopub/share/ament_index/resource_index/packages
[2.924s] copying package.xml -> /home/main-user/Jetson-RT-Traffic-System/install/videopub/share/videopub
[2.924s] running install_egg_info
[2.928s] Copying ../../build/videopub/videopub.egg-info to /home/main-user/Jetson-RT-Traffic-System/install/videopub/lib/python3.10/site-packages/videopub-0.0.0-py3.10.egg-info
[2.930s] running install_scripts
[2.978s] Installing video_publisher script to /home/main-user/Jetson-RT-Traffic-System/install/videopub/lib/videopub
[2.978s] writing list of installed files to '/home/main-user/Jetson-RT-Traffic-System/build/videopub/install.log'
[3.055s] Invoked command in '/home/main-user/Jetson-RT-Traffic-System/src/videopub' returned '0': PYTHONPATH=/home/main-user/Jetson-RT-Traffic-System/build/videopub/prefix_override:/usr/lib/python3/dist-packages/colcon_core/task/python/colcon_distutils_commands:/home/main-user/Jetson-RT-Traffic-System/install/videopub/lib/python3.10/site-packages:${PYTHONPATH} /usr/bin/python3 -W ignore:setup.py install is deprecated -W ignore:easy_install command is deprecated setup.py egg_info --egg-base ../../build/videopub build --build-base /home/main-user/Jetson-RT-Traffic-System/build/videopub/build install --record /home/main-user/Jetson-RT-Traffic-System/build/videopub/install.log --single-version-externally-managed install_data --force
