[0.019s] Invoking command in '/home/main-user/Jetson-RT-Traffic-System/build/my_pkg': CMAKE_PREFIX_PATH=/opt/ros/humble /usr/bin/cmake /home/main-user/Jetson-RT-Traffic-System/src/my_pkg -DCMAKE_INSTALL_PREFIX=/home/main-user/Jetson-RT-Traffic-System/install/my_pkg
[0.684s] -- The C compiler identification is GNU 11.4.0
[1.122s] -- The CXX compiler identification is GNU 11.4.0
[1.158s] -- Detecting C compiler ABI info
[1.321s] -- Detecting C compiler ABI info - done
[1.346s] -- Check for working C compiler: /usr/bin/cc - skipped
[1.350s] -- Detecting C compile features
[1.353s] -- Detecting C compile features - done
[1.366s] -- Detecting CXX compiler ABI info
[1.529s] -- Detecting CXX compiler ABI info - done
[1.555s] -- Check for working CXX compiler: /usr/bin/c++ - skipped
[1.555s] -- Detecting CXX compile features
[1.557s] -- Detecting CXX compile features - done
[1.583s] -- Found ament_cmake: 1.3.11 (/opt/ros/humble/share/ament_cmake/cmake)
[1.947s] -- Found Python3: /usr/bin/python3 (found version "3.10.12") found components: Interpreter 
[2.229s] -- Found ament_lint_auto: 0.12.12 (/opt/ros/humble/share/ament_lint_auto/cmake)
[2.435s] -- Added test 'lint_cmake' to check CMake code style
[2.440s] -- Added test 'xmllint' to check XML markup files
[2.445s] -- Configuring done
[2.456s] -- Generating done
[2.462s] -- Build files have been written to: /home/main-user/Jetson-RT-Traffic-System/build/my_pkg
[2.476s] Invoked command in '/home/main-user/Jetson-RT-Traffic-System/build/my_pkg' returned '0': CMAKE_PREFIX_PATH=/opt/ros/humble /usr/bin/cmake /home/main-user/Jetson-RT-Traffic-System/src/my_pkg -DCMAKE_INSTALL_PREFIX=/home/main-user/Jetson-RT-Traffic-System/install/my_pkg
[2.482s] Invoking command in '/home/main-user/Jetson-RT-Traffic-System/build/my_pkg': CMAKE_PREFIX_PATH=/opt/ros/humble /usr/bin/cmake --build /home/main-user/Jetson-RT-Traffic-System/build/my_pkg -- -j6 -l6
[2.565s] Invoked command in '/home/main-user/Jetson-RT-Traffic-System/build/my_pkg' returned '0': CMAKE_PREFIX_PATH=/opt/ros/humble /usr/bin/cmake --build /home/main-user/Jetson-RT-Traffic-System/build/my_pkg -- -j6 -l6
[2.588s] Invoking command in '/home/main-user/Jetson-RT-Traffic-System/build/my_pkg': CMAKE_PREFIX_PATH=/opt/ros/humble /usr/bin/cmake --install /home/main-user/Jetson-RT-Traffic-System/build/my_pkg
[2.604s] -- Install configuration: ""
[2.605s] -- Installing: /home/main-user/Jetson-RT-Traffic-System/install/my_pkg/share/ament_index/resource_index/package_run_dependencies/my_pkg
[2.605s] -- Installing: /home/main-user/Jetson-RT-Traffic-System/install/my_pkg/share/ament_index/resource_index/parent_prefix_path/my_pkg
[2.606s] -- Installing: /home/main-user/Jetson-RT-Traffic-System/install/my_pkg/share/my_pkg/environment/ament_prefix_path.sh
[2.606s] -- Installing: /home/main-user/Jetson-RT-Traffic-System/install/my_pkg/share/my_pkg/environment/ament_prefix_path.dsv
[2.607s] -- Installing: /home/main-user/Jetson-RT-Traffic-System/install/my_pkg/share/my_pkg/environment/path.sh
[2.607s] -- Installing: /home/main-user/Jetson-RT-Traffic-System/install/my_pkg/share/my_pkg/environment/path.dsv
[2.607s] -- Installing: /home/main-user/Jetson-RT-Traffic-System/install/my_pkg/share/my_pkg/local_setup.bash
[2.607s] -- Installing: /home/main-user/Jetson-RT-Traffic-System/install/my_pkg/share/my_pkg/local_setup.sh
[2.608s] -- Installing: /home/main-user/Jetson-RT-Traffic-System/install/my_pkg/share/my_pkg/local_setup.zsh
[2.608s] -- Installing: /home/main-user/Jetson-RT-Traffic-System/install/my_pkg/share/my_pkg/local_setup.dsv
[2.608s] -- Installing: /home/main-user/Jetson-RT-Traffic-System/install/my_pkg/share/my_pkg/package.dsv
[2.609s] -- Installing: /home/main-user/Jetson-RT-Traffic-System/install/my_pkg/share/ament_index/resource_index/packages/my_pkg
[2.609s] -- Installing: /home/main-user/Jetson-RT-Traffic-System/install/my_pkg/share/my_pkg/cmake/my_pkgConfig.cmake
[2.609s] -- Installing: /home/main-user/Jetson-RT-Traffic-System/install/my_pkg/share/my_pkg/cmake/my_pkgConfig-version.cmake
[2.610s] -- Installing: /home/main-user/Jetson-RT-Traffic-System/install/my_pkg/share/my_pkg/package.xml
[2.615s] Invoked command in '/home/main-user/Jetson-RT-Traffic-System/build/my_pkg' returned '0': CMAKE_PREFIX_PATH=/opt/ros/humble /usr/bin/cmake --install /home/main-user/Jetson-RT-Traffic-System/build/my_pkg
