[0.254s] DEBUG:colcon:Command line arguments: ['/usr/bin/colcon', 'build', '--symlink-install']
[0.254s] DEBUG:colcon:Parsed command line arguments: Namespace(log_base=None, log_level=None, verb_name='build', build_base='build', install_base='install', merge_install=False, symlink_install=True, test_result_base=None, continue_on_error=False, executor='parallel', parallel_workers=6, event_handlers=None, ignore_user_meta=False, metas=['./colcon.meta'], base_paths=['.'], packages_ignore=None, packages_ignore_regex=None, paths=None, packages_up_to=None, packages_up_to_regex=None, packages_above=None, packages_above_and_dependencies=None, packages_above_depth=None, packages_select_by_dep=None, packages_skip_by_dep=None, packages_skip_up_to=None, packages_select_build_failed=False, packages_skip_build_finished=False, packages_select_test_failures=False, packages_skip_test_passed=False, packages_select=None, packages_skip=None, packages_select_regex=None, packages_skip_regex=None, packages_start=None, packages_end=None, allow_overriding=[], cmake_args=None, cmake_target=None, cmake_target_skip_unavailable=False, cmake_clean_cache=False, cmake_clean_first=False, cmake_force_configure=False, ament_cmake_args=None, catkin_cmake_args=None, catkin_skip_building_tests=False, verb_parser=<colcon_defaults.argument_parser.defaults.DefaultArgumentsDecorator object at 0xffff8ae83400>, verb_extension=<colcon_core.verb.build.BuildVerb object at 0xffff8ae82da0>, main=<bound method BuildVerb.main of <colcon_core.verb.build.BuildVerb object at 0xffff8ae82da0>>)
[0.594s] Level 1:colcon.colcon_core.package_discovery:discover_packages(colcon_meta) check parameters
[0.594s] Level 1:colcon.colcon_core.package_discovery:discover_packages(recursive) check parameters
[0.594s] Level 1:colcon.colcon_core.package_discovery:discover_packages(ignore) check parameters
[0.594s] Level 1:colcon.colcon_core.package_discovery:discover_packages(path) check parameters
[0.594s] Level 1:colcon.colcon_core.package_discovery:discover_packages(colcon_meta) discover
[0.595s] Level 1:colcon.colcon_core.package_discovery:discover_packages(recursive) discover
[0.595s] INFO:colcon.colcon_core.package_discovery:Crawling recursively for packages in '/home/main-user/Jetson-RT-Traffic-System/src/traffic_detect'
[0.595s] Level 1:colcon.colcon_core.package_identification:_identify(.) by extensions ['ignore', 'ignore_ament_install']
[0.595s] Level 1:colcon.colcon_core.package_identification:_identify(.) by extension 'ignore'
[0.595s] Level 1:colcon.colcon_core.package_identification:_identify(.) by extension 'ignore_ament_install'
[0.595s] Level 1:colcon.colcon_core.package_identification:_identify(.) by extensions ['colcon_pkg']
[0.596s] Level 1:colcon.colcon_core.package_identification:_identify(.) by extension 'colcon_pkg'
[0.596s] Level 1:colcon.colcon_core.package_identification:_identify(.) by extensions ['colcon_meta']
[0.596s] Level 1:colcon.colcon_core.package_identification:_identify(.) by extension 'colcon_meta'
[0.596s] Level 1:colcon.colcon_core.package_identification:_identify(.) by extensions ['ros']
[0.596s] Level 1:colcon.colcon_core.package_identification:_identify(.) by extension 'ros'
[0.653s] DEBUG:colcon.colcon_core.package_identification:Package '.' with type 'ros.ament_cmake' and name 'traffic_detect'
[0.653s] Level 1:colcon.colcon_core.package_discovery:discover_packages(recursive) using defaults
[0.654s] Level 1:colcon.colcon_core.package_discovery:discover_packages(ignore) discover
[0.654s] Level 1:colcon.colcon_core.package_discovery:discover_packages(ignore) using defaults
[0.654s] Level 1:colcon.colcon_core.package_discovery:discover_packages(path) discover
[0.654s] Level 1:colcon.colcon_core.package_discovery:discover_packages(path) using defaults
[0.692s] Level 1:colcon.colcon_core.package_discovery:discover_packages(prefix_path) check parameters
[0.693s] Level 1:colcon.colcon_core.package_discovery:discover_packages(prefix_path) discover
[0.698s] DEBUG:colcon.colcon_installed_package_information.package_discovery:Found 302 installed packages in /opt/ros/humble
[0.701s] Level 1:colcon.colcon_core.package_discovery:discover_packages(prefix_path) using defaults
[0.788s] Level 5:colcon.colcon_core.verb:set package 'traffic_detect' build argument 'cmake_args' from command line to 'None'
[0.788s] Level 5:colcon.colcon_core.verb:set package 'traffic_detect' build argument 'cmake_target' from command line to 'None'
[0.788s] Level 5:colcon.colcon_core.verb:set package 'traffic_detect' build argument 'cmake_target_skip_unavailable' from command line to 'False'
[0.788s] Level 5:colcon.colcon_core.verb:set package 'traffic_detect' build argument 'cmake_clean_cache' from command line to 'False'
[0.788s] Level 5:colcon.colcon_core.verb:set package 'traffic_detect' build argument 'cmake_clean_first' from command line to 'False'
[0.788s] Level 5:colcon.colcon_core.verb:set package 'traffic_detect' build argument 'cmake_force_configure' from command line to 'False'
[0.788s] Level 5:colcon.colcon_core.verb:set package 'traffic_detect' build argument 'ament_cmake_args' from command line to 'None'
[0.788s] Level 5:colcon.colcon_core.verb:set package 'traffic_detect' build argument 'catkin_cmake_args' from command line to 'None'
[0.788s] Level 5:colcon.colcon_core.verb:set package 'traffic_detect' build argument 'catkin_skip_building_tests' from command line to 'False'
[0.789s] DEBUG:colcon.colcon_core.verb:Building package 'traffic_detect' with the following arguments: {'ament_cmake_args': None, 'build_base': '/home/main-user/Jetson-RT-Traffic-System/src/traffic_detect/build/traffic_detect', 'catkin_cmake_args': None, 'catkin_skip_building_tests': False, 'cmake_args': None, 'cmake_clean_cache': False, 'cmake_clean_first': False, 'cmake_force_configure': False, 'cmake_target': None, 'cmake_target_skip_unavailable': False, 'install_base': '/home/main-user/Jetson-RT-Traffic-System/src/traffic_detect/install/traffic_detect', 'merge_install': False, 'path': '/home/main-user/Jetson-RT-Traffic-System/src/traffic_detect', 'symlink_install': True, 'test_result_base': None}
[0.789s] INFO:colcon.colcon_core.executor:Executing jobs using 'parallel' executor
[0.791s] DEBUG:colcon.colcon_parallel_executor.executor.parallel:run_until_complete
[0.792s] INFO:colcon.colcon_ros.task.ament_cmake.build:Building ROS package in '/home/main-user/Jetson-RT-Traffic-System/src/traffic_detect' with build type 'ament_cmake'
[0.792s] INFO:colcon.colcon_cmake.task.cmake.build:Building CMake package in '/home/main-user/Jetson-RT-Traffic-System/src/traffic_detect'
[0.796s] INFO:colcon.colcon_core.plugin_system:Skipping extension 'colcon_core.shell.bat': Not used on non-Windows systems
[0.796s] INFO:colcon.colcon_core.shell:Skip shell extension 'powershell' for command environment: Not usable outside of PowerShell
[0.797s] DEBUG:colcon.colcon_core.shell:Skip shell extension 'dsv' for command environment
[0.808s] DEBUG:colcon.colcon_core.event_handler.log_command:Invoking command in '/home/main-user/Jetson-RT-Traffic-System/src/traffic_detect/build/traffic_detect': CMAKE_PREFIX_PATH=/opt/ros/humble /usr/bin/cmake /home/main-user/Jetson-RT-Traffic-System/src/traffic_detect -DAMENT_CMAKE_SYMLINK_INSTALL=1 -DCMAKE_INSTALL_PREFIX=/home/main-user/Jetson-RT-Traffic-System/src/traffic_detect/install/traffic_detect
[3.427s] DEBUG:colcon.colcon_core.event_handler.log_command:Invoked command in '/home/main-user/Jetson-RT-Traffic-System/src/traffic_detect/build/traffic_detect' returned '0': CMAKE_PREFIX_PATH=/opt/ros/humble /usr/bin/cmake /home/main-user/Jetson-RT-Traffic-System/src/traffic_detect -DAMENT_CMAKE_SYMLINK_INSTALL=1 -DCMAKE_INSTALL_PREFIX=/home/main-user/Jetson-RT-Traffic-System/src/traffic_detect/install/traffic_detect
[3.433s] DEBUG:colcon.colcon_core.event_handler.log_command:Invoking command in '/home/main-user/Jetson-RT-Traffic-System/src/traffic_detect/build/traffic_detect': CMAKE_PREFIX_PATH=/opt/ros/humble /usr/bin/cmake --build /home/main-user/Jetson-RT-Traffic-System/src/traffic_detect/build/traffic_detect -- -j6 -l6
[26.885s] DEBUG:colcon.colcon_core.event_handler.log_command:Invoked command in '/home/main-user/Jetson-RT-Traffic-System/src/traffic_detect/build/traffic_detect' returned '0': CMAKE_PREFIX_PATH=/opt/ros/humble /usr/bin/cmake --build /home/main-user/Jetson-RT-Traffic-System/src/traffic_detect/build/traffic_detect -- -j6 -l6
[26.909s] DEBUG:colcon.colcon_core.event_handler.log_command:Invoking command in '/home/main-user/Jetson-RT-Traffic-System/src/traffic_detect/build/traffic_detect': CMAKE_PREFIX_PATH=/opt/ros/humble /usr/bin/cmake --install /home/main-user/Jetson-RT-Traffic-System/src/traffic_detect/build/traffic_detect
[27.208s] Level 1:colcon.colcon_core.environment:create_environment_scripts_only(traffic_detect)
[27.210s] DEBUG:colcon.colcon_core.event_handler.log_command:Invoked command in '/home/main-user/Jetson-RT-Traffic-System/src/traffic_detect/build/traffic_detect' returned '0': CMAKE_PREFIX_PATH=/opt/ros/humble /usr/bin/cmake --install /home/main-user/Jetson-RT-Traffic-System/src/traffic_detect/build/traffic_detect
[27.214s] Level 1:colcon.colcon_core.environment:checking '/home/main-user/Jetson-RT-Traffic-System/src/traffic_detect/install/traffic_detect' for CMake module files
[27.216s] Level 1:colcon.colcon_core.environment:checking '/home/main-user/Jetson-RT-Traffic-System/src/traffic_detect/install/traffic_detect' for CMake config files
[27.216s] Level 1:colcon.colcon_core.shell:create_environment_hook('traffic_detect', 'cmake_prefix_path')
[27.217s] INFO:colcon.colcon_core.shell:Creating environment hook '/home/main-user/Jetson-RT-Traffic-System/src/traffic_detect/install/traffic_detect/share/traffic_detect/hook/cmake_prefix_path.ps1'
[27.219s] INFO:colcon.colcon_core.shell:Creating environment descriptor '/home/main-user/Jetson-RT-Traffic-System/src/traffic_detect/install/traffic_detect/share/traffic_detect/hook/cmake_prefix_path.dsv'
[27.220s] INFO:colcon.colcon_core.shell:Creating environment hook '/home/main-user/Jetson-RT-Traffic-System/src/traffic_detect/install/traffic_detect/share/traffic_detect/hook/cmake_prefix_path.sh'
[27.222s] Level 1:colcon.colcon_core.environment:checking '/home/main-user/Jetson-RT-Traffic-System/src/traffic_detect/install/traffic_detect/lib'
[27.222s] Level 1:colcon.colcon_core.environment:checking '/home/main-user/Jetson-RT-Traffic-System/src/traffic_detect/install/traffic_detect/bin'
[27.222s] Level 1:colcon.colcon_core.environment:checking '/home/main-user/Jetson-RT-Traffic-System/src/traffic_detect/install/traffic_detect/lib/pkgconfig/traffic_detect.pc'
[27.223s] Level 1:colcon.colcon_core.environment:checking '/home/main-user/Jetson-RT-Traffic-System/src/traffic_detect/install/traffic_detect/lib/python3.10/site-packages'
[27.223s] Level 1:colcon.colcon_core.environment:checking '/home/main-user/Jetson-RT-Traffic-System/src/traffic_detect/install/traffic_detect/bin'
[27.224s] INFO:colcon.colcon_core.shell:Creating package script '/home/main-user/Jetson-RT-Traffic-System/src/traffic_detect/install/traffic_detect/share/traffic_detect/package.ps1'
[27.226s] INFO:colcon.colcon_core.shell:Creating package descriptor '/home/main-user/Jetson-RT-Traffic-System/src/traffic_detect/install/traffic_detect/share/traffic_detect/package.dsv'
[27.227s] INFO:colcon.colcon_core.shell:Creating package script '/home/main-user/Jetson-RT-Traffic-System/src/traffic_detect/install/traffic_detect/share/traffic_detect/package.sh'
[27.229s] INFO:colcon.colcon_core.shell:Creating package script '/home/main-user/Jetson-RT-Traffic-System/src/traffic_detect/install/traffic_detect/share/traffic_detect/package.bash'
[27.230s] INFO:colcon.colcon_core.shell:Creating package script '/home/main-user/Jetson-RT-Traffic-System/src/traffic_detect/install/traffic_detect/share/traffic_detect/package.zsh'
[27.232s] Level 1:colcon.colcon_core.environment:create_file_with_runtime_dependencies(/home/main-user/Jetson-RT-Traffic-System/src/traffic_detect/install/traffic_detect/share/colcon-core/packages/traffic_detect)
[27.233s] Level 1:colcon.colcon_core.environment:create_environment_scripts_only(traffic_detect)
[27.234s] Level 1:colcon.colcon_core.environment:checking '/home/main-user/Jetson-RT-Traffic-System/src/traffic_detect/install/traffic_detect' for CMake module files
[27.235s] Level 1:colcon.colcon_core.environment:checking '/home/main-user/Jetson-RT-Traffic-System/src/traffic_detect/install/traffic_detect' for CMake config files
[27.235s] Level 1:colcon.colcon_core.shell:create_environment_hook('traffic_detect', 'cmake_prefix_path')
[27.236s] INFO:colcon.colcon_core.shell:Creating environment hook '/home/main-user/Jetson-RT-Traffic-System/src/traffic_detect/install/traffic_detect/share/traffic_detect/hook/cmake_prefix_path.ps1'
[27.237s] INFO:colcon.colcon_core.shell:Creating environment descriptor '/home/main-user/Jetson-RT-Traffic-System/src/traffic_detect/install/traffic_detect/share/traffic_detect/hook/cmake_prefix_path.dsv'
[27.238s] INFO:colcon.colcon_core.shell:Creating environment hook '/home/main-user/Jetson-RT-Traffic-System/src/traffic_detect/install/traffic_detect/share/traffic_detect/hook/cmake_prefix_path.sh'
[27.239s] Level 1:colcon.colcon_core.environment:checking '/home/main-user/Jetson-RT-Traffic-System/src/traffic_detect/install/traffic_detect/lib'
[27.239s] Level 1:colcon.colcon_core.environment:checking '/home/main-user/Jetson-RT-Traffic-System/src/traffic_detect/install/traffic_detect/bin'
[27.239s] Level 1:colcon.colcon_core.environment:checking '/home/main-user/Jetson-RT-Traffic-System/src/traffic_detect/install/traffic_detect/lib/pkgconfig/traffic_detect.pc'
[27.240s] Level 1:colcon.colcon_core.environment:checking '/home/main-user/Jetson-RT-Traffic-System/src/traffic_detect/install/traffic_detect/lib/python3.10/site-packages'
[27.240s] Level 1:colcon.colcon_core.environment:checking '/home/main-user/Jetson-RT-Traffic-System/src/traffic_detect/install/traffic_detect/bin'
[27.241s] INFO:colcon.colcon_core.shell:Creating package script '/home/main-user/Jetson-RT-Traffic-System/src/traffic_detect/install/traffic_detect/share/traffic_detect/package.ps1'
[27.242s] INFO:colcon.colcon_core.shell:Creating package descriptor '/home/main-user/Jetson-RT-Traffic-System/src/traffic_detect/install/traffic_detect/share/traffic_detect/package.dsv'
[27.243s] INFO:colcon.colcon_core.shell:Creating package script '/home/main-user/Jetson-RT-Traffic-System/src/traffic_detect/install/traffic_detect/share/traffic_detect/package.sh'
[27.244s] INFO:colcon.colcon_core.shell:Creating package script '/home/main-user/Jetson-RT-Traffic-System/src/traffic_detect/install/traffic_detect/share/traffic_detect/package.bash'
[27.245s] INFO:colcon.colcon_core.shell:Creating package script '/home/main-user/Jetson-RT-Traffic-System/src/traffic_detect/install/traffic_detect/share/traffic_detect/package.zsh'
[27.246s] Level 1:colcon.colcon_core.environment:create_file_with_runtime_dependencies(/home/main-user/Jetson-RT-Traffic-System/src/traffic_detect/install/traffic_detect/share/colcon-core/packages/traffic_detect)
[27.247s] DEBUG:colcon.colcon_parallel_executor.executor.parallel:closing loop
[27.247s] DEBUG:colcon.colcon_parallel_executor.executor.parallel:loop closed
[27.247s] DEBUG:colcon.colcon_parallel_executor.executor.parallel:run_until_complete finished with '0'
[27.248s] DEBUG:colcon.colcon_core.event_reactor:joining thread
[27.259s] INFO:colcon.colcon_core.plugin_system:Skipping extension 'colcon_notification.desktop_notification.terminal_notifier': Not used on non-Darwin systems
[27.259s] INFO:colcon.colcon_core.plugin_system:Skipping extension 'colcon_notification.desktop_notification.win32': Not used on non-Windows systems
[27.259s] INFO:colcon.colcon_notification.desktop_notification:Sending desktop notification using 'notify2'
[27.283s] DEBUG:colcon.colcon_core.event_reactor:joined thread
[27.284s] INFO:colcon.colcon_core.shell:Creating prefix script '/home/main-user/Jetson-RT-Traffic-System/src/traffic_detect/install/local_setup.ps1'
[27.287s] INFO:colcon.colcon_core.shell:Creating prefix util module '/home/main-user/Jetson-RT-Traffic-System/src/traffic_detect/install/_local_setup_util_ps1.py'
[27.291s] INFO:colcon.colcon_core.shell:Creating prefix chain script '/home/main-user/Jetson-RT-Traffic-System/src/traffic_detect/install/setup.ps1'
[27.294s] INFO:colcon.colcon_core.shell:Creating prefix script '/home/main-user/Jetson-RT-Traffic-System/src/traffic_detect/install/local_setup.sh'
[27.296s] INFO:colcon.colcon_core.shell:Creating prefix util module '/home/main-user/Jetson-RT-Traffic-System/src/traffic_detect/install/_local_setup_util_sh.py'
[27.297s] INFO:colcon.colcon_core.shell:Creating prefix chain script '/home/main-user/Jetson-RT-Traffic-System/src/traffic_detect/install/setup.sh'
[27.300s] INFO:colcon.colcon_core.shell:Creating prefix script '/home/main-user/Jetson-RT-Traffic-System/src/traffic_detect/install/local_setup.bash'
[27.301s] INFO:colcon.colcon_core.shell:Creating prefix chain script '/home/main-user/Jetson-RT-Traffic-System/src/traffic_detect/install/setup.bash'
[27.303s] INFO:colcon.colcon_core.shell:Creating prefix script '/home/main-user/Jetson-RT-Traffic-System/src/traffic_detect/install/local_setup.zsh'
[27.305s] INFO:colcon.colcon_core.shell:Creating prefix chain script '/home/main-user/Jetson-RT-Traffic-System/src/traffic_detect/install/setup.zsh'
