[0.036s] Invoking command in '/home/main-user/Jetson-RT-Traffic-System/build/traffic_detect': CMAKE_PREFIX_PATH=${CMAKE_PREFIX_PATH}:/home/main-user/Jetson-RT-Traffic-System/install/videopub:/home/main-user/install/videopub:/opt/ros/humble /usr/bin/cmake --build /home/main-user/Jetson-RT-Traffic-System/build/traffic_detect -- -j6 -l6
[0.115s] [35m[1mConsolidate compiler generated dependencies of target traffic_detect_node[0m
[0.154s] [100%] Built target traffic_detect_node
[0.614s] Invoked command in '/home/main-user/Jetson-RT-Traffic-System/build/traffic_detect' returned '0': CMAKE_PREFIX_PATH=${CMAKE_PREFIX_PATH}:/home/main-user/Jetson-RT-Traffic-System/install/videopub:/home/main-user/install/videopub:/opt/ros/humble /usr/bin/cmake --build /home/main-user/Jetson-RT-Traffic-System/build/traffic_detect -- -j6 -l6
[0.617s] Invoking command in '/home/main-user/Jetson-RT-Traffic-System/build/traffic_detect': CMAKE_PREFIX_PATH=${CMAKE_PREFIX_PATH}:/home/main-user/Jetson-RT-Traffic-System/install/videopub:/home/main-user/install/videopub:/opt/ros/humble /usr/bin/cmake --install /home/main-user/Jetson-RT-Traffic-System/build/traffic_detect
[0.629s] -- Install configuration: ""
[0.630s] -- Execute custom install script
[0.631s] -- Up-to-date symlink: /home/main-user/Jetson-RT-Traffic-System/install/traffic_detect/lib/traffic_detect/traffic_detect_node
[0.631s] -- Up-to-date symlink: /home/main-user/Jetson-RT-Traffic-System/install/traffic_detect/share/ament_index/resource_index/package_run_dependencies/traffic_detect
[0.632s] -- Up-to-date symlink: /home/main-user/Jetson-RT-Traffic-System/install/traffic_detect/share/ament_index/resource_index/parent_prefix_path/traffic_detect
[0.632s] -- Up-to-date symlink: /home/main-user/Jetson-RT-Traffic-System/install/traffic_detect/share/traffic_detect/environment/ament_prefix_path.sh
[0.633s] -- Up-to-date symlink: /home/main-user/Jetson-RT-Traffic-System/install/traffic_detect/share/traffic_detect/environment/ament_prefix_path.dsv
[0.633s] -- Up-to-date symlink: /home/main-user/Jetson-RT-Traffic-System/install/traffic_detect/share/traffic_detect/environment/path.sh
[0.634s] -- Up-to-date symlink: /home/main-user/Jetson-RT-Traffic-System/install/traffic_detect/share/traffic_detect/environment/path.dsv
[0.634s] -- Up-to-date symlink: /home/main-user/Jetson-RT-Traffic-System/install/traffic_detect/share/traffic_detect/local_setup.bash
[0.634s] -- Up-to-date symlink: /home/main-user/Jetson-RT-Traffic-System/install/traffic_detect/share/traffic_detect/local_setup.sh
[0.634s] -- Up-to-date symlink: /home/main-user/Jetson-RT-Traffic-System/install/traffic_detect/share/traffic_detect/local_setup.zsh
[0.634s] -- Up-to-date symlink: /home/main-user/Jetson-RT-Traffic-System/install/traffic_detect/share/traffic_detect/local_setup.dsv
[0.635s] -- Symlinking: /home/main-user/Jetson-RT-Traffic-System/install/traffic_detect/share/traffic_detect/package.dsv
[0.651s] -- Up-to-date symlink: /home/main-user/Jetson-RT-Traffic-System/install/traffic_detect/share/ament_index/resource_index/packages/traffic_detect
[0.652s] -- Up-to-date symlink: /home/main-user/Jetson-RT-Traffic-System/install/traffic_detect/share/traffic_detect/cmake/traffic_detectConfig.cmake
[0.652s] -- Up-to-date symlink: /home/main-user/Jetson-RT-Traffic-System/install/traffic_detect/share/traffic_detect/cmake/traffic_detectConfig-version.cmake
[0.652s] -- Up-to-date symlink: /home/main-user/Jetson-RT-Traffic-System/install/traffic_detect/share/traffic_detect/package.xml
[0.657s] Invoked command in '/home/main-user/Jetson-RT-Traffic-System/build/traffic_detect' returned '0': CMAKE_PREFIX_PATH=${CMAKE_PREFIX_PATH}:/home/main-user/Jetson-RT-Traffic-System/install/videopub:/home/main-user/install/videopub:/opt/ros/humble /usr/bin/cmake --install /home/main-user/Jetson-RT-Traffic-System/build/traffic_detect
