[1.481s] Invoking command in '/home/nvidia/Jetson-RT-Traffic-System/src/videopub': PYTHONPATH=/home/nvidia/Jetson-RT-Traffic-System/build/videopub/prefix_override:/usr/lib/python3/dist-packages/colcon_core/task/python/colcon_distutils_commands:/home/nvidia/Jetson-RT-Traffic-System/install/videopub/lib/python3.10/site-packages:${PYTHONPATH} /usr/bin/python3 -W ignore:setup.py install is deprecated -W ignore:easy_install command is deprecated setup.py egg_info --egg-base ../../build/videopub build --build-base /home/nvidia/Jetson-RT-Traffic-System/build/videopub/build install --record /home/nvidia/Jetson-RT-Traffic-System/build/videopub/install.log --single-version-externally-managed install_data
[2.050s] running egg_info
[2.052s] writing ../../build/videopub/videopub.egg-info/PKG-INFO
[2.052s] writing dependency_links to ../../build/videopub/videopub.egg-info/dependency_links.txt
[2.053s] writing entry points to ../../build/videopub/videopub.egg-info/entry_points.txt
[2.053s] writing requirements to ../../build/videopub/videopub.egg-info/requires.txt
[2.053s] writing top-level names to ../../build/videopub/videopub.egg-info/top_level.txt
[2.058s] reading manifest file '../../build/videopub/videopub.egg-info/SOURCES.txt'
[2.060s] writing manifest file '../../build/videopub/videopub.egg-info/SOURCES.txt'
[2.060s] running build
[2.060s] running build_py
[2.061s] running install
[2.061s] running install_lib
[2.064s] running install_data
[2.065s] running install_egg_info
[2.069s] removing '/home/nvidia/Jetson-RT-Traffic-System/install/videopub/lib/python3.10/site-packages/videopub-0.0.0-py3.10.egg-info' (and everything under it)
[2.070s] Copying ../../build/videopub/videopub.egg-info to /home/nvidia/Jetson-RT-Traffic-System/install/videopub/lib/python3.10/site-packages/videopub-0.0.0-py3.10.egg-info
[2.072s] running install_scripts
[2.121s] Installing video_publisher script to /home/nvidia/Jetson-RT-Traffic-System/install/videopub/lib/videopub
[2.122s] writing list of installed files to '/home/nvidia/Jetson-RT-Traffic-System/build/videopub/install.log'
[2.200s] Invoked command in '/home/nvidia/Jetson-RT-Traffic-System/src/videopub' returned '0': PYTHONPATH=/home/nvidia/Jetson-RT-Traffic-System/build/videopub/prefix_override:/usr/lib/python3/dist-packages/colcon_core/task/python/colcon_distutils_commands:/home/nvidia/Jetson-RT-Traffic-System/install/videopub/lib/python3.10/site-packages:${PYTHONPATH} /usr/bin/python3 -W ignore:setup.py install is deprecated -W ignore:easy_install command is deprecated setup.py egg_info --egg-base ../../build/videopub build --build-base /home/nvidia/Jetson-RT-Traffic-System/build/videopub/build install --record /home/nvidia/Jetson-RT-Traffic-System/build/videopub/install.log --single-version-externally-managed install_data
