[0.340s] DEBUG:colcon:Command line arguments: ['/usr/bin/colcon', 'build']
[0.341s] DEBUG:colcon:Parsed command line arguments: Namespace(log_base=None, log_level=None, verb_name='build', build_base='build', install_base='install', merge_install=False, symlink_install=False, test_result_base=None, continue_on_error=False, executor='parallel', parallel_workers=6, event_handlers=None, ignore_user_meta=False, metas=['./colcon.meta'], base_paths=['.'], packages_ignore=None, packages_ignore_regex=None, paths=None, packages_up_to=None, packages_up_to_regex=None, packages_above=None, packages_above_and_dependencies=None, packages_above_depth=None, packages_select_by_dep=None, packages_skip_by_dep=None, packages_skip_up_to=None, packages_select_build_failed=False, packages_skip_build_finished=False, packages_select_test_failures=False, packages_skip_test_passed=False, packages_select=None, packages_skip=None, packages_select_regex=None, packages_skip_regex=None, packages_start=None, packages_end=None, allow_overriding=[], cmake_args=None, cmake_target=None, cmake_target_skip_unavailable=False, cmake_clean_cache=False, cmake_clean_first=False, cmake_force_configure=False, ament_cmake_args=None, catkin_cmake_args=None, catkin_skip_building_tests=False, verb_parser=<colcon_defaults.argument_parser.defaults.DefaultArgumentsDecorator object at 0xffffa3a4b610>, verb_extension=<colcon_core.verb.build.BuildVerb object at 0xffffa3a4b100>, main=<bound method BuildVerb.main of <colcon_core.verb.build.BuildVerb object at 0xffffa3a4b100>>)
[0.789s] Level 1:colcon.colcon_core.package_discovery:discover_packages(colcon_meta) check parameters
[0.790s] Level 1:colcon.colcon_core.package_discovery:discover_packages(recursive) check parameters
[0.790s] Level 1:colcon.colcon_core.package_discovery:discover_packages(ignore) check parameters
[0.790s] Level 1:colcon.colcon_core.package_discovery:discover_packages(path) check parameters
[0.790s] Level 1:colcon.colcon_core.package_discovery:discover_packages(colcon_meta) discover
[0.791s] Level 1:colcon.colcon_core.package_discovery:discover_packages(recursive) discover
[0.791s] INFO:colcon.colcon_core.package_discovery:Crawling recursively for packages in '/home/nvidia/Jetson-RT-Traffic-System'
[0.791s] Level 1:colcon.colcon_core.package_identification:_identify(.) by extensions ['ignore', 'ignore_ament_install']
[0.791s] Level 1:colcon.colcon_core.package_identification:_identify(.) by extension 'ignore'
[0.791s] Level 1:colcon.colcon_core.package_identification:_identify(.) by extension 'ignore_ament_install'
[0.792s] Level 1:colcon.colcon_core.package_identification:_identify(.) by extensions ['colcon_pkg']
[0.792s] Level 1:colcon.colcon_core.package_identification:_identify(.) by extension 'colcon_pkg'
[0.792s] Level 1:colcon.colcon_core.package_identification:_identify(.) by extensions ['colcon_meta']
[0.792s] Level 1:colcon.colcon_core.package_identification:_identify(.) by extension 'colcon_meta'
[0.792s] Level 1:colcon.colcon_core.package_identification:_identify(.) by extensions ['ros']
[0.792s] Level 1:colcon.colcon_core.package_identification:_identify(.) by extension 'ros'
[0.861s] Level 1:colcon.colcon_core.package_identification:_identify(.) by extensions ['cmake', 'python']
[0.861s] Level 1:colcon.colcon_core.package_identification:_identify(.) by extension 'cmake'
[0.861s] Level 1:colcon.colcon_core.package_identification:_identify(.) by extension 'python'
[0.861s] Level 1:colcon.colcon_core.package_identification:_identify(.) by extensions ['python_setup_py']
[0.862s] Level 1:colcon.colcon_core.package_identification:_identify(.) by extension 'python_setup_py'
[0.862s] Level 1:colcon.colcon_core.package_identification:_identify(build) by extensions ['ignore', 'ignore_ament_install']
[0.862s] Level 1:colcon.colcon_core.package_identification:_identify(build) by extension 'ignore'
[0.862s] Level 1:colcon.colcon_core.package_identification:_identify(build) ignored
[0.863s] Level 1:colcon.colcon_core.package_identification:_identify(camera-model) by extensions ['ignore', 'ignore_ament_install']
[0.863s] Level 1:colcon.colcon_core.package_identification:_identify(camera-model) by extension 'ignore'
[0.863s] Level 1:colcon.colcon_core.package_identification:_identify(camera-model) by extension 'ignore_ament_install'
[0.863s] Level 1:colcon.colcon_core.package_identification:_identify(camera-model) by extensions ['colcon_pkg']
[0.863s] Level 1:colcon.colcon_core.package_identification:_identify(camera-model) by extension 'colcon_pkg'
[0.864s] Level 1:colcon.colcon_core.package_identification:_identify(camera-model) by extensions ['colcon_meta']
[0.864s] Level 1:colcon.colcon_core.package_identification:_identify(camera-model) by extension 'colcon_meta'
[0.864s] Level 1:colcon.colcon_core.package_identification:_identify(camera-model) by extensions ['ros']
[0.864s] Level 1:colcon.colcon_core.package_identification:_identify(camera-model) by extension 'ros'
[0.864s] Level 1:colcon.colcon_core.package_identification:_identify(camera-model) by extensions ['cmake', 'python']
[0.864s] Level 1:colcon.colcon_core.package_identification:_identify(camera-model) by extension 'cmake'
[0.864s] Level 1:colcon.colcon_core.package_identification:_identify(camera-model) by extension 'python'
[0.864s] Level 1:colcon.colcon_core.package_identification:_identify(camera-model) by extensions ['python_setup_py']
[0.864s] Level 1:colcon.colcon_core.package_identification:_identify(camera-model) by extension 'python_setup_py'
[0.865s] Level 1:colcon.colcon_core.package_identification:_identify(install) by extensions ['ignore', 'ignore_ament_install']
[0.865s] Level 1:colcon.colcon_core.package_identification:_identify(install) by extension 'ignore'
[0.865s] Level 1:colcon.colcon_core.package_identification:_identify(install) ignored
[0.866s] Level 1:colcon.colcon_core.package_identification:_identify(log) by extensions ['ignore', 'ignore_ament_install']
[0.866s] Level 1:colcon.colcon_core.package_identification:_identify(log) by extension 'ignore'
[0.866s] Level 1:colcon.colcon_core.package_identification:_identify(log) ignored
[0.866s] Level 1:colcon.colcon_core.package_identification:_identify(src) by extensions ['ignore', 'ignore_ament_install']
[0.866s] Level 1:colcon.colcon_core.package_identification:_identify(src) by extension 'ignore'
[0.866s] Level 1:colcon.colcon_core.package_identification:_identify(src) by extension 'ignore_ament_install'
[0.867s] Level 1:colcon.colcon_core.package_identification:_identify(src) by extensions ['colcon_pkg']
[0.867s] Level 1:colcon.colcon_core.package_identification:_identify(src) by extension 'colcon_pkg'
[0.867s] Level 1:colcon.colcon_core.package_identification:_identify(src) by extensions ['colcon_meta']
[0.867s] Level 1:colcon.colcon_core.package_identification:_identify(src) by extension 'colcon_meta'
[0.867s] Level 1:colcon.colcon_core.package_identification:_identify(src) by extensions ['ros']
[0.867s] Level 1:colcon.colcon_core.package_identification:_identify(src) by extension 'ros'
[0.867s] Level 1:colcon.colcon_core.package_identification:_identify(src) by extensions ['cmake', 'python']
[0.868s] Level 1:colcon.colcon_core.package_identification:_identify(src) by extension 'cmake'
[0.868s] Level 1:colcon.colcon_core.package_identification:_identify(src) by extension 'python'
[0.868s] Level 1:colcon.colcon_core.package_identification:_identify(src) by extensions ['python_setup_py']
[0.868s] Level 1:colcon.colcon_core.package_identification:_identify(src) by extension 'python_setup_py'
[0.868s] Level 1:colcon.colcon_core.package_identification:_identify(src/detections_img) by extensions ['ignore', 'ignore_ament_install']
[0.869s] Level 1:colcon.colcon_core.package_identification:_identify(src/detections_img) by extension 'ignore'
[0.869s] Level 1:colcon.colcon_core.package_identification:_identify(src/detections_img) by extension 'ignore_ament_install'
[0.869s] Level 1:colcon.colcon_core.package_identification:_identify(src/detections_img) by extensions ['colcon_pkg']
[0.869s] Level 1:colcon.colcon_core.package_identification:_identify(src/detections_img) by extension 'colcon_pkg'
[0.869s] Level 1:colcon.colcon_core.package_identification:_identify(src/detections_img) by extensions ['colcon_meta']
[0.870s] Level 1:colcon.colcon_core.package_identification:_identify(src/detections_img) by extension 'colcon_meta'
[0.870s] Level 1:colcon.colcon_core.package_identification:_identify(src/detections_img) by extensions ['ros']
[0.870s] Level 1:colcon.colcon_core.package_identification:_identify(src/detections_img) by extension 'ros'
[0.880s] DEBUG:colcon.colcon_core.package_identification:Package 'src/detections_img' with type 'ros.ament_cmake' and name 'detections_img'
[0.880s] Level 1:colcon.colcon_core.package_identification:_identify(src/traffic_detect) by extensions ['ignore', 'ignore_ament_install']
[0.881s] Level 1:colcon.colcon_core.package_identification:_identify(src/traffic_detect) by extension 'ignore'
[0.881s] Level 1:colcon.colcon_core.package_identification:_identify(src/traffic_detect) by extension 'ignore_ament_install'
[0.881s] Level 1:colcon.colcon_core.package_identification:_identify(src/traffic_detect) by extensions ['colcon_pkg']
[0.881s] Level 1:colcon.colcon_core.package_identification:_identify(src/traffic_detect) by extension 'colcon_pkg'
[0.881s] Level 1:colcon.colcon_core.package_identification:_identify(src/traffic_detect) by extensions ['colcon_meta']
[0.881s] Level 1:colcon.colcon_core.package_identification:_identify(src/traffic_detect) by extension 'colcon_meta'
[0.882s] Level 1:colcon.colcon_core.package_identification:_identify(src/traffic_detect) by extensions ['ros']
[0.882s] Level 1:colcon.colcon_core.package_identification:_identify(src/traffic_detect) by extension 'ros'
[0.884s] DEBUG:colcon.colcon_core.package_identification:Package 'src/traffic_detect' with type 'ros.ament_cmake' and name 'traffic_detect'
[0.884s] Level 1:colcon.colcon_core.package_identification:_identify(usb_cam_cfg) by extensions ['ignore', 'ignore_ament_install']
[0.884s] Level 1:colcon.colcon_core.package_identification:_identify(usb_cam_cfg) by extension 'ignore'
[0.884s] Level 1:colcon.colcon_core.package_identification:_identify(usb_cam_cfg) by extension 'ignore_ament_install'
[0.884s] Level 1:colcon.colcon_core.package_identification:_identify(usb_cam_cfg) by extensions ['colcon_pkg']
[0.885s] Level 1:colcon.colcon_core.package_identification:_identify(usb_cam_cfg) by extension 'colcon_pkg'
[0.885s] Level 1:colcon.colcon_core.package_identification:_identify(usb_cam_cfg) by extensions ['colcon_meta']
[0.885s] Level 1:colcon.colcon_core.package_identification:_identify(usb_cam_cfg) by extension 'colcon_meta'
[0.885s] Level 1:colcon.colcon_core.package_identification:_identify(usb_cam_cfg) by extensions ['ros']
[0.885s] Level 1:colcon.colcon_core.package_identification:_identify(usb_cam_cfg) by extension 'ros'
[0.885s] Level 1:colcon.colcon_core.package_identification:_identify(usb_cam_cfg) by extensions ['cmake', 'python']
[0.885s] Level 1:colcon.colcon_core.package_identification:_identify(usb_cam_cfg) by extension 'cmake'
[0.885s] Level 1:colcon.colcon_core.package_identification:_identify(usb_cam_cfg) by extension 'python'
[0.886s] Level 1:colcon.colcon_core.package_identification:_identify(usb_cam_cfg) by extensions ['python_setup_py']
[0.886s] Level 1:colcon.colcon_core.package_identification:_identify(usb_cam_cfg) by extension 'python_setup_py'
[0.886s] Level 1:colcon.colcon_core.package_discovery:discover_packages(recursive) using defaults
[0.886s] Level 1:colcon.colcon_core.package_discovery:discover_packages(ignore) discover
[0.886s] Level 1:colcon.colcon_core.package_discovery:discover_packages(ignore) using defaults
[0.886s] Level 1:colcon.colcon_core.package_discovery:discover_packages(path) discover
[0.886s] Level 1:colcon.colcon_core.package_discovery:discover_packages(path) using defaults
[0.938s] Level 1:colcon.colcon_core.package_discovery:discover_packages(prefix_path) check parameters
[0.939s] Level 1:colcon.colcon_core.package_discovery:discover_packages(prefix_path) discover
[0.945s] DEBUG:colcon.colcon_installed_package_information.package_discovery:Found 2 installed packages in /home/nvidia/Jetson-RT-Traffic-System/install
[0.948s] DEBUG:colcon.colcon_installed_package_information.package_discovery:Found 303 installed packages in /opt/ros/humble
[0.951s] Level 1:colcon.colcon_core.package_discovery:discover_packages(prefix_path) using defaults
[1.063s] Level 5:colcon.colcon_core.verb:set package 'detections_img' build argument 'cmake_args' from command line to 'None'
[1.063s] Level 5:colcon.colcon_core.verb:set package 'detections_img' build argument 'cmake_target' from command line to 'None'
[1.063s] Level 5:colcon.colcon_core.verb:set package 'detections_img' build argument 'cmake_target_skip_unavailable' from command line to 'False'
[1.063s] Level 5:colcon.colcon_core.verb:set package 'detections_img' build argument 'cmake_clean_cache' from command line to 'False'
[1.063s] Level 5:colcon.colcon_core.verb:set package 'detections_img' build argument 'cmake_clean_first' from command line to 'False'
[1.063s] Level 5:colcon.colcon_core.verb:set package 'detections_img' build argument 'cmake_force_configure' from command line to 'False'
[1.064s] Level 5:colcon.colcon_core.verb:set package 'detections_img' build argument 'ament_cmake_args' from command line to 'None'
[1.064s] Level 5:colcon.colcon_core.verb:set package 'detections_img' build argument 'catkin_cmake_args' from command line to 'None'
[1.064s] Level 5:colcon.colcon_core.verb:set package 'detections_img' build argument 'catkin_skip_building_tests' from command line to 'False'
[1.064s] DEBUG:colcon.colcon_core.verb:Building package 'detections_img' with the following arguments: {'ament_cmake_args': None, 'build_base': '/home/nvidia/Jetson-RT-Traffic-System/build/detections_img', 'catkin_cmake_args': None, 'catkin_skip_building_tests': False, 'cmake_args': None, 'cmake_clean_cache': False, 'cmake_clean_first': False, 'cmake_force_configure': False, 'cmake_target': None, 'cmake_target_skip_unavailable': False, 'install_base': '/home/nvidia/Jetson-RT-Traffic-System/install/detections_img', 'merge_install': False, 'path': '/home/nvidia/Jetson-RT-Traffic-System/src/detections_img', 'symlink_install': False, 'test_result_base': None}
[1.065s] Level 5:colcon.colcon_core.verb:set package 'traffic_detect' build argument 'cmake_args' from command line to 'None'
[1.065s] Level 5:colcon.colcon_core.verb:set package 'traffic_detect' build argument 'cmake_target' from command line to 'None'
[1.065s] Level 5:colcon.colcon_core.verb:set package 'traffic_detect' build argument 'cmake_target_skip_unavailable' from command line to 'False'
[1.065s] Level 5:colcon.colcon_core.verb:set package 'traffic_detect' build argument 'cmake_clean_cache' from command line to 'False'
[1.065s] Level 5:colcon.colcon_core.verb:set package 'traffic_detect' build argument 'cmake_clean_first' from command line to 'False'
[1.065s] Level 5:colcon.colcon_core.verb:set package 'traffic_detect' build argument 'cmake_force_configure' from command line to 'False'
[1.065s] Level 5:colcon.colcon_core.verb:set package 'traffic_detect' build argument 'ament_cmake_args' from command line to 'None'
[1.065s] Level 5:colcon.colcon_core.verb:set package 'traffic_detect' build argument 'catkin_cmake_args' from command line to 'None'
[1.065s] Level 5:colcon.colcon_core.verb:set package 'traffic_detect' build argument 'catkin_skip_building_tests' from command line to 'False'
[1.065s] DEBUG:colcon.colcon_core.verb:Building package 'traffic_detect' with the following arguments: {'ament_cmake_args': None, 'build_base': '/home/nvidia/Jetson-RT-Traffic-System/build/traffic_detect', 'catkin_cmake_args': None, 'catkin_skip_building_tests': False, 'cmake_args': None, 'cmake_clean_cache': False, 'cmake_clean_first': False, 'cmake_force_configure': False, 'cmake_target': None, 'cmake_target_skip_unavailable': False, 'install_base': '/home/nvidia/Jetson-RT-Traffic-System/install/traffic_detect', 'merge_install': False, 'path': '/home/nvidia/Jetson-RT-Traffic-System/src/traffic_detect', 'symlink_install': False, 'test_result_base': None}
[1.066s] INFO:colcon.colcon_core.executor:Executing jobs using 'parallel' executor
[1.069s] DEBUG:colcon.colcon_parallel_executor.executor.parallel:run_until_complete
[1.070s] INFO:colcon.colcon_ros.task.ament_cmake.build:Building ROS package in '/home/nvidia/Jetson-RT-Traffic-System/src/detections_img' with build type 'ament_cmake'
[1.071s] INFO:colcon.colcon_cmake.task.cmake.build:Building CMake package in '/home/nvidia/Jetson-RT-Traffic-System/src/detections_img'
[1.076s] INFO:colcon.colcon_core.plugin_system:Skipping extension 'colcon_core.shell.bat': Not used on non-Windows systems
[1.076s] INFO:colcon.colcon_core.shell:Skip shell extension 'powershell' for command environment: Not usable outside of PowerShell
[1.077s] DEBUG:colcon.colcon_core.shell:Skip shell extension 'dsv' for command environment
[1.085s] INFO:colcon.colcon_ros.task.ament_cmake.build:Building ROS package in '/home/nvidia/Jetson-RT-Traffic-System/src/traffic_detect' with build type 'ament_cmake'
[1.086s] INFO:colcon.colcon_cmake.task.cmake.build:Building CMake package in '/home/nvidia/Jetson-RT-Traffic-System/src/traffic_detect'
[1.086s] INFO:colcon.colcon_core.shell:Skip shell extension 'powershell' for command environment: Not usable outside of PowerShell
[1.087s] DEBUG:colcon.colcon_core.shell:Skip shell extension 'dsv' for command environment
[1.109s] DEBUG:colcon.colcon_core.event_handler.log_command:Invoking command in '/home/nvidia/Jetson-RT-Traffic-System/build/detections_img': CMAKE_PREFIX_PATH=${CMAKE_PREFIX_PATH}:/opt/ros/humble /usr/bin/cmake --build /home/nvidia/Jetson-RT-Traffic-System/build/detections_img -- -j6 -l6
[1.122s] DEBUG:colcon.colcon_core.event_handler.log_command:Invoking command in '/home/nvidia/Jetson-RT-Traffic-System/build/traffic_detect': CMAKE_PREFIX_PATH=${CMAKE_PREFIX_PATH}:/opt/ros/humble /usr/bin/cmake --build /home/nvidia/Jetson-RT-Traffic-System/build/traffic_detect -- -j6 -l6
[1.264s] DEBUG:colcon.colcon_core.event_handler.log_command:Invoked command in '/home/nvidia/Jetson-RT-Traffic-System/build/detections_img' returned '0': CMAKE_PREFIX_PATH=${CMAKE_PREFIX_PATH}:/opt/ros/humble /usr/bin/cmake --build /home/nvidia/Jetson-RT-Traffic-System/build/detections_img -- -j6 -l6
[1.287s] DEBUG:colcon.colcon_core.event_handler.log_command:Invoking command in '/home/nvidia/Jetson-RT-Traffic-System/build/detections_img': CMAKE_PREFIX_PATH=${CMAKE_PREFIX_PATH}:/opt/ros/humble /usr/bin/cmake --install /home/nvidia/Jetson-RT-Traffic-System/build/detections_img
[1.310s] Level 1:colcon.colcon_core.environment:create_environment_scripts_only(detections_img)
[1.312s] DEBUG:colcon.colcon_core.event_handler.log_command:Invoked command in '/home/nvidia/Jetson-RT-Traffic-System/build/detections_img' returned '0': CMAKE_PREFIX_PATH=${CMAKE_PREFIX_PATH}:/opt/ros/humble /usr/bin/cmake --install /home/nvidia/Jetson-RT-Traffic-System/build/detections_img
[1.318s] Level 1:colcon.colcon_core.environment:checking '/home/nvidia/Jetson-RT-Traffic-System/install/detections_img' for CMake module files
[1.320s] Level 1:colcon.colcon_core.environment:checking '/home/nvidia/Jetson-RT-Traffic-System/install/detections_img' for CMake config files
[1.320s] Level 1:colcon.colcon_core.shell:create_environment_hook('detections_img', 'cmake_prefix_path')
[1.322s] INFO:colcon.colcon_core.shell:Creating environment hook '/home/nvidia/Jetson-RT-Traffic-System/install/detections_img/share/detections_img/hook/cmake_prefix_path.ps1'
[1.324s] INFO:colcon.colcon_core.shell:Creating environment descriptor '/home/nvidia/Jetson-RT-Traffic-System/install/detections_img/share/detections_img/hook/cmake_prefix_path.dsv'
[1.325s] INFO:colcon.colcon_core.shell:Creating environment hook '/home/nvidia/Jetson-RT-Traffic-System/install/detections_img/share/detections_img/hook/cmake_prefix_path.sh'
[1.327s] Level 1:colcon.colcon_core.environment:checking '/home/nvidia/Jetson-RT-Traffic-System/install/detections_img/lib'
[1.328s] Level 1:colcon.colcon_core.environment:checking '/home/nvidia/Jetson-RT-Traffic-System/install/detections_img/bin'
[1.328s] Level 1:colcon.colcon_core.environment:checking '/home/nvidia/Jetson-RT-Traffic-System/install/detections_img/lib/pkgconfig/detections_img.pc'
[1.329s] Level 1:colcon.colcon_core.environment:checking '/home/nvidia/Jetson-RT-Traffic-System/install/detections_img/lib/python3.10/site-packages'
[1.330s] Level 1:colcon.colcon_core.environment:checking '/home/nvidia/Jetson-RT-Traffic-System/install/detections_img/bin'
[1.330s] INFO:colcon.colcon_core.shell:Creating package script '/home/nvidia/Jetson-RT-Traffic-System/install/detections_img/share/detections_img/package.ps1'
[1.334s] INFO:colcon.colcon_core.shell:Creating package descriptor '/home/nvidia/Jetson-RT-Traffic-System/install/detections_img/share/detections_img/package.dsv'
[1.336s] INFO:colcon.colcon_core.shell:Creating package script '/home/nvidia/Jetson-RT-Traffic-System/install/detections_img/share/detections_img/package.sh'
[1.339s] INFO:colcon.colcon_core.shell:Creating package script '/home/nvidia/Jetson-RT-Traffic-System/install/detections_img/share/detections_img/package.bash'
[1.343s] INFO:colcon.colcon_core.shell:Creating package script '/home/nvidia/Jetson-RT-Traffic-System/install/detections_img/share/detections_img/package.zsh'
[1.345s] Level 1:colcon.colcon_core.environment:create_file_with_runtime_dependencies(/home/nvidia/Jetson-RT-Traffic-System/install/detections_img/share/colcon-core/packages/detections_img)
[1.347s] Level 1:colcon.colcon_core.environment:create_environment_scripts_only(detections_img)
[1.348s] Level 1:colcon.colcon_core.environment:checking '/home/nvidia/Jetson-RT-Traffic-System/install/detections_img' for CMake module files
[1.349s] Level 1:colcon.colcon_core.environment:checking '/home/nvidia/Jetson-RT-Traffic-System/install/detections_img' for CMake config files
[1.350s] Level 1:colcon.colcon_core.shell:create_environment_hook('detections_img', 'cmake_prefix_path')
[1.350s] INFO:colcon.colcon_core.shell:Creating environment hook '/home/nvidia/Jetson-RT-Traffic-System/install/detections_img/share/detections_img/hook/cmake_prefix_path.ps1'
[1.351s] INFO:colcon.colcon_core.shell:Creating environment descriptor '/home/nvidia/Jetson-RT-Traffic-System/install/detections_img/share/detections_img/hook/cmake_prefix_path.dsv'
[1.352s] INFO:colcon.colcon_core.shell:Creating environment hook '/home/nvidia/Jetson-RT-Traffic-System/install/detections_img/share/detections_img/hook/cmake_prefix_path.sh'
[1.354s] Level 1:colcon.colcon_core.environment:checking '/home/nvidia/Jetson-RT-Traffic-System/install/detections_img/lib'
[1.354s] Level 1:colcon.colcon_core.environment:checking '/home/nvidia/Jetson-RT-Traffic-System/install/detections_img/bin'
[1.354s] Level 1:colcon.colcon_core.environment:checking '/home/nvidia/Jetson-RT-Traffic-System/install/detections_img/lib/pkgconfig/detections_img.pc'
[1.355s] Level 1:colcon.colcon_core.environment:checking '/home/nvidia/Jetson-RT-Traffic-System/install/detections_img/lib/python3.10/site-packages'
[1.356s] Level 1:colcon.colcon_core.environment:checking '/home/nvidia/Jetson-RT-Traffic-System/install/detections_img/bin'
[1.357s] INFO:colcon.colcon_core.shell:Creating package script '/home/nvidia/Jetson-RT-Traffic-System/install/detections_img/share/detections_img/package.ps1'
[1.359s] INFO:colcon.colcon_core.shell:Creating package descriptor '/home/nvidia/Jetson-RT-Traffic-System/install/detections_img/share/detections_img/package.dsv'
[1.360s] INFO:colcon.colcon_core.shell:Creating package script '/home/nvidia/Jetson-RT-Traffic-System/install/detections_img/share/detections_img/package.sh'
[1.361s] INFO:colcon.colcon_core.shell:Creating package script '/home/nvidia/Jetson-RT-Traffic-System/install/detections_img/share/detections_img/package.bash'
[1.362s] INFO:colcon.colcon_core.shell:Creating package script '/home/nvidia/Jetson-RT-Traffic-System/install/detections_img/share/detections_img/package.zsh'
[1.363s] Level 1:colcon.colcon_core.environment:create_file_with_runtime_dependencies(/home/nvidia/Jetson-RT-Traffic-System/install/detections_img/share/colcon-core/packages/detections_img)
[28.821s] DEBUG:colcon.colcon_core.event_handler.log_command:Invoked command in '/home/nvidia/Jetson-RT-Traffic-System/build/traffic_detect' returned '0': CMAKE_PREFIX_PATH=${CMAKE_PREFIX_PATH}:/opt/ros/humble /usr/bin/cmake --build /home/nvidia/Jetson-RT-Traffic-System/build/traffic_detect -- -j6 -l6
[28.827s] DEBUG:colcon.colcon_core.event_handler.log_command:Invoking command in '/home/nvidia/Jetson-RT-Traffic-System/build/traffic_detect': CMAKE_PREFIX_PATH=${CMAKE_PREFIX_PATH}:/opt/ros/humble /usr/bin/cmake --install /home/nvidia/Jetson-RT-Traffic-System/build/traffic_detect
[28.867s] Level 1:colcon.colcon_core.environment:create_environment_scripts_only(traffic_detect)
[28.868s] Level 1:colcon.colcon_core.environment:checking '/home/nvidia/Jetson-RT-Traffic-System/install/traffic_detect' for CMake module files
[28.870s] DEBUG:colcon.colcon_core.event_handler.log_command:Invoked command in '/home/nvidia/Jetson-RT-Traffic-System/build/traffic_detect' returned '0': CMAKE_PREFIX_PATH=${CMAKE_PREFIX_PATH}:/opt/ros/humble /usr/bin/cmake --install /home/nvidia/Jetson-RT-Traffic-System/build/traffic_detect
[28.871s] Level 1:colcon.colcon_core.environment:checking '/home/nvidia/Jetson-RT-Traffic-System/install/traffic_detect' for CMake config files
[28.873s] Level 1:colcon.colcon_core.shell:create_environment_hook('traffic_detect', 'cmake_prefix_path')
[28.874s] INFO:colcon.colcon_core.shell:Creating environment hook '/home/nvidia/Jetson-RT-Traffic-System/install/traffic_detect/share/traffic_detect/hook/cmake_prefix_path.ps1'
[28.876s] INFO:colcon.colcon_core.shell:Creating environment descriptor '/home/nvidia/Jetson-RT-Traffic-System/install/traffic_detect/share/traffic_detect/hook/cmake_prefix_path.dsv'
[28.878s] INFO:colcon.colcon_core.shell:Creating environment hook '/home/nvidia/Jetson-RT-Traffic-System/install/traffic_detect/share/traffic_detect/hook/cmake_prefix_path.sh'
[28.880s] Level 1:colcon.colcon_core.environment:checking '/home/nvidia/Jetson-RT-Traffic-System/install/traffic_detect/lib'
[28.881s] Level 1:colcon.colcon_core.environment:checking '/home/nvidia/Jetson-RT-Traffic-System/install/traffic_detect/bin'
[28.881s] Level 1:colcon.colcon_core.environment:checking '/home/nvidia/Jetson-RT-Traffic-System/install/traffic_detect/lib/pkgconfig/traffic_detect.pc'
[28.882s] Level 1:colcon.colcon_core.environment:checking '/home/nvidia/Jetson-RT-Traffic-System/install/traffic_detect/lib/python3.10/site-packages'
[28.883s] Level 1:colcon.colcon_core.environment:checking '/home/nvidia/Jetson-RT-Traffic-System/install/traffic_detect/bin'
[28.884s] INFO:colcon.colcon_core.shell:Creating package script '/home/nvidia/Jetson-RT-Traffic-System/install/traffic_detect/share/traffic_detect/package.ps1'
[28.886s] INFO:colcon.colcon_core.shell:Creating package descriptor '/home/nvidia/Jetson-RT-Traffic-System/install/traffic_detect/share/traffic_detect/package.dsv'
[28.889s] INFO:colcon.colcon_core.shell:Creating package script '/home/nvidia/Jetson-RT-Traffic-System/install/traffic_detect/share/traffic_detect/package.sh'
[28.891s] INFO:colcon.colcon_core.shell:Creating package script '/home/nvidia/Jetson-RT-Traffic-System/install/traffic_detect/share/traffic_detect/package.bash'
[28.893s] INFO:colcon.colcon_core.shell:Creating package script '/home/nvidia/Jetson-RT-Traffic-System/install/traffic_detect/share/traffic_detect/package.zsh'
[28.895s] Level 1:colcon.colcon_core.environment:create_file_with_runtime_dependencies(/home/nvidia/Jetson-RT-Traffic-System/install/traffic_detect/share/colcon-core/packages/traffic_detect)
[28.897s] Level 1:colcon.colcon_core.environment:create_environment_scripts_only(traffic_detect)
[28.899s] Level 1:colcon.colcon_core.environment:checking '/home/nvidia/Jetson-RT-Traffic-System/install/traffic_detect' for CMake module files
[28.901s] Level 1:colcon.colcon_core.environment:checking '/home/nvidia/Jetson-RT-Traffic-System/install/traffic_detect' for CMake config files
[28.902s] Level 1:colcon.colcon_core.shell:create_environment_hook('traffic_detect', 'cmake_prefix_path')
[28.903s] INFO:colcon.colcon_core.shell:Creating environment hook '/home/nvidia/Jetson-RT-Traffic-System/install/traffic_detect/share/traffic_detect/hook/cmake_prefix_path.ps1'
[28.905s] INFO:colcon.colcon_core.shell:Creating environment descriptor '/home/nvidia/Jetson-RT-Traffic-System/install/traffic_detect/share/traffic_detect/hook/cmake_prefix_path.dsv'
[28.907s] INFO:colcon.colcon_core.shell:Creating environment hook '/home/nvidia/Jetson-RT-Traffic-System/install/traffic_detect/share/traffic_detect/hook/cmake_prefix_path.sh'
[28.910s] Level 1:colcon.colcon_core.environment:checking '/home/nvidia/Jetson-RT-Traffic-System/install/traffic_detect/lib'
[28.910s] Level 1:colcon.colcon_core.environment:checking '/home/nvidia/Jetson-RT-Traffic-System/install/traffic_detect/bin'
[28.910s] Level 1:colcon.colcon_core.environment:checking '/home/nvidia/Jetson-RT-Traffic-System/install/traffic_detect/lib/pkgconfig/traffic_detect.pc'
[28.911s] Level 1:colcon.colcon_core.environment:checking '/home/nvidia/Jetson-RT-Traffic-System/install/traffic_detect/lib/python3.10/site-packages'
[28.912s] Level 1:colcon.colcon_core.environment:checking '/home/nvidia/Jetson-RT-Traffic-System/install/traffic_detect/bin'
[28.913s] INFO:colcon.colcon_core.shell:Creating package script '/home/nvidia/Jetson-RT-Traffic-System/install/traffic_detect/share/traffic_detect/package.ps1'
[28.916s] INFO:colcon.colcon_core.shell:Creating package descriptor '/home/nvidia/Jetson-RT-Traffic-System/install/traffic_detect/share/traffic_detect/package.dsv'
[28.917s] INFO:colcon.colcon_core.shell:Creating package script '/home/nvidia/Jetson-RT-Traffic-System/install/traffic_detect/share/traffic_detect/package.sh'
[28.919s] INFO:colcon.colcon_core.shell:Creating package script '/home/nvidia/Jetson-RT-Traffic-System/install/traffic_detect/share/traffic_detect/package.bash'
[28.922s] INFO:colcon.colcon_core.shell:Creating package script '/home/nvidia/Jetson-RT-Traffic-System/install/traffic_detect/share/traffic_detect/package.zsh'
[28.923s] Level 1:colcon.colcon_core.environment:create_file_with_runtime_dependencies(/home/nvidia/Jetson-RT-Traffic-System/install/traffic_detect/share/colcon-core/packages/traffic_detect)
[28.925s] DEBUG:colcon.colcon_parallel_executor.executor.parallel:closing loop
[28.926s] DEBUG:colcon.colcon_parallel_executor.executor.parallel:loop closed
[28.926s] DEBUG:colcon.colcon_parallel_executor.executor.parallel:run_until_complete finished with '0'
[28.927s] DEBUG:colcon.colcon_core.event_reactor:joining thread
[28.945s] INFO:colcon.colcon_core.plugin_system:Skipping extension 'colcon_notification.desktop_notification.terminal_notifier': Not used on non-Darwin systems
[28.946s] INFO:colcon.colcon_core.plugin_system:Skipping extension 'colcon_notification.desktop_notification.win32': Not used on non-Windows systems
[28.946s] INFO:colcon.colcon_notification.desktop_notification:Sending desktop notification using 'notify2'
[28.995s] DEBUG:colcon.colcon_core.event_reactor:joined thread
[28.996s] INFO:colcon.colcon_core.shell:Creating prefix script '/home/nvidia/Jetson-RT-Traffic-System/install/local_setup.ps1'
[29.000s] INFO:colcon.colcon_core.shell:Creating prefix util module '/home/nvidia/Jetson-RT-Traffic-System/install/_local_setup_util_ps1.py'
[29.006s] INFO:colcon.colcon_core.shell:Creating prefix chain script '/home/nvidia/Jetson-RT-Traffic-System/install/setup.ps1'
[29.009s] INFO:colcon.colcon_core.shell:Creating prefix script '/home/nvidia/Jetson-RT-Traffic-System/install/local_setup.sh'
[29.011s] INFO:colcon.colcon_core.shell:Creating prefix util module '/home/nvidia/Jetson-RT-Traffic-System/install/_local_setup_util_sh.py'
[29.013s] INFO:colcon.colcon_core.shell:Creating prefix chain script '/home/nvidia/Jetson-RT-Traffic-System/install/setup.sh'
[29.016s] INFO:colcon.colcon_core.shell:Creating prefix script '/home/nvidia/Jetson-RT-Traffic-System/install/local_setup.bash'
[29.018s] INFO:colcon.colcon_core.shell:Creating prefix chain script '/home/nvidia/Jetson-RT-Traffic-System/install/setup.bash'
[29.023s] INFO:colcon.colcon_core.shell:Creating prefix script '/home/nvidia/Jetson-RT-Traffic-System/install/local_setup.zsh'
[29.025s] INFO:colcon.colcon_core.shell:Creating prefix chain script '/home/nvidia/Jetson-RT-Traffic-System/install/setup.zsh'
