[0.023s] Invoking command in '/home/nvidia/Jetson-RT-Traffic-System/src/traffic_detect/build/traffic_detect': CMAKE_PREFIX_PATH=${CMAKE_PREFIX_PATH}:/opt/ros/humble /usr/bin/cmake --build /home/nvidia/Jetson-RT-Traffic-System/src/traffic_detect/build/traffic_detect -- -j6 -l6
[0.150s] [ 50%] [32mBuilding CXX object CMakeFiles/traffic_detect_node.dir/src/main.cpp.o[0m
[24.267s] [100%] [32m[1mLinking CXX executable traffic_detect_node[0m
[24.669s] /usr/bin/ld: warning: libopencv_imgcodecs.so.4.5d, needed by /opt/ros/humble/lib/libcv_bridge.so, may conflict with libopencv_imgcodecs.so.408
[24.671s] /usr/bin/ld: warning: libopencv_core.so.4.5d, needed by /opt/ros/humble/lib/libcv_bridge.so, may conflict with libopencv_core.so.408
[25.781s] [100%] Built target traffic_detect_node
[25.810s] Invoked command in '/home/nvidia/Jetson-RT-Traffic-System/src/traffic_detect/build/traffic_detect' returned '0': CMAKE_PREFIX_PATH=${CMAKE_PREFIX_PATH}:/opt/ros/humble /usr/bin/cmake --build /home/nvidia/Jetson-RT-Traffic-System/src/traffic_detect/build/traffic_detect -- -j6 -l6
[25.835s] Invoking command in '/home/nvidia/Jetson-RT-Traffic-System/src/traffic_detect/build/traffic_detect': CMAKE_PREFIX_PATH=${CMAKE_PREFIX_PATH}:/opt/ros/humble /usr/bin/cmake --install /home/nvidia/Jetson-RT-Traffic-System/src/traffic_detect/build/traffic_detect
[25.852s] -- Install configuration: ""
[25.853s] -- Execute custom install script
[25.854s] -- Up-to-date symlink: /home/nvidia/Jetson-RT-Traffic-System/src/traffic_detect/install/traffic_detect/lib/traffic_detect/traffic_detect_node
[25.854s] -- Up-to-date symlink: /home/nvidia/Jetson-RT-Traffic-System/src/traffic_detect/install/traffic_detect/share/ament_index/resource_index/package_run_dependencies/traffic_detect
[25.854s] -- Up-to-date symlink: /home/nvidia/Jetson-RT-Traffic-System/src/traffic_detect/install/traffic_detect/share/ament_index/resource_index/parent_prefix_path/traffic_detect
[25.855s] -- Up-to-date symlink: /home/nvidia/Jetson-RT-Traffic-System/src/traffic_detect/install/traffic_detect/share/traffic_detect/environment/ament_prefix_path.sh
[25.855s] -- Up-to-date symlink: /home/nvidia/Jetson-RT-Traffic-System/src/traffic_detect/install/traffic_detect/share/traffic_detect/environment/ament_prefix_path.dsv
[25.855s] -- Up-to-date symlink: /home/nvidia/Jetson-RT-Traffic-System/src/traffic_detect/install/traffic_detect/share/traffic_detect/environment/path.sh
[25.856s] -- Up-to-date symlink: /home/nvidia/Jetson-RT-Traffic-System/src/traffic_detect/install/traffic_detect/share/traffic_detect/environment/path.dsv
[25.856s] -- Up-to-date symlink: /home/nvidia/Jetson-RT-Traffic-System/src/traffic_detect/install/traffic_detect/share/traffic_detect/local_setup.bash
[25.857s] -- Up-to-date symlink: /home/nvidia/Jetson-RT-Traffic-System/src/traffic_detect/install/traffic_detect/share/traffic_detect/local_setup.sh
[25.857s] -- Up-to-date symlink: /home/nvidia/Jetson-RT-Traffic-System/src/traffic_detect/install/traffic_detect/share/traffic_detect/local_setup.zsh
[25.858s] -- Up-to-date symlink: /home/nvidia/Jetson-RT-Traffic-System/src/traffic_detect/install/traffic_detect/share/traffic_detect/local_setup.dsv
[25.858s] -- Symlinking: /home/nvidia/Jetson-RT-Traffic-System/src/traffic_detect/install/traffic_detect/share/traffic_detect/package.dsv
[25.879s] -- Up-to-date symlink: /home/nvidia/Jetson-RT-Traffic-System/src/traffic_detect/install/traffic_detect/share/ament_index/resource_index/packages/traffic_detect
[25.879s] -- Up-to-date symlink: /home/nvidia/Jetson-RT-Traffic-System/src/traffic_detect/install/traffic_detect/share/traffic_detect/cmake/traffic_detectConfig.cmake
[25.880s] -- Up-to-date symlink: /home/nvidia/Jetson-RT-Traffic-System/src/traffic_detect/install/traffic_detect/share/traffic_detect/cmake/traffic_detectConfig-version.cmake
[25.880s] -- Up-to-date symlink: /home/nvidia/Jetson-RT-Traffic-System/src/traffic_detect/install/traffic_detect/share/traffic_detect/package.xml
[25.885s] Invoked command in '/home/nvidia/Jetson-RT-Traffic-System/src/traffic_detect/build/traffic_detect' returned '0': CMAKE_PREFIX_PATH=${CMAKE_PREFIX_PATH}:/opt/ros/humble /usr/bin/cmake --install /home/nvidia/Jetson-RT-Traffic-System/src/traffic_detect/build/traffic_detect
