[0.039s] Invoking command in '/home/nvidia/Jetson-RT-Traffic-System/build/traffic_detect': CMAKE_PREFIX_PATH=${CMAKE_PREFIX_PATH}:/home/nvidia/Jetson-RT-Traffic-System/install/videopub:/home/nvidia/install/videopub:/opt/ros/humble /usr/bin/cmake --build /home/nvidia/Jetson-RT-Traffic-System/build/traffic_detect -- -j6 -l6
[0.132s] [35m[1mConsolidate compiler generated dependencies of target traffic_detect_node[0m
[0.178s] [ 50%] [32mBuilding CXX object CMakeFiles/traffic_detect_node.dir/src/main.cpp.o[0m
[0.189s] [01m[Kcc1plus:[m[K [01;35m[Kwarning: [m[K/usr/local/cuda-12.6/lib64/libcudart_static.a: not a directory
[0.190s] [01m[Kcc1plus:[m[K [01;35m[Kwarning: [m[K/usr/lib/aarch64-linux-gnu/librt.a: not a directory
[25.823s] [100%] [32m[1mLinking CXX executable traffic_detect_node[0m
[26.359s] /usr/bin/ld: warning: libopencv_imgcodecs.so.4.5d, needed by /opt/ros/humble/lib/libcv_bridge.so, may conflict with libopencv_imgcodecs.so.408
[26.360s] /usr/bin/ld: warning: libopencv_imgproc.so.4.5d, needed by /opt/ros/humble/lib/libcv_bridge.so, may conflict with libopencv_imgproc.so.408
[26.361s] /usr/bin/ld: warning: libopencv_core.so.4.5d, needed by /opt/ros/humble/lib/libcv_bridge.so, may conflict with libopencv_core.so.408
[27.545s] [100%] Built target traffic_detect_node
[27.572s] Invoked command in '/home/nvidia/Jetson-RT-Traffic-System/build/traffic_detect' returned '0': CMAKE_PREFIX_PATH=${CMAKE_PREFIX_PATH}:/home/nvidia/Jetson-RT-Traffic-System/install/videopub:/home/nvidia/install/videopub:/opt/ros/humble /usr/bin/cmake --build /home/nvidia/Jetson-RT-Traffic-System/build/traffic_detect -- -j6 -l6
[27.577s] Invoking command in '/home/nvidia/Jetson-RT-Traffic-System/build/traffic_detect': CMAKE_PREFIX_PATH=${CMAKE_PREFIX_PATH}:/home/nvidia/Jetson-RT-Traffic-System/install/videopub:/home/nvidia/install/videopub:/opt/ros/humble /usr/bin/cmake --install /home/nvidia/Jetson-RT-Traffic-System/build/traffic_detect
[27.594s] -- Install configuration: ""
[27.595s] -- Installing: /home/nvidia/Jetson-RT-Traffic-System/install/traffic_detect/lib/traffic_detect/traffic_detect_node
[27.608s] -- Set runtime path of "/home/nvidia/Jetson-RT-Traffic-System/install/traffic_detect/lib/traffic_detect/traffic_detect_node" to ""
[27.608s] -- Up-to-date: /home/nvidia/Jetson-RT-Traffic-System/install/traffic_detect/share/ament_index/resource_index/package_run_dependencies/traffic_detect
[27.608s] -- Up-to-date: /home/nvidia/Jetson-RT-Traffic-System/install/traffic_detect/share/ament_index/resource_index/parent_prefix_path/traffic_detect
[27.608s] -- Up-to-date: /home/nvidia/Jetson-RT-Traffic-System/install/traffic_detect/share/traffic_detect/environment/ament_prefix_path.sh
[27.608s] -- Up-to-date: /home/nvidia/Jetson-RT-Traffic-System/install/traffic_detect/share/traffic_detect/environment/ament_prefix_path.dsv
[27.609s] -- Up-to-date: /home/nvidia/Jetson-RT-Traffic-System/install/traffic_detect/share/traffic_detect/environment/path.sh
[27.609s] -- Up-to-date: /home/nvidia/Jetson-RT-Traffic-System/install/traffic_detect/share/traffic_detect/environment/path.dsv
[27.609s] -- Up-to-date: /home/nvidia/Jetson-RT-Traffic-System/install/traffic_detect/share/traffic_detect/local_setup.bash
[27.609s] -- Up-to-date: /home/nvidia/Jetson-RT-Traffic-System/install/traffic_detect/share/traffic_detect/local_setup.sh
[27.609s] -- Up-to-date: /home/nvidia/Jetson-RT-Traffic-System/install/traffic_detect/share/traffic_detect/local_setup.zsh
[27.610s] -- Up-to-date: /home/nvidia/Jetson-RT-Traffic-System/install/traffic_detect/share/traffic_detect/local_setup.dsv
[27.610s] -- Installing: /home/nvidia/Jetson-RT-Traffic-System/install/traffic_detect/share/traffic_detect/package.dsv
[27.610s] -- Up-to-date: /home/nvidia/Jetson-RT-Traffic-System/install/traffic_detect/share/ament_index/resource_index/packages/traffic_detect
[27.610s] -- Up-to-date: /home/nvidia/Jetson-RT-Traffic-System/install/traffic_detect/share/traffic_detect/cmake/traffic_detectConfig.cmake
[27.610s] -- Up-to-date: /home/nvidia/Jetson-RT-Traffic-System/install/traffic_detect/share/traffic_detect/cmake/traffic_detectConfig-version.cmake
[27.610s] -- Up-to-date: /home/nvidia/Jetson-RT-Traffic-System/install/traffic_detect/share/traffic_detect/package.xml
[27.616s] Invoked command in '/home/nvidia/Jetson-RT-Traffic-System/build/traffic_detect' returned '0': CMAKE_PREFIX_PATH=${CMAKE_PREFIX_PATH}:/home/nvidia/Jetson-RT-Traffic-System/install/videopub:/home/nvidia/install/videopub:/opt/ros/humble /usr/bin/cmake --install /home/nvidia/Jetson-RT-Traffic-System/build/traffic_detect
