[0.252s] DEBUG:colcon:Command line arguments: ['/usr/bin/colcon', 'build', '--symlink-install']
[0.252s] DEBUG:colcon:Parsed command line arguments: Namespace(log_base=None, log_level=None, verb_name='build', build_base='build', install_base='install', merge_install=False, symlink_install=True, test_result_base=None, continue_on_error=False, executor='parallel', parallel_workers=6, event_handlers=None, ignore_user_meta=False, metas=['./colcon.meta'], base_paths=['.'], packages_ignore=None, packages_ignore_regex=None, paths=None, packages_up_to=None, packages_up_to_regex=None, packages_above=None, packages_above_and_dependencies=None, packages_above_depth=None, packages_select_by_dep=None, packages_skip_by_dep=None, packages_skip_up_to=None, packages_select_build_failed=False, packages_skip_build_finished=False, packages_select_test_failures=False, packages_skip_test_passed=False, packages_select=None, packages_skip=None, packages_select_regex=None, packages_skip_regex=None, packages_start=None, packages_end=None, allow_overriding=[], cmake_args=None, cmake_target=None, cmake_target_skip_unavailable=False, cmake_clean_cache=False, cmake_clean_first=False, cmake_force_configure=False, ament_cmake_args=None, catkin_cmake_args=None, catkin_skip_building_tests=False, verb_parser=<colcon_defaults.argument_parser.defaults.DefaultArgumentsDecorator object at 0xffffb5947400>, verb_extension=<colcon_core.verb.build.BuildVerb object at 0xffffb5946da0>, main=<bound method BuildVerb.main of <colcon_core.verb.build.BuildVerb object at 0xffffb5946da0>>)
[0.589s] Level 1:colcon.colcon_core.package_discovery:discover_packages(colcon_meta) check parameters
[0.589s] Level 1:colcon.colcon_core.package_discovery:discover_packages(recursive) check parameters
[0.589s] Level 1:colcon.colcon_core.package_discovery:discover_packages(ignore) check parameters
[0.590s] Level 1:colcon.colcon_core.package_discovery:discover_packages(path) check parameters
[0.590s] Level 1:colcon.colcon_core.package_discovery:discover_packages(colcon_meta) discover
[0.590s] Level 1:colcon.colcon_core.package_discovery:discover_packages(recursive) discover
[0.590s] INFO:colcon.colcon_core.package_discovery:Crawling recursively for packages in '/home/main-user/Jetson-RT-Traffic-System'
[0.590s] Level 1:colcon.colcon_core.package_identification:_identify(.) by extensions ['ignore', 'ignore_ament_install']
[0.590s] Level 1:colcon.colcon_core.package_identification:_identify(.) by extension 'ignore'
[0.591s] Level 1:colcon.colcon_core.package_identification:_identify(.) by extension 'ignore_ament_install'
[0.591s] Level 1:colcon.colcon_core.package_identification:_identify(.) by extensions ['colcon_pkg']
[0.591s] Level 1:colcon.colcon_core.package_identification:_identify(.) by extension 'colcon_pkg'
[0.591s] Level 1:colcon.colcon_core.package_identification:_identify(.) by extensions ['colcon_meta']
[0.591s] Level 1:colcon.colcon_core.package_identification:_identify(.) by extension 'colcon_meta'
[0.591s] Level 1:colcon.colcon_core.package_identification:_identify(.) by extensions ['ros']
[0.591s] Level 1:colcon.colcon_core.package_identification:_identify(.) by extension 'ros'
[0.616s] Level 1:colcon.colcon_core.package_identification:_identify(.) by extensions ['cmake', 'python']
[0.616s] Level 1:colcon.colcon_core.package_identification:_identify(.) by extension 'cmake'
[0.616s] Level 1:colcon.colcon_core.package_identification:_identify(.) by extension 'python'
[0.616s] Level 1:colcon.colcon_core.package_identification:_identify(.) by extensions ['python_setup_py']
[0.616s] Level 1:colcon.colcon_core.package_identification:_identify(.) by extension 'python_setup_py'
[0.617s] Level 1:colcon.colcon_core.package_identification:_identify(build) by extensions ['ignore', 'ignore_ament_install']
[0.617s] Level 1:colcon.colcon_core.package_identification:_identify(build) by extension 'ignore'
[0.617s] Level 1:colcon.colcon_core.package_identification:_identify(build) ignored
[0.617s] Level 1:colcon.colcon_core.package_identification:_identify(camera-model) by extensions ['ignore', 'ignore_ament_install']
[0.617s] Level 1:colcon.colcon_core.package_identification:_identify(camera-model) by extension 'ignore'
[0.618s] Level 1:colcon.colcon_core.package_identification:_identify(camera-model) by extension 'ignore_ament_install'
[0.618s] Level 1:colcon.colcon_core.package_identification:_identify(camera-model) by extensions ['colcon_pkg']
[0.618s] Level 1:colcon.colcon_core.package_identification:_identify(camera-model) by extension 'colcon_pkg'
[0.618s] Level 1:colcon.colcon_core.package_identification:_identify(camera-model) by extensions ['colcon_meta']
[0.618s] Level 1:colcon.colcon_core.package_identification:_identify(camera-model) by extension 'colcon_meta'
[0.618s] Level 1:colcon.colcon_core.package_identification:_identify(camera-model) by extensions ['ros']
[0.618s] Level 1:colcon.colcon_core.package_identification:_identify(camera-model) by extension 'ros'
[0.618s] Level 1:colcon.colcon_core.package_identification:_identify(camera-model) by extensions ['cmake', 'python']
[0.618s] Level 1:colcon.colcon_core.package_identification:_identify(camera-model) by extension 'cmake'
[0.619s] Level 1:colcon.colcon_core.package_identification:_identify(camera-model) by extension 'python'
[0.619s] Level 1:colcon.colcon_core.package_identification:_identify(camera-model) by extensions ['python_setup_py']
[0.619s] Level 1:colcon.colcon_core.package_identification:_identify(camera-model) by extension 'python_setup_py'
[0.619s] Level 1:colcon.colcon_core.package_identification:_identify(install) by extensions ['ignore', 'ignore_ament_install']
[0.619s] Level 1:colcon.colcon_core.package_identification:_identify(install) by extension 'ignore'
[0.619s] Level 1:colcon.colcon_core.package_identification:_identify(install) ignored
[0.619s] Level 1:colcon.colcon_core.package_identification:_identify(log) by extensions ['ignore', 'ignore_ament_install']
[0.620s] Level 1:colcon.colcon_core.package_identification:_identify(log) by extension 'ignore'
[0.620s] Level 1:colcon.colcon_core.package_identification:_identify(log) ignored
[0.620s] Level 1:colcon.colcon_core.package_identification:_identify(src) by extensions ['ignore', 'ignore_ament_install']
[0.620s] Level 1:colcon.colcon_core.package_identification:_identify(src) by extension 'ignore'
[0.620s] Level 1:colcon.colcon_core.package_identification:_identify(src) by extension 'ignore_ament_install'
[0.620s] Level 1:colcon.colcon_core.package_identification:_identify(src) by extensions ['colcon_pkg']
[0.620s] Level 1:colcon.colcon_core.package_identification:_identify(src) by extension 'colcon_pkg'
[0.620s] Level 1:colcon.colcon_core.package_identification:_identify(src) by extensions ['colcon_meta']
[0.621s] Level 1:colcon.colcon_core.package_identification:_identify(src) by extension 'colcon_meta'
[0.621s] Level 1:colcon.colcon_core.package_identification:_identify(src) by extensions ['ros']
[0.621s] Level 1:colcon.colcon_core.package_identification:_identify(src) by extension 'ros'
[0.621s] Level 1:colcon.colcon_core.package_identification:_identify(src) by extensions ['cmake', 'python']
[0.621s] Level 1:colcon.colcon_core.package_identification:_identify(src) by extension 'cmake'
[0.621s] Level 1:colcon.colcon_core.package_identification:_identify(src) by extension 'python'
[0.621s] Level 1:colcon.colcon_core.package_identification:_identify(src) by extensions ['python_setup_py']
[0.621s] Level 1:colcon.colcon_core.package_identification:_identify(src) by extension 'python_setup_py'
[0.621s] Level 1:colcon.colcon_core.package_identification:_identify(src/cpp_pubsub) by extensions ['ignore', 'ignore_ament_install']
[0.622s] Level 1:colcon.colcon_core.package_identification:_identify(src/cpp_pubsub) by extension 'ignore'
[0.622s] Level 1:colcon.colcon_core.package_identification:_identify(src/cpp_pubsub) by extension 'ignore_ament_install'
[0.622s] Level 1:colcon.colcon_core.package_identification:_identify(src/cpp_pubsub) by extensions ['colcon_pkg']
[0.622s] Level 1:colcon.colcon_core.package_identification:_identify(src/cpp_pubsub) by extension 'colcon_pkg'
[0.622s] Level 1:colcon.colcon_core.package_identification:_identify(src/cpp_pubsub) by extensions ['colcon_meta']
[0.622s] Level 1:colcon.colcon_core.package_identification:_identify(src/cpp_pubsub) by extension 'colcon_meta'
[0.622s] Level 1:colcon.colcon_core.package_identification:_identify(src/cpp_pubsub) by extensions ['ros']
[0.622s] Level 1:colcon.colcon_core.package_identification:_identify(src/cpp_pubsub) by extension 'ros'
[0.656s] DEBUG:colcon.colcon_core.package_identification:Package 'src/cpp_pubsub' with type 'ros.ament_cmake' and name 'cpp_pubsub'
[0.657s] Level 1:colcon.colcon_core.package_identification:_identify(src/my_package) by extensions ['ignore', 'ignore_ament_install']
[0.657s] Level 1:colcon.colcon_core.package_identification:_identify(src/my_package) by extension 'ignore'
[0.657s] Level 1:colcon.colcon_core.package_identification:_identify(src/my_package) by extension 'ignore_ament_install'
[0.657s] Level 1:colcon.colcon_core.package_identification:_identify(src/my_package) by extensions ['colcon_pkg']
[0.657s] Level 1:colcon.colcon_core.package_identification:_identify(src/my_package) by extension 'colcon_pkg'
[0.658s] Level 1:colcon.colcon_core.package_identification:_identify(src/my_package) by extensions ['colcon_meta']
[0.658s] Level 1:colcon.colcon_core.package_identification:_identify(src/my_package) by extension 'colcon_meta'
[0.658s] Level 1:colcon.colcon_core.package_identification:_identify(src/my_package) by extensions ['ros']
[0.658s] Level 1:colcon.colcon_core.package_identification:_identify(src/my_package) by extension 'ros'
[0.659s] DEBUG:colcon.colcon_core.package_identification:Package 'src/my_package' with type 'ros.ament_cmake' and name 'my_package'
[0.659s] Level 1:colcon.colcon_core.package_identification:_identify(src/traffic_detect) by extensions ['ignore', 'ignore_ament_install']
[0.659s] Level 1:colcon.colcon_core.package_identification:_identify(src/traffic_detect) by extension 'ignore'
[0.660s] Level 1:colcon.colcon_core.package_identification:_identify(src/traffic_detect) by extension 'ignore_ament_install'
[0.660s] Level 1:colcon.colcon_core.package_identification:_identify(src/traffic_detect) by extensions ['colcon_pkg']
[0.660s] Level 1:colcon.colcon_core.package_identification:_identify(src/traffic_detect) by extension 'colcon_pkg'
[0.660s] Level 1:colcon.colcon_core.package_identification:_identify(src/traffic_detect) by extensions ['colcon_meta']
[0.660s] Level 1:colcon.colcon_core.package_identification:_identify(src/traffic_detect) by extension 'colcon_meta'
[0.660s] Level 1:colcon.colcon_core.package_identification:_identify(src/traffic_detect) by extensions ['ros']
[0.660s] Level 1:colcon.colcon_core.package_identification:_identify(src/traffic_detect) by extension 'ros'
[0.662s] DEBUG:colcon.colcon_core.package_identification:Package 'src/traffic_detect' with type 'ros.ament_cmake' and name 'traffic_detect'
[0.662s] Level 1:colcon.colcon_core.package_discovery:discover_packages(recursive) using defaults
[0.662s] Level 1:colcon.colcon_core.package_discovery:discover_packages(ignore) discover
[0.662s] Level 1:colcon.colcon_core.package_discovery:discover_packages(ignore) using defaults
[0.662s] Level 1:colcon.colcon_core.package_discovery:discover_packages(path) discover
[0.662s] Level 1:colcon.colcon_core.package_discovery:discover_packages(path) using defaults
[0.700s] Level 1:colcon.colcon_core.package_discovery:discover_packages(prefix_path) check parameters
[0.701s] Level 1:colcon.colcon_core.package_discovery:discover_packages(prefix_path) discover
[0.705s] DEBUG:colcon.colcon_installed_package_information.package_discovery:Found 302 installed packages in /opt/ros/humble
[0.708s] Level 1:colcon.colcon_core.package_discovery:discover_packages(prefix_path) using defaults
[0.791s] Level 5:colcon.colcon_core.verb:set package 'cpp_pubsub' build argument 'cmake_args' from command line to 'None'
[0.792s] Level 5:colcon.colcon_core.verb:set package 'cpp_pubsub' build argument 'cmake_target' from command line to 'None'
[0.792s] Level 5:colcon.colcon_core.verb:set package 'cpp_pubsub' build argument 'cmake_target_skip_unavailable' from command line to 'False'
[0.792s] Level 5:colcon.colcon_core.verb:set package 'cpp_pubsub' build argument 'cmake_clean_cache' from command line to 'False'
[0.792s] Level 5:colcon.colcon_core.verb:set package 'cpp_pubsub' build argument 'cmake_clean_first' from command line to 'False'
[0.792s] Level 5:colcon.colcon_core.verb:set package 'cpp_pubsub' build argument 'cmake_force_configure' from command line to 'False'
[0.792s] Level 5:colcon.colcon_core.verb:set package 'cpp_pubsub' build argument 'ament_cmake_args' from command line to 'None'
[0.792s] Level 5:colcon.colcon_core.verb:set package 'cpp_pubsub' build argument 'catkin_cmake_args' from command line to 'None'
[0.792s] Level 5:colcon.colcon_core.verb:set package 'cpp_pubsub' build argument 'catkin_skip_building_tests' from command line to 'False'
[0.792s] DEBUG:colcon.colcon_core.verb:Building package 'cpp_pubsub' with the following arguments: {'ament_cmake_args': None, 'build_base': '/home/main-user/Jetson-RT-Traffic-System/build/cpp_pubsub', 'catkin_cmake_args': None, 'catkin_skip_building_tests': False, 'cmake_args': None, 'cmake_clean_cache': False, 'cmake_clean_first': False, 'cmake_force_configure': False, 'cmake_target': None, 'cmake_target_skip_unavailable': False, 'install_base': '/home/main-user/Jetson-RT-Traffic-System/install/cpp_pubsub', 'merge_install': False, 'path': '/home/main-user/Jetson-RT-Traffic-System/src/cpp_pubsub', 'symlink_install': True, 'test_result_base': None}
[0.793s] Level 5:colcon.colcon_core.verb:set package 'my_package' build argument 'cmake_args' from command line to 'None'
[0.793s] Level 5:colcon.colcon_core.verb:set package 'my_package' build argument 'cmake_target' from command line to 'None'
[0.793s] Level 5:colcon.colcon_core.verb:set package 'my_package' build argument 'cmake_target_skip_unavailable' from command line to 'False'
[0.793s] Level 5:colcon.colcon_core.verb:set package 'my_package' build argument 'cmake_clean_cache' from command line to 'False'
[0.793s] Level 5:colcon.colcon_core.verb:set package 'my_package' build argument 'cmake_clean_first' from command line to 'False'
[0.793s] Level 5:colcon.colcon_core.verb:set package 'my_package' build argument 'cmake_force_configure' from command line to 'False'
[0.793s] Level 5:colcon.colcon_core.verb:set package 'my_package' build argument 'ament_cmake_args' from command line to 'None'
[0.793s] Level 5:colcon.colcon_core.verb:set package 'my_package' build argument 'catkin_cmake_args' from command line to 'None'
[0.793s] Level 5:colcon.colcon_core.verb:set package 'my_package' build argument 'catkin_skip_building_tests' from command line to 'False'
[0.794s] DEBUG:colcon.colcon_core.verb:Building package 'my_package' with the following arguments: {'ament_cmake_args': None, 'build_base': '/home/main-user/Jetson-RT-Traffic-System/build/my_package', 'catkin_cmake_args': None, 'catkin_skip_building_tests': False, 'cmake_args': None, 'cmake_clean_cache': False, 'cmake_clean_first': False, 'cmake_force_configure': False, 'cmake_target': None, 'cmake_target_skip_unavailable': False, 'install_base': '/home/main-user/Jetson-RT-Traffic-System/install/my_package', 'merge_install': False, 'path': '/home/main-user/Jetson-RT-Traffic-System/src/my_package', 'symlink_install': True, 'test_result_base': None}
[0.794s] Level 5:colcon.colcon_core.verb:set package 'traffic_detect' build argument 'cmake_args' from command line to 'None'
[0.794s] Level 5:colcon.colcon_core.verb:set package 'traffic_detect' build argument 'cmake_target' from command line to 'None'
[0.794s] Level 5:colcon.colcon_core.verb:set package 'traffic_detect' build argument 'cmake_target_skip_unavailable' from command line to 'False'
[0.794s] Level 5:colcon.colcon_core.verb:set package 'traffic_detect' build argument 'cmake_clean_cache' from command line to 'False'
[0.794s] Level 5:colcon.colcon_core.verb:set package 'traffic_detect' build argument 'cmake_clean_first' from command line to 'False'
[0.794s] Level 5:colcon.colcon_core.verb:set package 'traffic_detect' build argument 'cmake_force_configure' from command line to 'False'
[0.795s] Level 5:colcon.colcon_core.verb:set package 'traffic_detect' build argument 'ament_cmake_args' from command line to 'None'
[0.795s] Level 5:colcon.colcon_core.verb:set package 'traffic_detect' build argument 'catkin_cmake_args' from command line to 'None'
[0.795s] Level 5:colcon.colcon_core.verb:set package 'traffic_detect' build argument 'catkin_skip_building_tests' from command line to 'False'
[0.795s] DEBUG:colcon.colcon_core.verb:Building package 'traffic_detect' with the following arguments: {'ament_cmake_args': None, 'build_base': '/home/main-user/Jetson-RT-Traffic-System/build/traffic_detect', 'catkin_cmake_args': None, 'catkin_skip_building_tests': False, 'cmake_args': None, 'cmake_clean_cache': False, 'cmake_clean_first': False, 'cmake_force_configure': False, 'cmake_target': None, 'cmake_target_skip_unavailable': False, 'install_base': '/home/main-user/Jetson-RT-Traffic-System/install/traffic_detect', 'merge_install': False, 'path': '/home/main-user/Jetson-RT-Traffic-System/src/traffic_detect', 'symlink_install': True, 'test_result_base': None}
[0.795s] INFO:colcon.colcon_core.executor:Executing jobs using 'parallel' executor
[0.797s] DEBUG:colcon.colcon_parallel_executor.executor.parallel:run_until_complete
[0.798s] INFO:colcon.colcon_ros.task.ament_cmake.build:Building ROS package in '/home/main-user/Jetson-RT-Traffic-System/src/cpp_pubsub' with build type 'ament_cmake'
[0.798s] INFO:colcon.colcon_cmake.task.cmake.build:Building CMake package in '/home/main-user/Jetson-RT-Traffic-System/src/cpp_pubsub'
[0.803s] INFO:colcon.colcon_core.plugin_system:Skipping extension 'colcon_core.shell.bat': Not used on non-Windows systems
[0.803s] INFO:colcon.colcon_core.shell:Skip shell extension 'powershell' for command environment: Not usable outside of PowerShell
[0.803s] DEBUG:colcon.colcon_core.shell:Skip shell extension 'dsv' for command environment
[0.809s] INFO:colcon.colcon_ros.task.ament_cmake.build:Building ROS package in '/home/main-user/Jetson-RT-Traffic-System/src/my_package' with build type 'ament_cmake'
[0.810s] INFO:colcon.colcon_cmake.task.cmake.build:Building CMake package in '/home/main-user/Jetson-RT-Traffic-System/src/my_package'
[0.810s] INFO:colcon.colcon_core.shell:Skip shell extension 'powershell' for command environment: Not usable outside of PowerShell
[0.811s] DEBUG:colcon.colcon_core.shell:Skip shell extension 'dsv' for command environment
[0.816s] INFO:colcon.colcon_ros.task.ament_cmake.build:Building ROS package in '/home/main-user/Jetson-RT-Traffic-System/src/traffic_detect' with build type 'ament_cmake'
[0.816s] INFO:colcon.colcon_cmake.task.cmake.build:Building CMake package in '/home/main-user/Jetson-RT-Traffic-System/src/traffic_detect'
[0.817s] INFO:colcon.colcon_core.shell:Skip shell extension 'powershell' for command environment: Not usable outside of PowerShell
[0.817s] DEBUG:colcon.colcon_core.shell:Skip shell extension 'dsv' for command environment
[0.832s] DEBUG:colcon.colcon_core.event_handler.log_command:Invoking command in '/home/main-user/Jetson-RT-Traffic-System/build/cpp_pubsub': CMAKE_PREFIX_PATH=/opt/ros/humble /usr/bin/cmake --build /home/main-user/Jetson-RT-Traffic-System/build/cpp_pubsub -- -j6 -l6
[0.837s] DEBUG:colcon.colcon_core.event_handler.log_command:Invoking command in '/home/main-user/Jetson-RT-Traffic-System/build/my_package': CMAKE_PREFIX_PATH=/opt/ros/humble /usr/bin/cmake --build /home/main-user/Jetson-RT-Traffic-System/build/my_package -- -j6 -l6
[0.847s] DEBUG:colcon.colcon_core.event_handler.log_command:Invoking command in '/home/main-user/Jetson-RT-Traffic-System/build/traffic_detect': CMAKE_PREFIX_PATH=/opt/ros/humble /usr/bin/cmake --build /home/main-user/Jetson-RT-Traffic-System/build/traffic_detect -- -j6 -l6
[0.946s] DEBUG:colcon.colcon_core.event_handler.log_command:Invoked command in '/home/main-user/Jetson-RT-Traffic-System/build/my_package' returned '0': CMAKE_PREFIX_PATH=/opt/ros/humble /usr/bin/cmake --build /home/main-user/Jetson-RT-Traffic-System/build/my_package -- -j6 -l6
[0.967s] DEBUG:colcon.colcon_core.event_handler.log_command:Invoking command in '/home/main-user/Jetson-RT-Traffic-System/build/my_package': CMAKE_PREFIX_PATH=/opt/ros/humble /usr/bin/cmake --install /home/main-user/Jetson-RT-Traffic-System/build/my_package
[0.998s] DEBUG:colcon.colcon_core.event_handler.log_command:Invoked command in '/home/main-user/Jetson-RT-Traffic-System/build/traffic_detect' returned '0': CMAKE_PREFIX_PATH=/opt/ros/humble /usr/bin/cmake --build /home/main-user/Jetson-RT-Traffic-System/build/traffic_detect -- -j6 -l6
[1.002s] DEBUG:colcon.colcon_core.event_handler.log_command:Invoking command in '/home/main-user/Jetson-RT-Traffic-System/build/traffic_detect': CMAKE_PREFIX_PATH=/opt/ros/humble /usr/bin/cmake --install /home/main-user/Jetson-RT-Traffic-System/build/traffic_detect
[1.011s] Level 1:colcon.colcon_core.environment:create_environment_scripts_only(my_package)
[1.013s] DEBUG:colcon.colcon_core.event_handler.log_command:Invoked command in '/home/main-user/Jetson-RT-Traffic-System/build/my_package' returned '0': CMAKE_PREFIX_PATH=/opt/ros/humble /usr/bin/cmake --install /home/main-user/Jetson-RT-Traffic-System/build/my_package
[1.022s] Level 1:colcon.colcon_core.environment:checking '/home/main-user/Jetson-RT-Traffic-System/install/my_package' for CMake module files
[1.024s] Level 1:colcon.colcon_core.environment:checking '/home/main-user/Jetson-RT-Traffic-System/install/my_package' for CMake config files
[1.026s] Level 1:colcon.colcon_core.shell:create_environment_hook('my_package', 'cmake_prefix_path')
[1.027s] INFO:colcon.colcon_core.shell:Creating environment hook '/home/main-user/Jetson-RT-Traffic-System/install/my_package/share/my_package/hook/cmake_prefix_path.ps1'
[1.029s] INFO:colcon.colcon_core.shell:Creating environment descriptor '/home/main-user/Jetson-RT-Traffic-System/install/my_package/share/my_package/hook/cmake_prefix_path.dsv'
[1.031s] INFO:colcon.colcon_core.shell:Creating environment hook '/home/main-user/Jetson-RT-Traffic-System/install/my_package/share/my_package/hook/cmake_prefix_path.sh'
[1.035s] Level 1:colcon.colcon_core.environment:checking '/home/main-user/Jetson-RT-Traffic-System/install/my_package/lib'
[1.036s] Level 1:colcon.colcon_core.environment:checking '/home/main-user/Jetson-RT-Traffic-System/install/my_package/bin'
[1.036s] Level 1:colcon.colcon_core.environment:checking '/home/main-user/Jetson-RT-Traffic-System/install/my_package/lib/pkgconfig/my_package.pc'
[1.037s] Level 1:colcon.colcon_core.environment:checking '/home/main-user/Jetson-RT-Traffic-System/install/my_package/lib/python3.10/site-packages'
[1.037s] Level 1:colcon.colcon_core.environment:checking '/home/main-user/Jetson-RT-Traffic-System/install/my_package/bin'
[1.038s] INFO:colcon.colcon_core.shell:Creating package script '/home/main-user/Jetson-RT-Traffic-System/install/my_package/share/my_package/package.ps1'
[1.041s] INFO:colcon.colcon_core.shell:Creating package descriptor '/home/main-user/Jetson-RT-Traffic-System/install/my_package/share/my_package/package.dsv'
[1.043s] INFO:colcon.colcon_core.shell:Creating package script '/home/main-user/Jetson-RT-Traffic-System/install/my_package/share/my_package/package.sh'
[1.046s] INFO:colcon.colcon_core.shell:Creating package script '/home/main-user/Jetson-RT-Traffic-System/install/my_package/share/my_package/package.bash'
[1.048s] INFO:colcon.colcon_core.shell:Creating package script '/home/main-user/Jetson-RT-Traffic-System/install/my_package/share/my_package/package.zsh'
[1.051s] Level 1:colcon.colcon_core.environment:create_file_with_runtime_dependencies(/home/main-user/Jetson-RT-Traffic-System/install/my_package/share/colcon-core/packages/my_package)
[1.053s] Level 1:colcon.colcon_core.environment:create_environment_scripts_only(my_package)
[1.054s] Level 1:colcon.colcon_core.environment:checking '/home/main-user/Jetson-RT-Traffic-System/install/my_package' for CMake module files
[1.055s] Level 1:colcon.colcon_core.environment:checking '/home/main-user/Jetson-RT-Traffic-System/install/my_package' for CMake config files
[1.055s] Level 1:colcon.colcon_core.shell:create_environment_hook('my_package', 'cmake_prefix_path')
[1.056s] INFO:colcon.colcon_core.shell:Creating environment hook '/home/main-user/Jetson-RT-Traffic-System/install/my_package/share/my_package/hook/cmake_prefix_path.ps1'
[1.057s] INFO:colcon.colcon_core.shell:Creating environment descriptor '/home/main-user/Jetson-RT-Traffic-System/install/my_package/share/my_package/hook/cmake_prefix_path.dsv'
[1.058s] INFO:colcon.colcon_core.shell:Creating environment hook '/home/main-user/Jetson-RT-Traffic-System/install/my_package/share/my_package/hook/cmake_prefix_path.sh'
[1.060s] Level 1:colcon.colcon_core.environment:checking '/home/main-user/Jetson-RT-Traffic-System/install/my_package/lib'
[1.060s] Level 1:colcon.colcon_core.environment:checking '/home/main-user/Jetson-RT-Traffic-System/install/my_package/bin'
[1.060s] Level 1:colcon.colcon_core.environment:checking '/home/main-user/Jetson-RT-Traffic-System/install/my_package/lib/pkgconfig/my_package.pc'
[1.061s] Level 1:colcon.colcon_core.environment:checking '/home/main-user/Jetson-RT-Traffic-System/install/my_package/lib/python3.10/site-packages'
[1.062s] Level 1:colcon.colcon_core.environment:checking '/home/main-user/Jetson-RT-Traffic-System/install/my_package/bin'
[1.063s] INFO:colcon.colcon_core.shell:Creating package script '/home/main-user/Jetson-RT-Traffic-System/install/my_package/share/my_package/package.ps1'
[1.066s] INFO:colcon.colcon_core.shell:Creating package descriptor '/home/main-user/Jetson-RT-Traffic-System/install/my_package/share/my_package/package.dsv'
[1.067s] INFO:colcon.colcon_core.shell:Creating package script '/home/main-user/Jetson-RT-Traffic-System/install/my_package/share/my_package/package.sh'
[1.070s] INFO:colcon.colcon_core.shell:Creating package script '/home/main-user/Jetson-RT-Traffic-System/install/my_package/share/my_package/package.bash'
[1.072s] INFO:colcon.colcon_core.shell:Creating package script '/home/main-user/Jetson-RT-Traffic-System/install/my_package/share/my_package/package.zsh'
[1.073s] Level 1:colcon.colcon_core.environment:create_file_with_runtime_dependencies(/home/main-user/Jetson-RT-Traffic-System/install/my_package/share/colcon-core/packages/my_package)
[1.103s] DEBUG:colcon.colcon_core.event_handler.log_command:Invoked command in '/home/main-user/Jetson-RT-Traffic-System/build/cpp_pubsub' returned '2': CMAKE_PREFIX_PATH=/opt/ros/humble /usr/bin/cmake --build /home/main-user/Jetson-RT-Traffic-System/build/cpp_pubsub -- -j6 -l6
[1.105s] Level 1:colcon.colcon_core.environment:create_environment_scripts_only(cpp_pubsub)
[1.105s] Level 1:colcon.colcon_core.environment:checking '/home/main-user/Jetson-RT-Traffic-System/install/cpp_pubsub' for CMake module files
[1.107s] Level 1:colcon.colcon_core.environment:checking '/home/main-user/Jetson-RT-Traffic-System/install/cpp_pubsub' for CMake config files
[1.108s] Level 1:colcon.colcon_core.environment:checking '/home/main-user/Jetson-RT-Traffic-System/install/cpp_pubsub/bin'
[1.108s] Level 1:colcon.colcon_core.environment:checking '/home/main-user/Jetson-RT-Traffic-System/install/cpp_pubsub/lib/pkgconfig/cpp_pubsub.pc'
[1.109s] Level 1:colcon.colcon_core.environment:checking '/home/main-user/Jetson-RT-Traffic-System/install/cpp_pubsub/lib/python3.10/site-packages'
[1.110s] Level 1:colcon.colcon_core.environment:checking '/home/main-user/Jetson-RT-Traffic-System/install/cpp_pubsub/bin'
[1.111s] INFO:colcon.colcon_core.shell:Creating package script '/home/main-user/Jetson-RT-Traffic-System/install/cpp_pubsub/share/cpp_pubsub/package.ps1'
[1.113s] INFO:colcon.colcon_core.shell:Creating package descriptor '/home/main-user/Jetson-RT-Traffic-System/install/cpp_pubsub/share/cpp_pubsub/package.dsv'
[1.114s] INFO:colcon.colcon_core.shell:Creating package script '/home/main-user/Jetson-RT-Traffic-System/install/cpp_pubsub/share/cpp_pubsub/package.sh'
[1.116s] INFO:colcon.colcon_core.shell:Creating package script '/home/main-user/Jetson-RT-Traffic-System/install/cpp_pubsub/share/cpp_pubsub/package.bash'
[1.118s] INFO:colcon.colcon_core.shell:Creating package script '/home/main-user/Jetson-RT-Traffic-System/install/cpp_pubsub/share/cpp_pubsub/package.zsh'
[1.120s] Level 1:colcon.colcon_core.environment:create_file_with_runtime_dependencies(/home/main-user/Jetson-RT-Traffic-System/install/cpp_pubsub/share/colcon-core/packages/cpp_pubsub)
[1.321s] DEBUG:colcon.colcon_parallel_executor.executor.parallel:closing loop
[1.322s] DEBUG:colcon.colcon_parallel_executor.executor.parallel:loop closed
[1.322s] DEBUG:colcon.colcon_parallel_executor.executor.parallel:run_until_complete finished with '2'
[1.322s] DEBUG:colcon.colcon_core.event_reactor:joining thread
[1.339s] INFO:colcon.colcon_core.plugin_system:Skipping extension 'colcon_notification.desktop_notification.terminal_notifier': Not used on non-Darwin systems
[1.340s] INFO:colcon.colcon_core.plugin_system:Skipping extension 'colcon_notification.desktop_notification.win32': Not used on non-Windows systems
[1.340s] INFO:colcon.colcon_notification.desktop_notification:Sending desktop notification using 'notify2'
[1.374s] DEBUG:colcon.colcon_core.event_reactor:joined thread
[1.376s] INFO:colcon.colcon_core.shell:Creating prefix script '/home/main-user/Jetson-RT-Traffic-System/install/local_setup.ps1'
[1.380s] INFO:colcon.colcon_core.shell:Creating prefix util module '/home/main-user/Jetson-RT-Traffic-System/install/_local_setup_util_ps1.py'
[1.385s] INFO:colcon.colcon_core.shell:Creating prefix chain script '/home/main-user/Jetson-RT-Traffic-System/install/setup.ps1'
[1.389s] INFO:colcon.colcon_core.shell:Creating prefix script '/home/main-user/Jetson-RT-Traffic-System/install/local_setup.sh'
[1.391s] INFO:colcon.colcon_core.shell:Creating prefix util module '/home/main-user/Jetson-RT-Traffic-System/install/_local_setup_util_sh.py'
[1.393s] INFO:colcon.colcon_core.shell:Creating prefix chain script '/home/main-user/Jetson-RT-Traffic-System/install/setup.sh'
[1.397s] INFO:colcon.colcon_core.shell:Creating prefix script '/home/main-user/Jetson-RT-Traffic-System/install/local_setup.bash'
[1.400s] INFO:colcon.colcon_core.shell:Creating prefix chain script '/home/main-user/Jetson-RT-Traffic-System/install/setup.bash'
[1.403s] INFO:colcon.colcon_core.shell:Creating prefix script '/home/main-user/Jetson-RT-Traffic-System/install/local_setup.zsh'
[1.405s] INFO:colcon.colcon_core.shell:Creating prefix chain script '/home/main-user/Jetson-RT-Traffic-System/install/setup.zsh'
