[0.022s] Invoking command in '/home/main-user/Jetson-RT-Traffic-System/build/my_package': CMAKE_PREFIX_PATH=${CMAKE_PREFIX_PATH}:/opt/ros/humble /usr/bin/cmake --build /home/main-user/Jetson-RT-Traffic-System/build/my_package -- -j6 -l6
[0.103s] [100%] Built target my_node
[0.129s] Invoked command in '/home/main-user/Jetson-RT-Traffic-System/build/my_package' returned '0': CMAKE_PREFIX_PATH=${CMAKE_PREFIX_PATH}:/opt/ros/humble /usr/bin/cmake --build /home/main-user/Jetson-RT-Traffic-System/build/my_package -- -j6 -l6
[0.155s] Invoking command in '/home/main-user/Jetson-RT-Traffic-System/build/my_package': CMAKE_PREFIX_PATH=${CMAKE_PREFIX_PATH}:/opt/ros/humble /usr/bin/cmake --install /home/main-user/Jetson-RT-Traffic-System/build/my_package
[0.172s] -- Install configuration: ""
[0.173s] -- Up-to-date: /home/main-user/Jetson-RT-Traffic-System/install/my_package/lib/my_package/my_node
[0.174s] -- Up-to-date: /home/main-user/Jetson-RT-Traffic-System/install/my_package/share/ament_index/resource_index/package_run_dependencies/my_package
[0.174s] -- Up-to-date: /home/main-user/Jetson-RT-Traffic-System/install/my_package/share/ament_index/resource_index/parent_prefix_path/my_package
[0.175s] -- Up-to-date: /home/main-user/Jetson-RT-Traffic-System/install/my_package/share/my_package/environment/ament_prefix_path.sh
[0.176s] -- Up-to-date: /home/main-user/Jetson-RT-Traffic-System/install/my_package/share/my_package/environment/ament_prefix_path.dsv
[0.176s] -- Up-to-date: /home/main-user/Jetson-RT-Traffic-System/install/my_package/share/my_package/environment/path.sh
[0.178s] -- Up-to-date: /home/main-user/Jetson-RT-Traffic-System/install/my_package/share/my_package/environment/path.dsv
[0.179s] -- Up-to-date: /home/main-user/Jetson-RT-Traffic-System/install/my_package/share/my_package/local_setup.bash
[0.179s] -- Up-to-date: /home/main-user/Jetson-RT-Traffic-System/install/my_package/share/my_package/local_setup.sh
[0.181s] -- Up-to-date: /home/main-user/Jetson-RT-Traffic-System/install/my_package/share/my_package/local_setup.zsh
[0.183s] -- Up-to-date: /home/main-user/Jetson-RT-Traffic-System/install/my_package/share/my_package/local_setup.dsv
[0.186s] -- Installing: /home/main-user/Jetson-RT-Traffic-System/install/my_package/share/my_package/package.dsv
[0.186s] -- Up-to-date: /home/main-user/Jetson-RT-Traffic-System/install/my_package/share/ament_index/resource_index/packages/my_package
[0.187s] -- Up-to-date: /home/main-user/Jetson-RT-Traffic-System/install/my_package/share/my_package/cmake/my_packageConfig.cmake
[0.188s] -- Up-to-date: /home/main-user/Jetson-RT-Traffic-System/install/my_package/share/my_package/cmake/my_packageConfig-version.cmake
[0.190s] -- Up-to-date: /home/main-user/Jetson-RT-Traffic-System/install/my_package/share/my_package/package.xml
