[0.018s] Invoking command in '/home/nvidia/Jetson-RT-Traffic-System/src/traffic_detect/build/traffic_detect': CMAKE_PREFIX_PATH=${CMAKE_PREFIX_PATH}:/opt/ros/humble /usr/bin/cmake /home/nvidia/Jetson-RT-Traffic-System/src/traffic_detect -DAMENT_CMAKE_SYMLINK_INSTALL=1 -DCMAKE_INSTALL_PREFIX=/home/nvidia/Jetson-RT-Traffic-System/src/traffic_detect/install/traffic_detect
[0.140s] -- The C compiler identification is GNU 11.4.0
[0.264s] -- The CXX compiler identification is GNU 11.4.0
[0.285s] -- Detecting C compiler ABI info
[0.442s] -- Detecting C compiler ABI info - done
[0.468s] -- Check for working C compiler: /usr/bin/cc - skipped
[0.469s] -- Detecting C compile features
[0.470s] -- Detecting C compile features - done
[0.481s] -- Detecting CXX compiler ABI info
[0.655s] -- Detecting CXX compiler ABI info - done
[0.681s] -- Check for working CXX compiler: /usr/bin/c++ - skipped
[0.682s] -- Detecting CXX compile features
[0.684s] -- Detecting CXX compile features - done
[0.693s] -- Found ament_cmake: 1.3.11 (/opt/ros/humble/share/ament_cmake/cmake)
[1.038s] -- Found Python3: /usr/bin/python3 (found version "3.10.12") found components: Interpreter 
[1.191s] -- Override CMake install command with custom implementation using symlinks instead of copying resources
[1.262s] -- Found rclcpp: 16.0.12 (/opt/ros/humble/share/rclcpp/cmake)
[1.350s] -- Found rosidl_generator_c: 3.1.6 (/opt/ros/humble/share/rosidl_generator_c/cmake)
[1.359s] -- Found rosidl_adapter: 3.1.6 (/opt/ros/humble/share/rosidl_adapter/cmake)
[1.376s] -- Found rosidl_generator_cpp: 3.1.6 (/opt/ros/humble/share/rosidl_generator_cpp/cmake)
[1.401s] -- Using all available rosidl_typesupport_c: rosidl_typesupport_fastrtps_c;rosidl_typesupport_introspection_c
[1.434s] -- Using all available rosidl_typesupport_cpp: rosidl_typesupport_fastrtps_cpp;rosidl_typesupport_introspection_cpp
[1.522s] -- Found rmw_implementation_cmake: 6.1.2 (/opt/ros/humble/share/rmw_implementation_cmake/cmake)
[1.527s] -- Found rmw_fastrtps_cpp: 6.2.7 (/opt/ros/humble/share/rmw_fastrtps_cpp/cmake)
[1.694s] -- Found OpenSSL: /usr/lib/aarch64-linux-gnu/libcrypto.so (found version "3.0.2")  
[1.755s] -- Found FastRTPS: /opt/ros/humble/include  
[1.836s] -- Using RMW implementation 'rmw_fastrtps_cpp' as default
[1.853s] -- Looking for pthread.h
[2.010s] -- Looking for pthread.h - found
[2.012s] -- Performing Test CMAKE_HAVE_LIBC_PTHREAD
[2.178s] -- Performing Test CMAKE_HAVE_LIBC_PTHREAD - Success
[2.181s] -- Found Threads: TRUE  
[2.306s] -- Found sensor_msgs: 4.8.0 (/opt/ros/humble/share/sensor_msgs/cmake)
[2.377s] -- Found OpenCV: /usr (found version "4.8.0") 
[2.380s] -- Found cv_bridge: 3.2.1 (/opt/ros/humble/share/cv_bridge/cmake)
[2.484s] -- Found CUDA: /usr/local/cuda-12.6 (found version "12.6") 
[2.491s] -- Found ament_lint_auto: 0.12.12 (/opt/ros/humble/share/ament_lint_auto/cmake)
[2.724s] -- Added test 'cppcheck' to perform static code analysis on C / C++ code
[2.724s] -- Configured cppcheck include dirs: /home/nvidia/Jetson-RT-Traffic-System/src/traffic_detect/include;/home/nvidia/Jetson-RT-Traffic-System/src/traffic_detect/Threads::Threads;/home/nvidia/Jetson-RT-Traffic-System/src/traffic_detect/dl
[2.724s] -- Configured cppcheck exclude dirs and/or files: 
[2.730s] -- Added test 'flake8' to check Python code syntax and style conventions
[2.740s] -- Added test 'lint_cmake' to check CMake code style
[2.745s] -- Added test 'pep257' to check Python code against some of the docstring style conventions in PEP 257
[2.783s] -- Added test 'uncrustify' to check C / C++ code style
[2.783s] -- Configured uncrustify additional arguments: 
[2.788s] -- Added test 'xmllint' to check XML markup files
[2.791s] -- Configuring done
[2.817s] -- Generating done
[2.825s] -- Build files have been written to: /home/nvidia/Jetson-RT-Traffic-System/src/traffic_detect/build/traffic_detect
[2.856s] Invoked command in '/home/nvidia/Jetson-RT-Traffic-System/src/traffic_detect/build/traffic_detect' returned '0': CMAKE_PREFIX_PATH=${CMAKE_PREFIX_PATH}:/opt/ros/humble /usr/bin/cmake /home/nvidia/Jetson-RT-Traffic-System/src/traffic_detect -DAMENT_CMAKE_SYMLINK_INSTALL=1 -DCMAKE_INSTALL_PREFIX=/home/nvidia/Jetson-RT-Traffic-System/src/traffic_detect/install/traffic_detect
[2.862s] Invoking command in '/home/nvidia/Jetson-RT-Traffic-System/src/traffic_detect/build/traffic_detect': CMAKE_PREFIX_PATH=${CMAKE_PREFIX_PATH}:/opt/ros/humble /usr/bin/cmake --build /home/nvidia/Jetson-RT-Traffic-System/src/traffic_detect/build/traffic_detect -- -j6 -l6
[2.955s] [35m[1mConsolidate compiler generated dependencies of target traffic_detect_node[0m
[2.999s] [ 50%] [32mBuilding CXX object CMakeFiles/traffic_detect_node.dir/src/main.cpp.o[0m
[3.009s] [01m[Kcc1plus:[m[K [01;35m[Kwarning: [m[K/usr/local/cuda-12.6/lib64/libcudart_static.a: not a directory
[3.010s] [01m[Kcc1plus:[m[K [01;35m[Kwarning: [m[K/usr/lib/aarch64-linux-gnu/librt.a: not a directory
[3.708s] In file included from [01m[K/usr/include/aarch64-linux-gnu/NvInferLegacyDims.h:22[m[K,
[3.708s]                  from [01m[K/usr/include/aarch64-linux-gnu/NvInfer.h:21[m[K,
[3.709s]                  from [01m[K/home/nvidia/Jetson-RT-Traffic-System/src/traffic_detect/src/main.cpp:9[m[K:
[3.709s] [01m[K/usr/include/aarch64-linux-gnu/NvInferRuntimeBase.h:24:10:[m[K [01;31m[Kfatal error: [m[Kcuda_runtime_api.h: No such file or directory
[3.709s]    24 | #include [01;31m[K<cuda_runtime_api.h>[m[K
[3.709s]       |          [01;31m[K^~~~~~~~~~~~~~~~~~~~[m[K
[3.710s] compilation terminated.
[3.717s] gmake[2]: *** [CMakeFiles/traffic_detect_node.dir/build.make:76: CMakeFiles/traffic_detect_node.dir/src/main.cpp.o] Error 1
[3.717s] gmake[1]: *** [CMakeFiles/Makefile2:137: CMakeFiles/traffic_detect_node.dir/all] Error 2
[3.718s] gmake: *** [Makefile:146: all] Error 2
[3.726s] Invoked command in '/home/nvidia/Jetson-RT-Traffic-System/src/traffic_detect/build/traffic_detect' returned '2': CMAKE_PREFIX_PATH=${CMAKE_PREFIX_PATH}:/opt/ros/humble /usr/bin/cmake --build /home/nvidia/Jetson-RT-Traffic-System/src/traffic_detect/build/traffic_detect -- -j6 -l6
