[0.027s] Invoking command in '/home/nvidia/Jetson-RT-Traffic-System/build/traffic_detect': CMAKE_PREFIX_PATH=${CMAKE_PREFIX_PATH}:/opt/ros/humble /usr/bin/cmake --build /home/nvidia/Jetson-RT-Traffic-System/build/traffic_detect -- -j6 -l6
[0.119s] [35m[1mConsolidate compiler generated dependencies of target traffic_detect_node[0m
[0.163s] [ 50%] [32mBuilding CXX object CMakeFiles/traffic_detect_node.dir/src/main.cpp.o[0m
[0.171s] [01m[Kcc1plus:[m[K [01;35m[Kwarning: [m[K/usr/local/cuda-12.6/lib64/libcudart_static.a: not a directory
[0.172s] [01m[Kcc1plus:[m[K [01;35m[Kwarning: [m[K/usr/lib/aarch64-linux-gnu/librt.a: not a directory
[26.570s] [100%] [32m[1mLinking CXX executable traffic_detect_node[0m
[27.141s] /usr/bin/ld: warning: libopencv_imgcodecs.so.4.5d, needed by /opt/ros/humble/lib/libcv_bridge.so, may conflict with libopencv_imgcodecs.so.408
[27.142s] /usr/bin/ld: warning: libopencv_imgproc.so.4.5d, needed by /opt/ros/humble/lib/libcv_bridge.so, may conflict with libopencv_imgproc.so.408
[27.143s] /usr/bin/ld: warning: libopencv_core.so.4.5d, needed by /opt/ros/humble/lib/libcv_bridge.so, may conflict with libopencv_core.so.408
[28.386s] [100%] Built target traffic_detect_node
[28.412s] Invoked command in '/home/nvidia/Jetson-RT-Traffic-System/build/traffic_detect' returned '0': CMAKE_PREFIX_PATH=${CMAKE_PREFIX_PATH}:/opt/ros/humble /usr/bin/cmake --build /home/nvidia/Jetson-RT-Traffic-System/build/traffic_detect -- -j6 -l6
[28.436s] Invoking command in '/home/nvidia/Jetson-RT-Traffic-System/build/traffic_detect': CMAKE_PREFIX_PATH=${CMAKE_PREFIX_PATH}:/opt/ros/humble /usr/bin/cmake --install /home/nvidia/Jetson-RT-Traffic-System/build/traffic_detect
[28.452s] -- Install configuration: ""
[28.453s] -- Installing: /home/nvidia/Jetson-RT-Traffic-System/install/traffic_detect/lib/traffic_detect/traffic_detect_node
[28.466s] -- Set runtime path of "/home/nvidia/Jetson-RT-Traffic-System/install/traffic_detect/lib/traffic_detect/traffic_detect_node" to ""
[28.466s] -- Up-to-date: /home/nvidia/Jetson-RT-Traffic-System/install/traffic_detect/share/ament_index/resource_index/package_run_dependencies/traffic_detect
[28.466s] -- Up-to-date: /home/nvidia/Jetson-RT-Traffic-System/install/traffic_detect/share/ament_index/resource_index/parent_prefix_path/traffic_detect
[28.466s] -- Up-to-date: /home/nvidia/Jetson-RT-Traffic-System/install/traffic_detect/share/traffic_detect/environment/ament_prefix_path.sh
[28.466s] -- Up-to-date: /home/nvidia/Jetson-RT-Traffic-System/install/traffic_detect/share/traffic_detect/environment/ament_prefix_path.dsv
[28.467s] -- Up-to-date: /home/nvidia/Jetson-RT-Traffic-System/install/traffic_detect/share/traffic_detect/environment/path.sh
[28.467s] -- Up-to-date: /home/nvidia/Jetson-RT-Traffic-System/install/traffic_detect/share/traffic_detect/environment/path.dsv
[28.467s] -- Up-to-date: /home/nvidia/Jetson-RT-Traffic-System/install/traffic_detect/share/traffic_detect/local_setup.bash
[28.467s] -- Up-to-date: /home/nvidia/Jetson-RT-Traffic-System/install/traffic_detect/share/traffic_detect/local_setup.sh
[28.467s] -- Up-to-date: /home/nvidia/Jetson-RT-Traffic-System/install/traffic_detect/share/traffic_detect/local_setup.zsh
[28.468s] -- Up-to-date: /home/nvidia/Jetson-RT-Traffic-System/install/traffic_detect/share/traffic_detect/local_setup.dsv
[28.468s] -- Installing: /home/nvidia/Jetson-RT-Traffic-System/install/traffic_detect/share/traffic_detect/package.dsv
[28.468s] -- Up-to-date: /home/nvidia/Jetson-RT-Traffic-System/install/traffic_detect/share/ament_index/resource_index/packages/traffic_detect
[28.468s] -- Up-to-date: /home/nvidia/Jetson-RT-Traffic-System/install/traffic_detect/share/traffic_detect/cmake/traffic_detectConfig.cmake
[28.468s] -- Up-to-date: /home/nvidia/Jetson-RT-Traffic-System/install/traffic_detect/share/traffic_detect/cmake/traffic_detectConfig-version.cmake
[28.468s] -- Up-to-date: /home/nvidia/Jetson-RT-Traffic-System/install/traffic_detect/share/traffic_detect/package.xml
[28.472s] Invoked command in '/home/nvidia/Jetson-RT-Traffic-System/build/traffic_detect' returned '0': CMAKE_PREFIX_PATH=${CMAKE_PREFIX_PATH}:/opt/ros/humble /usr/bin/cmake --install /home/nvidia/Jetson-RT-Traffic-System/build/traffic_detect
