running egg_info
creating ../../build/videopub/videopub.egg-info
writing ../../build/videopub/videopub.egg-info/PKG-INFO
writing dependency_links to ../../build/videopub/videopub.egg-info/dependency_links.txt
writing entry points to ../../build/videopub/videopub.egg-info/entry_points.txt
writing requirements to ../../build/videopub/videopub.egg-info/requires.txt
writing top-level names to ../../build/videopub/videopub.egg-info/top_level.txt
writing manifest file '../../build/videopub/videopub.egg-info/SOURCES.txt'
reading manifest file '../../build/videopub/videopub.egg-info/SOURCES.txt'
writing manifest file '../../build/videopub/videopub.egg-info/SOURCES.txt'
running build
running build_py
creating /home/nvidia/Jetson-RT-Traffic-System/build/videopub/build
creating /home/nvidia/Jetson-RT-Traffic-System/build/videopub/build/lib
creating /home/nvidia/Jetson-RT-Traffic-System/build/videopub/build/lib/videopub
copying videopub/__init__.py -> /home/nvidia/Jetson-RT-Traffic-System/build/videopub/build/lib/videopub
copying videopub/video_publisher.py -> /home/nvidia/Jetson-RT-Traffic-System/build/videopub/build/lib/videopub
running install
running install_lib
creating /home/nvidia/Jetson-RT-Traffic-System/install/videopub/lib/python3.10/site-packages/videopub
copying /home/nvidia/Jetson-RT-Traffic-System/build/videopub/build/lib/videopub/__init__.py -> /home/nvidia/Jetson-RT-Traffic-System/install/videopub/lib/python3.10/site-packages/videopub
copying /home/nvidia/Jetson-RT-Traffic-System/build/videopub/build/lib/videopub/video_publisher.py -> /home/nvidia/Jetson-RT-Traffic-System/install/videopub/lib/python3.10/site-packages/videopub
byte-compiling /home/nvidia/Jetson-RT-Traffic-System/install/videopub/lib/python3.10/site-packages/videopub/__init__.py to __init__.cpython-310.pyc
byte-compiling /home/nvidia/Jetson-RT-Traffic-System/install/videopub/lib/python3.10/site-packages/videopub/video_publisher.py to video_publisher.cpython-310.pyc
running install_data
creating /home/nvidia/Jetson-RT-Traffic-System/install/videopub/share/ament_index
creating /home/nvidia/Jetson-RT-Traffic-System/install/videopub/share/ament_index/resource_index
creating /home/nvidia/Jetson-RT-Traffic-System/install/videopub/share/ament_index/resource_index/packages
copying resource/videopub -> /home/nvidia/Jetson-RT-Traffic-System/install/videopub/share/ament_index/resource_index/packages
copying package.xml -> /home/nvidia/Jetson-RT-Traffic-System/install/videopub/share/videopub
running install_egg_info
Copying ../../build/videopub/videopub.egg-info to /home/nvidia/Jetson-RT-Traffic-System/install/videopub/lib/python3.10/site-packages/videopub-0.0.0-py3.10.egg-info
running install_scripts
Installing video_publisher script to /home/nvidia/Jetson-RT-Traffic-System/install/videopub/lib/videopub
writing list of installed files to '/home/nvidia/Jetson-RT-Traffic-System/build/videopub/install.log'
