[1.346s] Invoking command in '/home/nvidia/Jetson-RT-Traffic-System/src/videopub': PYTHONPATH=/home/nvidia/Jetson-RT-Traffic-System/build/videopub/prefix_override:/usr/lib/python3/dist-packages/colcon_core/task/python/colcon_distutils_commands:/home/nvidia/Jetson-RT-Traffic-System/install/videopub/lib/python3.10/site-packages:${PYTHONPATH} /usr/bin/python3 -W ignore:setup.py install is deprecated -W ignore:easy_install command is deprecated setup.py egg_info --egg-base ../../build/videopub build --build-base /home/nvidia/Jetson-RT-Traffic-System/build/videopub/build install --record /home/nvidia/Jetson-RT-Traffic-System/build/videopub/install.log --single-version-externally-managed install_data
[1.880s] running egg_info
[1.882s] creating ../../build/videopub/videopub.egg-info
[1.882s] writing ../../build/videopub/videopub.egg-info/PKG-INFO
[1.883s] writing dependency_links to ../../build/videopub/videopub.egg-info/dependency_links.txt
[1.883s] writing entry points to ../../build/videopub/videopub.egg-info/entry_points.txt
[1.883s] writing requirements to ../../build/videopub/videopub.egg-info/requires.txt
[1.883s] writing top-level names to ../../build/videopub/videopub.egg-info/top_level.txt
[1.884s] writing manifest file '../../build/videopub/videopub.egg-info/SOURCES.txt'
[1.888s] reading manifest file '../../build/videopub/videopub.egg-info/SOURCES.txt'
[1.889s] writing manifest file '../../build/videopub/videopub.egg-info/SOURCES.txt'
[1.889s] running build
[1.890s] running build_py
[1.890s] creating /home/nvidia/Jetson-RT-Traffic-System/build/videopub/build
[1.890s] creating /home/nvidia/Jetson-RT-Traffic-System/build/videopub/build/lib
[1.890s] creating /home/nvidia/Jetson-RT-Traffic-System/build/videopub/build/lib/videopub
[1.890s] copying videopub/__init__.py -> /home/nvidia/Jetson-RT-Traffic-System/build/videopub/build/lib/videopub
[1.891s] copying videopub/video_publisher.py -> /home/nvidia/Jetson-RT-Traffic-System/build/videopub/build/lib/videopub
[1.891s] running install
[1.892s] running install_lib
[1.893s] creating /home/nvidia/Jetson-RT-Traffic-System/install/videopub/lib/python3.10/site-packages/videopub
[1.893s] copying /home/nvidia/Jetson-RT-Traffic-System/build/videopub/build/lib/videopub/__init__.py -> /home/nvidia/Jetson-RT-Traffic-System/install/videopub/lib/python3.10/site-packages/videopub
[1.894s] copying /home/nvidia/Jetson-RT-Traffic-System/build/videopub/build/lib/videopub/video_publisher.py -> /home/nvidia/Jetson-RT-Traffic-System/install/videopub/lib/python3.10/site-packages/videopub
[1.895s] byte-compiling /home/nvidia/Jetson-RT-Traffic-System/install/videopub/lib/python3.10/site-packages/videopub/__init__.py to __init__.cpython-310.pyc
[1.896s] byte-compiling /home/nvidia/Jetson-RT-Traffic-System/install/videopub/lib/python3.10/site-packages/videopub/video_publisher.py to video_publisher.cpython-310.pyc
[1.897s] running install_data
[1.897s] creating /home/nvidia/Jetson-RT-Traffic-System/install/videopub/share/ament_index
[1.897s] creating /home/nvidia/Jetson-RT-Traffic-System/install/videopub/share/ament_index/resource_index
[1.897s] creating /home/nvidia/Jetson-RT-Traffic-System/install/videopub/share/ament_index/resource_index/packages
[1.898s] copying resource/videopub -> /home/nvidia/Jetson-RT-Traffic-System/install/videopub/share/ament_index/resource_index/packages
[1.898s] copying package.xml -> /home/nvidia/Jetson-RT-Traffic-System/install/videopub/share/videopub
[1.898s] running install_egg_info
[1.902s] Copying ../../build/videopub/videopub.egg-info to /home/nvidia/Jetson-RT-Traffic-System/install/videopub/lib/python3.10/site-packages/videopub-0.0.0-py3.10.egg-info
[1.904s] running install_scripts
[1.955s] Installing video_publisher script to /home/nvidia/Jetson-RT-Traffic-System/install/videopub/lib/videopub
[1.955s] writing list of installed files to '/home/nvidia/Jetson-RT-Traffic-System/build/videopub/install.log'
[2.028s] Invoked command in '/home/nvidia/Jetson-RT-Traffic-System/src/videopub' returned '0': PYTHONPATH=/home/nvidia/Jetson-RT-Traffic-System/build/videopub/prefix_override:/usr/lib/python3/dist-packages/colcon_core/task/python/colcon_distutils_commands:/home/nvidia/Jetson-RT-Traffic-System/install/videopub/lib/python3.10/site-packages:${PYTHONPATH} /usr/bin/python3 -W ignore:setup.py install is deprecated -W ignore:easy_install command is deprecated setup.py egg_info --egg-base ../../build/videopub build --build-base /home/nvidia/Jetson-RT-Traffic-System/build/videopub/build install --record /home/nvidia/Jetson-RT-Traffic-System/build/videopub/install.log --single-version-externally-managed install_data
