[0.795s] DEBUG:colcon:Command line arguments: ['/usr/bin/colcon', 'build', '--symlink-install']
[0.795s] DEBUG:colcon:Parsed command line arguments: Namespace(log_base=None, log_level=None, verb_name='build', build_base='build', install_base='install', merge_install=False, symlink_install=True, test_result_base=None, continue_on_error=False, executor='parallel', parallel_workers=6, event_handlers=None, ignore_user_meta=False, metas=['./colcon.meta'], base_paths=['.'], packages_ignore=None, packages_ignore_regex=None, paths=None, packages_up_to=None, packages_up_to_regex=None, packages_above=None, packages_above_and_dependencies=None, packages_above_depth=None, packages_select_by_dep=None, packages_skip_by_dep=None, packages_skip_up_to=None, packages_select_build_failed=False, packages_skip_build_finished=False, packages_select_test_failures=False, packages_skip_test_passed=False, packages_select=None, packages_skip=None, packages_select_regex=None, packages_skip_regex=None, packages_start=None, packages_end=None, allow_overriding=[], cmake_args=None, cmake_target=None, cmake_target_skip_unavailable=False, cmake_clean_cache=False, cmake_clean_first=False, cmake_force_configure=False, ament_cmake_args=None, catkin_cmake_args=None, catkin_skip_building_tests=False, verb_parser=<colcon_defaults.argument_parser.defaults.DefaultArgumentsDecorator object at 0xffff88ea39a0>, verb_extension=<colcon_core.verb.build.BuildVerb object at 0xffff88ea3340>, main=<bound method BuildVerb.main of <colcon_core.verb.build.BuildVerb object at 0xffff88ea3340>>)
[1.755s] Level 1:colcon.colcon_core.package_discovery:discover_packages(colcon_meta) check parameters
[1.756s] Level 1:colcon.colcon_core.package_discovery:discover_packages(recursive) check parameters
[1.756s] Level 1:colcon.colcon_core.package_discovery:discover_packages(ignore) check parameters
[1.756s] Level 1:colcon.colcon_core.package_discovery:discover_packages(path) check parameters
[1.756s] Level 1:colcon.colcon_core.package_discovery:discover_packages(colcon_meta) discover
[1.756s] Level 1:colcon.colcon_core.package_discovery:discover_packages(recursive) discover
[1.757s] INFO:colcon.colcon_core.package_discovery:Crawling recursively for packages in '/home/main-user/Jetson-RT-Traffic-System'
[1.757s] Level 1:colcon.colcon_core.package_identification:_identify(.) by extensions ['ignore', 'ignore_ament_install']
[1.757s] Level 1:colcon.colcon_core.package_identification:_identify(.) by extension 'ignore'
[1.757s] Level 1:colcon.colcon_core.package_identification:_identify(.) by extension 'ignore_ament_install'
[1.758s] Level 1:colcon.colcon_core.package_identification:_identify(.) by extensions ['colcon_pkg']
[1.758s] Level 1:colcon.colcon_core.package_identification:_identify(.) by extension 'colcon_pkg'
[1.758s] Level 1:colcon.colcon_core.package_identification:_identify(.) by extensions ['colcon_meta']
[1.758s] Level 1:colcon.colcon_core.package_identification:_identify(.) by extension 'colcon_meta'
[1.758s] Level 1:colcon.colcon_core.package_identification:_identify(.) by extensions ['ros']
[1.758s] Level 1:colcon.colcon_core.package_identification:_identify(.) by extension 'ros'
[1.809s] Level 1:colcon.colcon_core.package_identification:_identify(.) by extensions ['cmake', 'python']
[1.809s] Level 1:colcon.colcon_core.package_identification:_identify(.) by extension 'cmake'
[1.809s] Level 1:colcon.colcon_core.package_identification:_identify(.) by extension 'python'
[1.810s] Level 1:colcon.colcon_core.package_identification:_identify(.) by extensions ['python_setup_py']
[1.810s] Level 1:colcon.colcon_core.package_identification:_identify(.) by extension 'python_setup_py'
[1.810s] Level 1:colcon.colcon_core.package_identification:_identify(build) by extensions ['ignore', 'ignore_ament_install']
[1.810s] Level 1:colcon.colcon_core.package_identification:_identify(build) by extension 'ignore'
[1.811s] Level 1:colcon.colcon_core.package_identification:_identify(build) ignored
[1.811s] Level 1:colcon.colcon_core.package_identification:_identify(camera-model) by extensions ['ignore', 'ignore_ament_install']
[1.811s] Level 1:colcon.colcon_core.package_identification:_identify(camera-model) by extension 'ignore'
[1.811s] Level 1:colcon.colcon_core.package_identification:_identify(camera-model) by extension 'ignore_ament_install'
[1.812s] Level 1:colcon.colcon_core.package_identification:_identify(camera-model) by extensions ['colcon_pkg']
[1.812s] Level 1:colcon.colcon_core.package_identification:_identify(camera-model) by extension 'colcon_pkg'
[1.812s] Level 1:colcon.colcon_core.package_identification:_identify(camera-model) by extensions ['colcon_meta']
[1.812s] Level 1:colcon.colcon_core.package_identification:_identify(camera-model) by extension 'colcon_meta'
[1.812s] Level 1:colcon.colcon_core.package_identification:_identify(camera-model) by extensions ['ros']
[1.812s] Level 1:colcon.colcon_core.package_identification:_identify(camera-model) by extension 'ros'
[1.813s] Level 1:colcon.colcon_core.package_identification:_identify(camera-model) by extensions ['cmake', 'python']
[1.813s] Level 1:colcon.colcon_core.package_identification:_identify(camera-model) by extension 'cmake'
[1.813s] Level 1:colcon.colcon_core.package_identification:_identify(camera-model) by extension 'python'
[1.813s] Level 1:colcon.colcon_core.package_identification:_identify(camera-model) by extensions ['python_setup_py']
[1.813s] Level 1:colcon.colcon_core.package_identification:_identify(camera-model) by extension 'python_setup_py'
[1.813s] Level 1:colcon.colcon_core.package_identification:_identify(install) by extensions ['ignore', 'ignore_ament_install']
[1.813s] Level 1:colcon.colcon_core.package_identification:_identify(install) by extension 'ignore'
[1.814s] Level 1:colcon.colcon_core.package_identification:_identify(install) ignored
[1.814s] Level 1:colcon.colcon_core.package_identification:_identify(launch) by extensions ['ignore', 'ignore_ament_install']
[1.814s] Level 1:colcon.colcon_core.package_identification:_identify(launch) by extension 'ignore'
[1.814s] Level 1:colcon.colcon_core.package_identification:_identify(launch) by extension 'ignore_ament_install'
[1.814s] Level 1:colcon.colcon_core.package_identification:_identify(launch) by extensions ['colcon_pkg']
[1.815s] Level 1:colcon.colcon_core.package_identification:_identify(launch) by extension 'colcon_pkg'
[1.815s] Level 1:colcon.colcon_core.package_identification:_identify(launch) by extensions ['colcon_meta']
[1.815s] Level 1:colcon.colcon_core.package_identification:_identify(launch) by extension 'colcon_meta'
[1.815s] Level 1:colcon.colcon_core.package_identification:_identify(launch) by extensions ['ros']
[1.815s] Level 1:colcon.colcon_core.package_identification:_identify(launch) by extension 'ros'
[1.815s] Level 1:colcon.colcon_core.package_identification:_identify(launch) by extensions ['cmake', 'python']
[1.815s] Level 1:colcon.colcon_core.package_identification:_identify(launch) by extension 'cmake'
[1.815s] Level 1:colcon.colcon_core.package_identification:_identify(launch) by extension 'python'
[1.816s] Level 1:colcon.colcon_core.package_identification:_identify(launch) by extensions ['python_setup_py']
[1.816s] Level 1:colcon.colcon_core.package_identification:_identify(launch) by extension 'python_setup_py'
[1.816s] Level 1:colcon.colcon_core.package_identification:_identify(launch/__pycache__) by extensions ['ignore', 'ignore_ament_install']
[1.816s] Level 1:colcon.colcon_core.package_identification:_identify(launch/__pycache__) by extension 'ignore'
[1.816s] Level 1:colcon.colcon_core.package_identification:_identify(launch/__pycache__) by extension 'ignore_ament_install'
[1.816s] Level 1:colcon.colcon_core.package_identification:_identify(launch/__pycache__) by extensions ['colcon_pkg']
[1.817s] Level 1:colcon.colcon_core.package_identification:_identify(launch/__pycache__) by extension 'colcon_pkg'
[1.817s] Level 1:colcon.colcon_core.package_identification:_identify(launch/__pycache__) by extensions ['colcon_meta']
[1.817s] Level 1:colcon.colcon_core.package_identification:_identify(launch/__pycache__) by extension 'colcon_meta'
[1.817s] Level 1:colcon.colcon_core.package_identification:_identify(launch/__pycache__) by extensions ['ros']
[1.817s] Level 1:colcon.colcon_core.package_identification:_identify(launch/__pycache__) by extension 'ros'
[1.817s] Level 1:colcon.colcon_core.package_identification:_identify(launch/__pycache__) by extensions ['cmake', 'python']
[1.817s] Level 1:colcon.colcon_core.package_identification:_identify(launch/__pycache__) by extension 'cmake'
[1.818s] Level 1:colcon.colcon_core.package_identification:_identify(launch/__pycache__) by extension 'python'
[1.818s] Level 1:colcon.colcon_core.package_identification:_identify(launch/__pycache__) by extensions ['python_setup_py']
[1.818s] Level 1:colcon.colcon_core.package_identification:_identify(launch/__pycache__) by extension 'python_setup_py'
[1.818s] Level 1:colcon.colcon_core.package_identification:_identify(log) by extensions ['ignore', 'ignore_ament_install']
[1.818s] Level 1:colcon.colcon_core.package_identification:_identify(log) by extension 'ignore'
[1.818s] Level 1:colcon.colcon_core.package_identification:_identify(log) ignored
[1.819s] Level 1:colcon.colcon_core.package_identification:_identify(src) by extensions ['ignore', 'ignore_ament_install']
[1.819s] Level 1:colcon.colcon_core.package_identification:_identify(src) by extension 'ignore'
[1.819s] Level 1:colcon.colcon_core.package_identification:_identify(src) by extension 'ignore_ament_install'
[1.819s] Level 1:colcon.colcon_core.package_identification:_identify(src) by extensions ['colcon_pkg']
[1.819s] Level 1:colcon.colcon_core.package_identification:_identify(src) by extension 'colcon_pkg'
[1.819s] Level 1:colcon.colcon_core.package_identification:_identify(src) by extensions ['colcon_meta']
[1.820s] Level 1:colcon.colcon_core.package_identification:_identify(src) by extension 'colcon_meta'
[1.820s] Level 1:colcon.colcon_core.package_identification:_identify(src) by extensions ['ros']
[1.820s] Level 1:colcon.colcon_core.package_identification:_identify(src) by extension 'ros'
[1.820s] Level 1:colcon.colcon_core.package_identification:_identify(src) by extensions ['cmake', 'python']
[1.820s] Level 1:colcon.colcon_core.package_identification:_identify(src) by extension 'cmake'
[1.820s] Level 1:colcon.colcon_core.package_identification:_identify(src) by extension 'python'
[1.820s] Level 1:colcon.colcon_core.package_identification:_identify(src) by extensions ['python_setup_py']
[1.820s] Level 1:colcon.colcon_core.package_identification:_identify(src) by extension 'python_setup_py'
[1.821s] Level 1:colcon.colcon_core.package_identification:_identify(src/detections_img) by extensions ['ignore', 'ignore_ament_install']
[1.821s] Level 1:colcon.colcon_core.package_identification:_identify(src/detections_img) by extension 'ignore'
[1.821s] Level 1:colcon.colcon_core.package_identification:_identify(src/detections_img) by extension 'ignore_ament_install'
[1.821s] Level 1:colcon.colcon_core.package_identification:_identify(src/detections_img) by extensions ['colcon_pkg']
[1.821s] Level 1:colcon.colcon_core.package_identification:_identify(src/detections_img) by extension 'colcon_pkg'
[1.821s] Level 1:colcon.colcon_core.package_identification:_identify(src/detections_img) by extensions ['colcon_meta']
[1.821s] Level 1:colcon.colcon_core.package_identification:_identify(src/detections_img) by extension 'colcon_meta'
[1.822s] Level 1:colcon.colcon_core.package_identification:_identify(src/detections_img) by extensions ['ros']
[1.822s] Level 1:colcon.colcon_core.package_identification:_identify(src/detections_img) by extension 'ros'
[1.864s] DEBUG:colcon.colcon_core.package_identification:Package 'src/detections_img' with type 'ros.ament_cmake' and name 'detections_img'
[1.865s] Level 1:colcon.colcon_core.package_identification:_identify(src/traffic_detect) by extensions ['ignore', 'ignore_ament_install']
[1.865s] Level 1:colcon.colcon_core.package_identification:_identify(src/traffic_detect) by extension 'ignore'
[1.865s] Level 1:colcon.colcon_core.package_identification:_identify(src/traffic_detect) by extension 'ignore_ament_install'
[1.865s] Level 1:colcon.colcon_core.package_identification:_identify(src/traffic_detect) by extensions ['colcon_pkg']
[1.865s] Level 1:colcon.colcon_core.package_identification:_identify(src/traffic_detect) by extension 'colcon_pkg'
[1.866s] Level 1:colcon.colcon_core.package_identification:_identify(src/traffic_detect) by extensions ['colcon_meta']
[1.866s] Level 1:colcon.colcon_core.package_identification:_identify(src/traffic_detect) by extension 'colcon_meta'
[1.866s] Level 1:colcon.colcon_core.package_identification:_identify(src/traffic_detect) by extensions ['ros']
[1.866s] Level 1:colcon.colcon_core.package_identification:_identify(src/traffic_detect) by extension 'ros'
[1.869s] DEBUG:colcon.colcon_core.package_identification:Package 'src/traffic_detect' with type 'ros.ament_cmake' and name 'traffic_detect'
[1.869s] Level 1:colcon.colcon_core.package_identification:_identify(src/videopub) by extensions ['ignore', 'ignore_ament_install']
[1.869s] Level 1:colcon.colcon_core.package_identification:_identify(src/videopub) by extension 'ignore'
[1.869s] Level 1:colcon.colcon_core.package_identification:_identify(src/videopub) by extension 'ignore_ament_install'
[1.870s] Level 1:colcon.colcon_core.package_identification:_identify(src/videopub) by extensions ['colcon_pkg']
[1.870s] Level 1:colcon.colcon_core.package_identification:_identify(src/videopub) by extension 'colcon_pkg'
[1.870s] Level 1:colcon.colcon_core.package_identification:_identify(src/videopub) by extensions ['colcon_meta']
[1.870s] Level 1:colcon.colcon_core.package_identification:_identify(src/videopub) by extension 'colcon_meta'
[1.870s] Level 1:colcon.colcon_core.package_identification:_identify(src/videopub) by extensions ['ros']
[1.870s] Level 1:colcon.colcon_core.package_identification:_identify(src/videopub) by extension 'ros'
[1.872s] DEBUG:colcon.colcon_core.package_identification:Package 'src/videopub' with type 'ros.ament_python' and name 'videopub'
[1.872s] Level 1:colcon.colcon_core.package_identification:_identify(usb_cam_cfg) by extensions ['ignore', 'ignore_ament_install']
[1.873s] Level 1:colcon.colcon_core.package_identification:_identify(usb_cam_cfg) by extension 'ignore'
[1.873s] Level 1:colcon.colcon_core.package_identification:_identify(usb_cam_cfg) by extension 'ignore_ament_install'
[1.873s] Level 1:colcon.colcon_core.package_identification:_identify(usb_cam_cfg) by extensions ['colcon_pkg']
[1.873s] Level 1:colcon.colcon_core.package_identification:_identify(usb_cam_cfg) by extension 'colcon_pkg'
[1.873s] Level 1:colcon.colcon_core.package_identification:_identify(usb_cam_cfg) by extensions ['colcon_meta']
[1.873s] Level 1:colcon.colcon_core.package_identification:_identify(usb_cam_cfg) by extension 'colcon_meta'
[1.874s] Level 1:colcon.colcon_core.package_identification:_identify(usb_cam_cfg) by extensions ['ros']
[1.874s] Level 1:colcon.colcon_core.package_identification:_identify(usb_cam_cfg) by extension 'ros'
[1.874s] Level 1:colcon.colcon_core.package_identification:_identify(usb_cam_cfg) by extensions ['cmake', 'python']
[1.874s] Level 1:colcon.colcon_core.package_identification:_identify(usb_cam_cfg) by extension 'cmake'
[1.874s] Level 1:colcon.colcon_core.package_identification:_identify(usb_cam_cfg) by extension 'python'
[1.874s] Level 1:colcon.colcon_core.package_identification:_identify(usb_cam_cfg) by extensions ['python_setup_py']
[1.874s] Level 1:colcon.colcon_core.package_identification:_identify(usb_cam_cfg) by extension 'python_setup_py'
[1.875s] Level 1:colcon.colcon_core.package_identification:_identify(video) by extensions ['ignore', 'ignore_ament_install']
[1.875s] Level 1:colcon.colcon_core.package_identification:_identify(video) by extension 'ignore'
[1.875s] Level 1:colcon.colcon_core.package_identification:_identify(video) by extension 'ignore_ament_install'
[1.875s] Level 1:colcon.colcon_core.package_identification:_identify(video) by extensions ['colcon_pkg']
[1.875s] Level 1:colcon.colcon_core.package_identification:_identify(video) by extension 'colcon_pkg'
[1.875s] Level 1:colcon.colcon_core.package_identification:_identify(video) by extensions ['colcon_meta']
[1.876s] Level 1:colcon.colcon_core.package_identification:_identify(video) by extension 'colcon_meta'
[1.876s] Level 1:colcon.colcon_core.package_identification:_identify(video) by extensions ['ros']
[1.876s] Level 1:colcon.colcon_core.package_identification:_identify(video) by extension 'ros'
[1.876s] Level 1:colcon.colcon_core.package_identification:_identify(video) by extensions ['cmake', 'python']
[1.876s] Level 1:colcon.colcon_core.package_identification:_identify(video) by extension 'cmake'
[1.876s] Level 1:colcon.colcon_core.package_identification:_identify(video) by extension 'python'
[1.876s] Level 1:colcon.colcon_core.package_identification:_identify(video) by extensions ['python_setup_py']
[1.876s] Level 1:colcon.colcon_core.package_identification:_identify(video) by extension 'python_setup_py'
[1.877s] Level 1:colcon.colcon_core.package_discovery:discover_packages(recursive) using defaults
[1.877s] Level 1:colcon.colcon_core.package_discovery:discover_packages(ignore) discover
[1.877s] Level 1:colcon.colcon_core.package_discovery:discover_packages(ignore) using defaults
[1.877s] Level 1:colcon.colcon_core.package_discovery:discover_packages(path) discover
[1.877s] Level 1:colcon.colcon_core.package_discovery:discover_packages(path) using defaults
[1.961s] Level 1:colcon.colcon_core.package_discovery:discover_packages(prefix_path) check parameters
[1.962s] Level 1:colcon.colcon_core.package_discovery:discover_packages(prefix_path) discover
[1.972s] DEBUG:colcon.colcon_installed_package_information.package_discovery:Found 3 installed packages in /home/main-user/Jetson-RT-Traffic-System/install
[1.974s] DEBUG:colcon.colcon_installed_package_information.package_discovery:Found 3 installed packages in /home/main-user/install
[1.978s] DEBUG:colcon.colcon_installed_package_information.package_discovery:Found 303 installed packages in /opt/ros/humble
[1.982s] Level 1:colcon.colcon_core.package_discovery:discover_packages(prefix_path) using defaults
[2.989s] Level 5:colcon.colcon_core.verb:set package 'detections_img' build argument 'cmake_args' from command line to 'None'
[2.990s] Level 5:colcon.colcon_core.verb:set package 'detections_img' build argument 'cmake_target' from command line to 'None'
[2.990s] Level 5:colcon.colcon_core.verb:set package 'detections_img' build argument 'cmake_target_skip_unavailable' from command line to 'False'
[2.990s] Level 5:colcon.colcon_core.verb:set package 'detections_img' build argument 'cmake_clean_cache' from command line to 'False'
[2.990s] Level 5:colcon.colcon_core.verb:set package 'detections_img' build argument 'cmake_clean_first' from command line to 'False'
[2.990s] Level 5:colcon.colcon_core.verb:set package 'detections_img' build argument 'cmake_force_configure' from command line to 'False'
[2.990s] Level 5:colcon.colcon_core.verb:set package 'detections_img' build argument 'ament_cmake_args' from command line to 'None'
[2.990s] Level 5:colcon.colcon_core.verb:set package 'detections_img' build argument 'catkin_cmake_args' from command line to 'None'
[2.990s] Level 5:colcon.colcon_core.verb:set package 'detections_img' build argument 'catkin_skip_building_tests' from command line to 'False'
[2.990s] DEBUG:colcon.colcon_core.verb:Building package 'detections_img' with the following arguments: {'ament_cmake_args': None, 'build_base': '/home/main-user/Jetson-RT-Traffic-System/build/detections_img', 'catkin_cmake_args': None, 'catkin_skip_building_tests': False, 'cmake_args': None, 'cmake_clean_cache': False, 'cmake_clean_first': False, 'cmake_force_configure': False, 'cmake_target': None, 'cmake_target_skip_unavailable': False, 'install_base': '/home/main-user/Jetson-RT-Traffic-System/install/detections_img', 'merge_install': False, 'path': '/home/main-user/Jetson-RT-Traffic-System/src/detections_img', 'symlink_install': True, 'test_result_base': None}
[2.991s] Level 5:colcon.colcon_core.verb:set package 'traffic_detect' build argument 'cmake_args' from command line to 'None'
[2.991s] Level 5:colcon.colcon_core.verb:set package 'traffic_detect' build argument 'cmake_target' from command line to 'None'
[2.991s] Level 5:colcon.colcon_core.verb:set package 'traffic_detect' build argument 'cmake_target_skip_unavailable' from command line to 'False'
[2.992s] Level 5:colcon.colcon_core.verb:set package 'traffic_detect' build argument 'cmake_clean_cache' from command line to 'False'
[2.992s] Level 5:colcon.colcon_core.verb:set package 'traffic_detect' build argument 'cmake_clean_first' from command line to 'False'
[2.992s] Level 5:colcon.colcon_core.verb:set package 'traffic_detect' build argument 'cmake_force_configure' from command line to 'False'
[2.992s] Level 5:colcon.colcon_core.verb:set package 'traffic_detect' build argument 'ament_cmake_args' from command line to 'None'
[2.992s] Level 5:colcon.colcon_core.verb:set package 'traffic_detect' build argument 'catkin_cmake_args' from command line to 'None'
[2.992s] Level 5:colcon.colcon_core.verb:set package 'traffic_detect' build argument 'catkin_skip_building_tests' from command line to 'False'
[2.992s] DEBUG:colcon.colcon_core.verb:Building package 'traffic_detect' with the following arguments: {'ament_cmake_args': None, 'build_base': '/home/main-user/Jetson-RT-Traffic-System/build/traffic_detect', 'catkin_cmake_args': None, 'catkin_skip_building_tests': False, 'cmake_args': None, 'cmake_clean_cache': False, 'cmake_clean_first': False, 'cmake_force_configure': False, 'cmake_target': None, 'cmake_target_skip_unavailable': False, 'install_base': '/home/main-user/Jetson-RT-Traffic-System/install/traffic_detect', 'merge_install': False, 'path': '/home/main-user/Jetson-RT-Traffic-System/src/traffic_detect', 'symlink_install': True, 'test_result_base': None}
[2.993s] Level 5:colcon.colcon_core.verb:set package 'videopub' build argument 'cmake_args' from command line to 'None'
[2.993s] Level 5:colcon.colcon_core.verb:set package 'videopub' build argument 'cmake_target' from command line to 'None'
[2.993s] Level 5:colcon.colcon_core.verb:set package 'videopub' build argument 'cmake_target_skip_unavailable' from command line to 'False'
[2.993s] Level 5:colcon.colcon_core.verb:set package 'videopub' build argument 'cmake_clean_cache' from command line to 'False'
[2.993s] Level 5:colcon.colcon_core.verb:set package 'videopub' build argument 'cmake_clean_first' from command line to 'False'
[2.993s] Level 5:colcon.colcon_core.verb:set package 'videopub' build argument 'cmake_force_configure' from command line to 'False'
[2.993s] Level 5:colcon.colcon_core.verb:set package 'videopub' build argument 'ament_cmake_args' from command line to 'None'
[2.993s] Level 5:colcon.colcon_core.verb:set package 'videopub' build argument 'catkin_cmake_args' from command line to 'None'
[2.993s] Level 5:colcon.colcon_core.verb:set package 'videopub' build argument 'catkin_skip_building_tests' from command line to 'False'
[2.993s] DEBUG:colcon.colcon_core.verb:Building package 'videopub' with the following arguments: {'ament_cmake_args': None, 'build_base': '/home/main-user/Jetson-RT-Traffic-System/build/videopub', 'catkin_cmake_args': None, 'catkin_skip_building_tests': False, 'cmake_args': None, 'cmake_clean_cache': False, 'cmake_clean_first': False, 'cmake_force_configure': False, 'cmake_target': None, 'cmake_target_skip_unavailable': False, 'install_base': '/home/main-user/Jetson-RT-Traffic-System/install/videopub', 'merge_install': False, 'path': '/home/main-user/Jetson-RT-Traffic-System/src/videopub', 'symlink_install': True, 'test_result_base': None}
[2.994s] INFO:colcon.colcon_core.executor:Executing jobs using 'parallel' executor
[2.996s] DEBUG:colcon.colcon_parallel_executor.executor.parallel:run_until_complete
[2.996s] INFO:colcon.colcon_ros.task.ament_cmake.build:Building ROS package in '/home/main-user/Jetson-RT-Traffic-System/src/detections_img' with build type 'ament_cmake'
[2.997s] INFO:colcon.colcon_cmake.task.cmake.build:Building CMake package in '/home/main-user/Jetson-RT-Traffic-System/src/detections_img'
[3.017s] INFO:colcon.colcon_core.plugin_system:Skipping extension 'colcon_core.shell.bat': Not used on non-Windows systems
[3.018s] INFO:colcon.colcon_core.shell:Skip shell extension 'powershell' for command environment: Not usable outside of PowerShell
[3.018s] DEBUG:colcon.colcon_core.shell:Skip shell extension 'dsv' for command environment
[3.035s] INFO:colcon.colcon_ros.task.ament_cmake.build:Building ROS package in '/home/main-user/Jetson-RT-Traffic-System/src/traffic_detect' with build type 'ament_cmake'
[3.035s] INFO:colcon.colcon_cmake.task.cmake.build:Building CMake package in '/home/main-user/Jetson-RT-Traffic-System/src/traffic_detect'
[3.036s] INFO:colcon.colcon_core.shell:Skip shell extension 'powershell' for command environment: Not usable outside of PowerShell
[3.036s] DEBUG:colcon.colcon_core.shell:Skip shell extension 'dsv' for command environment
[3.044s] INFO:colcon.colcon_ros.task.ament_python.build:Building ROS package in '/home/main-user/Jetson-RT-Traffic-System/src/videopub' with build type 'ament_python'
[3.044s] Level 1:colcon.colcon_core.shell:create_environment_hook('videopub', 'ament_prefix_path')
[3.045s] INFO:colcon.colcon_core.shell:Creating environment hook '/home/main-user/Jetson-RT-Traffic-System/install/videopub/share/videopub/hook/ament_prefix_path.ps1'
[3.048s] INFO:colcon.colcon_core.shell:Creating environment descriptor '/home/main-user/Jetson-RT-Traffic-System/install/videopub/share/videopub/hook/ament_prefix_path.dsv'
[3.052s] INFO:colcon.colcon_core.shell:Creating environment hook '/home/main-user/Jetson-RT-Traffic-System/install/videopub/share/videopub/hook/ament_prefix_path.sh'
[3.058s] INFO:colcon.colcon_core.shell:Skip shell extension 'powershell' for command environment: Not usable outside of PowerShell
[3.058s] DEBUG:colcon.colcon_core.shell:Skip shell extension 'dsv' for command environment
[3.082s] DEBUG:colcon.colcon_core.event_handler.log_command:Invoking command in '/home/main-user/Jetson-RT-Traffic-System/build/detections_img': CMAKE_PREFIX_PATH=${CMAKE_PREFIX_PATH}:/home/main-user/Jetson-RT-Traffic-System/install/videopub:/opt/ros/humble /usr/bin/cmake --build /home/main-user/Jetson-RT-Traffic-System/build/detections_img -- -j6 -l6
[3.101s] DEBUG:colcon.colcon_core.event_handler.log_command:Invoking command in '/home/main-user/Jetson-RT-Traffic-System/build/traffic_detect': CMAKE_PREFIX_PATH=${CMAKE_PREFIX_PATH}:/home/main-user/Jetson-RT-Traffic-System/install/videopub:/opt/ros/humble /usr/bin/cmake --build /home/main-user/Jetson-RT-Traffic-System/build/traffic_detect -- -j6 -l6
[3.685s] INFO:colcon.colcon_core.task.python.build:Building Python package in '/home/main-user/Jetson-RT-Traffic-System/src/videopub'
[3.686s] INFO:colcon.colcon_core.shell:Skip shell extension 'powershell' for command environment: Not usable outside of PowerShell
[3.686s] DEBUG:colcon.colcon_core.shell:Skip shell extension 'dsv' for command environment
[3.705s] DEBUG:colcon.colcon_core.event_handler.log_command:Invoked command in '/home/main-user/Jetson-RT-Traffic-System/build/detections_img' returned '0': CMAKE_PREFIX_PATH=${CMAKE_PREFIX_PATH}:/home/main-user/Jetson-RT-Traffic-System/install/videopub:/opt/ros/humble /usr/bin/cmake --build /home/main-user/Jetson-RT-Traffic-System/build/detections_img -- -j6 -l6
[3.740s] DEBUG:colcon.colcon_core.event_handler.log_command:Invoking command in '/home/main-user/Jetson-RT-Traffic-System/build/detections_img': CMAKE_PREFIX_PATH=${CMAKE_PREFIX_PATH}:/home/main-user/Jetson-RT-Traffic-System/install/videopub:/opt/ros/humble /usr/bin/cmake --install /home/main-user/Jetson-RT-Traffic-System/build/detections_img
[3.807s] Level 1:colcon.colcon_core.environment:create_environment_scripts_only(detections_img)
[3.809s] DEBUG:colcon.colcon_core.event_handler.log_command:Invoked command in '/home/main-user/Jetson-RT-Traffic-System/build/detections_img' returned '0': CMAKE_PREFIX_PATH=${CMAKE_PREFIX_PATH}:/home/main-user/Jetson-RT-Traffic-System/install/videopub:/opt/ros/humble /usr/bin/cmake --install /home/main-user/Jetson-RT-Traffic-System/build/detections_img
[3.814s] Level 1:colcon.colcon_core.environment:checking '/home/main-user/Jetson-RT-Traffic-System/install/detections_img' for CMake module files
[3.815s] Level 1:colcon.colcon_core.environment:checking '/home/main-user/Jetson-RT-Traffic-System/install/detections_img' for CMake config files
[3.816s] Level 1:colcon.colcon_core.shell:create_environment_hook('detections_img', 'cmake_prefix_path')
[3.816s] INFO:colcon.colcon_core.shell:Creating environment hook '/home/main-user/Jetson-RT-Traffic-System/install/detections_img/share/detections_img/hook/cmake_prefix_path.ps1'
[3.819s] INFO:colcon.colcon_core.shell:Creating environment descriptor '/home/main-user/Jetson-RT-Traffic-System/install/detections_img/share/detections_img/hook/cmake_prefix_path.dsv'
[3.823s] INFO:colcon.colcon_core.shell:Creating environment hook '/home/main-user/Jetson-RT-Traffic-System/install/detections_img/share/detections_img/hook/cmake_prefix_path.sh'
[3.825s] Level 1:colcon.colcon_core.environment:checking '/home/main-user/Jetson-RT-Traffic-System/install/detections_img/lib'
[3.826s] Level 1:colcon.colcon_core.environment:checking '/home/main-user/Jetson-RT-Traffic-System/install/detections_img/bin'
[3.826s] Level 1:colcon.colcon_core.environment:checking '/home/main-user/Jetson-RT-Traffic-System/install/detections_img/lib/pkgconfig/detections_img.pc'
[3.826s] Level 1:colcon.colcon_core.environment:checking '/home/main-user/Jetson-RT-Traffic-System/install/detections_img/lib/python3.10/site-packages'
[3.827s] Level 1:colcon.colcon_core.environment:checking '/home/main-user/Jetson-RT-Traffic-System/install/detections_img/bin'
[3.828s] INFO:colcon.colcon_core.shell:Creating package script '/home/main-user/Jetson-RT-Traffic-System/install/detections_img/share/detections_img/package.ps1'
[3.830s] INFO:colcon.colcon_core.shell:Creating package descriptor '/home/main-user/Jetson-RT-Traffic-System/install/detections_img/share/detections_img/package.dsv'
[3.832s] INFO:colcon.colcon_core.shell:Creating package script '/home/main-user/Jetson-RT-Traffic-System/install/detections_img/share/detections_img/package.sh'
[3.834s] INFO:colcon.colcon_core.shell:Creating package script '/home/main-user/Jetson-RT-Traffic-System/install/detections_img/share/detections_img/package.bash'
[3.836s] INFO:colcon.colcon_core.shell:Creating package script '/home/main-user/Jetson-RT-Traffic-System/install/detections_img/share/detections_img/package.zsh'
[3.837s] Level 1:colcon.colcon_core.environment:create_file_with_runtime_dependencies(/home/main-user/Jetson-RT-Traffic-System/install/detections_img/share/colcon-core/packages/detections_img)
[3.839s] Level 1:colcon.colcon_core.environment:create_environment_scripts_only(detections_img)
[3.839s] Level 1:colcon.colcon_core.environment:checking '/home/main-user/Jetson-RT-Traffic-System/install/detections_img' for CMake module files
[3.840s] Level 1:colcon.colcon_core.environment:checking '/home/main-user/Jetson-RT-Traffic-System/install/detections_img' for CMake config files
[3.841s] Level 1:colcon.colcon_core.shell:create_environment_hook('detections_img', 'cmake_prefix_path')
[3.842s] INFO:colcon.colcon_core.shell:Creating environment hook '/home/main-user/Jetson-RT-Traffic-System/install/detections_img/share/detections_img/hook/cmake_prefix_path.ps1'
[3.843s] INFO:colcon.colcon_core.shell:Creating environment descriptor '/home/main-user/Jetson-RT-Traffic-System/install/detections_img/share/detections_img/hook/cmake_prefix_path.dsv'
[3.844s] INFO:colcon.colcon_core.shell:Creating environment hook '/home/main-user/Jetson-RT-Traffic-System/install/detections_img/share/detections_img/hook/cmake_prefix_path.sh'
[3.845s] Level 1:colcon.colcon_core.environment:checking '/home/main-user/Jetson-RT-Traffic-System/install/detections_img/lib'
[3.845s] Level 1:colcon.colcon_core.environment:checking '/home/main-user/Jetson-RT-Traffic-System/install/detections_img/bin'
[3.846s] Level 1:colcon.colcon_core.environment:checking '/home/main-user/Jetson-RT-Traffic-System/install/detections_img/lib/pkgconfig/detections_img.pc'
[3.846s] Level 1:colcon.colcon_core.environment:checking '/home/main-user/Jetson-RT-Traffic-System/install/detections_img/lib/python3.10/site-packages'
[3.846s] Level 1:colcon.colcon_core.environment:checking '/home/main-user/Jetson-RT-Traffic-System/install/detections_img/bin'
[3.847s] INFO:colcon.colcon_core.shell:Creating package script '/home/main-user/Jetson-RT-Traffic-System/install/detections_img/share/detections_img/package.ps1'
[3.849s] INFO:colcon.colcon_core.shell:Creating package descriptor '/home/main-user/Jetson-RT-Traffic-System/install/detections_img/share/detections_img/package.dsv'
[3.850s] INFO:colcon.colcon_core.shell:Creating package script '/home/main-user/Jetson-RT-Traffic-System/install/detections_img/share/detections_img/package.sh'
[3.851s] INFO:colcon.colcon_core.shell:Creating package script '/home/main-user/Jetson-RT-Traffic-System/install/detections_img/share/detections_img/package.bash'
[3.852s] INFO:colcon.colcon_core.shell:Creating package script '/home/main-user/Jetson-RT-Traffic-System/install/detections_img/share/detections_img/package.zsh'
[3.854s] Level 1:colcon.colcon_core.environment:create_file_with_runtime_dependencies(/home/main-user/Jetson-RT-Traffic-System/install/detections_img/share/colcon-core/packages/detections_img)
[4.521s] DEBUG:colcon.colcon_core.event_handler.log_command:Invoking command in '/home/main-user/Jetson-RT-Traffic-System/build/videopub': PYTHONPATH=/home/main-user/Jetson-RT-Traffic-System/build/videopub/prefix_override:/usr/lib/python3/dist-packages/colcon_core/task/python/colcon_distutils_commands:/home/main-user/Jetson-RT-Traffic-System/install/videopub/lib/python3.10/site-packages:${PYTHONPATH} /usr/bin/python3 -W ignore:setup.py install is deprecated -W ignore:easy_install command is deprecated setup.py develop --editable --build-directory /home/main-user/Jetson-RT-Traffic-System/build/videopub/build --no-deps symlink_data
[5.507s] Level 1:colcon.colcon_core.shell:create_environment_hook('videopub', 'pythonpath_develop')
[5.508s] INFO:colcon.colcon_core.shell:Creating environment hook '/home/main-user/Jetson-RT-Traffic-System/build/videopub/share/videopub/hook/pythonpath_develop.ps1'
[5.509s] DEBUG:colcon.colcon_core.event_handler.log_command:Invoked command in '/home/main-user/Jetson-RT-Traffic-System/build/videopub' returned '0': PYTHONPATH=/home/main-user/Jetson-RT-Traffic-System/build/videopub/prefix_override:/usr/lib/python3/dist-packages/colcon_core/task/python/colcon_distutils_commands:/home/main-user/Jetson-RT-Traffic-System/install/videopub/lib/python3.10/site-packages:${PYTHONPATH} /usr/bin/python3 -W ignore:setup.py install is deprecated -W ignore:easy_install command is deprecated setup.py develop --editable --build-directory /home/main-user/Jetson-RT-Traffic-System/build/videopub/build --no-deps symlink_data
[5.510s] INFO:colcon.colcon_core.shell:Creating environment descriptor '/home/main-user/Jetson-RT-Traffic-System/build/videopub/share/videopub/hook/pythonpath_develop.dsv'
[5.511s] INFO:colcon.colcon_core.shell:Creating environment hook '/home/main-user/Jetson-RT-Traffic-System/build/videopub/share/videopub/hook/pythonpath_develop.sh'
[5.512s] Level 1:colcon.colcon_core.environment:checking '/home/main-user/Jetson-RT-Traffic-System/install/videopub' for CMake module files
[5.513s] Level 1:colcon.colcon_core.environment:checking '/home/main-user/Jetson-RT-Traffic-System/install/videopub' for CMake config files
[5.514s] Level 1:colcon.colcon_core.environment:checking '/home/main-user/Jetson-RT-Traffic-System/install/videopub/lib'
[5.515s] Level 1:colcon.colcon_core.environment:checking '/home/main-user/Jetson-RT-Traffic-System/install/videopub/bin'
[5.515s] Level 1:colcon.colcon_core.environment:checking '/home/main-user/Jetson-RT-Traffic-System/install/videopub/lib/pkgconfig/videopub.pc'
[5.515s] Level 1:colcon.colcon_core.environment:checking '/home/main-user/Jetson-RT-Traffic-System/install/videopub/lib/python3.10/site-packages'
[5.516s] Level 1:colcon.colcon_core.shell:create_environment_hook('videopub', 'pythonpath')
[5.516s] INFO:colcon.colcon_core.shell:Creating environment hook '/home/main-user/Jetson-RT-Traffic-System/install/videopub/share/videopub/hook/pythonpath.ps1'
[5.517s] INFO:colcon.colcon_core.shell:Creating environment descriptor '/home/main-user/Jetson-RT-Traffic-System/install/videopub/share/videopub/hook/pythonpath.dsv'
[5.518s] INFO:colcon.colcon_core.shell:Creating environment hook '/home/main-user/Jetson-RT-Traffic-System/install/videopub/share/videopub/hook/pythonpath.sh'
[5.520s] Level 1:colcon.colcon_core.environment:checking '/home/main-user/Jetson-RT-Traffic-System/install/videopub/bin'
[5.520s] Level 1:colcon.colcon_core.environment:create_environment_scripts_only(videopub)
[5.521s] INFO:colcon.colcon_core.shell:Creating package script '/home/main-user/Jetson-RT-Traffic-System/install/videopub/share/videopub/package.ps1'
[5.522s] INFO:colcon.colcon_core.shell:Creating package descriptor '/home/main-user/Jetson-RT-Traffic-System/install/videopub/share/videopub/package.dsv'
[5.523s] INFO:colcon.colcon_core.shell:Creating package script '/home/main-user/Jetson-RT-Traffic-System/install/videopub/share/videopub/package.sh'
[5.524s] INFO:colcon.colcon_core.shell:Creating package script '/home/main-user/Jetson-RT-Traffic-System/install/videopub/share/videopub/package.bash'
[5.525s] INFO:colcon.colcon_core.shell:Creating package script '/home/main-user/Jetson-RT-Traffic-System/install/videopub/share/videopub/package.zsh'
[5.526s] Level 1:colcon.colcon_core.environment:create_file_with_runtime_dependencies(/home/main-user/Jetson-RT-Traffic-System/install/videopub/share/colcon-core/packages/videopub)
[29.051s] DEBUG:colcon.colcon_core.event_handler.log_command:Invoked command in '/home/main-user/Jetson-RT-Traffic-System/build/traffic_detect' returned '0': CMAKE_PREFIX_PATH=${CMAKE_PREFIX_PATH}:/home/main-user/Jetson-RT-Traffic-System/install/videopub:/opt/ros/humble /usr/bin/cmake --build /home/main-user/Jetson-RT-Traffic-System/build/traffic_detect -- -j6 -l6
[29.060s] DEBUG:colcon.colcon_core.event_handler.log_command:Invoking command in '/home/main-user/Jetson-RT-Traffic-System/build/traffic_detect': CMAKE_PREFIX_PATH=${CMAKE_PREFIX_PATH}:/home/main-user/Jetson-RT-Traffic-System/install/videopub:/opt/ros/humble /usr/bin/cmake --install /home/main-user/Jetson-RT-Traffic-System/build/traffic_detect
[29.112s] Level 1:colcon.colcon_core.environment:create_environment_scripts_only(traffic_detect)
[29.113s] Level 1:colcon.colcon_core.environment:checking '/home/main-user/Jetson-RT-Traffic-System/install/traffic_detect' for CMake module files
[29.115s] DEBUG:colcon.colcon_core.event_handler.log_command:Invoked command in '/home/main-user/Jetson-RT-Traffic-System/build/traffic_detect' returned '0': CMAKE_PREFIX_PATH=${CMAKE_PREFIX_PATH}:/home/main-user/Jetson-RT-Traffic-System/install/videopub:/opt/ros/humble /usr/bin/cmake --install /home/main-user/Jetson-RT-Traffic-System/build/traffic_detect
[29.116s] Level 1:colcon.colcon_core.environment:checking '/home/main-user/Jetson-RT-Traffic-System/install/traffic_detect' for CMake config files
[29.117s] Level 1:colcon.colcon_core.shell:create_environment_hook('traffic_detect', 'cmake_prefix_path')
[29.118s] INFO:colcon.colcon_core.shell:Creating environment hook '/home/main-user/Jetson-RT-Traffic-System/install/traffic_detect/share/traffic_detect/hook/cmake_prefix_path.ps1'
[29.120s] INFO:colcon.colcon_core.shell:Creating environment descriptor '/home/main-user/Jetson-RT-Traffic-System/install/traffic_detect/share/traffic_detect/hook/cmake_prefix_path.dsv'
[29.122s] INFO:colcon.colcon_core.shell:Creating environment hook '/home/main-user/Jetson-RT-Traffic-System/install/traffic_detect/share/traffic_detect/hook/cmake_prefix_path.sh'
[29.124s] Level 1:colcon.colcon_core.environment:checking '/home/main-user/Jetson-RT-Traffic-System/install/traffic_detect/lib'
[29.124s] Level 1:colcon.colcon_core.environment:checking '/home/main-user/Jetson-RT-Traffic-System/install/traffic_detect/bin'
[29.124s] Level 1:colcon.colcon_core.environment:checking '/home/main-user/Jetson-RT-Traffic-System/install/traffic_detect/lib/pkgconfig/traffic_detect.pc'
[29.125s] Level 1:colcon.colcon_core.environment:checking '/home/main-user/Jetson-RT-Traffic-System/install/traffic_detect/lib/python3.10/site-packages'
[29.126s] Level 1:colcon.colcon_core.environment:checking '/home/main-user/Jetson-RT-Traffic-System/install/traffic_detect/bin'
[29.127s] INFO:colcon.colcon_core.shell:Creating package script '/home/main-user/Jetson-RT-Traffic-System/install/traffic_detect/share/traffic_detect/package.ps1'
[29.129s] INFO:colcon.colcon_core.shell:Creating package descriptor '/home/main-user/Jetson-RT-Traffic-System/install/traffic_detect/share/traffic_detect/package.dsv'
[29.131s] INFO:colcon.colcon_core.shell:Creating package script '/home/main-user/Jetson-RT-Traffic-System/install/traffic_detect/share/traffic_detect/package.sh'
[29.132s] INFO:colcon.colcon_core.shell:Creating package script '/home/main-user/Jetson-RT-Traffic-System/install/traffic_detect/share/traffic_detect/package.bash'
[29.134s] INFO:colcon.colcon_core.shell:Creating package script '/home/main-user/Jetson-RT-Traffic-System/install/traffic_detect/share/traffic_detect/package.zsh'
[29.135s] Level 1:colcon.colcon_core.environment:create_file_with_runtime_dependencies(/home/main-user/Jetson-RT-Traffic-System/install/traffic_detect/share/colcon-core/packages/traffic_detect)
[29.137s] Level 1:colcon.colcon_core.environment:create_environment_scripts_only(traffic_detect)
[29.138s] Level 1:colcon.colcon_core.environment:checking '/home/main-user/Jetson-RT-Traffic-System/install/traffic_detect' for CMake module files
[29.140s] Level 1:colcon.colcon_core.environment:checking '/home/main-user/Jetson-RT-Traffic-System/install/traffic_detect' for CMake config files
[29.141s] Level 1:colcon.colcon_core.shell:create_environment_hook('traffic_detect', 'cmake_prefix_path')
[29.142s] INFO:colcon.colcon_core.shell:Creating environment hook '/home/main-user/Jetson-RT-Traffic-System/install/traffic_detect/share/traffic_detect/hook/cmake_prefix_path.ps1'
[29.144s] INFO:colcon.colcon_core.shell:Creating environment descriptor '/home/main-user/Jetson-RT-Traffic-System/install/traffic_detect/share/traffic_detect/hook/cmake_prefix_path.dsv'
[29.145s] INFO:colcon.colcon_core.shell:Creating environment hook '/home/main-user/Jetson-RT-Traffic-System/install/traffic_detect/share/traffic_detect/hook/cmake_prefix_path.sh'
[29.147s] Level 1:colcon.colcon_core.environment:checking '/home/main-user/Jetson-RT-Traffic-System/install/traffic_detect/lib'
[29.148s] Level 1:colcon.colcon_core.environment:checking '/home/main-user/Jetson-RT-Traffic-System/install/traffic_detect/bin'
[29.148s] Level 1:colcon.colcon_core.environment:checking '/home/main-user/Jetson-RT-Traffic-System/install/traffic_detect/lib/pkgconfig/traffic_detect.pc'
[29.149s] Level 1:colcon.colcon_core.environment:checking '/home/main-user/Jetson-RT-Traffic-System/install/traffic_detect/lib/python3.10/site-packages'
[29.149s] Level 1:colcon.colcon_core.environment:checking '/home/main-user/Jetson-RT-Traffic-System/install/traffic_detect/bin'
[29.151s] INFO:colcon.colcon_core.shell:Creating package script '/home/main-user/Jetson-RT-Traffic-System/install/traffic_detect/share/traffic_detect/package.ps1'
[29.152s] INFO:colcon.colcon_core.shell:Creating package descriptor '/home/main-user/Jetson-RT-Traffic-System/install/traffic_detect/share/traffic_detect/package.dsv'
[29.154s] INFO:colcon.colcon_core.shell:Creating package script '/home/main-user/Jetson-RT-Traffic-System/install/traffic_detect/share/traffic_detect/package.sh'
[29.156s] INFO:colcon.colcon_core.shell:Creating package script '/home/main-user/Jetson-RT-Traffic-System/install/traffic_detect/share/traffic_detect/package.bash'
[29.158s] INFO:colcon.colcon_core.shell:Creating package script '/home/main-user/Jetson-RT-Traffic-System/install/traffic_detect/share/traffic_detect/package.zsh'
[29.159s] Level 1:colcon.colcon_core.environment:create_file_with_runtime_dependencies(/home/main-user/Jetson-RT-Traffic-System/install/traffic_detect/share/colcon-core/packages/traffic_detect)
[29.160s] DEBUG:colcon.colcon_parallel_executor.executor.parallel:closing loop
[29.161s] DEBUG:colcon.colcon_parallel_executor.executor.parallel:loop closed
[29.161s] DEBUG:colcon.colcon_parallel_executor.executor.parallel:run_until_complete finished with '0'
[29.162s] DEBUG:colcon.colcon_core.event_reactor:joining thread
[29.180s] INFO:colcon.colcon_core.plugin_system:Skipping extension 'colcon_notification.desktop_notification.terminal_notifier': Not used on non-Darwin systems
[29.180s] INFO:colcon.colcon_core.plugin_system:Skipping extension 'colcon_notification.desktop_notification.win32': Not used on non-Windows systems
[29.181s] INFO:colcon.colcon_notification.desktop_notification:Sending desktop notification using 'notify2'
[29.230s] DEBUG:colcon.colcon_core.event_reactor:joined thread
[29.232s] INFO:colcon.colcon_core.shell:Creating prefix script '/home/main-user/Jetson-RT-Traffic-System/install/local_setup.ps1'
[29.236s] INFO:colcon.colcon_core.shell:Creating prefix util module '/home/main-user/Jetson-RT-Traffic-System/install/_local_setup_util_ps1.py'
[29.240s] INFO:colcon.colcon_core.shell:Creating prefix chain script '/home/main-user/Jetson-RT-Traffic-System/install/setup.ps1'
[29.245s] INFO:colcon.colcon_core.shell:Creating prefix script '/home/main-user/Jetson-RT-Traffic-System/install/local_setup.sh'
[29.249s] INFO:colcon.colcon_core.shell:Creating prefix util module '/home/main-user/Jetson-RT-Traffic-System/install/_local_setup_util_sh.py'
[29.251s] INFO:colcon.colcon_core.shell:Creating prefix chain script '/home/main-user/Jetson-RT-Traffic-System/install/setup.sh'
[29.255s] INFO:colcon.colcon_core.shell:Creating prefix script '/home/main-user/Jetson-RT-Traffic-System/install/local_setup.bash'
[29.257s] INFO:colcon.colcon_core.shell:Creating prefix chain script '/home/main-user/Jetson-RT-Traffic-System/install/setup.bash'
[29.262s] INFO:colcon.colcon_core.shell:Creating prefix script '/home/main-user/Jetson-RT-Traffic-System/install/local_setup.zsh'
[29.264s] INFO:colcon.colcon_core.shell:Creating prefix chain script '/home/main-user/Jetson-RT-Traffic-System/install/setup.zsh'
