[0.263s] DEBUG:colcon:Command line arguments: ['/usr/bin/colcon', 'build']
[0.263s] DEBUG:colcon:Parsed command line arguments: Namespace(log_base=None, log_level=None, verb_name='build', build_base='build', install_base='install', merge_install=False, symlink_install=False, test_result_base=None, continue_on_error=False, executor='parallel', parallel_workers=6, event_handlers=None, ignore_user_meta=False, metas=['./colcon.meta'], base_paths=['.'], packages_ignore=None, packages_ignore_regex=None, paths=None, packages_up_to=None, packages_up_to_regex=None, packages_above=None, packages_above_and_dependencies=None, packages_above_depth=None, packages_select_by_dep=None, packages_skip_by_dep=None, packages_skip_up_to=None, packages_select_build_failed=False, packages_skip_build_finished=False, packages_select_test_failures=False, packages_skip_test_passed=False, packages_select=None, packages_skip=None, packages_select_regex=None, packages_skip_regex=None, packages_start=None, packages_end=None, allow_overriding=[], cmake_args=None, cmake_target=None, cmake_target_skip_unavailable=False, cmake_clean_cache=False, cmake_clean_first=False, cmake_force_configure=False, ament_cmake_args=None, catkin_cmake_args=None, catkin_skip_building_tests=False, verb_parser=<colcon_defaults.argument_parser.defaults.DefaultArgumentsDecorator object at 0xffffabff3700>, verb_extension=<colcon_core.verb.build.BuildVerb object at 0xffffabff30a0>, main=<bound method BuildVerb.main of <colcon_core.verb.build.BuildVerb object at 0xffffabff30a0>>)
[0.610s] Level 1:colcon.colcon_core.package_discovery:discover_packages(colcon_meta) check parameters
[0.610s] Level 1:colcon.colcon_core.package_discovery:discover_packages(recursive) check parameters
[0.610s] Level 1:colcon.colcon_core.package_discovery:discover_packages(ignore) check parameters
[0.610s] Level 1:colcon.colcon_core.package_discovery:discover_packages(path) check parameters
[0.610s] Level 1:colcon.colcon_core.package_discovery:discover_packages(colcon_meta) discover
[0.611s] Level 1:colcon.colcon_core.package_discovery:discover_packages(recursive) discover
[0.611s] INFO:colcon.colcon_core.package_discovery:Crawling recursively for packages in '/home/main-user/Jetson-RT-Traffic-System'
[0.611s] Level 1:colcon.colcon_core.package_identification:_identify(.) by extensions ['ignore', 'ignore_ament_install']
[0.611s] Level 1:colcon.colcon_core.package_identification:_identify(.) by extension 'ignore'
[0.611s] Level 1:colcon.colcon_core.package_identification:_identify(.) by extension 'ignore_ament_install'
[0.611s] Level 1:colcon.colcon_core.package_identification:_identify(.) by extensions ['colcon_pkg']
[0.612s] Level 1:colcon.colcon_core.package_identification:_identify(.) by extension 'colcon_pkg'
[0.612s] Level 1:colcon.colcon_core.package_identification:_identify(.) by extensions ['colcon_meta']
[0.612s] Level 1:colcon.colcon_core.package_identification:_identify(.) by extension 'colcon_meta'
[0.612s] Level 1:colcon.colcon_core.package_identification:_identify(.) by extensions ['ros']
[0.612s] Level 1:colcon.colcon_core.package_identification:_identify(.) by extension 'ros'
[0.637s] Level 1:colcon.colcon_core.package_identification:_identify(.) by extensions ['cmake', 'python']
[0.637s] Level 1:colcon.colcon_core.package_identification:_identify(.) by extension 'cmake'
[0.637s] Level 1:colcon.colcon_core.package_identification:_identify(.) by extension 'python'
[0.637s] Level 1:colcon.colcon_core.package_identification:_identify(.) by extensions ['python_setup_py']
[0.637s] Level 1:colcon.colcon_core.package_identification:_identify(.) by extension 'python_setup_py'
[0.638s] Level 1:colcon.colcon_core.package_identification:_identify(build) by extensions ['ignore', 'ignore_ament_install']
[0.638s] Level 1:colcon.colcon_core.package_identification:_identify(build) by extension 'ignore'
[0.638s] Level 1:colcon.colcon_core.package_identification:_identify(build) ignored
[0.638s] Level 1:colcon.colcon_core.package_identification:_identify(camera-model) by extensions ['ignore', 'ignore_ament_install']
[0.639s] Level 1:colcon.colcon_core.package_identification:_identify(camera-model) by extension 'ignore'
[0.639s] Level 1:colcon.colcon_core.package_identification:_identify(camera-model) by extension 'ignore_ament_install'
[0.639s] Level 1:colcon.colcon_core.package_identification:_identify(camera-model) by extensions ['colcon_pkg']
[0.639s] Level 1:colcon.colcon_core.package_identification:_identify(camera-model) by extension 'colcon_pkg'
[0.639s] Level 1:colcon.colcon_core.package_identification:_identify(camera-model) by extensions ['colcon_meta']
[0.639s] Level 1:colcon.colcon_core.package_identification:_identify(camera-model) by extension 'colcon_meta'
[0.639s] Level 1:colcon.colcon_core.package_identification:_identify(camera-model) by extensions ['ros']
[0.639s] Level 1:colcon.colcon_core.package_identification:_identify(camera-model) by extension 'ros'
[0.639s] Level 1:colcon.colcon_core.package_identification:_identify(camera-model) by extensions ['cmake', 'python']
[0.640s] Level 1:colcon.colcon_core.package_identification:_identify(camera-model) by extension 'cmake'
[0.640s] Level 1:colcon.colcon_core.package_identification:_identify(camera-model) by extension 'python'
[0.640s] Level 1:colcon.colcon_core.package_identification:_identify(camera-model) by extensions ['python_setup_py']
[0.640s] Level 1:colcon.colcon_core.package_identification:_identify(camera-model) by extension 'python_setup_py'
[0.640s] Level 1:colcon.colcon_core.package_identification:_identify(install) by extensions ['ignore', 'ignore_ament_install']
[0.640s] Level 1:colcon.colcon_core.package_identification:_identify(install) by extension 'ignore'
[0.640s] Level 1:colcon.colcon_core.package_identification:_identify(install) ignored
[0.641s] Level 1:colcon.colcon_core.package_identification:_identify(launch) by extensions ['ignore', 'ignore_ament_install']
[0.641s] Level 1:colcon.colcon_core.package_identification:_identify(launch) by extension 'ignore'
[0.641s] Level 1:colcon.colcon_core.package_identification:_identify(launch) by extension 'ignore_ament_install'
[0.641s] Level 1:colcon.colcon_core.package_identification:_identify(launch) by extensions ['colcon_pkg']
[0.641s] Level 1:colcon.colcon_core.package_identification:_identify(launch) by extension 'colcon_pkg'
[0.641s] Level 1:colcon.colcon_core.package_identification:_identify(launch) by extensions ['colcon_meta']
[0.641s] Level 1:colcon.colcon_core.package_identification:_identify(launch) by extension 'colcon_meta'
[0.641s] Level 1:colcon.colcon_core.package_identification:_identify(launch) by extensions ['ros']
[0.641s] Level 1:colcon.colcon_core.package_identification:_identify(launch) by extension 'ros'
[0.642s] Level 1:colcon.colcon_core.package_identification:_identify(launch) by extensions ['cmake', 'python']
[0.642s] Level 1:colcon.colcon_core.package_identification:_identify(launch) by extension 'cmake'
[0.642s] Level 1:colcon.colcon_core.package_identification:_identify(launch) by extension 'python'
[0.642s] Level 1:colcon.colcon_core.package_identification:_identify(launch) by extensions ['python_setup_py']
[0.642s] Level 1:colcon.colcon_core.package_identification:_identify(launch) by extension 'python_setup_py'
[0.642s] Level 1:colcon.colcon_core.package_identification:_identify(launch/__pycache__) by extensions ['ignore', 'ignore_ament_install']
[0.642s] Level 1:colcon.colcon_core.package_identification:_identify(launch/__pycache__) by extension 'ignore'
[0.642s] Level 1:colcon.colcon_core.package_identification:_identify(launch/__pycache__) by extension 'ignore_ament_install'
[0.642s] Level 1:colcon.colcon_core.package_identification:_identify(launch/__pycache__) by extensions ['colcon_pkg']
[0.643s] Level 1:colcon.colcon_core.package_identification:_identify(launch/__pycache__) by extension 'colcon_pkg'
[0.643s] Level 1:colcon.colcon_core.package_identification:_identify(launch/__pycache__) by extensions ['colcon_meta']
[0.643s] Level 1:colcon.colcon_core.package_identification:_identify(launch/__pycache__) by extension 'colcon_meta'
[0.643s] Level 1:colcon.colcon_core.package_identification:_identify(launch/__pycache__) by extensions ['ros']
[0.643s] Level 1:colcon.colcon_core.package_identification:_identify(launch/__pycache__) by extension 'ros'
[0.643s] Level 1:colcon.colcon_core.package_identification:_identify(launch/__pycache__) by extensions ['cmake', 'python']
[0.643s] Level 1:colcon.colcon_core.package_identification:_identify(launch/__pycache__) by extension 'cmake'
[0.643s] Level 1:colcon.colcon_core.package_identification:_identify(launch/__pycache__) by extension 'python'
[0.643s] Level 1:colcon.colcon_core.package_identification:_identify(launch/__pycache__) by extensions ['python_setup_py']
[0.643s] Level 1:colcon.colcon_core.package_identification:_identify(launch/__pycache__) by extension 'python_setup_py'
[0.644s] Level 1:colcon.colcon_core.package_identification:_identify(log) by extensions ['ignore', 'ignore_ament_install']
[0.644s] Level 1:colcon.colcon_core.package_identification:_identify(log) by extension 'ignore'
[0.644s] Level 1:colcon.colcon_core.package_identification:_identify(log) ignored
[0.644s] Level 1:colcon.colcon_core.package_identification:_identify(src) by extensions ['ignore', 'ignore_ament_install']
[0.644s] Level 1:colcon.colcon_core.package_identification:_identify(src) by extension 'ignore'
[0.644s] Level 1:colcon.colcon_core.package_identification:_identify(src) by extension 'ignore_ament_install'
[0.644s] Level 1:colcon.colcon_core.package_identification:_identify(src) by extensions ['colcon_pkg']
[0.645s] Level 1:colcon.colcon_core.package_identification:_identify(src) by extension 'colcon_pkg'
[0.645s] Level 1:colcon.colcon_core.package_identification:_identify(src) by extensions ['colcon_meta']
[0.645s] Level 1:colcon.colcon_core.package_identification:_identify(src) by extension 'colcon_meta'
[0.645s] Level 1:colcon.colcon_core.package_identification:_identify(src) by extensions ['ros']
[0.645s] Level 1:colcon.colcon_core.package_identification:_identify(src) by extension 'ros'
[0.645s] Level 1:colcon.colcon_core.package_identification:_identify(src) by extensions ['cmake', 'python']
[0.645s] Level 1:colcon.colcon_core.package_identification:_identify(src) by extension 'cmake'
[0.645s] Level 1:colcon.colcon_core.package_identification:_identify(src) by extension 'python'
[0.645s] Level 1:colcon.colcon_core.package_identification:_identify(src) by extensions ['python_setup_py']
[0.645s] Level 1:colcon.colcon_core.package_identification:_identify(src) by extension 'python_setup_py'
[0.646s] Level 1:colcon.colcon_core.package_identification:_identify(src/detections_img) by extensions ['ignore', 'ignore_ament_install']
[0.646s] Level 1:colcon.colcon_core.package_identification:_identify(src/detections_img) by extension 'ignore'
[0.646s] Level 1:colcon.colcon_core.package_identification:_identify(src/detections_img) by extension 'ignore_ament_install'
[0.646s] Level 1:colcon.colcon_core.package_identification:_identify(src/detections_img) by extensions ['colcon_pkg']
[0.646s] Level 1:colcon.colcon_core.package_identification:_identify(src/detections_img) by extension 'colcon_pkg'
[0.646s] Level 1:colcon.colcon_core.package_identification:_identify(src/detections_img) by extensions ['colcon_meta']
[0.646s] Level 1:colcon.colcon_core.package_identification:_identify(src/detections_img) by extension 'colcon_meta'
[0.646s] Level 1:colcon.colcon_core.package_identification:_identify(src/detections_img) by extensions ['ros']
[0.646s] Level 1:colcon.colcon_core.package_identification:_identify(src/detections_img) by extension 'ros'
[0.681s] DEBUG:colcon.colcon_core.package_identification:Package 'src/detections_img' with type 'ros.ament_cmake' and name 'detections_img'
[0.681s] Level 1:colcon.colcon_core.package_identification:_identify(src/traffic_detect) by extensions ['ignore', 'ignore_ament_install']
[0.681s] Level 1:colcon.colcon_core.package_identification:_identify(src/traffic_detect) by extension 'ignore'
[0.682s] Level 1:colcon.colcon_core.package_identification:_identify(src/traffic_detect) by extension 'ignore_ament_install'
[0.682s] Level 1:colcon.colcon_core.package_identification:_identify(src/traffic_detect) by extensions ['colcon_pkg']
[0.682s] Level 1:colcon.colcon_core.package_identification:_identify(src/traffic_detect) by extension 'colcon_pkg'
[0.682s] Level 1:colcon.colcon_core.package_identification:_identify(src/traffic_detect) by extensions ['colcon_meta']
[0.682s] Level 1:colcon.colcon_core.package_identification:_identify(src/traffic_detect) by extension 'colcon_meta'
[0.682s] Level 1:colcon.colcon_core.package_identification:_identify(src/traffic_detect) by extensions ['ros']
[0.682s] Level 1:colcon.colcon_core.package_identification:_identify(src/traffic_detect) by extension 'ros'
[0.684s] DEBUG:colcon.colcon_core.package_identification:Package 'src/traffic_detect' with type 'ros.ament_cmake' and name 'traffic_detect'
[0.684s] Level 1:colcon.colcon_core.package_identification:_identify(src/videopub) by extensions ['ignore', 'ignore_ament_install']
[0.684s] Level 1:colcon.colcon_core.package_identification:_identify(src/videopub) by extension 'ignore'
[0.685s] Level 1:colcon.colcon_core.package_identification:_identify(src/videopub) by extension 'ignore_ament_install'
[0.685s] Level 1:colcon.colcon_core.package_identification:_identify(src/videopub) by extensions ['colcon_pkg']
[0.685s] Level 1:colcon.colcon_core.package_identification:_identify(src/videopub) by extension 'colcon_pkg'
[0.685s] Level 1:colcon.colcon_core.package_identification:_identify(src/videopub) by extensions ['colcon_meta']
[0.685s] Level 1:colcon.colcon_core.package_identification:_identify(src/videopub) by extension 'colcon_meta'
[0.685s] Level 1:colcon.colcon_core.package_identification:_identify(src/videopub) by extensions ['ros']
[0.685s] Level 1:colcon.colcon_core.package_identification:_identify(src/videopub) by extension 'ros'
[0.686s] DEBUG:colcon.colcon_core.package_identification:Package 'src/videopub' with type 'ros.ament_python' and name 'videopub'
[0.686s] Level 1:colcon.colcon_core.package_identification:_identify(usb_cam_cfg) by extensions ['ignore', 'ignore_ament_install']
[0.687s] Level 1:colcon.colcon_core.package_identification:_identify(usb_cam_cfg) by extension 'ignore'
[0.687s] Level 1:colcon.colcon_core.package_identification:_identify(usb_cam_cfg) by extension 'ignore_ament_install'
[0.687s] Level 1:colcon.colcon_core.package_identification:_identify(usb_cam_cfg) by extensions ['colcon_pkg']
[0.687s] Level 1:colcon.colcon_core.package_identification:_identify(usb_cam_cfg) by extension 'colcon_pkg'
[0.687s] Level 1:colcon.colcon_core.package_identification:_identify(usb_cam_cfg) by extensions ['colcon_meta']
[0.687s] Level 1:colcon.colcon_core.package_identification:_identify(usb_cam_cfg) by extension 'colcon_meta'
[0.687s] Level 1:colcon.colcon_core.package_identification:_identify(usb_cam_cfg) by extensions ['ros']
[0.687s] Level 1:colcon.colcon_core.package_identification:_identify(usb_cam_cfg) by extension 'ros'
[0.687s] Level 1:colcon.colcon_core.package_identification:_identify(usb_cam_cfg) by extensions ['cmake', 'python']
[0.688s] Level 1:colcon.colcon_core.package_identification:_identify(usb_cam_cfg) by extension 'cmake'
[0.688s] Level 1:colcon.colcon_core.package_identification:_identify(usb_cam_cfg) by extension 'python'
[0.688s] Level 1:colcon.colcon_core.package_identification:_identify(usb_cam_cfg) by extensions ['python_setup_py']
[0.688s] Level 1:colcon.colcon_core.package_identification:_identify(usb_cam_cfg) by extension 'python_setup_py'
[0.688s] Level 1:colcon.colcon_core.package_identification:_identify(video) by extensions ['ignore', 'ignore_ament_install']
[0.688s] Level 1:colcon.colcon_core.package_identification:_identify(video) by extension 'ignore'
[0.688s] Level 1:colcon.colcon_core.package_identification:_identify(video) by extension 'ignore_ament_install'
[0.689s] Level 1:colcon.colcon_core.package_identification:_identify(video) by extensions ['colcon_pkg']
[0.689s] Level 1:colcon.colcon_core.package_identification:_identify(video) by extension 'colcon_pkg'
[0.689s] Level 1:colcon.colcon_core.package_identification:_identify(video) by extensions ['colcon_meta']
[0.689s] Level 1:colcon.colcon_core.package_identification:_identify(video) by extension 'colcon_meta'
[0.689s] Level 1:colcon.colcon_core.package_identification:_identify(video) by extensions ['ros']
[0.689s] Level 1:colcon.colcon_core.package_identification:_identify(video) by extension 'ros'
[0.689s] Level 1:colcon.colcon_core.package_identification:_identify(video) by extensions ['cmake', 'python']
[0.689s] Level 1:colcon.colcon_core.package_identification:_identify(video) by extension 'cmake'
[0.689s] Level 1:colcon.colcon_core.package_identification:_identify(video) by extension 'python'
[0.689s] Level 1:colcon.colcon_core.package_identification:_identify(video) by extensions ['python_setup_py']
[0.690s] Level 1:colcon.colcon_core.package_identification:_identify(video) by extension 'python_setup_py'
[0.690s] Level 1:colcon.colcon_core.package_discovery:discover_packages(recursive) using defaults
[0.690s] Level 1:colcon.colcon_core.package_discovery:discover_packages(ignore) discover
[0.690s] Level 1:colcon.colcon_core.package_discovery:discover_packages(ignore) using defaults
[0.690s] Level 1:colcon.colcon_core.package_discovery:discover_packages(path) discover
[0.690s] Level 1:colcon.colcon_core.package_discovery:discover_packages(path) using defaults
[0.729s] Level 1:colcon.colcon_core.package_discovery:discover_packages(prefix_path) check parameters
[0.729s] Level 1:colcon.colcon_core.package_discovery:discover_packages(prefix_path) discover
[0.733s] DEBUG:colcon.colcon_installed_package_information.package_discovery:Found 3 installed packages in /home/main-user/Jetson-RT-Traffic-System/install
[0.734s] DEBUG:colcon.colcon_installed_package_information.package_discovery:Found 5 installed packages in /home/main-user/install
[0.738s] DEBUG:colcon.colcon_installed_package_information.package_discovery:Found 303 installed packages in /opt/ros/humble
[0.740s] Level 1:colcon.colcon_core.package_discovery:discover_packages(prefix_path) using defaults
[0.826s] Level 5:colcon.colcon_core.verb:set package 'detections_img' build argument 'cmake_args' from command line to 'None'
[0.827s] Level 5:colcon.colcon_core.verb:set package 'detections_img' build argument 'cmake_target' from command line to 'None'
[0.827s] Level 5:colcon.colcon_core.verb:set package 'detections_img' build argument 'cmake_target_skip_unavailable' from command line to 'False'
[0.827s] Level 5:colcon.colcon_core.verb:set package 'detections_img' build argument 'cmake_clean_cache' from command line to 'False'
[0.827s] Level 5:colcon.colcon_core.verb:set package 'detections_img' build argument 'cmake_clean_first' from command line to 'False'
[0.827s] Level 5:colcon.colcon_core.verb:set package 'detections_img' build argument 'cmake_force_configure' from command line to 'False'
[0.827s] Level 5:colcon.colcon_core.verb:set package 'detections_img' build argument 'ament_cmake_args' from command line to 'None'
[0.827s] Level 5:colcon.colcon_core.verb:set package 'detections_img' build argument 'catkin_cmake_args' from command line to 'None'
[0.827s] Level 5:colcon.colcon_core.verb:set package 'detections_img' build argument 'catkin_skip_building_tests' from command line to 'False'
[0.827s] DEBUG:colcon.colcon_core.verb:Building package 'detections_img' with the following arguments: {'ament_cmake_args': None, 'build_base': '/home/main-user/Jetson-RT-Traffic-System/build/detections_img', 'catkin_cmake_args': None, 'catkin_skip_building_tests': False, 'cmake_args': None, 'cmake_clean_cache': False, 'cmake_clean_first': False, 'cmake_force_configure': False, 'cmake_target': None, 'cmake_target_skip_unavailable': False, 'install_base': '/home/main-user/Jetson-RT-Traffic-System/install/detections_img', 'merge_install': False, 'path': '/home/main-user/Jetson-RT-Traffic-System/src/detections_img', 'symlink_install': False, 'test_result_base': None}
[0.828s] Level 5:colcon.colcon_core.verb:set package 'traffic_detect' build argument 'cmake_args' from command line to 'None'
[0.828s] Level 5:colcon.colcon_core.verb:set package 'traffic_detect' build argument 'cmake_target' from command line to 'None'
[0.828s] Level 5:colcon.colcon_core.verb:set package 'traffic_detect' build argument 'cmake_target_skip_unavailable' from command line to 'False'
[0.828s] Level 5:colcon.colcon_core.verb:set package 'traffic_detect' build argument 'cmake_clean_cache' from command line to 'False'
[0.828s] Level 5:colcon.colcon_core.verb:set package 'traffic_detect' build argument 'cmake_clean_first' from command line to 'False'
[0.828s] Level 5:colcon.colcon_core.verb:set package 'traffic_detect' build argument 'cmake_force_configure' from command line to 'False'
[0.828s] Level 5:colcon.colcon_core.verb:set package 'traffic_detect' build argument 'ament_cmake_args' from command line to 'None'
[0.829s] Level 5:colcon.colcon_core.verb:set package 'traffic_detect' build argument 'catkin_cmake_args' from command line to 'None'
[0.829s] Level 5:colcon.colcon_core.verb:set package 'traffic_detect' build argument 'catkin_skip_building_tests' from command line to 'False'
[0.829s] DEBUG:colcon.colcon_core.verb:Building package 'traffic_detect' with the following arguments: {'ament_cmake_args': None, 'build_base': '/home/main-user/Jetson-RT-Traffic-System/build/traffic_detect', 'catkin_cmake_args': None, 'catkin_skip_building_tests': False, 'cmake_args': None, 'cmake_clean_cache': False, 'cmake_clean_first': False, 'cmake_force_configure': False, 'cmake_target': None, 'cmake_target_skip_unavailable': False, 'install_base': '/home/main-user/Jetson-RT-Traffic-System/install/traffic_detect', 'merge_install': False, 'path': '/home/main-user/Jetson-RT-Traffic-System/src/traffic_detect', 'symlink_install': False, 'test_result_base': None}
[0.829s] Level 5:colcon.colcon_core.verb:set package 'videopub' build argument 'cmake_args' from command line to 'None'
[0.829s] Level 5:colcon.colcon_core.verb:set package 'videopub' build argument 'cmake_target' from command line to 'None'
[0.829s] Level 5:colcon.colcon_core.verb:set package 'videopub' build argument 'cmake_target_skip_unavailable' from command line to 'False'
[0.829s] Level 5:colcon.colcon_core.verb:set package 'videopub' build argument 'cmake_clean_cache' from command line to 'False'
[0.830s] Level 5:colcon.colcon_core.verb:set package 'videopub' build argument 'cmake_clean_first' from command line to 'False'
[0.830s] Level 5:colcon.colcon_core.verb:set package 'videopub' build argument 'cmake_force_configure' from command line to 'False'
[0.830s] Level 5:colcon.colcon_core.verb:set package 'videopub' build argument 'ament_cmake_args' from command line to 'None'
[0.830s] Level 5:colcon.colcon_core.verb:set package 'videopub' build argument 'catkin_cmake_args' from command line to 'None'
[0.830s] Level 5:colcon.colcon_core.verb:set package 'videopub' build argument 'catkin_skip_building_tests' from command line to 'False'
[0.830s] DEBUG:colcon.colcon_core.verb:Building package 'videopub' with the following arguments: {'ament_cmake_args': None, 'build_base': '/home/main-user/Jetson-RT-Traffic-System/build/videopub', 'catkin_cmake_args': None, 'catkin_skip_building_tests': False, 'cmake_args': None, 'cmake_clean_cache': False, 'cmake_clean_first': False, 'cmake_force_configure': False, 'cmake_target': None, 'cmake_target_skip_unavailable': False, 'install_base': '/home/main-user/Jetson-RT-Traffic-System/install/videopub', 'merge_install': False, 'path': '/home/main-user/Jetson-RT-Traffic-System/src/videopub', 'symlink_install': False, 'test_result_base': None}
[0.830s] INFO:colcon.colcon_core.executor:Executing jobs using 'parallel' executor
[0.832s] DEBUG:colcon.colcon_parallel_executor.executor.parallel:run_until_complete
[0.833s] INFO:colcon.colcon_ros.task.ament_cmake.build:Building ROS package in '/home/main-user/Jetson-RT-Traffic-System/src/detections_img' with build type 'ament_cmake'
[0.833s] INFO:colcon.colcon_cmake.task.cmake.build:Building CMake package in '/home/main-user/Jetson-RT-Traffic-System/src/detections_img'
[0.837s] INFO:colcon.colcon_core.plugin_system:Skipping extension 'colcon_core.shell.bat': Not used on non-Windows systems
[0.838s] INFO:colcon.colcon_core.shell:Skip shell extension 'powershell' for command environment: Not usable outside of PowerShell
[0.838s] DEBUG:colcon.colcon_core.shell:Skip shell extension 'dsv' for command environment
[0.846s] INFO:colcon.colcon_ros.task.ament_cmake.build:Building ROS package in '/home/main-user/Jetson-RT-Traffic-System/src/traffic_detect' with build type 'ament_cmake'
[0.847s] INFO:colcon.colcon_cmake.task.cmake.build:Building CMake package in '/home/main-user/Jetson-RT-Traffic-System/src/traffic_detect'
[0.847s] INFO:colcon.colcon_core.shell:Skip shell extension 'powershell' for command environment: Not usable outside of PowerShell
[0.847s] DEBUG:colcon.colcon_core.shell:Skip shell extension 'dsv' for command environment
[0.855s] INFO:colcon.colcon_ros.task.ament_python.build:Building ROS package in '/home/main-user/Jetson-RT-Traffic-System/src/videopub' with build type 'ament_python'
[0.855s] Level 1:colcon.colcon_core.shell:create_environment_hook('videopub', 'ament_prefix_path')
[0.856s] INFO:colcon.colcon_core.shell:Creating environment hook '/home/main-user/Jetson-RT-Traffic-System/install/videopub/share/videopub/hook/ament_prefix_path.ps1'
[0.858s] INFO:colcon.colcon_core.shell:Creating environment descriptor '/home/main-user/Jetson-RT-Traffic-System/install/videopub/share/videopub/hook/ament_prefix_path.dsv'
[0.859s] INFO:colcon.colcon_core.shell:Creating environment hook '/home/main-user/Jetson-RT-Traffic-System/install/videopub/share/videopub/hook/ament_prefix_path.sh'
[0.860s] INFO:colcon.colcon_core.shell:Skip shell extension 'powershell' for command environment: Not usable outside of PowerShell
[0.860s] DEBUG:colcon.colcon_core.shell:Skip shell extension 'dsv' for command environment
[0.876s] DEBUG:colcon.colcon_core.event_handler.log_command:Invoking command in '/home/main-user/Jetson-RT-Traffic-System/build/detections_img': CMAKE_PREFIX_PATH=${CMAKE_PREFIX_PATH}:/home/main-user/Jetson-RT-Traffic-System/install/videopub:/opt/ros/humble /usr/bin/cmake --build /home/main-user/Jetson-RT-Traffic-System/build/detections_img -- -j6 -l6
[0.883s] DEBUG:colcon.colcon_core.event_handler.log_command:Invoking command in '/home/main-user/Jetson-RT-Traffic-System/build/traffic_detect': CMAKE_PREFIX_PATH=${CMAKE_PREFIX_PATH}:/home/main-user/Jetson-RT-Traffic-System/install/videopub:/opt/ros/humble /usr/bin/cmake --build /home/main-user/Jetson-RT-Traffic-System/build/traffic_detect -- -j6 -l6
[1.428s] INFO:colcon.colcon_core.task.python.build:Building Python package in '/home/main-user/Jetson-RT-Traffic-System/src/videopub'
[1.429s] INFO:colcon.colcon_core.shell:Skip shell extension 'powershell' for command environment: Not usable outside of PowerShell
[1.429s] DEBUG:colcon.colcon_core.shell:Skip shell extension 'dsv' for command environment
[1.441s] DEBUG:colcon.colcon_core.event_handler.log_command:Invoked command in '/home/main-user/Jetson-RT-Traffic-System/build/detections_img' returned '0': CMAKE_PREFIX_PATH=${CMAKE_PREFIX_PATH}:/home/main-user/Jetson-RT-Traffic-System/install/videopub:/opt/ros/humble /usr/bin/cmake --build /home/main-user/Jetson-RT-Traffic-System/build/detections_img -- -j6 -l6
[1.466s] DEBUG:colcon.colcon_core.event_handler.log_command:Invoking command in '/home/main-user/Jetson-RT-Traffic-System/build/detections_img': CMAKE_PREFIX_PATH=${CMAKE_PREFIX_PATH}:/home/main-user/Jetson-RT-Traffic-System/install/videopub:/opt/ros/humble /usr/bin/cmake --install /home/main-user/Jetson-RT-Traffic-System/build/detections_img
[1.468s] DEBUG:colcon.colcon_core.event_handler.log_command:Invoked command in '/home/main-user/Jetson-RT-Traffic-System/build/traffic_detect' returned '0': CMAKE_PREFIX_PATH=${CMAKE_PREFIX_PATH}:/home/main-user/Jetson-RT-Traffic-System/install/videopub:/opt/ros/humble /usr/bin/cmake --build /home/main-user/Jetson-RT-Traffic-System/build/traffic_detect -- -j6 -l6
[1.473s] DEBUG:colcon.colcon_core.event_handler.log_command:Invoking command in '/home/main-user/Jetson-RT-Traffic-System/build/traffic_detect': CMAKE_PREFIX_PATH=${CMAKE_PREFIX_PATH}:/home/main-user/Jetson-RT-Traffic-System/install/videopub:/opt/ros/humble /usr/bin/cmake --install /home/main-user/Jetson-RT-Traffic-System/build/traffic_detect
[1.511s] Level 1:colcon.colcon_core.environment:create_environment_scripts_only(traffic_detect)
[1.512s] DEBUG:colcon.colcon_core.event_handler.log_command:Invoked command in '/home/main-user/Jetson-RT-Traffic-System/build/traffic_detect' returned '0': CMAKE_PREFIX_PATH=${CMAKE_PREFIX_PATH}:/home/main-user/Jetson-RT-Traffic-System/install/videopub:/opt/ros/humble /usr/bin/cmake --install /home/main-user/Jetson-RT-Traffic-System/build/traffic_detect
[1.518s] Level 1:colcon.colcon_core.environment:checking '/home/main-user/Jetson-RT-Traffic-System/install/traffic_detect' for CMake module files
[1.520s] Level 1:colcon.colcon_core.environment:checking '/home/main-user/Jetson-RT-Traffic-System/install/traffic_detect' for CMake config files
[1.521s] Level 1:colcon.colcon_core.shell:create_environment_hook('traffic_detect', 'cmake_prefix_path')
[1.522s] INFO:colcon.colcon_core.shell:Creating environment hook '/home/main-user/Jetson-RT-Traffic-System/install/traffic_detect/share/traffic_detect/hook/cmake_prefix_path.ps1'
[1.524s] INFO:colcon.colcon_core.shell:Creating environment descriptor '/home/main-user/Jetson-RT-Traffic-System/install/traffic_detect/share/traffic_detect/hook/cmake_prefix_path.dsv'
[1.525s] INFO:colcon.colcon_core.shell:Creating environment hook '/home/main-user/Jetson-RT-Traffic-System/install/traffic_detect/share/traffic_detect/hook/cmake_prefix_path.sh'
[1.527s] Level 1:colcon.colcon_core.environment:checking '/home/main-user/Jetson-RT-Traffic-System/install/traffic_detect/lib'
[1.528s] Level 1:colcon.colcon_core.environment:checking '/home/main-user/Jetson-RT-Traffic-System/install/traffic_detect/bin'
[1.528s] Level 1:colcon.colcon_core.environment:checking '/home/main-user/Jetson-RT-Traffic-System/install/traffic_detect/lib/pkgconfig/traffic_detect.pc'
[1.529s] Level 1:colcon.colcon_core.environment:checking '/home/main-user/Jetson-RT-Traffic-System/install/traffic_detect/lib/python3.10/site-packages'
[1.530s] Level 1:colcon.colcon_core.environment:checking '/home/main-user/Jetson-RT-Traffic-System/install/traffic_detect/bin'
[1.530s] INFO:colcon.colcon_core.shell:Creating package script '/home/main-user/Jetson-RT-Traffic-System/install/traffic_detect/share/traffic_detect/package.ps1'
[1.533s] INFO:colcon.colcon_core.shell:Creating package descriptor '/home/main-user/Jetson-RT-Traffic-System/install/traffic_detect/share/traffic_detect/package.dsv'
[1.534s] INFO:colcon.colcon_core.shell:Creating package script '/home/main-user/Jetson-RT-Traffic-System/install/traffic_detect/share/traffic_detect/package.sh'
[1.537s] INFO:colcon.colcon_core.shell:Creating package script '/home/main-user/Jetson-RT-Traffic-System/install/traffic_detect/share/traffic_detect/package.bash'
[1.539s] INFO:colcon.colcon_core.shell:Creating package script '/home/main-user/Jetson-RT-Traffic-System/install/traffic_detect/share/traffic_detect/package.zsh'
[1.541s] Level 1:colcon.colcon_core.environment:create_file_with_runtime_dependencies(/home/main-user/Jetson-RT-Traffic-System/install/traffic_detect/share/colcon-core/packages/traffic_detect)
[1.543s] Level 1:colcon.colcon_core.environment:create_environment_scripts_only(traffic_detect)
[1.544s] Level 1:colcon.colcon_core.environment:checking '/home/main-user/Jetson-RT-Traffic-System/install/traffic_detect' for CMake module files
[1.545s] Level 1:colcon.colcon_core.environment:checking '/home/main-user/Jetson-RT-Traffic-System/install/traffic_detect' for CMake config files
[1.545s] Level 1:colcon.colcon_core.shell:create_environment_hook('traffic_detect', 'cmake_prefix_path')
[1.546s] INFO:colcon.colcon_core.shell:Creating environment hook '/home/main-user/Jetson-RT-Traffic-System/install/traffic_detect/share/traffic_detect/hook/cmake_prefix_path.ps1'
[1.547s] INFO:colcon.colcon_core.shell:Creating environment descriptor '/home/main-user/Jetson-RT-Traffic-System/install/traffic_detect/share/traffic_detect/hook/cmake_prefix_path.dsv'
[1.548s] INFO:colcon.colcon_core.shell:Creating environment hook '/home/main-user/Jetson-RT-Traffic-System/install/traffic_detect/share/traffic_detect/hook/cmake_prefix_path.sh'
[1.549s] Level 1:colcon.colcon_core.environment:checking '/home/main-user/Jetson-RT-Traffic-System/install/traffic_detect/lib'
[1.550s] Level 1:colcon.colcon_core.environment:checking '/home/main-user/Jetson-RT-Traffic-System/install/traffic_detect/bin'
[1.550s] Level 1:colcon.colcon_core.environment:checking '/home/main-user/Jetson-RT-Traffic-System/install/traffic_detect/lib/pkgconfig/traffic_detect.pc'
[1.550s] Level 1:colcon.colcon_core.environment:checking '/home/main-user/Jetson-RT-Traffic-System/install/traffic_detect/lib/python3.10/site-packages'
[1.551s] Level 1:colcon.colcon_core.environment:checking '/home/main-user/Jetson-RT-Traffic-System/install/traffic_detect/bin'
[1.551s] INFO:colcon.colcon_core.shell:Creating package script '/home/main-user/Jetson-RT-Traffic-System/install/traffic_detect/share/traffic_detect/package.ps1'
[1.553s] INFO:colcon.colcon_core.shell:Creating package descriptor '/home/main-user/Jetson-RT-Traffic-System/install/traffic_detect/share/traffic_detect/package.dsv'
[1.554s] INFO:colcon.colcon_core.shell:Creating package script '/home/main-user/Jetson-RT-Traffic-System/install/traffic_detect/share/traffic_detect/package.sh'
[1.555s] INFO:colcon.colcon_core.shell:Creating package script '/home/main-user/Jetson-RT-Traffic-System/install/traffic_detect/share/traffic_detect/package.bash'
[1.556s] INFO:colcon.colcon_core.shell:Creating package script '/home/main-user/Jetson-RT-Traffic-System/install/traffic_detect/share/traffic_detect/package.zsh'
[1.558s] Level 1:colcon.colcon_core.environment:create_file_with_runtime_dependencies(/home/main-user/Jetson-RT-Traffic-System/install/traffic_detect/share/colcon-core/packages/traffic_detect)
[1.559s] Level 1:colcon.colcon_core.environment:create_environment_scripts_only(detections_img)
[1.559s] Level 1:colcon.colcon_core.environment:checking '/home/main-user/Jetson-RT-Traffic-System/install/detections_img' for CMake module files
[1.562s] DEBUG:colcon.colcon_core.event_handler.log_command:Invoked command in '/home/main-user/Jetson-RT-Traffic-System/build/detections_img' returned '0': CMAKE_PREFIX_PATH=${CMAKE_PREFIX_PATH}:/home/main-user/Jetson-RT-Traffic-System/install/videopub:/opt/ros/humble /usr/bin/cmake --install /home/main-user/Jetson-RT-Traffic-System/build/detections_img
[1.562s] Level 1:colcon.colcon_core.environment:checking '/home/main-user/Jetson-RT-Traffic-System/install/detections_img' for CMake config files
[1.563s] Level 1:colcon.colcon_core.shell:create_environment_hook('detections_img', 'cmake_prefix_path')
[1.564s] INFO:colcon.colcon_core.shell:Creating environment hook '/home/main-user/Jetson-RT-Traffic-System/install/detections_img/share/detections_img/hook/cmake_prefix_path.ps1'
[1.565s] INFO:colcon.colcon_core.shell:Creating environment descriptor '/home/main-user/Jetson-RT-Traffic-System/install/detections_img/share/detections_img/hook/cmake_prefix_path.dsv'
[1.566s] INFO:colcon.colcon_core.shell:Creating environment hook '/home/main-user/Jetson-RT-Traffic-System/install/detections_img/share/detections_img/hook/cmake_prefix_path.sh'
[1.567s] Level 1:colcon.colcon_core.environment:checking '/home/main-user/Jetson-RT-Traffic-System/install/detections_img/lib'
[1.568s] Level 1:colcon.colcon_core.environment:checking '/home/main-user/Jetson-RT-Traffic-System/install/detections_img/bin'
[1.568s] Level 1:colcon.colcon_core.environment:checking '/home/main-user/Jetson-RT-Traffic-System/install/detections_img/lib/pkgconfig/detections_img.pc'
[1.568s] Level 1:colcon.colcon_core.environment:checking '/home/main-user/Jetson-RT-Traffic-System/install/detections_img/lib/python3.10/site-packages'
[1.569s] Level 1:colcon.colcon_core.environment:checking '/home/main-user/Jetson-RT-Traffic-System/install/detections_img/bin'
[1.569s] INFO:colcon.colcon_core.shell:Creating package script '/home/main-user/Jetson-RT-Traffic-System/install/detections_img/share/detections_img/package.ps1'
[1.570s] INFO:colcon.colcon_core.shell:Creating package descriptor '/home/main-user/Jetson-RT-Traffic-System/install/detections_img/share/detections_img/package.dsv'
[1.572s] INFO:colcon.colcon_core.shell:Creating package script '/home/main-user/Jetson-RT-Traffic-System/install/detections_img/share/detections_img/package.sh'
[1.573s] INFO:colcon.colcon_core.shell:Creating package script '/home/main-user/Jetson-RT-Traffic-System/install/detections_img/share/detections_img/package.bash'
[1.574s] INFO:colcon.colcon_core.shell:Creating package script '/home/main-user/Jetson-RT-Traffic-System/install/detections_img/share/detections_img/package.zsh'
[1.575s] Level 1:colcon.colcon_core.environment:create_file_with_runtime_dependencies(/home/main-user/Jetson-RT-Traffic-System/install/detections_img/share/colcon-core/packages/detections_img)
[1.576s] Level 1:colcon.colcon_core.environment:create_environment_scripts_only(detections_img)
[1.577s] Level 1:colcon.colcon_core.environment:checking '/home/main-user/Jetson-RT-Traffic-System/install/detections_img' for CMake module files
[1.577s] Level 1:colcon.colcon_core.environment:checking '/home/main-user/Jetson-RT-Traffic-System/install/detections_img' for CMake config files
[1.578s] Level 1:colcon.colcon_core.shell:create_environment_hook('detections_img', 'cmake_prefix_path')
[1.579s] INFO:colcon.colcon_core.shell:Creating environment hook '/home/main-user/Jetson-RT-Traffic-System/install/detections_img/share/detections_img/hook/cmake_prefix_path.ps1'
[1.579s] INFO:colcon.colcon_core.shell:Creating environment descriptor '/home/main-user/Jetson-RT-Traffic-System/install/detections_img/share/detections_img/hook/cmake_prefix_path.dsv'
[1.581s] INFO:colcon.colcon_core.shell:Creating environment hook '/home/main-user/Jetson-RT-Traffic-System/install/detections_img/share/detections_img/hook/cmake_prefix_path.sh'
[1.582s] Level 1:colcon.colcon_core.environment:checking '/home/main-user/Jetson-RT-Traffic-System/install/detections_img/lib'
[1.582s] Level 1:colcon.colcon_core.environment:checking '/home/main-user/Jetson-RT-Traffic-System/install/detections_img/bin'
[1.582s] Level 1:colcon.colcon_core.environment:checking '/home/main-user/Jetson-RT-Traffic-System/install/detections_img/lib/pkgconfig/detections_img.pc'
[1.583s] Level 1:colcon.colcon_core.environment:checking '/home/main-user/Jetson-RT-Traffic-System/install/detections_img/lib/python3.10/site-packages'
[1.583s] Level 1:colcon.colcon_core.environment:checking '/home/main-user/Jetson-RT-Traffic-System/install/detections_img/bin'
[1.584s] INFO:colcon.colcon_core.shell:Creating package script '/home/main-user/Jetson-RT-Traffic-System/install/detections_img/share/detections_img/package.ps1'
[1.585s] INFO:colcon.colcon_core.shell:Creating package descriptor '/home/main-user/Jetson-RT-Traffic-System/install/detections_img/share/detections_img/package.dsv'
[1.586s] INFO:colcon.colcon_core.shell:Creating package script '/home/main-user/Jetson-RT-Traffic-System/install/detections_img/share/detections_img/package.sh'
[1.587s] INFO:colcon.colcon_core.shell:Creating package script '/home/main-user/Jetson-RT-Traffic-System/install/detections_img/share/detections_img/package.bash'
[1.588s] INFO:colcon.colcon_core.shell:Creating package script '/home/main-user/Jetson-RT-Traffic-System/install/detections_img/share/detections_img/package.zsh'
[1.589s] Level 1:colcon.colcon_core.environment:create_file_with_runtime_dependencies(/home/main-user/Jetson-RT-Traffic-System/install/detections_img/share/colcon-core/packages/detections_img)
[2.169s] DEBUG:colcon.colcon_core.event_handler.log_command:Invoking command in '/home/main-user/Jetson-RT-Traffic-System/src/videopub': PYTHONPATH=/home/main-user/Jetson-RT-Traffic-System/build/videopub/prefix_override:/usr/lib/python3/dist-packages/colcon_core/task/python/colcon_distutils_commands:/home/main-user/Jetson-RT-Traffic-System/install/videopub/lib/python3.10/site-packages:${PYTHONPATH} /usr/bin/python3 -W ignore:setup.py install is deprecated -W ignore:easy_install command is deprecated setup.py egg_info --egg-base ../../build/videopub build --build-base /home/main-user/Jetson-RT-Traffic-System/build/videopub/build install --record /home/main-user/Jetson-RT-Traffic-System/build/videopub/install.log --single-version-externally-managed install_data
[2.795s] Level 1:colcon.colcon_core.environment:checking '/home/main-user/Jetson-RT-Traffic-System/install/videopub' for CMake module files
[2.796s] DEBUG:colcon.colcon_core.event_handler.log_command:Invoked command in '/home/main-user/Jetson-RT-Traffic-System/src/videopub' returned '0': PYTHONPATH=/home/main-user/Jetson-RT-Traffic-System/build/videopub/prefix_override:/usr/lib/python3/dist-packages/colcon_core/task/python/colcon_distutils_commands:/home/main-user/Jetson-RT-Traffic-System/install/videopub/lib/python3.10/site-packages:${PYTHONPATH} /usr/bin/python3 -W ignore:setup.py install is deprecated -W ignore:easy_install command is deprecated setup.py egg_info --egg-base ../../build/videopub build --build-base /home/main-user/Jetson-RT-Traffic-System/build/videopub/build install --record /home/main-user/Jetson-RT-Traffic-System/build/videopub/install.log --single-version-externally-managed install_data
[2.797s] Level 1:colcon.colcon_core.environment:checking '/home/main-user/Jetson-RT-Traffic-System/install/videopub' for CMake config files
[2.799s] Level 1:colcon.colcon_core.environment:checking '/home/main-user/Jetson-RT-Traffic-System/install/videopub/lib'
[2.800s] Level 1:colcon.colcon_core.environment:checking '/home/main-user/Jetson-RT-Traffic-System/install/videopub/bin'
[2.800s] Level 1:colcon.colcon_core.environment:checking '/home/main-user/Jetson-RT-Traffic-System/install/videopub/lib/pkgconfig/videopub.pc'
[2.801s] Level 1:colcon.colcon_core.environment:checking '/home/main-user/Jetson-RT-Traffic-System/install/videopub/lib/python3.10/site-packages'
[2.801s] Level 1:colcon.colcon_core.shell:create_environment_hook('videopub', 'pythonpath')
[2.802s] INFO:colcon.colcon_core.shell:Creating environment hook '/home/main-user/Jetson-RT-Traffic-System/install/videopub/share/videopub/hook/pythonpath.ps1'
[2.804s] INFO:colcon.colcon_core.shell:Creating environment descriptor '/home/main-user/Jetson-RT-Traffic-System/install/videopub/share/videopub/hook/pythonpath.dsv'
[2.805s] INFO:colcon.colcon_core.shell:Creating environment hook '/home/main-user/Jetson-RT-Traffic-System/install/videopub/share/videopub/hook/pythonpath.sh'
[2.806s] Level 1:colcon.colcon_core.environment:checking '/home/main-user/Jetson-RT-Traffic-System/install/videopub/bin'
[2.807s] Level 1:colcon.colcon_core.environment:create_environment_scripts_only(videopub)
[2.808s] INFO:colcon.colcon_core.shell:Creating package script '/home/main-user/Jetson-RT-Traffic-System/install/videopub/share/videopub/package.ps1'
[2.810s] INFO:colcon.colcon_core.shell:Creating package descriptor '/home/main-user/Jetson-RT-Traffic-System/install/videopub/share/videopub/package.dsv'
[2.812s] INFO:colcon.colcon_core.shell:Creating package script '/home/main-user/Jetson-RT-Traffic-System/install/videopub/share/videopub/package.sh'
[2.814s] INFO:colcon.colcon_core.shell:Creating package script '/home/main-user/Jetson-RT-Traffic-System/install/videopub/share/videopub/package.bash'
[2.815s] INFO:colcon.colcon_core.shell:Creating package script '/home/main-user/Jetson-RT-Traffic-System/install/videopub/share/videopub/package.zsh'
[2.816s] Level 1:colcon.colcon_core.environment:create_file_with_runtime_dependencies(/home/main-user/Jetson-RT-Traffic-System/install/videopub/share/colcon-core/packages/videopub)
[2.817s] DEBUG:colcon.colcon_parallel_executor.executor.parallel:closing loop
[2.818s] DEBUG:colcon.colcon_parallel_executor.executor.parallel:loop closed
[2.819s] DEBUG:colcon.colcon_parallel_executor.executor.parallel:run_until_complete finished with '0'
[2.819s] DEBUG:colcon.colcon_core.event_reactor:joining thread
[2.838s] INFO:colcon.colcon_core.plugin_system:Skipping extension 'colcon_notification.desktop_notification.terminal_notifier': Not used on non-Darwin systems
[2.838s] INFO:colcon.colcon_core.plugin_system:Skipping extension 'colcon_notification.desktop_notification.win32': Not used on non-Windows systems
[2.838s] INFO:colcon.colcon_notification.desktop_notification:Sending desktop notification using 'notify2'
[2.873s] DEBUG:colcon.colcon_core.event_reactor:joined thread
[2.874s] INFO:colcon.colcon_core.shell:Creating prefix script '/home/main-user/Jetson-RT-Traffic-System/install/local_setup.ps1'
[2.878s] INFO:colcon.colcon_core.shell:Creating prefix util module '/home/main-user/Jetson-RT-Traffic-System/install/_local_setup_util_ps1.py'
[2.883s] INFO:colcon.colcon_core.shell:Creating prefix chain script '/home/main-user/Jetson-RT-Traffic-System/install/setup.ps1'
[2.887s] INFO:colcon.colcon_core.shell:Creating prefix script '/home/main-user/Jetson-RT-Traffic-System/install/local_setup.sh'
[2.890s] INFO:colcon.colcon_core.shell:Creating prefix util module '/home/main-user/Jetson-RT-Traffic-System/install/_local_setup_util_sh.py'
[2.892s] INFO:colcon.colcon_core.shell:Creating prefix chain script '/home/main-user/Jetson-RT-Traffic-System/install/setup.sh'
[2.897s] INFO:colcon.colcon_core.shell:Creating prefix script '/home/main-user/Jetson-RT-Traffic-System/install/local_setup.bash'
[2.899s] INFO:colcon.colcon_core.shell:Creating prefix chain script '/home/main-user/Jetson-RT-Traffic-System/install/setup.bash'
[2.903s] INFO:colcon.colcon_core.shell:Creating prefix script '/home/main-user/Jetson-RT-Traffic-System/install/local_setup.zsh'
[2.905s] INFO:colcon.colcon_core.shell:Creating prefix chain script '/home/main-user/Jetson-RT-Traffic-System/install/setup.zsh'
