[0.028s] Invoking command in '/home/nvidia/Jetson-RT-Traffic-System/build/traffic_detect': CMAKE_PREFIX_PATH=${CMAKE_PREFIX_PATH}:/opt/ros/humble /usr/bin/cmake /home/nvidia/Jetson-RT-Traffic-System/src/traffic_detect -DAMENT_CMAKE_SYMLINK_INSTALL=1 -DCMAKE_INSTALL_PREFIX=/home/nvidia/Jetson-RT-Traffic-System/install/traffic_detect
[0.155s] -- The C compiler identification is GNU 11.4.0
[0.277s] -- The CXX compiler identification is GNU 11.4.0
[0.297s] -- Detecting C compiler ABI info
[0.468s] -- Detecting C compiler ABI info - done
[0.492s] -- Check for working C compiler: /usr/bin/cc - skipped
[0.492s] -- Detecting C compile features
[0.493s] -- Detecting C compile features - done
[0.500s] -- Detecting CXX compiler ABI info
[0.686s] -- Detecting CXX compiler ABI info - done
[0.708s] -- Check for working CXX compiler: /usr/bin/c++ - skipped
[0.710s] -- Detecting CXX compile features
[0.711s] -- Detecting CXX compile features - done
[0.718s] -- Found ament_cmake: 1.3.11 (/opt/ros/humble/share/ament_cmake/cmake)
[1.084s] -- Found Python3: /usr/bin/python3 (found version "3.10.12") found components: Interpreter 
[1.252s] -- Override CMake install command with custom implementation using symlinks instead of copying resources
[1.316s] -- Found rclcpp: 16.0.12 (/opt/ros/humble/share/rclcpp/cmake)
[1.407s] -- Found rosidl_generator_c: 3.1.6 (/opt/ros/humble/share/rosidl_generator_c/cmake)
[1.417s] -- Found rosidl_adapter: 3.1.6 (/opt/ros/humble/share/rosidl_adapter/cmake)
[1.440s] -- Found rosidl_generator_cpp: 3.1.6 (/opt/ros/humble/share/rosidl_generator_cpp/cmake)
[1.468s] -- Using all available rosidl_typesupport_c: rosidl_typesupport_fastrtps_c;rosidl_typesupport_introspection_c
[1.501s] -- Using all available rosidl_typesupport_cpp: rosidl_typesupport_fastrtps_cpp;rosidl_typesupport_introspection_cpp
[1.592s] -- Found rmw_implementation_cmake: 6.1.2 (/opt/ros/humble/share/rmw_implementation_cmake/cmake)
[1.598s] -- Found rmw_fastrtps_cpp: 6.2.7 (/opt/ros/humble/share/rmw_fastrtps_cpp/cmake)
[1.780s] -- Found OpenSSL: /usr/lib/aarch64-linux-gnu/libcrypto.so (found version "3.0.2")  
[1.839s] -- Found FastRTPS: /opt/ros/humble/include  
[1.940s] -- Using RMW implementation 'rmw_fastrtps_cpp' as default
[1.958s] -- Looking for pthread.h
[2.131s] -- Looking for pthread.h - found
[2.132s] -- Performing Test CMAKE_HAVE_LIBC_PTHREAD
[2.298s] -- Performing Test CMAKE_HAVE_LIBC_PTHREAD - Success
[2.302s] -- Found Threads: TRUE  
[2.424s] -- Found sensor_msgs: 4.8.0 (/opt/ros/humble/share/sensor_msgs/cmake)
[2.496s] -- Found OpenCV: /usr (found version "4.8.0") 
[2.499s] -- Found cv_bridge: 3.2.1 (/opt/ros/humble/share/cv_bridge/cmake)
[2.508s] -- Found ament_lint_auto: 0.12.12 (/opt/ros/humble/share/ament_lint_auto/cmake)
[2.748s] -- Added test 'cppcheck' to perform static code analysis on C / C++ code
[2.751s] -- Configured cppcheck include dirs: /home/nvidia/Jetson-RT-Traffic-System/src/traffic_detect/include
[2.752s] -- Configured cppcheck exclude dirs and/or files: 
[2.755s] -- Added test 'flake8' to check Python code syntax and style conventions
[2.764s] -- Added test 'lint_cmake' to check CMake code style
[2.768s] -- Added test 'pep257' to check Python code against some of the docstring style conventions in PEP 257
[2.797s] -- Added test 'uncrustify' to check C / C++ code style
[2.798s] -- Configured uncrustify additional arguments: 
[2.802s] -- Added test 'xmllint' to check XML markup files
[2.806s] -- Configuring done
[2.831s] -- Generating done
[2.839s] -- Build files have been written to: /home/nvidia/Jetson-RT-Traffic-System/build/traffic_detect
[2.871s] Invoked command in '/home/nvidia/Jetson-RT-Traffic-System/build/traffic_detect' returned '0': CMAKE_PREFIX_PATH=${CMAKE_PREFIX_PATH}:/opt/ros/humble /usr/bin/cmake /home/nvidia/Jetson-RT-Traffic-System/src/traffic_detect -DAMENT_CMAKE_SYMLINK_INSTALL=1 -DCMAKE_INSTALL_PREFIX=/home/nvidia/Jetson-RT-Traffic-System/install/traffic_detect
[2.874s] Invoking command in '/home/nvidia/Jetson-RT-Traffic-System/build/traffic_detect': CMAKE_PREFIX_PATH=${CMAKE_PREFIX_PATH}:/opt/ros/humble /usr/bin/cmake --build /home/nvidia/Jetson-RT-Traffic-System/build/traffic_detect -- -j6 -l6
[2.998s] [ 50%] [32mBuilding CXX object CMakeFiles/traffic_detect_node.dir/src/main.cpp.o[0m
[11.641s] In file included from [01m[K/opt/ros/humble/include/rclcpp/rclcpp/logging.hpp:24[m[K,
[11.641s]                  from [01m[K/opt/ros/humble/include/rclcpp/rclcpp/client.hpp:40[m[K,
[11.641s]                  from [01m[K/opt/ros/humble/include/rclcpp/rclcpp/callback_group.hpp:24[m[K,
[11.642s]                  from [01m[K/opt/ros/humble/include/rclcpp/rclcpp/any_executable.hpp:20[m[K,
[11.642s]                  from [01m[K/opt/ros/humble/include/rclcpp/rclcpp/memory_strategy.hpp:25[m[K,
[11.642s]                  from [01m[K/opt/ros/humble/include/rclcpp/rclcpp/memory_strategies.hpp:18[m[K,
[11.642s]                  from [01m[K/opt/ros/humble/include/rclcpp/rclcpp/executor_options.hpp:20[m[K,
[11.643s]                  from [01m[K/opt/ros/humble/include/rclcpp/rclcpp/executor.hpp:37[m[K,
[11.643s]                  from [01m[K/opt/ros/humble/include/rclcpp/rclcpp/executors/multi_threaded_executor.hpp:25[m[K,
[11.643s]                  from [01m[K/opt/ros/humble/include/rclcpp/rclcpp/executors.hpp:21[m[K,
[11.643s]                  from [01m[K/opt/ros/humble/include/rclcpp/rclcpp/rclcpp.hpp:155[m[K,
[11.644s]                  from [01m[K/home/nvidia/Jetson-RT-Traffic-System/src/traffic_detect/src/main.cpp:3[m[K:
[11.644s] [01m[K/home/nvidia/Jetson-RT-Traffic-System/src/traffic_detect/src/main.cpp:[m[K In member function ‘[01m[Kvoid TrafficDetector::image_callback(sensor_msgs::msg::Image_<std::allocator<void> >::SharedPtr)[m[K’:
[11.644s] [01m[K/home/nvidia/Jetson-RT-Traffic-System/src/traffic_detect/src/main.cpp:21:37:[m[K [01;35m[Kwarning: [m[Kformat ‘[01m[K%s[m[K’ expects argument of type ‘[01m[Kchar*[m[K’, but argument 5 has type ‘[01m[Ksensor_msgs::msg::Image_<std::allocator<void> >::_encoding_type[m[K’ {aka ‘[01m[Kstd::__cxx11::basic_string<char>[m[K’} [[01;35m[K]8;;https://gcc.gnu.org/onlinedocs/gcc/Warning-Options.html#index-Wformat=-Wformat=]8;;[m[K]
[11.644s]    21 |     RCLCPP_INFO(this->get_logger(), [01;35m[K"Format: %s"[m[K, msg->encoding);
[11.644s]       |                                     [01;35m[K^~~~~~~~~~~~[m[K
[11.645s] [01m[K/home/nvidia/Jetson-RT-Traffic-System/src/traffic_detect/src/main.cpp:21:47:[m[K [01;36m[Knote: [m[Kformat string is defined here
[11.645s]    21 |     RCLCPP_INFO(this->get_logger(), "Format: [01;36m[K%s[m[K", msg->encoding);
[11.645s]       |                                              [01;36m[K~^[m[K
[11.645s]       |                                               [01;36m[K|[m[K
[11.645s]       |                                               [01;36m[Kchar*[m[K
[26.978s] [100%] [32m[1mLinking CXX executable traffic_detect_node[0m
[27.857s] [100%] Built target traffic_detect_node
