[0.034s] Invoking command in '/home/main-user/Jetson-RT-Traffic-System/build/traffic_detect': CMAKE_PREFIX_PATH=${CMAKE_PREFIX_PATH}:/home/main-user/Jetson-RT-Traffic-System/install/videopub:/home/main-user/install/videopub:/opt/ros/humble /usr/bin/cmake --build /home/main-user/Jetson-RT-Traffic-System/build/traffic_detect -- -j6 -l6
[0.138s] [ 50%] [32mBuilding CXX object CMakeFiles/traffic_detect_node.dir/src/main.cpp.o[0m
[0.148s] [01m[Kcc1plus:[m[K [01;35m[Kwarning: [m[K/usr/local/cuda/lib64/libcudart_static.a: not a directory
[0.148s] [01m[Kcc1plus:[m[K [01;35m[Kwarning: [m[K/usr/lib/aarch64-linux-gnu/librt.a: not a directory
[23.410s] [100%] [32m[1mLinking CXX executable traffic_detect_node[0m
[23.893s] /usr/bin/ld: warning: libopencv_imgcodecs.so.4.5d, needed by /opt/ros/humble/lib/libcv_bridge.so, may conflict with libopencv_imgcodecs.so.408
[23.894s] /usr/bin/ld: warning: libopencv_imgproc.so.4.5d, needed by /opt/ros/humble/lib/libcv_bridge.so, may conflict with libopencv_imgproc.so.408
[23.895s] /usr/bin/ld: warning: libopencv_core.so.4.5d, needed by /opt/ros/humble/lib/libcv_bridge.so, may conflict with libopencv_core.so.408
[24.994s] [100%] Built target traffic_detect_node
[25.015s] Invoked command in '/home/main-user/Jetson-RT-Traffic-System/build/traffic_detect' returned '0': CMAKE_PREFIX_PATH=${CMAKE_PREFIX_PATH}:/home/main-user/Jetson-RT-Traffic-System/install/videopub:/home/main-user/install/videopub:/opt/ros/humble /usr/bin/cmake --build /home/main-user/Jetson-RT-Traffic-System/build/traffic_detect -- -j6 -l6
[25.018s] Invoking command in '/home/main-user/Jetson-RT-Traffic-System/build/traffic_detect': CMAKE_PREFIX_PATH=${CMAKE_PREFIX_PATH}:/home/main-user/Jetson-RT-Traffic-System/install/videopub:/home/main-user/install/videopub:/opt/ros/humble /usr/bin/cmake --install /home/main-user/Jetson-RT-Traffic-System/build/traffic_detect
[25.031s] -- Install configuration: ""
[25.032s] -- Execute custom install script
[25.032s] -- Up-to-date symlink: /home/main-user/Jetson-RT-Traffic-System/install/traffic_detect/lib/traffic_detect/traffic_detect_node
[25.032s] -- Up-to-date symlink: /home/main-user/Jetson-RT-Traffic-System/install/traffic_detect/share/ament_index/resource_index/package_run_dependencies/traffic_detect
[25.033s] -- Up-to-date symlink: /home/main-user/Jetson-RT-Traffic-System/install/traffic_detect/share/ament_index/resource_index/parent_prefix_path/traffic_detect
[25.033s] -- Up-to-date symlink: /home/main-user/Jetson-RT-Traffic-System/install/traffic_detect/share/traffic_detect/environment/ament_prefix_path.sh
[25.033s] -- Up-to-date symlink: /home/main-user/Jetson-RT-Traffic-System/install/traffic_detect/share/traffic_detect/environment/ament_prefix_path.dsv
[25.034s] -- Up-to-date symlink: /home/main-user/Jetson-RT-Traffic-System/install/traffic_detect/share/traffic_detect/environment/path.sh
[25.034s] -- Up-to-date symlink: /home/main-user/Jetson-RT-Traffic-System/install/traffic_detect/share/traffic_detect/environment/path.dsv
[25.034s] -- Up-to-date symlink: /home/main-user/Jetson-RT-Traffic-System/install/traffic_detect/share/traffic_detect/local_setup.bash
[25.035s] -- Up-to-date symlink: /home/main-user/Jetson-RT-Traffic-System/install/traffic_detect/share/traffic_detect/local_setup.sh
[25.035s] -- Up-to-date symlink: /home/main-user/Jetson-RT-Traffic-System/install/traffic_detect/share/traffic_detect/local_setup.zsh
[25.035s] -- Up-to-date symlink: /home/main-user/Jetson-RT-Traffic-System/install/traffic_detect/share/traffic_detect/local_setup.dsv
[25.035s] -- Symlinking: /home/main-user/Jetson-RT-Traffic-System/install/traffic_detect/share/traffic_detect/package.dsv
[25.051s] -- Up-to-date symlink: /home/main-user/Jetson-RT-Traffic-System/install/traffic_detect/share/ament_index/resource_index/packages/traffic_detect
[25.051s] -- Up-to-date symlink: /home/main-user/Jetson-RT-Traffic-System/install/traffic_detect/share/traffic_detect/cmake/traffic_detectConfig.cmake
[25.051s] -- Up-to-date symlink: /home/main-user/Jetson-RT-Traffic-System/install/traffic_detect/share/traffic_detect/cmake/traffic_detectConfig-version.cmake
[25.052s] -- Up-to-date symlink: /home/main-user/Jetson-RT-Traffic-System/install/traffic_detect/share/traffic_detect/package.xml
[25.056s] Invoked command in '/home/main-user/Jetson-RT-Traffic-System/build/traffic_detect' returned '0': CMAKE_PREFIX_PATH=${CMAKE_PREFIX_PATH}:/home/main-user/Jetson-RT-Traffic-System/install/videopub:/home/main-user/install/videopub:/opt/ros/humble /usr/bin/cmake --install /home/main-user/Jetson-RT-Traffic-System/build/traffic_detect
