[0.026s] Invoking command in '/home/main-user/Jetson-RT-Traffic-System/build/cpp_pubsub': CMAKE_PREFIX_PATH=${CMAKE_PREFIX_PATH}:/opt/ros/humble /usr/bin/cmake --build /home/main-user/Jetson-RT-Traffic-System/build/cpp_pubsub -- -j6 -l6
[0.073s] -- Found ament_cmake: 1.3.11 (/opt/ros/humble/share/ament_cmake/cmake)
[0.352s] -- Found rclcpp: 16.0.12 (/opt/ros/humble/share/rclcpp/cmake)
[0.428s] -- Found rosidl_generator_c: 3.1.6 (/opt/ros/humble/share/rosidl_generator_c/cmake)
[0.433s] -- Found rosidl_adapter: 3.1.6 (/opt/ros/humble/share/rosidl_adapter/cmake)
[0.444s] -- Found rosidl_generator_cpp: 3.1.6 (/opt/ros/humble/share/rosidl_generator_cpp/cmake)
[0.462s] -- Using all available rosidl_typesupport_c: rosidl_typesupport_fastrtps_c;rosidl_typesupport_introspection_c
[0.485s] -- Using all available rosidl_typesupport_cpp: rosidl_typesupport_fastrtps_cpp;rosidl_typesupport_introspection_cpp
[0.543s] -- Found rmw_implementation_cmake: 6.1.2 (/opt/ros/humble/share/rmw_implementation_cmake/cmake)
[0.545s] -- Found rmw_fastrtps_cpp: 6.2.7 (/opt/ros/humble/share/rmw_fastrtps_cpp/cmake)
[0.719s] -- Using RMW implementation 'rmw_fastrtps_cpp' as default
[0.943s] -- Configuring done
[0.966s] -- Generating done
[0.976s] -- Build files have been written to: /home/main-user/Jetson-RT-Traffic-System/build/cpp_pubsub
[1.048s] [ 50%] [32mBuilding CXX object CMakeFiles/talker.dir/src/publisher_member_function.cpp.o[0m
[1.049s] [ 50%] [32mBuilding CXX object CMakeFiles/listener.dir/src/subscriber_member_function.cpp.o[0m
[10.502s] [ 75%] [32m[1mLinking CXX executable talker[0m
[10.884s] [ 75%] Built target talker
[18.622s] [100%] [32m[1mLinking CXX executable listener[0m
[19.353s] [100%] Built target listener
[19.377s] Invoked command in '/home/main-user/Jetson-RT-Traffic-System/build/cpp_pubsub' returned '0': CMAKE_PREFIX_PATH=${CMAKE_PREFIX_PATH}:/opt/ros/humble /usr/bin/cmake --build /home/main-user/Jetson-RT-Traffic-System/build/cpp_pubsub -- -j6 -l6
[19.382s] Invoking command in '/home/main-user/Jetson-RT-Traffic-System/build/cpp_pubsub': CMAKE_PREFIX_PATH=${CMAKE_PREFIX_PATH}:/opt/ros/humble /usr/bin/cmake --install /home/main-user/Jetson-RT-Traffic-System/build/cpp_pubsub
[19.399s] -- Install configuration: ""
[19.400s] -- Installing: /home/main-user/Jetson-RT-Traffic-System/install/cpp_pubsub/lib/cpp_pubsub/talker
[19.403s] -- Set runtime path of "/home/main-user/Jetson-RT-Traffic-System/install/cpp_pubsub/lib/cpp_pubsub/talker" to ""
[19.404s] -- Up-to-date: /home/main-user/Jetson-RT-Traffic-System/install/cpp_pubsub/lib/cpp_pubsub/talker
[19.404s] -- Installing: /home/main-user/Jetson-RT-Traffic-System/install/cpp_pubsub/lib/cpp_pubsub/listener
[19.412s] -- Set runtime path of "/home/main-user/Jetson-RT-Traffic-System/install/cpp_pubsub/lib/cpp_pubsub/listener" to ""
[19.412s] -- Up-to-date: /home/main-user/Jetson-RT-Traffic-System/install/cpp_pubsub/share/ament_index/resource_index/package_run_dependencies/cpp_pubsub
[19.413s] -- Up-to-date: /home/main-user/Jetson-RT-Traffic-System/install/cpp_pubsub/share/ament_index/resource_index/parent_prefix_path/cpp_pubsub
[19.413s] -- Up-to-date: /home/main-user/Jetson-RT-Traffic-System/install/cpp_pubsub/share/cpp_pubsub/environment/ament_prefix_path.sh
[19.413s] -- Installing: /home/main-user/Jetson-RT-Traffic-System/install/cpp_pubsub/share/cpp_pubsub/environment/ament_prefix_path.dsv
[19.413s] -- Up-to-date: /home/main-user/Jetson-RT-Traffic-System/install/cpp_pubsub/share/cpp_pubsub/environment/path.sh
[19.414s] -- Installing: /home/main-user/Jetson-RT-Traffic-System/install/cpp_pubsub/share/cpp_pubsub/environment/path.dsv
[19.414s] -- Up-to-date: /home/main-user/Jetson-RT-Traffic-System/install/cpp_pubsub/share/cpp_pubsub/local_setup.bash
[19.414s] -- Up-to-date: /home/main-user/Jetson-RT-Traffic-System/install/cpp_pubsub/share/cpp_pubsub/local_setup.sh
[19.414s] -- Up-to-date: /home/main-user/Jetson-RT-Traffic-System/install/cpp_pubsub/share/cpp_pubsub/local_setup.zsh
[19.415s] -- Installing: /home/main-user/Jetson-RT-Traffic-System/install/cpp_pubsub/share/cpp_pubsub/local_setup.dsv
[19.415s] -- Installing: /home/main-user/Jetson-RT-Traffic-System/install/cpp_pubsub/share/cpp_pubsub/package.dsv
[19.415s] -- Up-to-date: /home/main-user/Jetson-RT-Traffic-System/install/cpp_pubsub/share/ament_index/resource_index/packages/cpp_pubsub
[19.415s] -- Up-to-date: /home/main-user/Jetson-RT-Traffic-System/install/cpp_pubsub/share/cpp_pubsub/cmake/cpp_pubsubConfig.cmake
[19.415s] -- Up-to-date: /home/main-user/Jetson-RT-Traffic-System/install/cpp_pubsub/share/cpp_pubsub/cmake/cpp_pubsubConfig-version.cmake
[19.415s] -- Up-to-date: /home/main-user/Jetson-RT-Traffic-System/install/cpp_pubsub/share/cpp_pubsub/package.xml
[19.420s] Invoked command in '/home/main-user/Jetson-RT-Traffic-System/build/cpp_pubsub' returned '0': CMAKE_PREFIX_PATH=${CMAKE_PREFIX_PATH}:/opt/ros/humble /usr/bin/cmake --install /home/main-user/Jetson-RT-Traffic-System/build/cpp_pubsub
