[0.017s] Invoking command in '/home/main-user/Jetson-RT-Traffic-System/build/my_pkg': CMAKE_PREFIX_PATH=${CMAKE_PREFIX_PATH}:/opt/ros/humble /usr/bin/cmake --build /home/main-user/Jetson-RT-Traffic-System/build/my_pkg -- -j6 -l6
[0.087s] Invoked command in '/home/main-user/Jetson-RT-Traffic-System/build/my_pkg' returned '0': CMAKE_PREFIX_PATH=${CMAKE_PREFIX_PATH}:/opt/ros/humble /usr/bin/cmake --build /home/main-user/Jetson-RT-Traffic-System/build/my_pkg -- -j6 -l6
[0.110s] Invoking command in '/home/main-user/Jetson-RT-Traffic-System/build/my_pkg': CMAKE_PREFIX_PATH=${CMAKE_PREFIX_PATH}:/opt/ros/humble /usr/bin/cmake --install /home/main-user/Jetson-RT-Traffic-System/build/my_pkg
[0.126s] -- Install configuration: ""
[0.127s] -- Up-to-date: /home/main-user/Jetson-RT-Traffic-System/install/my_pkg/share/ament_index/resource_index/package_run_dependencies/my_pkg
[0.127s] -- Up-to-date: /home/main-user/Jetson-RT-Traffic-System/install/my_pkg/share/ament_index/resource_index/parent_prefix_path/my_pkg
[0.127s] -- Up-to-date: /home/main-user/Jetson-RT-Traffic-System/install/my_pkg/share/my_pkg/environment/ament_prefix_path.sh
[0.127s] -- Up-to-date: /home/main-user/Jetson-RT-Traffic-System/install/my_pkg/share/my_pkg/environment/ament_prefix_path.dsv
[0.127s] -- Up-to-date: /home/main-user/Jetson-RT-Traffic-System/install/my_pkg/share/my_pkg/environment/path.sh
[0.128s] -- Up-to-date: /home/main-user/Jetson-RT-Traffic-System/install/my_pkg/share/my_pkg/environment/path.dsv
[0.128s] -- Up-to-date: /home/main-user/Jetson-RT-Traffic-System/install/my_pkg/share/my_pkg/local_setup.bash
[0.128s] -- Up-to-date: /home/main-user/Jetson-RT-Traffic-System/install/my_pkg/share/my_pkg/local_setup.sh
[0.128s] -- Up-to-date: /home/main-user/Jetson-RT-Traffic-System/install/my_pkg/share/my_pkg/local_setup.zsh
[0.128s] -- Up-to-date: /home/main-user/Jetson-RT-Traffic-System/install/my_pkg/share/my_pkg/local_setup.dsv
[0.129s] -- Installing: /home/main-user/Jetson-RT-Traffic-System/install/my_pkg/share/my_pkg/package.dsv
[0.129s] -- Up-to-date: /home/main-user/Jetson-RT-Traffic-System/install/my_pkg/share/ament_index/resource_index/packages/my_pkg
[0.129s] -- Up-to-date: /home/main-user/Jetson-RT-Traffic-System/install/my_pkg/share/my_pkg/cmake/my_pkgConfig.cmake
[0.129s] -- Up-to-date: /home/main-user/Jetson-RT-Traffic-System/install/my_pkg/share/my_pkg/cmake/my_pkgConfig-version.cmake
[0.129s] -- Up-to-date: /home/main-user/Jetson-RT-Traffic-System/install/my_pkg/share/my_pkg/package.xml
[0.133s] Invoked command in '/home/main-user/Jetson-RT-Traffic-System/build/my_pkg' returned '0': CMAKE_PREFIX_PATH=${CMAKE_PREFIX_PATH}:/opt/ros/humble /usr/bin/cmake --install /home/main-user/Jetson-RT-Traffic-System/build/my_pkg
