[0.025s] Invoking command in '/home/main-user/Jetson-RT-Traffic-System/build/cpp_pubsub': CMAKE_PREFIX_PATH=${CMAKE_PREFIX_PATH}:/opt/ros/humble /usr/bin/cmake /home/main-user/Jetson-RT-Traffic-System/src/cpp_pubsub -DCMAKE_INSTALL_PREFIX=/home/main-user/Jetson-RT-Traffic-System/install/cpp_pubsub
[0.131s] -- The C compiler identification is GNU 11.4.0
[0.241s] -- The CXX compiler identification is GNU 11.4.0
[0.252s] -- Detecting C compiler ABI info
[0.379s] -- Detecting C compiler ABI info - done
[0.403s] -- Check for working C compiler: /usr/bin/cc - skipped
[0.404s] -- Detecting C compile features
[0.405s] -- Detecting C compile features - done
[0.416s] -- Detecting CXX compiler ABI info
[0.571s] -- Detecting CXX compiler ABI info - done
[0.593s] -- Check for working CXX compiler: /usr/bin/c++ - skipped
[0.594s] -- Detecting CXX compile features
[0.595s] -- Detecting CXX compile features - done
[0.602s] -- Found ament_cmake: 1.3.11 (/opt/ros/humble/share/ament_cmake/cmake)
[0.972s] -- Found Python3: /usr/bin/python3 (found version "3.10.12") found components: Interpreter 
[1.190s] -- Found ament_lint_auto: 0.12.12 (/opt/ros/humble/share/ament_lint_auto/cmake)
[1.376s] -- Added test 'cppcheck' to perform static code analysis on C / C++ code
[1.376s] -- Configured cppcheck include dirs: 
[1.376s] -- Configured cppcheck exclude dirs and/or files: 
[1.377s] -- Added test 'lint_cmake' to check CMake code style
[1.380s] -- Added test 'uncrustify' to check C / C++ code style
[1.380s] -- Configured uncrustify additional arguments: 
[1.381s] -- Added test 'xmllint' to check XML markup files
[1.385s] -- Configuring done
[1.394s] -- Generating done
[1.399s] -- Build files have been written to: /home/main-user/Jetson-RT-Traffic-System/build/cpp_pubsub
[1.411s] Invoked command in '/home/main-user/Jetson-RT-Traffic-System/build/cpp_pubsub' returned '0': CMAKE_PREFIX_PATH=${CMAKE_PREFIX_PATH}:/opt/ros/humble /usr/bin/cmake /home/main-user/Jetson-RT-Traffic-System/src/cpp_pubsub -DCMAKE_INSTALL_PREFIX=/home/main-user/Jetson-RT-Traffic-System/install/cpp_pubsub
[1.414s] Invoking command in '/home/main-user/Jetson-RT-Traffic-System/build/cpp_pubsub': CMAKE_PREFIX_PATH=${CMAKE_PREFIX_PATH}:/opt/ros/humble /usr/bin/cmake --build /home/main-user/Jetson-RT-Traffic-System/build/cpp_pubsub -- -j6 -l6
[1.488s] Invoked command in '/home/main-user/Jetson-RT-Traffic-System/build/cpp_pubsub' returned '0': CMAKE_PREFIX_PATH=${CMAKE_PREFIX_PATH}:/opt/ros/humble /usr/bin/cmake --build /home/main-user/Jetson-RT-Traffic-System/build/cpp_pubsub -- -j6 -l6
[1.492s] Invoking command in '/home/main-user/Jetson-RT-Traffic-System/build/cpp_pubsub': CMAKE_PREFIX_PATH=${CMAKE_PREFIX_PATH}:/opt/ros/humble /usr/bin/cmake --install /home/main-user/Jetson-RT-Traffic-System/build/cpp_pubsub
[1.506s] -- Install configuration: ""
[1.506s] -- Installing: /home/main-user/Jetson-RT-Traffic-System/install/cpp_pubsub/share/ament_index/resource_index/package_run_dependencies/cpp_pubsub
[1.507s] -- Installing: /home/main-user/Jetson-RT-Traffic-System/install/cpp_pubsub/share/ament_index/resource_index/parent_prefix_path/cpp_pubsub
[1.507s] -- Installing: /home/main-user/Jetson-RT-Traffic-System/install/cpp_pubsub/share/cpp_pubsub/environment/ament_prefix_path.sh
[1.508s] -- Installing: /home/main-user/Jetson-RT-Traffic-System/install/cpp_pubsub/share/cpp_pubsub/environment/ament_prefix_path.dsv
[1.508s] -- Installing: /home/main-user/Jetson-RT-Traffic-System/install/cpp_pubsub/share/cpp_pubsub/environment/path.sh
[1.508s] -- Installing: /home/main-user/Jetson-RT-Traffic-System/install/cpp_pubsub/share/cpp_pubsub/environment/path.dsv
[1.508s] -- Installing: /home/main-user/Jetson-RT-Traffic-System/install/cpp_pubsub/share/cpp_pubsub/local_setup.bash
[1.509s] -- Installing: /home/main-user/Jetson-RT-Traffic-System/install/cpp_pubsub/share/cpp_pubsub/local_setup.sh
[1.509s] -- Installing: /home/main-user/Jetson-RT-Traffic-System/install/cpp_pubsub/share/cpp_pubsub/local_setup.zsh
[1.510s] -- Installing: /home/main-user/Jetson-RT-Traffic-System/install/cpp_pubsub/share/cpp_pubsub/local_setup.dsv
[1.510s] -- Installing: /home/main-user/Jetson-RT-Traffic-System/install/cpp_pubsub/share/cpp_pubsub/package.dsv
[1.511s] -- Installing: /home/main-user/Jetson-RT-Traffic-System/install/cpp_pubsub/share/ament_index/resource_index/packages/cpp_pubsub
[1.511s] -- Installing: /home/main-user/Jetson-RT-Traffic-System/install/cpp_pubsub/share/cpp_pubsub/cmake/cpp_pubsubConfig.cmake
[1.511s] -- Installing: /home/main-user/Jetson-RT-Traffic-System/install/cpp_pubsub/share/cpp_pubsub/cmake/cpp_pubsubConfig-version.cmake
[1.512s] -- Installing: /home/main-user/Jetson-RT-Traffic-System/install/cpp_pubsub/share/cpp_pubsub/package.xml
[1.517s] Invoked command in '/home/main-user/Jetson-RT-Traffic-System/build/cpp_pubsub' returned '0': CMAKE_PREFIX_PATH=${CMAKE_PREFIX_PATH}:/opt/ros/humble /usr/bin/cmake --install /home/main-user/Jetson-RT-Traffic-System/build/cpp_pubsub
