[1.433s] Invoking command in '/home/nvidia/Jetson-RT-Traffic-System/src/videopub': PYTHONPATH=/home/nvidia/Jetson-RT-Traffic-System/build/videopub/prefix_override:/usr/lib/python3/dist-packages/colcon_core/task/python/colcon_distutils_commands:/home/nvidia/Jetson-RT-Traffic-System/install/videopub/lib/python3.10/site-packages:${PYTHONPATH} /usr/bin/python3 -W ignore:setup.py install is deprecated -W ignore:easy_install command is deprecated setup.py egg_info --egg-base ../../build/videopub build --build-base /home/nvidia/Jetson-RT-Traffic-System/build/videopub/build install --record /home/nvidia/Jetson-RT-Traffic-System/build/videopub/install.log --single-version-externally-managed install_data
[1.988s] running egg_info
[1.990s] writing ../../build/videopub/videopub.egg-info/PKG-INFO
[1.991s] writing dependency_links to ../../build/videopub/videopub.egg-info/dependency_links.txt
[1.991s] writing entry points to ../../build/videopub/videopub.egg-info/entry_points.txt
[1.992s] writing requirements to ../../build/videopub/videopub.egg-info/requires.txt
[1.992s] writing top-level names to ../../build/videopub/videopub.egg-info/top_level.txt
[1.996s] reading manifest file '../../build/videopub/videopub.egg-info/SOURCES.txt'
[1.997s] writing manifest file '../../build/videopub/videopub.egg-info/SOURCES.txt'
[1.998s] running build
[1.998s] running build_py
[1.999s] running install
[1.999s] running install_lib
[2.002s] running install_data
[2.003s] running install_egg_info
[2.007s] removing '/home/nvidia/Jetson-RT-Traffic-System/install/videopub/lib/python3.10/site-packages/videopub-0.0.0-py3.10.egg-info' (and everything under it)
[2.008s] Copying ../../build/videopub/videopub.egg-info to /home/nvidia/Jetson-RT-Traffic-System/install/videopub/lib/python3.10/site-packages/videopub-0.0.0-py3.10.egg-info
[2.010s] running install_scripts
[2.060s] Installing video_publisher script to /home/nvidia/Jetson-RT-Traffic-System/install/videopub/lib/videopub
[2.061s] writing list of installed files to '/home/nvidia/Jetson-RT-Traffic-System/build/videopub/install.log'
[2.149s] Invoked command in '/home/nvidia/Jetson-RT-Traffic-System/src/videopub' returned '0': PYTHONPATH=/home/nvidia/Jetson-RT-Traffic-System/build/videopub/prefix_override:/usr/lib/python3/dist-packages/colcon_core/task/python/colcon_distutils_commands:/home/nvidia/Jetson-RT-Traffic-System/install/videopub/lib/python3.10/site-packages:${PYTHONPATH} /usr/bin/python3 -W ignore:setup.py install is deprecated -W ignore:easy_install command is deprecated setup.py egg_info --egg-base ../../build/videopub build --build-base /home/nvidia/Jetson-RT-Traffic-System/build/videopub/build install --record /home/nvidia/Jetson-RT-Traffic-System/build/videopub/install.log --single-version-externally-managed install_data
