[0.025s] Invoking command in '/home/main-user/Jetson-RT-Traffic-System/build/cpp_pubsub': CMAKE_PREFIX_PATH=${CMAKE_PREFIX_PATH}:/opt/ros/humble /usr/bin/cmake --build /home/main-user/Jetson-RT-Traffic-System/build/cpp_pubsub -- -j6 -l6
[0.067s] -- Found ament_cmake: 1.3.11 (/opt/ros/humble/share/ament_cmake/cmake)
[0.347s] -- Found rclcpp: 16.0.12 (/opt/ros/humble/share/rclcpp/cmake)
[0.538s] -- Found rosidl_generator_c: 3.1.6 (/opt/ros/humble/share/rosidl_generator_c/cmake)
[0.554s] -- Found rosidl_adapter: 3.1.6 (/opt/ros/humble/share/rosidl_adapter/cmake)
[0.582s] -- Found rosidl_generator_cpp: 3.1.6 (/opt/ros/humble/share/rosidl_generator_cpp/cmake)
[0.629s] -- Using all available rosidl_typesupport_c: rosidl_typesupport_fastrtps_c;rosidl_typesupport_introspection_c
[0.679s] -- Using all available rosidl_typesupport_cpp: rosidl_typesupport_fastrtps_cpp;rosidl_typesupport_introspection_cpp
[0.825s] -- Found rmw_implementation_cmake: 6.1.2 (/opt/ros/humble/share/rmw_implementation_cmake/cmake)
[0.833s] -- Found rmw_fastrtps_cpp: 6.2.7 (/opt/ros/humble/share/rmw_fastrtps_cpp/cmake)
[1.042s] -- Found OpenSSL: /usr/lib/aarch64-linux-gnu/libcrypto.so (found version "3.0.2")  
[1.125s] -- Found FastRTPS: /opt/ros/humble/include  
[1.215s] -- Using RMW implementation 'rmw_fastrtps_cpp' as default
[1.244s] -- Looking for pthread.h
[1.383s] -- Looking for pthread.h - found
[1.384s] -- Performing Test CMAKE_HAVE_LIBC_PTHREAD
[1.543s] -- Performing Test CMAKE_HAVE_LIBC_PTHREAD - Success
[1.546s] -- Found Threads: TRUE  
[1.766s] -- Found ament_lint_auto: 0.12.12 (/opt/ros/humble/share/ament_lint_auto/cmake)
[1.918s] -- Added test 'cppcheck' to perform static code analysis on C / C++ code
[1.918s] -- Configured cppcheck include dirs: 
[1.918s] -- Configured cppcheck exclude dirs and/or files: 
[1.919s] -- Added test 'lint_cmake' to check CMake code style
[1.921s] -- Added test 'uncrustify' to check C / C++ code style
[1.921s] -- Configured uncrustify additional arguments: 
[1.922s] -- Added test 'xmllint' to check XML markup files
[1.923s] -- Configuring done
[1.937s] -- Generating done
[1.943s] -- Build files have been written to: /home/main-user/Jetson-RT-Traffic-System/build/cpp_pubsub
[2.006s] Invoked command in '/home/main-user/Jetson-RT-Traffic-System/build/cpp_pubsub' returned '0': CMAKE_PREFIX_PATH=${CMAKE_PREFIX_PATH}:/opt/ros/humble /usr/bin/cmake --build /home/main-user/Jetson-RT-Traffic-System/build/cpp_pubsub -- -j6 -l6
[2.011s] Invoking command in '/home/main-user/Jetson-RT-Traffic-System/build/cpp_pubsub': CMAKE_PREFIX_PATH=${CMAKE_PREFIX_PATH}:/opt/ros/humble /usr/bin/cmake --install /home/main-user/Jetson-RT-Traffic-System/build/cpp_pubsub
[2.029s] -- Install configuration: ""
[2.029s] -- Up-to-date: /home/main-user/Jetson-RT-Traffic-System/install/cpp_pubsub/share/ament_index/resource_index/package_run_dependencies/cpp_pubsub
[2.030s] -- Up-to-date: /home/main-user/Jetson-RT-Traffic-System/install/cpp_pubsub/share/ament_index/resource_index/parent_prefix_path/cpp_pubsub
[2.030s] -- Up-to-date: /home/main-user/Jetson-RT-Traffic-System/install/cpp_pubsub/share/cpp_pubsub/environment/ament_prefix_path.sh
[2.030s] -- Installing: /home/main-user/Jetson-RT-Traffic-System/install/cpp_pubsub/share/cpp_pubsub/environment/ament_prefix_path.dsv
[2.030s] -- Up-to-date: /home/main-user/Jetson-RT-Traffic-System/install/cpp_pubsub/share/cpp_pubsub/environment/path.sh
[2.030s] -- Installing: /home/main-user/Jetson-RT-Traffic-System/install/cpp_pubsub/share/cpp_pubsub/environment/path.dsv
[2.031s] -- Up-to-date: /home/main-user/Jetson-RT-Traffic-System/install/cpp_pubsub/share/cpp_pubsub/local_setup.bash
[2.031s] -- Up-to-date: /home/main-user/Jetson-RT-Traffic-System/install/cpp_pubsub/share/cpp_pubsub/local_setup.sh
[2.031s] -- Up-to-date: /home/main-user/Jetson-RT-Traffic-System/install/cpp_pubsub/share/cpp_pubsub/local_setup.zsh
[2.031s] -- Installing: /home/main-user/Jetson-RT-Traffic-System/install/cpp_pubsub/share/cpp_pubsub/local_setup.dsv
[2.031s] -- Installing: /home/main-user/Jetson-RT-Traffic-System/install/cpp_pubsub/share/cpp_pubsub/package.dsv
[2.032s] -- Up-to-date: /home/main-user/Jetson-RT-Traffic-System/install/cpp_pubsub/share/ament_index/resource_index/packages/cpp_pubsub
[2.032s] -- Up-to-date: /home/main-user/Jetson-RT-Traffic-System/install/cpp_pubsub/share/cpp_pubsub/cmake/cpp_pubsubConfig.cmake
[2.032s] -- Up-to-date: /home/main-user/Jetson-RT-Traffic-System/install/cpp_pubsub/share/cpp_pubsub/cmake/cpp_pubsubConfig-version.cmake
[2.032s] -- Up-to-date: /home/main-user/Jetson-RT-Traffic-System/install/cpp_pubsub/share/cpp_pubsub/package.xml
[2.037s] Invoked command in '/home/main-user/Jetson-RT-Traffic-System/build/cpp_pubsub' returned '0': CMAKE_PREFIX_PATH=${CMAKE_PREFIX_PATH}:/opt/ros/humble /usr/bin/cmake --install /home/main-user/Jetson-RT-Traffic-System/build/cpp_pubsub
