[0.032s] Invoking command in '/home/nvidia/Jetson-RT-Traffic-System/build/my_package': CMAKE_PREFIX_PATH=${CMAKE_PREFIX_PATH}:/opt/ros/humble /usr/bin/cmake /home/nvidia/Jetson-RT-Traffic-System/src/my_package -DAMENT_CMAKE_SYMLINK_INSTALL=1 -DCMAKE_INSTALL_PREFIX=/home/nvidia/Jetson-RT-Traffic-System/install/my_package
[0.146s] -- The C compiler identification is GNU 11.4.0
[0.271s] -- The CXX compiler identification is GNU 11.4.0
[0.289s] -- Detecting C compiler ABI info
[0.464s] -- Detecting C compiler ABI info - done
[0.478s] -- Check for working C compiler: /usr/bin/cc - skipped
[0.478s] -- Detecting C compile features
[0.479s] -- Detecting C compile features - done
[0.485s] -- Detecting CXX compiler ABI info
[0.664s] -- Detecting CXX compiler ABI info - done
[0.680s] -- Check for working CXX compiler: /usr/bin/c++ - skipped
[0.680s] -- Detecting CXX compile features
[0.681s] -- Detecting CXX compile features - done
[0.688s] -- Found ament_cmake: 1.3.11 (/opt/ros/humble/share/ament_cmake/cmake)
[1.054s] -- Found Python3: /usr/bin/python3 (found version "3.10.12") found components: Interpreter 
[1.216s] -- Override CMake install command with custom implementation using symlinks instead of copying resources
[1.291s] -- Found ament_lint_auto: 0.12.12 (/opt/ros/humble/share/ament_lint_auto/cmake)
[1.501s] -- Added test 'cppcheck' to perform static code analysis on C / C++ code
[1.501s] -- Configured cppcheck include dirs: $<BUILD_INTERFACE:/home/nvidia/Jetson-RT-Traffic-System/src/my_package/include>
[1.501s] -- Configured cppcheck exclude dirs and/or files: 
[1.505s] -- Added test 'lint_cmake' to check CMake code style
[1.507s] -- Added test 'uncrustify' to check C / C++ code style
[1.507s] -- Configured uncrustify additional arguments: 
[1.509s] -- Added test 'xmllint' to check XML markup files
[1.512s] -- Configuring done
[1.523s] -- Generating done
[1.528s] -- Build files have been written to: /home/nvidia/Jetson-RT-Traffic-System/build/my_package
[1.542s] Invoked command in '/home/nvidia/Jetson-RT-Traffic-System/build/my_package' returned '0': CMAKE_PREFIX_PATH=${CMAKE_PREFIX_PATH}:/opt/ros/humble /usr/bin/cmake /home/nvidia/Jetson-RT-Traffic-System/src/my_package -DAMENT_CMAKE_SYMLINK_INSTALL=1 -DCMAKE_INSTALL_PREFIX=/home/nvidia/Jetson-RT-Traffic-System/install/my_package
[1.547s] Invoking command in '/home/nvidia/Jetson-RT-Traffic-System/build/my_package': CMAKE_PREFIX_PATH=${CMAKE_PREFIX_PATH}:/opt/ros/humble /usr/bin/cmake --build /home/nvidia/Jetson-RT-Traffic-System/build/my_package -- -j6 -l6
[1.662s] [ 50%] [32mBuilding CXX object CMakeFiles/my_node.dir/src/my_node.cpp.o[0m
[1.730s] [100%] [32m[1mLinking CXX executable my_node[0m
[1.833s] [100%] Built target my_node
[1.860s] Invoked command in '/home/nvidia/Jetson-RT-Traffic-System/build/my_package' returned '0': CMAKE_PREFIX_PATH=${CMAKE_PREFIX_PATH}:/opt/ros/humble /usr/bin/cmake --build /home/nvidia/Jetson-RT-Traffic-System/build/my_package -- -j6 -l6
[1.884s] Invoking command in '/home/nvidia/Jetson-RT-Traffic-System/build/my_package': CMAKE_PREFIX_PATH=${CMAKE_PREFIX_PATH}:/opt/ros/humble /usr/bin/cmake --install /home/nvidia/Jetson-RT-Traffic-System/build/my_package
[1.900s] -- Install configuration: ""
[1.901s] -- Execute custom install script
[1.902s] -- Symlinking: /home/nvidia/Jetson-RT-Traffic-System/install/my_package/lib/my_package/my_node
[1.927s] -- Symlinking: /home/nvidia/Jetson-RT-Traffic-System/install/my_package/share/ament_index/resource_index/package_run_dependencies/my_package
[1.952s] -- Symlinking: /home/nvidia/Jetson-RT-Traffic-System/install/my_package/share/ament_index/resource_index/parent_prefix_path/my_package
[1.974s] -- Up-to-date symlink: /home/nvidia/Jetson-RT-Traffic-System/install/my_package/share/my_package/environment/ament_prefix_path.sh
[1.974s] -- Symlinking: /home/nvidia/Jetson-RT-Traffic-System/install/my_package/share/my_package/environment/ament_prefix_path.dsv
[1.997s] -- Up-to-date symlink: /home/nvidia/Jetson-RT-Traffic-System/install/my_package/share/my_package/environment/path.sh
[1.997s] -- Symlinking: /home/nvidia/Jetson-RT-Traffic-System/install/my_package/share/my_package/environment/path.dsv
[2.018s] -- Symlinking: /home/nvidia/Jetson-RT-Traffic-System/install/my_package/share/my_package/local_setup.bash
[2.039s] -- Symlinking: /home/nvidia/Jetson-RT-Traffic-System/install/my_package/share/my_package/local_setup.sh
[2.060s] -- Symlinking: /home/nvidia/Jetson-RT-Traffic-System/install/my_package/share/my_package/local_setup.zsh
[2.082s] -- Symlinking: /home/nvidia/Jetson-RT-Traffic-System/install/my_package/share/my_package/local_setup.dsv
[2.104s] -- Symlinking: /home/nvidia/Jetson-RT-Traffic-System/install/my_package/share/my_package/package.dsv
[2.125s] -- Symlinking: /home/nvidia/Jetson-RT-Traffic-System/install/my_package/share/ament_index/resource_index/packages/my_package
[2.146s] -- Symlinking: /home/nvidia/Jetson-RT-Traffic-System/install/my_package/share/my_package/cmake/my_packageConfig.cmake
[2.166s] -- Symlinking: /home/nvidia/Jetson-RT-Traffic-System/install/my_package/share/my_package/cmake/my_packageConfig-version.cmake
[2.186s] -- Symlinking: /home/nvidia/Jetson-RT-Traffic-System/install/my_package/share/my_package/package.xml
[2.213s] Invoked command in '/home/nvidia/Jetson-RT-Traffic-System/build/my_package' returned '0': CMAKE_PREFIX_PATH=${CMAKE_PREFIX_PATH}:/opt/ros/humble /usr/bin/cmake --install /home/nvidia/Jetson-RT-Traffic-System/build/my_package
