[0.027s] Invoking command in '/home/main-user/Jetson-RT-Traffic-System/build/my_package': CMAKE_PREFIX_PATH=${CMAKE_PREFIX_PATH}:/opt/ros/humble /usr/bin/cmake --build /home/main-user/Jetson-RT-Traffic-System/build/my_package -- -j6 -l6
[0.095s] [35m[1mConsolidate compiler generated dependencies of target my_node[0m
[0.117s] [100%] Built target my_node
[0.140s] Invoked command in '/home/main-user/Jetson-RT-Traffic-System/build/my_package' returned '0': CMAKE_PREFIX_PATH=${CMAKE_PREFIX_PATH}:/opt/ros/humble /usr/bin/cmake --build /home/main-user/Jetson-RT-Traffic-System/build/my_package -- -j6 -l6
[0.158s] Invoking command in '/home/main-user/Jetson-RT-Traffic-System/build/my_package': CMAKE_PREFIX_PATH=${CMAKE_PREFIX_PATH}:/opt/ros/humble /usr/bin/cmake --install /home/main-user/Jetson-RT-Traffic-System/build/my_package
[0.177s] -- Install configuration: ""
[0.177s] -- Up-to-date: /home/main-user/Jetson-RT-Traffic-System/install/my_package/lib/my_package/my_node
[0.177s] -- Up-to-date: /home/main-user/Jetson-RT-Traffic-System/install/my_package/share/ament_index/resource_index/package_run_dependencies/my_package
[0.178s] -- Up-to-date: /home/main-user/Jetson-RT-Traffic-System/install/my_package/share/ament_index/resource_index/parent_prefix_path/my_package
[0.178s] -- Up-to-date: /home/main-user/Jetson-RT-Traffic-System/install/my_package/share/my_package/environment/ament_prefix_path.sh
[0.178s] -- Up-to-date: /home/main-user/Jetson-RT-Traffic-System/install/my_package/share/my_package/environment/ament_prefix_path.dsv
[0.178s] -- Up-to-date: /home/main-user/Jetson-RT-Traffic-System/install/my_package/share/my_package/environment/path.sh
[0.178s] -- Up-to-date: /home/main-user/Jetson-RT-Traffic-System/install/my_package/share/my_package/environment/path.dsv
[0.179s] -- Up-to-date: /home/main-user/Jetson-RT-Traffic-System/install/my_package/share/my_package/local_setup.bash
[0.179s] -- Up-to-date: /home/main-user/Jetson-RT-Traffic-System/install/my_package/share/my_package/local_setup.sh
[0.179s] -- Up-to-date: /home/main-user/Jetson-RT-Traffic-System/install/my_package/share/my_package/local_setup.zsh
[0.179s] -- Up-to-date: /home/main-user/Jetson-RT-Traffic-System/install/my_package/share/my_package/local_setup.dsv
[0.179s] -- Up-to-date: /home/main-user/Jetson-RT-Traffic-System/install/my_package/share/my_package/package.dsv
[0.179s] -- Up-to-date: /home/main-user/Jetson-RT-Traffic-System/install/my_package/share/ament_index/resource_index/packages/my_package
[0.179s] -- Up-to-date: /home/main-user/Jetson-RT-Traffic-System/install/my_package/share/my_package/cmake/my_packageConfig.cmake
[0.179s] -- Up-to-date: /home/main-user/Jetson-RT-Traffic-System/install/my_package/share/my_package/cmake/my_packageConfig-version.cmake
[0.180s] -- Up-to-date: /home/main-user/Jetson-RT-Traffic-System/install/my_package/share/my_package/package.xml
[0.183s] Invoked command in '/home/main-user/Jetson-RT-Traffic-System/build/my_package' returned '0': CMAKE_PREFIX_PATH=${CMAKE_PREFIX_PATH}:/opt/ros/humble /usr/bin/cmake --install /home/main-user/Jetson-RT-Traffic-System/build/my_package
