[0.041s] Invoking command in '/home/main-user/Jetson-RT-Traffic-System/build/detections_img': CMAKE_PREFIX_PATH=${CMAKE_PREFIX_PATH}:/home/main-user/install/videopub:/home/main-user/Jetson-RT-Traffic-System/install/videopub:/opt/ros/humble /usr/bin/cmake --build /home/main-user/Jetson-RT-Traffic-System/build/detections_img -- -j6 -l6
[0.155s] [100%] Built target detections_img_node
[0.604s] Invoked command in '/home/main-user/Jetson-RT-Traffic-System/build/detections_img' returned '0': CMAKE_PREFIX_PATH=${CMAKE_PREFIX_PATH}:/home/main-user/install/videopub:/home/main-user/Jetson-RT-Traffic-System/install/videopub:/opt/ros/humble /usr/bin/cmake --build /home/main-user/Jetson-RT-Traffic-System/build/detections_img -- -j6 -l6
[0.622s] Invoking command in '/home/main-user/Jetson-RT-Traffic-System/build/detections_img': CMAKE_PREFIX_PATH=${CMAKE_PREFIX_PATH}:/home/main-user/install/videopub:/home/main-user/Jetson-RT-Traffic-System/install/videopub:/opt/ros/humble /usr/bin/cmake --install /home/main-user/Jetson-RT-Traffic-System/build/detections_img
[0.636s] -- Install configuration: ""
[0.637s] -- Execute custom install script
[0.637s] -- Up-to-date symlink: /home/main-user/Jetson-RT-Traffic-System/install/detections_img/lib/detections_img/detections_img_node
[0.637s] -- Up-to-date symlink: /home/main-user/Jetson-RT-Traffic-System/install/detections_img/share/ament_index/resource_index/package_run_dependencies/detections_img
[0.638s] -- Up-to-date symlink: /home/main-user/Jetson-RT-Traffic-System/install/detections_img/share/ament_index/resource_index/parent_prefix_path/detections_img
[0.638s] -- Up-to-date symlink: /home/main-user/Jetson-RT-Traffic-System/install/detections_img/share/detections_img/environment/ament_prefix_path.sh
[0.639s] -- Up-to-date symlink: /home/main-user/Jetson-RT-Traffic-System/install/detections_img/share/detections_img/environment/ament_prefix_path.dsv
[0.639s] -- Up-to-date symlink: /home/main-user/Jetson-RT-Traffic-System/install/detections_img/share/detections_img/environment/path.sh
[0.639s] -- Up-to-date symlink: /home/main-user/Jetson-RT-Traffic-System/install/detections_img/share/detections_img/environment/path.dsv
[0.639s] -- Up-to-date symlink: /home/main-user/Jetson-RT-Traffic-System/install/detections_img/share/detections_img/local_setup.bash
[0.640s] -- Up-to-date symlink: /home/main-user/Jetson-RT-Traffic-System/install/detections_img/share/detections_img/local_setup.sh
[0.641s] -- Up-to-date symlink: /home/main-user/Jetson-RT-Traffic-System/install/detections_img/share/detections_img/local_setup.zsh
[0.641s] -- Up-to-date symlink: /home/main-user/Jetson-RT-Traffic-System/install/detections_img/share/detections_img/local_setup.dsv
[0.642s] -- Symlinking: /home/main-user/Jetson-RT-Traffic-System/install/detections_img/share/detections_img/package.dsv
[0.659s] -- Up-to-date symlink: /home/main-user/Jetson-RT-Traffic-System/install/detections_img/share/ament_index/resource_index/packages/detections_img
[0.659s] -- Up-to-date symlink: /home/main-user/Jetson-RT-Traffic-System/install/detections_img/share/detections_img/cmake/detections_imgConfig.cmake
[0.660s] -- Up-to-date symlink: /home/main-user/Jetson-RT-Traffic-System/install/detections_img/share/detections_img/cmake/detections_imgConfig-version.cmake
[0.660s] -- Up-to-date symlink: /home/main-user/Jetson-RT-Traffic-System/install/detections_img/share/detections_img/package.xml
[0.699s] Invoked command in '/home/main-user/Jetson-RT-Traffic-System/build/detections_img' returned '0': CMAKE_PREFIX_PATH=${CMAKE_PREFIX_PATH}:/home/main-user/install/videopub:/home/main-user/Jetson-RT-Traffic-System/install/videopub:/opt/ros/humble /usr/bin/cmake --install /home/main-user/Jetson-RT-Traffic-System/build/detections_img
