[35m[1mConsolidate compiler generated dependencies of target detections_img_node[0m
[ 50%] [32mBuilding CXX object CMakeFiles/detections_img_node.dir/src/main.cpp.o[0m
[100%] [32m[1mLinking CXX executable detections_img_node[0m
[100%] Built target detections_img_node
-- Install configuration: ""
-- Up-to-date: /home/nvidia/Jetson-RT-Traffic-System/install/detections_img/share/ament_index/resource_index/package_run_dependencies/detections_img
-- Up-to-date: /home/nvidia/Jetson-RT-Traffic-System/install/detections_img/share/ament_index/resource_index/parent_prefix_path/detections_img
-- Up-to-date: /home/nvidia/Jetson-RT-Traffic-System/install/detections_img/share/detections_img/environment/ament_prefix_path.sh
-- Up-to-date: /home/nvidia/Jetson-RT-Traffic-System/install/detections_img/share/detections_img/environment/ament_prefix_path.dsv
-- Up-to-date: /home/nvidia/Jetson-RT-Traffic-System/install/detections_img/share/detections_img/environment/path.sh
-- Up-to-date: /home/nvidia/Jetson-RT-Traffic-System/install/detections_img/share/detections_img/environment/path.dsv
-- Up-to-date: /home/nvidia/Jetson-RT-Traffic-System/install/detections_img/share/detections_img/local_setup.bash
-- Up-to-date: /home/nvidia/Jetson-RT-Traffic-System/install/detections_img/share/detections_img/local_setup.sh
-- Up-to-date: /home/nvidia/Jetson-RT-Traffic-System/install/detections_img/share/detections_img/local_setup.zsh
-- Up-to-date: /home/nvidia/Jetson-RT-Traffic-System/install/detections_img/share/detections_img/local_setup.dsv
-- Installing: /home/nvidia/Jetson-RT-Traffic-System/install/detections_img/share/detections_img/package.dsv
-- Up-to-date: /home/nvidia/Jetson-RT-Traffic-System/install/detections_img/share/ament_index/resource_index/packages/detections_img
-- Up-to-date: /home/nvidia/Jetson-RT-Traffic-System/install/detections_img/share/detections_img/cmake/detections_imgConfig.cmake
-- Up-to-date: /home/nvidia/Jetson-RT-Traffic-System/install/detections_img/share/detections_img/cmake/detections_imgConfig-version.cmake
-- Up-to-date: /home/nvidia/Jetson-RT-Traffic-System/install/detections_img/share/detections_img/package.xml
