[0.027s] Invoking command in '/home/nvidia/Jetson-RT-Traffic-System/build/detections_img': CMAKE_PREFIX_PATH=${CMAKE_PREFIX_PATH}:/opt/ros/humble /usr/bin/cmake --build /home/nvidia/Jetson-RT-Traffic-System/build/detections_img -- -j6 -l6
[0.118s] [35m[1mConsolidate compiler generated dependencies of target detections_img_node[0m
[0.158s] [ 50%] [32mBuilding CXX object CMakeFiles/detections_img_node.dir/src/main.cpp.o[0m
[7.077s] [100%] [32m[1mLinking CXX executable detections_img_node[0m
[7.344s] [100%] Built target detections_img_node
[7.375s] Invoked command in '/home/nvidia/Jetson-RT-Traffic-System/build/detections_img' returned '0': CMAKE_PREFIX_PATH=${CMAKE_PREFIX_PATH}:/opt/ros/humble /usr/bin/cmake --build /home/nvidia/Jetson-RT-Traffic-System/build/detections_img -- -j6 -l6
[7.380s] Invoking command in '/home/nvidia/Jetson-RT-Traffic-System/build/detections_img': CMAKE_PREFIX_PATH=${CMAKE_PREFIX_PATH}:/opt/ros/humble /usr/bin/cmake --install /home/nvidia/Jetson-RT-Traffic-System/build/detections_img
[7.400s] -- Install configuration: ""
[7.401s] -- Up-to-date: /home/nvidia/Jetson-RT-Traffic-System/install/detections_img/share/ament_index/resource_index/package_run_dependencies/detections_img
[7.401s] -- Up-to-date: /home/nvidia/Jetson-RT-Traffic-System/install/detections_img/share/ament_index/resource_index/parent_prefix_path/detections_img
[7.401s] -- Up-to-date: /home/nvidia/Jetson-RT-Traffic-System/install/detections_img/share/detections_img/environment/ament_prefix_path.sh
[7.401s] -- Up-to-date: /home/nvidia/Jetson-RT-Traffic-System/install/detections_img/share/detections_img/environment/ament_prefix_path.dsv
[7.402s] -- Up-to-date: /home/nvidia/Jetson-RT-Traffic-System/install/detections_img/share/detections_img/environment/path.sh
[7.402s] -- Up-to-date: /home/nvidia/Jetson-RT-Traffic-System/install/detections_img/share/detections_img/environment/path.dsv
[7.402s] -- Up-to-date: /home/nvidia/Jetson-RT-Traffic-System/install/detections_img/share/detections_img/local_setup.bash
[7.402s] -- Up-to-date: /home/nvidia/Jetson-RT-Traffic-System/install/detections_img/share/detections_img/local_setup.sh
[7.402s] -- Up-to-date: /home/nvidia/Jetson-RT-Traffic-System/install/detections_img/share/detections_img/local_setup.zsh
[7.402s] -- Up-to-date: /home/nvidia/Jetson-RT-Traffic-System/install/detections_img/share/detections_img/local_setup.dsv
[7.403s] -- Installing: /home/nvidia/Jetson-RT-Traffic-System/install/detections_img/share/detections_img/package.dsv
[7.403s] -- Up-to-date: /home/nvidia/Jetson-RT-Traffic-System/install/detections_img/share/ament_index/resource_index/packages/detections_img
[7.403s] -- Up-to-date: /home/nvidia/Jetson-RT-Traffic-System/install/detections_img/share/detections_img/cmake/detections_imgConfig.cmake
[7.403s] -- Up-to-date: /home/nvidia/Jetson-RT-Traffic-System/install/detections_img/share/detections_img/cmake/detections_imgConfig-version.cmake
[7.403s] -- Up-to-date: /home/nvidia/Jetson-RT-Traffic-System/install/detections_img/share/detections_img/package.xml
[7.408s] Invoked command in '/home/nvidia/Jetson-RT-Traffic-System/build/detections_img' returned '0': CMAKE_PREFIX_PATH=${CMAKE_PREFIX_PATH}:/opt/ros/humble /usr/bin/cmake --install /home/nvidia/Jetson-RT-Traffic-System/build/detections_img
