[0.044s] Invoking command in '/home/main-user/Jetson-RT-Traffic-System/build/detections_img': CMAKE_PREFIX_PATH=${CMAKE_PREFIX_PATH}:/home/main-user/Jetson-RT-Traffic-System/install/videopub:/opt/ros/humble /usr/bin/cmake /home/main-user/Jetson-RT-Traffic-System/src/detections_img -DCMAKE_INSTALL_PREFIX=/home/main-user/Jetson-RT-Traffic-System/install/detections_img
[0.151s] -- Found ament_cmake: 1.3.12 (/opt/ros/humble/share/ament_cmake/cmake)
[0.465s] -- Override CMake install command with custom implementation using symlinks instead of copying resources
[0.517s] -- Found rclcpp: 16.0.14 (/opt/ros/humble/share/rclcpp/cmake)
[0.620s] -- Found rosidl_generator_c: 3.1.7 (/opt/ros/humble/share/rosidl_generator_c/cmake)
[0.629s] -- Found rosidl_adapter: 3.1.7 (/opt/ros/humble/share/rosidl_adapter/cmake)
[0.654s] -- Found rosidl_generator_cpp: 3.1.7 (/opt/ros/humble/share/rosidl_generator_cpp/cmake)
[0.690s] -- Using all available rosidl_typesupport_c: rosidl_typesupport_fastrtps_c;rosidl_typesupport_introspection_c
[0.728s] -- Using all available rosidl_typesupport_cpp: rosidl_typesupport_fastrtps_cpp;rosidl_typesupport_introspection_cpp
[0.837s] -- Found rmw_implementation_cmake: 6.1.2 (/opt/ros/humble/share/rmw_implementation_cmake/cmake)
[0.844s] -- Found rmw_fastrtps_cpp: 6.2.8 (/opt/ros/humble/share/rmw_fastrtps_cpp/cmake)
[1.094s] -- Using RMW implementation 'rmw_fastrtps_cpp' as default
[1.262s] -- Found sensor_msgs: 4.9.0 (/opt/ros/humble/share/sensor_msgs/cmake)
[1.371s] -- Found cv_bridge: 3.2.1 (/opt/ros/humble/share/cv_bridge/cmake)
[1.379s] -- Found vision_msgs: 4.1.1 (/opt/ros/humble/share/vision_msgs/cmake)
[1.439s] -- Found ament_lint_auto: 0.12.14 (/opt/ros/humble/share/ament_lint_auto/cmake)
[1.620s] -- Added test 'cppcheck' to perform static code analysis on C / C++ code
[1.620s] -- Configured cppcheck include dirs: 
[1.621s] -- Configured cppcheck exclude dirs and/or files: 
[1.622s] -- Added test 'lint_cmake' to check CMake code style
[1.624s] -- Added test 'uncrustify' to check C / C++ code style
[1.624s] -- Configured uncrustify additional arguments: 
[1.625s] -- Added test 'xmllint' to check XML markup files
[1.628s] -- Configuring done
[1.666s] -- Generating done
[1.678s] -- Build files have been written to: /home/main-user/Jetson-RT-Traffic-System/build/detections_img
[1.697s] Invoked command in '/home/main-user/Jetson-RT-Traffic-System/build/detections_img' returned '0': CMAKE_PREFIX_PATH=${CMAKE_PREFIX_PATH}:/home/main-user/Jetson-RT-Traffic-System/install/videopub:/opt/ros/humble /usr/bin/cmake /home/main-user/Jetson-RT-Traffic-System/src/detections_img -DCMAKE_INSTALL_PREFIX=/home/main-user/Jetson-RT-Traffic-System/install/detections_img
[1.701s] Invoking command in '/home/main-user/Jetson-RT-Traffic-System/build/detections_img': CMAKE_PREFIX_PATH=${CMAKE_PREFIX_PATH}:/home/main-user/Jetson-RT-Traffic-System/install/videopub:/opt/ros/humble /usr/bin/cmake --build /home/main-user/Jetson-RT-Traffic-System/build/detections_img -- -j6 -l6
[1.776s] [35m[1mConsolidate compiler generated dependencies of target detections_img_node[0m
[1.827s] [100%] Built target detections_img_node
[1.854s] Invoked command in '/home/main-user/Jetson-RT-Traffic-System/build/detections_img' returned '0': CMAKE_PREFIX_PATH=${CMAKE_PREFIX_PATH}:/home/main-user/Jetson-RT-Traffic-System/install/videopub:/opt/ros/humble /usr/bin/cmake --build /home/main-user/Jetson-RT-Traffic-System/build/detections_img -- -j6 -l6
[1.875s] Invoking command in '/home/main-user/Jetson-RT-Traffic-System/build/detections_img': CMAKE_PREFIX_PATH=${CMAKE_PREFIX_PATH}:/home/main-user/Jetson-RT-Traffic-System/install/videopub:/opt/ros/humble /usr/bin/cmake --install /home/main-user/Jetson-RT-Traffic-System/build/detections_img
[1.891s] -- Install configuration: ""
[1.892s] -- Execute custom install script
[1.892s] -- Up-to-date symlink: /home/main-user/Jetson-RT-Traffic-System/install/detections_img/lib/detections_img/detections_img_node
[1.893s] -- Up-to-date symlink: /home/main-user/Jetson-RT-Traffic-System/install/detections_img/share/ament_index/resource_index/package_run_dependencies/detections_img
[1.893s] -- Up-to-date symlink: /home/main-user/Jetson-RT-Traffic-System/install/detections_img/share/ament_index/resource_index/parent_prefix_path/detections_img
[1.894s] -- Up-to-date symlink: /home/main-user/Jetson-RT-Traffic-System/install/detections_img/share/detections_img/environment/ament_prefix_path.sh
[1.895s] -- Up-to-date symlink: /home/main-user/Jetson-RT-Traffic-System/install/detections_img/share/detections_img/environment/ament_prefix_path.dsv
[1.895s] -- Up-to-date symlink: /home/main-user/Jetson-RT-Traffic-System/install/detections_img/share/detections_img/environment/path.sh
[1.895s] -- Up-to-date symlink: /home/main-user/Jetson-RT-Traffic-System/install/detections_img/share/detections_img/environment/path.dsv
[1.896s] -- Up-to-date symlink: /home/main-user/Jetson-RT-Traffic-System/install/detections_img/share/detections_img/local_setup.bash
[1.896s] -- Up-to-date symlink: /home/main-user/Jetson-RT-Traffic-System/install/detections_img/share/detections_img/local_setup.sh
[1.896s] -- Up-to-date symlink: /home/main-user/Jetson-RT-Traffic-System/install/detections_img/share/detections_img/local_setup.zsh
[1.896s] -- Up-to-date symlink: /home/main-user/Jetson-RT-Traffic-System/install/detections_img/share/detections_img/local_setup.dsv
[1.897s] -- Symlinking: /home/main-user/Jetson-RT-Traffic-System/install/detections_img/share/detections_img/package.dsv
[1.915s] -- Up-to-date symlink: /home/main-user/Jetson-RT-Traffic-System/install/detections_img/share/ament_index/resource_index/packages/detections_img
[1.915s] -- Up-to-date symlink: /home/main-user/Jetson-RT-Traffic-System/install/detections_img/share/detections_img/cmake/detections_imgConfig.cmake
[1.915s] -- Up-to-date symlink: /home/main-user/Jetson-RT-Traffic-System/install/detections_img/share/detections_img/cmake/detections_imgConfig-version.cmake
[1.915s] -- Up-to-date symlink: /home/main-user/Jetson-RT-Traffic-System/install/detections_img/share/detections_img/package.xml
[1.921s] Invoked command in '/home/main-user/Jetson-RT-Traffic-System/build/detections_img' returned '0': CMAKE_PREFIX_PATH=${CMAKE_PREFIX_PATH}:/home/main-user/Jetson-RT-Traffic-System/install/videopub:/opt/ros/humble /usr/bin/cmake --install /home/main-user/Jetson-RT-Traffic-System/build/detections_img
