[0.040s] Invoking command in '/home/main-user/Jetson-RT-Traffic-System/build/traffic_detect': CMAKE_PREFIX_PATH=${CMAKE_PREFIX_PATH}:/home/main-user/Jetson-RT-Traffic-System/install/videopub:/opt/ros/humble /usr/bin/cmake /home/main-user/Jetson-RT-Traffic-System/src/traffic_detect -DCMAKE_INSTALL_PREFIX=/home/main-user/Jetson-RT-Traffic-System/install/traffic_detect
[0.136s] -- Found ament_cmake: 1.3.12 (/opt/ros/humble/share/ament_cmake/cmake)
[0.451s] -- Override CMake install command with custom implementation using symlinks instead of copying resources
[0.503s] -- Found rclcpp: 16.0.14 (/opt/ros/humble/share/rclcpp/cmake)
[0.606s] -- Found rosidl_generator_c: 3.1.7 (/opt/ros/humble/share/rosidl_generator_c/cmake)
[0.615s] -- Found rosidl_adapter: 3.1.7 (/opt/ros/humble/share/rosidl_adapter/cmake)
[0.640s] -- Found rosidl_generator_cpp: 3.1.7 (/opt/ros/humble/share/rosidl_generator_cpp/cmake)
[0.676s] -- Using all available rosidl_typesupport_c: rosidl_typesupport_fastrtps_c;rosidl_typesupport_introspection_c
[0.715s] -- Using all available rosidl_typesupport_cpp: rosidl_typesupport_fastrtps_cpp;rosidl_typesupport_introspection_cpp
[0.823s] -- Found rmw_implementation_cmake: 6.1.2 (/opt/ros/humble/share/rmw_implementation_cmake/cmake)
[0.830s] -- Found rmw_fastrtps_cpp: 6.2.8 (/opt/ros/humble/share/rmw_fastrtps_cpp/cmake)
[1.082s] -- Using RMW implementation 'rmw_fastrtps_cpp' as default
[1.248s] -- Found sensor_msgs: 4.9.0 (/opt/ros/humble/share/sensor_msgs/cmake)
[1.357s] -- Found cv_bridge: 3.2.1 (/opt/ros/humble/share/cv_bridge/cmake)
[1.398s] -- Found vision_msgs: 4.1.1 (/opt/ros/humble/share/vision_msgs/cmake)
[1.432s] -- Found ament_lint_auto: 0.12.14 (/opt/ros/humble/share/ament_lint_auto/cmake)
[1.670s] -- Added test 'cppcheck' to perform static code analysis on C / C++ code
[1.671s] -- Configured cppcheck include dirs: /home/main-user/Jetson-RT-Traffic-System/src/traffic_detect/include;/home/main-user/Jetson-RT-Traffic-System/src/traffic_detect/Threads::Threads;/home/main-user/Jetson-RT-Traffic-System/src/traffic_detect/dl
[1.671s] -- Configured cppcheck exclude dirs and/or files: 
[1.678s] -- Added test 'flake8' to check Python code syntax and style conventions
[1.690s] -- Added test 'lint_cmake' to check CMake code style
[1.697s] -- Added test 'pep257' to check Python code against some of the docstring style conventions in PEP 257
[1.741s] -- Added test 'uncrustify' to check C / C++ code style
[1.742s] -- Configured uncrustify additional arguments: 
[1.748s] -- Added test 'xmllint' to check XML markup files
[1.750s] -- Configuring done
[1.785s] -- Generating done
[1.795s] -- Build files have been written to: /home/main-user/Jetson-RT-Traffic-System/build/traffic_detect
[1.823s] Invoked command in '/home/main-user/Jetson-RT-Traffic-System/build/traffic_detect' returned '0': CMAKE_PREFIX_PATH=${CMAKE_PREFIX_PATH}:/home/main-user/Jetson-RT-Traffic-System/install/videopub:/opt/ros/humble /usr/bin/cmake /home/main-user/Jetson-RT-Traffic-System/src/traffic_detect -DCMAKE_INSTALL_PREFIX=/home/main-user/Jetson-RT-Traffic-System/install/traffic_detect
[1.824s] Invoking command in '/home/main-user/Jetson-RT-Traffic-System/build/traffic_detect': CMAKE_PREFIX_PATH=${CMAKE_PREFIX_PATH}:/home/main-user/Jetson-RT-Traffic-System/install/videopub:/opt/ros/humble /usr/bin/cmake --build /home/main-user/Jetson-RT-Traffic-System/build/traffic_detect -- -j6 -l6
[1.904s] [35m[1mConsolidate compiler generated dependencies of target traffic_detect_node[0m
[1.950s] [ 50%] [32mBuilding CXX object CMakeFiles/traffic_detect_node.dir/src/main.cpp.o[0m
[1.959s] [01m[Kcc1plus:[m[K [01;35m[Kwarning: [m[K/usr/local/cuda/lib64/libcudart_static.a: not a directory
[1.960s] [01m[Kcc1plus:[m[K [01;35m[Kwarning: [m[K/usr/lib/aarch64-linux-gnu/librt.a: not a directory
[26.149s] [100%] [32m[1mLinking CXX executable traffic_detect_node[0m
[27.061s] /usr/bin/ld: warning: libopencv_imgcodecs.so.4.5d, needed by /opt/ros/humble/lib/libcv_bridge.so, may conflict with libopencv_imgcodecs.so.408
[27.064s] /usr/bin/ld: warning: libopencv_imgproc.so.4.5d, needed by /opt/ros/humble/lib/libcv_bridge.so, may conflict with libopencv_imgproc.so.408
[27.067s] /usr/bin/ld: warning: libopencv_core.so.4.5d, needed by /opt/ros/humble/lib/libcv_bridge.so, may conflict with libopencv_core.so.408
[28.349s] [100%] Built target traffic_detect_node
[28.375s] Invoked command in '/home/main-user/Jetson-RT-Traffic-System/build/traffic_detect' returned '0': CMAKE_PREFIX_PATH=${CMAKE_PREFIX_PATH}:/home/main-user/Jetson-RT-Traffic-System/install/videopub:/opt/ros/humble /usr/bin/cmake --build /home/main-user/Jetson-RT-Traffic-System/build/traffic_detect -- -j6 -l6
[28.383s] Invoking command in '/home/main-user/Jetson-RT-Traffic-System/build/traffic_detect': CMAKE_PREFIX_PATH=${CMAKE_PREFIX_PATH}:/home/main-user/Jetson-RT-Traffic-System/install/videopub:/opt/ros/humble /usr/bin/cmake --install /home/main-user/Jetson-RT-Traffic-System/build/traffic_detect
[28.400s] -- Install configuration: ""
[28.402s] -- Execute custom install script
[28.402s] -- Up-to-date symlink: /home/main-user/Jetson-RT-Traffic-System/install/traffic_detect/lib/traffic_detect/traffic_detect_node
[28.402s] -- Up-to-date symlink: /home/main-user/Jetson-RT-Traffic-System/install/traffic_detect/share/ament_index/resource_index/package_run_dependencies/traffic_detect
[28.403s] -- Up-to-date symlink: /home/main-user/Jetson-RT-Traffic-System/install/traffic_detect/share/ament_index/resource_index/parent_prefix_path/traffic_detect
[28.403s] -- Up-to-date symlink: /home/main-user/Jetson-RT-Traffic-System/install/traffic_detect/share/traffic_detect/environment/ament_prefix_path.sh
[28.403s] -- Up-to-date symlink: /home/main-user/Jetson-RT-Traffic-System/install/traffic_detect/share/traffic_detect/environment/ament_prefix_path.dsv
[28.404s] -- Up-to-date symlink: /home/main-user/Jetson-RT-Traffic-System/install/traffic_detect/share/traffic_detect/environment/path.sh
[28.404s] -- Up-to-date symlink: /home/main-user/Jetson-RT-Traffic-System/install/traffic_detect/share/traffic_detect/environment/path.dsv
[28.405s] -- Up-to-date symlink: /home/main-user/Jetson-RT-Traffic-System/install/traffic_detect/share/traffic_detect/local_setup.bash
[28.405s] -- Up-to-date symlink: /home/main-user/Jetson-RT-Traffic-System/install/traffic_detect/share/traffic_detect/local_setup.sh
[28.405s] -- Up-to-date symlink: /home/main-user/Jetson-RT-Traffic-System/install/traffic_detect/share/traffic_detect/local_setup.zsh
[28.406s] -- Up-to-date symlink: /home/main-user/Jetson-RT-Traffic-System/install/traffic_detect/share/traffic_detect/local_setup.dsv
[28.406s] -- Symlinking: /home/main-user/Jetson-RT-Traffic-System/install/traffic_detect/share/traffic_detect/package.dsv
[28.426s] -- Up-to-date symlink: /home/main-user/Jetson-RT-Traffic-System/install/traffic_detect/share/ament_index/resource_index/packages/traffic_detect
[28.427s] -- Up-to-date symlink: /home/main-user/Jetson-RT-Traffic-System/install/traffic_detect/share/traffic_detect/cmake/traffic_detectConfig.cmake
[28.427s] -- Up-to-date symlink: /home/main-user/Jetson-RT-Traffic-System/install/traffic_detect/share/traffic_detect/cmake/traffic_detectConfig-version.cmake
[28.427s] -- Up-to-date symlink: /home/main-user/Jetson-RT-Traffic-System/install/traffic_detect/share/traffic_detect/package.xml
[28.434s] Invoked command in '/home/main-user/Jetson-RT-Traffic-System/build/traffic_detect' returned '0': CMAKE_PREFIX_PATH=${CMAKE_PREFIX_PATH}:/home/main-user/Jetson-RT-Traffic-System/install/videopub:/opt/ros/humble /usr/bin/cmake --install /home/main-user/Jetson-RT-Traffic-System/build/traffic_detect
