[0.027s] Invoking command in '/home/main-user/Jetson-RT-Traffic-System/build/my_package': CMAKE_PREFIX_PATH=/opt/ros/humble /usr/bin/cmake --build /home/main-user/Jetson-RT-Traffic-System/build/my_package -- -j6 -l6
[0.092s] [35m[1mConsolidate compiler generated dependencies of target my_node[0m
[0.111s] [100%] Built target my_node
[0.136s] Invoked command in '/home/main-user/Jetson-RT-Traffic-System/build/my_package' returned '0': CMAKE_PREFIX_PATH=/opt/ros/humble /usr/bin/cmake --build /home/main-user/Jetson-RT-Traffic-System/build/my_package -- -j6 -l6
[0.157s] Invoking command in '/home/main-user/Jetson-RT-Traffic-System/build/my_package': CMAKE_PREFIX_PATH=/opt/ros/humble /usr/bin/cmake --install /home/main-user/Jetson-RT-Traffic-System/build/my_package
[0.171s] -- Install configuration: ""
[0.172s] -- Execute custom install script
[0.173s] -- Up-to-date symlink: /home/main-user/Jetson-RT-Traffic-System/install/my_package/lib/my_package/my_node
[0.173s] -- Up-to-date symlink: /home/main-user/Jetson-RT-Traffic-System/install/my_package/share/ament_index/resource_index/package_run_dependencies/my_package
[0.173s] -- Up-to-date symlink: /home/main-user/Jetson-RT-Traffic-System/install/my_package/share/ament_index/resource_index/parent_prefix_path/my_package
[0.174s] -- Up-to-date symlink: /home/main-user/Jetson-RT-Traffic-System/install/my_package/share/my_package/environment/ament_prefix_path.sh
[0.174s] -- Up-to-date symlink: /home/main-user/Jetson-RT-Traffic-System/install/my_package/share/my_package/environment/ament_prefix_path.dsv
[0.174s] -- Up-to-date symlink: /home/main-user/Jetson-RT-Traffic-System/install/my_package/share/my_package/environment/path.sh
[0.175s] -- Up-to-date symlink: /home/main-user/Jetson-RT-Traffic-System/install/my_package/share/my_package/environment/path.dsv
[0.175s] -- Up-to-date symlink: /home/main-user/Jetson-RT-Traffic-System/install/my_package/share/my_package/local_setup.bash
[0.175s] -- Up-to-date symlink: /home/main-user/Jetson-RT-Traffic-System/install/my_package/share/my_package/local_setup.sh
[0.175s] -- Up-to-date symlink: /home/main-user/Jetson-RT-Traffic-System/install/my_package/share/my_package/local_setup.zsh
[0.176s] -- Up-to-date symlink: /home/main-user/Jetson-RT-Traffic-System/install/my_package/share/my_package/local_setup.dsv
[0.176s] -- Symlinking: /home/main-user/Jetson-RT-Traffic-System/install/my_package/share/my_package/package.dsv
[0.197s] -- Up-to-date symlink: /home/main-user/Jetson-RT-Traffic-System/install/my_package/share/ament_index/resource_index/packages/my_package
[0.197s] -- Up-to-date symlink: /home/main-user/Jetson-RT-Traffic-System/install/my_package/share/my_package/cmake/my_packageConfig.cmake
[0.198s] -- Up-to-date symlink: /home/main-user/Jetson-RT-Traffic-System/install/my_package/share/my_package/cmake/my_packageConfig-version.cmake
[0.198s] -- Up-to-date symlink: /home/main-user/Jetson-RT-Traffic-System/install/my_package/share/my_package/package.xml
[0.202s] Invoked command in '/home/main-user/Jetson-RT-Traffic-System/build/my_package' returned '0': CMAKE_PREFIX_PATH=/opt/ros/humble /usr/bin/cmake --install /home/main-user/Jetson-RT-Traffic-System/build/my_package
