[0.024s] Invoking command in '/home/main-user/Jetson-RT-Traffic-System/build/my_package': CMAKE_PREFIX_PATH=/opt/ros/humble /usr/bin/cmake /home/main-user/Jetson-RT-Traffic-System/src/my_package -DAMENT_CMAKE_SYMLINK_INSTALL=1 -DCMAKE_INSTALL_PREFIX=/home/main-user/Jetson-RT-Traffic-System/install/my_package
[0.123s] -- The C compiler identification is GNU 11.4.0
[0.227s] -- The CXX compiler identification is GNU 11.4.0
[0.244s] -- Detecting C compiler ABI info
[0.385s] -- Detecting C compiler ABI info - done
[0.400s] -- Check for working C compiler: /usr/bin/cc - skipped
[0.400s] -- Detecting C compile features
[0.401s] -- Detecting C compile features - done
[0.408s] -- Detecting CXX compiler ABI info
[0.566s] -- Detecting CXX compiler ABI info - done
[0.591s] -- Check for working CXX compiler: /usr/bin/c++ - skipped
[0.594s] -- Detecting CXX compile features
[0.594s] -- Detecting CXX compile features - done
[0.605s] -- Found ament_cmake: 1.3.11 (/opt/ros/humble/share/ament_cmake/cmake)
[0.953s] -- Found Python3: /usr/bin/python3 (found version "3.10.12") found components: Interpreter 
[1.121s] -- Override CMake install command with custom implementation using symlinks instead of copying resources
[1.183s] -- Found ament_lint_auto: 0.12.12 (/opt/ros/humble/share/ament_lint_auto/cmake)
[1.352s] -- Added test 'cppcheck' to perform static code analysis on C / C++ code
[1.352s] -- Configured cppcheck include dirs: $<BUILD_INTERFACE:/home/main-user/Jetson-RT-Traffic-System/src/my_package/include>
[1.352s] -- Configured cppcheck exclude dirs and/or files: 
[1.353s] -- Added test 'lint_cmake' to check CMake code style
[1.354s] -- Added test 'uncrustify' to check C / C++ code style
[1.354s] -- Configured uncrustify additional arguments: 
[1.355s] -- Added test 'xmllint' to check XML markup files
[1.358s] -- Configuring done
[1.367s] -- Generating done
[1.371s] -- Build files have been written to: /home/main-user/Jetson-RT-Traffic-System/build/my_package
[1.381s] Invoked command in '/home/main-user/Jetson-RT-Traffic-System/build/my_package' returned '0': CMAKE_PREFIX_PATH=/opt/ros/humble /usr/bin/cmake /home/main-user/Jetson-RT-Traffic-System/src/my_package -DAMENT_CMAKE_SYMLINK_INSTALL=1 -DCMAKE_INSTALL_PREFIX=/home/main-user/Jetson-RT-Traffic-System/install/my_package
[1.384s] Invoking command in '/home/main-user/Jetson-RT-Traffic-System/build/my_package': CMAKE_PREFIX_PATH=/opt/ros/humble /usr/bin/cmake --build /home/main-user/Jetson-RT-Traffic-System/build/my_package -- -j6 -l6
[1.467s] [ 50%] [32mBuilding CXX object CMakeFiles/my_node.dir/src/my_node.cpp.o[0m
[1.525s] [100%] [32m[1mLinking CXX executable my_node[0m
[1.617s] [100%] Built target my_node
[1.639s] Invoked command in '/home/main-user/Jetson-RT-Traffic-System/build/my_package' returned '0': CMAKE_PREFIX_PATH=/opt/ros/humble /usr/bin/cmake --build /home/main-user/Jetson-RT-Traffic-System/build/my_package -- -j6 -l6
[1.662s] Invoking command in '/home/main-user/Jetson-RT-Traffic-System/build/my_package': CMAKE_PREFIX_PATH=/opt/ros/humble /usr/bin/cmake --install /home/main-user/Jetson-RT-Traffic-System/build/my_package
[1.675s] -- Install configuration: ""
[1.676s] -- Execute custom install script
[1.678s] -- Symlinking: /home/main-user/Jetson-RT-Traffic-System/install/my_package/lib/my_package/my_node
[1.700s] -- Symlinking: /home/main-user/Jetson-RT-Traffic-System/install/my_package/share/ament_index/resource_index/package_run_dependencies/my_package
[1.718s] -- Symlinking: /home/main-user/Jetson-RT-Traffic-System/install/my_package/share/ament_index/resource_index/parent_prefix_path/my_package
[1.734s] -- Symlinking: /home/main-user/Jetson-RT-Traffic-System/install/my_package/share/my_package/environment/ament_prefix_path.sh
[1.750s] -- Symlinking: /home/main-user/Jetson-RT-Traffic-System/install/my_package/share/my_package/environment/ament_prefix_path.dsv
[1.766s] -- Symlinking: /home/main-user/Jetson-RT-Traffic-System/install/my_package/share/my_package/environment/path.sh
[1.782s] -- Symlinking: /home/main-user/Jetson-RT-Traffic-System/install/my_package/share/my_package/environment/path.dsv
[1.797s] -- Symlinking: /home/main-user/Jetson-RT-Traffic-System/install/my_package/share/my_package/local_setup.bash
[1.814s] -- Symlinking: /home/main-user/Jetson-RT-Traffic-System/install/my_package/share/my_package/local_setup.sh
[1.832s] -- Symlinking: /home/main-user/Jetson-RT-Traffic-System/install/my_package/share/my_package/local_setup.zsh
[1.850s] -- Symlinking: /home/main-user/Jetson-RT-Traffic-System/install/my_package/share/my_package/local_setup.dsv
[1.871s] -- Symlinking: /home/main-user/Jetson-RT-Traffic-System/install/my_package/share/my_package/package.dsv
[1.891s] -- Symlinking: /home/main-user/Jetson-RT-Traffic-System/install/my_package/share/ament_index/resource_index/packages/my_package
[1.909s] -- Symlinking: /home/main-user/Jetson-RT-Traffic-System/install/my_package/share/my_package/cmake/my_packageConfig.cmake
[1.930s] -- Symlinking: /home/main-user/Jetson-RT-Traffic-System/install/my_package/share/my_package/cmake/my_packageConfig-version.cmake
[1.948s] -- Symlinking: /home/main-user/Jetson-RT-Traffic-System/install/my_package/share/my_package/package.xml
[1.970s] Invoked command in '/home/main-user/Jetson-RT-Traffic-System/build/my_package' returned '0': CMAKE_PREFIX_PATH=/opt/ros/humble /usr/bin/cmake --install /home/main-user/Jetson-RT-Traffic-System/build/my_package
