[1.380s] Invoking command in '/home/main-user/Jetson-RT-Traffic-System/build/videopub': PYTHONPATH=/home/main-user/Jetson-RT-Traffic-System/build/videopub/prefix_override:/usr/lib/python3/dist-packages/colcon_core/task/python/colcon_distutils_commands:/home/main-user/Jetson-RT-Traffic-System/install/videopub/lib/python3.10/site-packages:${PYTHONPATH} /usr/bin/python3 -W ignore:setup.py install is deprecated -W ignore:easy_install command is deprecated setup.py develop --editable --build-directory /home/main-user/Jetson-RT-Traffic-System/build/videopub/build --no-deps symlink_data
[1.928s] running develop
[2.263s] running egg_info
[2.263s] creating videopub.egg-info
[2.263s] writing videopub.egg-info/PKG-INFO
[2.263s] writing dependency_links to videopub.egg-info/dependency_links.txt
[2.263s] writing entry points to videopub.egg-info/entry_points.txt
[2.264s] writing requirements to videopub.egg-info/requires.txt
[2.264s] writing top-level names to videopub.egg-info/top_level.txt
[2.264s] writing manifest file 'videopub.egg-info/SOURCES.txt'
[2.267s] reading manifest file 'videopub.egg-info/SOURCES.txt'
[2.268s] writing manifest file 'videopub.egg-info/SOURCES.txt'
[2.271s] running build_ext
[2.271s] Creating /home/main-user/Jetson-RT-Traffic-System/install/videopub/lib/python3.10/site-packages/videopub.egg-link (link to .)
[2.274s] Installing video_publisher script to /home/main-user/Jetson-RT-Traffic-System/install/videopub/lib/videopub
[2.274s] 
[2.275s] Installed /home/main-user/Jetson-RT-Traffic-System/build/videopub
[2.275s] running symlink_data
[2.275s] creating /home/main-user/Jetson-RT-Traffic-System/install/videopub/share/ament_index
[2.275s] creating /home/main-user/Jetson-RT-Traffic-System/install/videopub/share/ament_index/resource_index
[2.275s] creating /home/main-user/Jetson-RT-Traffic-System/install/videopub/share/ament_index/resource_index/packages
[2.275s] symbolically linking /home/main-user/Jetson-RT-Traffic-System/build/videopub/resource/videopub -> /home/main-user/Jetson-RT-Traffic-System/install/videopub/share/ament_index/resource_index/packages
[2.276s] symbolically linking /home/main-user/Jetson-RT-Traffic-System/build/videopub/package.xml -> /home/main-user/Jetson-RT-Traffic-System/install/videopub/share/videopub
[2.364s] Invoked command in '/home/main-user/Jetson-RT-Traffic-System/build/videopub' returned '0': PYTHONPATH=/home/main-user/Jetson-RT-Traffic-System/build/videopub/prefix_override:/usr/lib/python3/dist-packages/colcon_core/task/python/colcon_distutils_commands:/home/main-user/Jetson-RT-Traffic-System/install/videopub/lib/python3.10/site-packages:${PYTHONPATH} /usr/bin/python3 -W ignore:setup.py install is deprecated -W ignore:easy_install command is deprecated setup.py develop --editable --build-directory /home/main-user/Jetson-RT-Traffic-System/build/videopub/build --no-deps symlink_data
