[0.283s] DEBUG:colcon:Command line arguments: ['/usr/bin/colcon', 'build']
[0.284s] DEBUG:colcon:Parsed command line arguments: Namespace(log_base=None, log_level=None, verb_name='build', build_base='build', install_base='install', merge_install=False, symlink_install=False, test_result_base=None, continue_on_error=False, executor='parallel', parallel_workers=6, event_handlers=None, ignore_user_meta=False, metas=['./colcon.meta'], base_paths=['.'], packages_ignore=None, packages_ignore_regex=None, paths=None, packages_up_to=None, packages_up_to_regex=None, packages_above=None, packages_above_and_dependencies=None, packages_above_depth=None, packages_select_by_dep=None, packages_skip_by_dep=None, packages_skip_up_to=None, packages_select_build_failed=False, packages_skip_build_finished=False, packages_select_test_failures=False, packages_skip_test_passed=False, packages_select=None, packages_skip=None, packages_select_regex=None, packages_skip_regex=None, packages_start=None, packages_end=None, allow_overriding=[], cmake_args=None, cmake_target=None, cmake_target_skip_unavailable=False, cmake_clean_cache=False, cmake_clean_first=False, cmake_force_configure=False, ament_cmake_args=None, catkin_cmake_args=None, catkin_skip_building_tests=False, verb_parser=<colcon_defaults.argument_parser.defaults.DefaultArgumentsDecorator object at 0xffff9068b580>, verb_extension=<colcon_core.verb.build.BuildVerb object at 0xffff9068b070>, main=<bound method BuildVerb.main of <colcon_core.verb.build.BuildVerb object at 0xffff9068b070>>)
[0.663s] Level 1:colcon.colcon_core.package_discovery:discover_packages(colcon_meta) check parameters
[0.664s] Level 1:colcon.colcon_core.package_discovery:discover_packages(recursive) check parameters
[0.664s] Level 1:colcon.colcon_core.package_discovery:discover_packages(ignore) check parameters
[0.664s] Level 1:colcon.colcon_core.package_discovery:discover_packages(path) check parameters
[0.664s] Level 1:colcon.colcon_core.package_discovery:discover_packages(colcon_meta) discover
[0.664s] Level 1:colcon.colcon_core.package_discovery:discover_packages(recursive) discover
[0.664s] INFO:colcon.colcon_core.package_discovery:Crawling recursively for packages in '/home/nvidia/Jetson-RT-Traffic-System'
[0.665s] Level 1:colcon.colcon_core.package_identification:_identify(.) by extensions ['ignore', 'ignore_ament_install']
[0.665s] Level 1:colcon.colcon_core.package_identification:_identify(.) by extension 'ignore'
[0.665s] Level 1:colcon.colcon_core.package_identification:_identify(.) by extension 'ignore_ament_install'
[0.665s] Level 1:colcon.colcon_core.package_identification:_identify(.) by extensions ['colcon_pkg']
[0.666s] Level 1:colcon.colcon_core.package_identification:_identify(.) by extension 'colcon_pkg'
[0.666s] Level 1:colcon.colcon_core.package_identification:_identify(.) by extensions ['colcon_meta']
[0.666s] Level 1:colcon.colcon_core.package_identification:_identify(.) by extension 'colcon_meta'
[0.666s] Level 1:colcon.colcon_core.package_identification:_identify(.) by extensions ['ros']
[0.666s] Level 1:colcon.colcon_core.package_identification:_identify(.) by extension 'ros'
[0.722s] Level 1:colcon.colcon_core.package_identification:_identify(.) by extensions ['cmake', 'python']
[0.722s] Level 1:colcon.colcon_core.package_identification:_identify(.) by extension 'cmake'
[0.723s] Level 1:colcon.colcon_core.package_identification:_identify(.) by extension 'python'
[0.723s] Level 1:colcon.colcon_core.package_identification:_identify(.) by extensions ['python_setup_py']
[0.723s] Level 1:colcon.colcon_core.package_identification:_identify(.) by extension 'python_setup_py'
[0.723s] Level 1:colcon.colcon_core.package_identification:_identify(build) by extensions ['ignore', 'ignore_ament_install']
[0.723s] Level 1:colcon.colcon_core.package_identification:_identify(build) by extension 'ignore'
[0.724s] Level 1:colcon.colcon_core.package_identification:_identify(build) ignored
[0.724s] Level 1:colcon.colcon_core.package_identification:_identify(camera-model) by extensions ['ignore', 'ignore_ament_install']
[0.724s] Level 1:colcon.colcon_core.package_identification:_identify(camera-model) by extension 'ignore'
[0.724s] Level 1:colcon.colcon_core.package_identification:_identify(camera-model) by extension 'ignore_ament_install'
[0.724s] Level 1:colcon.colcon_core.package_identification:_identify(camera-model) by extensions ['colcon_pkg']
[0.725s] Level 1:colcon.colcon_core.package_identification:_identify(camera-model) by extension 'colcon_pkg'
[0.725s] Level 1:colcon.colcon_core.package_identification:_identify(camera-model) by extensions ['colcon_meta']
[0.725s] Level 1:colcon.colcon_core.package_identification:_identify(camera-model) by extension 'colcon_meta'
[0.725s] Level 1:colcon.colcon_core.package_identification:_identify(camera-model) by extensions ['ros']
[0.725s] Level 1:colcon.colcon_core.package_identification:_identify(camera-model) by extension 'ros'
[0.725s] Level 1:colcon.colcon_core.package_identification:_identify(camera-model) by extensions ['cmake', 'python']
[0.725s] Level 1:colcon.colcon_core.package_identification:_identify(camera-model) by extension 'cmake'
[0.725s] Level 1:colcon.colcon_core.package_identification:_identify(camera-model) by extension 'python'
[0.725s] Level 1:colcon.colcon_core.package_identification:_identify(camera-model) by extensions ['python_setup_py']
[0.726s] Level 1:colcon.colcon_core.package_identification:_identify(camera-model) by extension 'python_setup_py'
[0.726s] Level 1:colcon.colcon_core.package_identification:_identify(install) by extensions ['ignore', 'ignore_ament_install']
[0.726s] Level 1:colcon.colcon_core.package_identification:_identify(install) by extension 'ignore'
[0.726s] Level 1:colcon.colcon_core.package_identification:_identify(install) ignored
[0.726s] Level 1:colcon.colcon_core.package_identification:_identify(log) by extensions ['ignore', 'ignore_ament_install']
[0.727s] Level 1:colcon.colcon_core.package_identification:_identify(log) by extension 'ignore'
[0.727s] Level 1:colcon.colcon_core.package_identification:_identify(log) ignored
[0.727s] Level 1:colcon.colcon_core.package_identification:_identify(src) by extensions ['ignore', 'ignore_ament_install']
[0.727s] Level 1:colcon.colcon_core.package_identification:_identify(src) by extension 'ignore'
[0.727s] Level 1:colcon.colcon_core.package_identification:_identify(src) by extension 'ignore_ament_install'
[0.727s] Level 1:colcon.colcon_core.package_identification:_identify(src) by extensions ['colcon_pkg']
[0.728s] Level 1:colcon.colcon_core.package_identification:_identify(src) by extension 'colcon_pkg'
[0.728s] Level 1:colcon.colcon_core.package_identification:_identify(src) by extensions ['colcon_meta']
[0.728s] Level 1:colcon.colcon_core.package_identification:_identify(src) by extension 'colcon_meta'
[0.728s] Level 1:colcon.colcon_core.package_identification:_identify(src) by extensions ['ros']
[0.728s] Level 1:colcon.colcon_core.package_identification:_identify(src) by extension 'ros'
[0.728s] Level 1:colcon.colcon_core.package_identification:_identify(src) by extensions ['cmake', 'python']
[0.728s] Level 1:colcon.colcon_core.package_identification:_identify(src) by extension 'cmake'
[0.728s] Level 1:colcon.colcon_core.package_identification:_identify(src) by extension 'python'
[0.728s] Level 1:colcon.colcon_core.package_identification:_identify(src) by extensions ['python_setup_py']
[0.728s] Level 1:colcon.colcon_core.package_identification:_identify(src) by extension 'python_setup_py'
[0.729s] Level 1:colcon.colcon_core.package_identification:_identify(src/detections_img) by extensions ['ignore', 'ignore_ament_install']
[0.729s] Level 1:colcon.colcon_core.package_identification:_identify(src/detections_img) by extension 'ignore'
[0.729s] Level 1:colcon.colcon_core.package_identification:_identify(src/detections_img) by extension 'ignore_ament_install'
[0.729s] Level 1:colcon.colcon_core.package_identification:_identify(src/detections_img) by extensions ['colcon_pkg']
[0.729s] Level 1:colcon.colcon_core.package_identification:_identify(src/detections_img) by extension 'colcon_pkg'
[0.729s] Level 1:colcon.colcon_core.package_identification:_identify(src/detections_img) by extensions ['colcon_meta']
[0.730s] Level 1:colcon.colcon_core.package_identification:_identify(src/detections_img) by extension 'colcon_meta'
[0.730s] Level 1:colcon.colcon_core.package_identification:_identify(src/detections_img) by extensions ['ros']
[0.730s] Level 1:colcon.colcon_core.package_identification:_identify(src/detections_img) by extension 'ros'
[0.736s] DEBUG:colcon.colcon_core.package_identification:Package 'src/detections_img' with type 'ros.ament_cmake' and name 'detections_img'
[0.737s] Level 1:colcon.colcon_core.package_identification:_identify(src/traffic_detect) by extensions ['ignore', 'ignore_ament_install']
[0.737s] Level 1:colcon.colcon_core.package_identification:_identify(src/traffic_detect) by extension 'ignore'
[0.737s] Level 1:colcon.colcon_core.package_identification:_identify(src/traffic_detect) by extension 'ignore_ament_install'
[0.737s] Level 1:colcon.colcon_core.package_identification:_identify(src/traffic_detect) by extensions ['colcon_pkg']
[0.737s] Level 1:colcon.colcon_core.package_identification:_identify(src/traffic_detect) by extension 'colcon_pkg'
[0.737s] Level 1:colcon.colcon_core.package_identification:_identify(src/traffic_detect) by extensions ['colcon_meta']
[0.738s] Level 1:colcon.colcon_core.package_identification:_identify(src/traffic_detect) by extension 'colcon_meta'
[0.738s] Level 1:colcon.colcon_core.package_identification:_identify(src/traffic_detect) by extensions ['ros']
[0.738s] Level 1:colcon.colcon_core.package_identification:_identify(src/traffic_detect) by extension 'ros'
[0.739s] DEBUG:colcon.colcon_core.package_identification:Package 'src/traffic_detect' with type 'ros.ament_cmake' and name 'traffic_detect'
[0.740s] Level 1:colcon.colcon_core.package_identification:_identify(usb_cam_cfg) by extensions ['ignore', 'ignore_ament_install']
[0.740s] Level 1:colcon.colcon_core.package_identification:_identify(usb_cam_cfg) by extension 'ignore'
[0.740s] Level 1:colcon.colcon_core.package_identification:_identify(usb_cam_cfg) by extension 'ignore_ament_install'
[0.740s] Level 1:colcon.colcon_core.package_identification:_identify(usb_cam_cfg) by extensions ['colcon_pkg']
[0.740s] Level 1:colcon.colcon_core.package_identification:_identify(usb_cam_cfg) by extension 'colcon_pkg'
[0.740s] Level 1:colcon.colcon_core.package_identification:_identify(usb_cam_cfg) by extensions ['colcon_meta']
[0.741s] Level 1:colcon.colcon_core.package_identification:_identify(usb_cam_cfg) by extension 'colcon_meta'
[0.741s] Level 1:colcon.colcon_core.package_identification:_identify(usb_cam_cfg) by extensions ['ros']
[0.741s] Level 1:colcon.colcon_core.package_identification:_identify(usb_cam_cfg) by extension 'ros'
[0.741s] Level 1:colcon.colcon_core.package_identification:_identify(usb_cam_cfg) by extensions ['cmake', 'python']
[0.741s] Level 1:colcon.colcon_core.package_identification:_identify(usb_cam_cfg) by extension 'cmake'
[0.741s] Level 1:colcon.colcon_core.package_identification:_identify(usb_cam_cfg) by extension 'python'
[0.741s] Level 1:colcon.colcon_core.package_identification:_identify(usb_cam_cfg) by extensions ['python_setup_py']
[0.741s] Level 1:colcon.colcon_core.package_identification:_identify(usb_cam_cfg) by extension 'python_setup_py'
[0.741s] Level 1:colcon.colcon_core.package_discovery:discover_packages(recursive) using defaults
[0.742s] Level 1:colcon.colcon_core.package_discovery:discover_packages(ignore) discover
[0.742s] Level 1:colcon.colcon_core.package_discovery:discover_packages(ignore) using defaults
[0.742s] Level 1:colcon.colcon_core.package_discovery:discover_packages(path) discover
[0.742s] Level 1:colcon.colcon_core.package_discovery:discover_packages(path) using defaults
[0.784s] Level 1:colcon.colcon_core.package_discovery:discover_packages(prefix_path) check parameters
[0.784s] Level 1:colcon.colcon_core.package_discovery:discover_packages(prefix_path) discover
[0.789s] DEBUG:colcon.colcon_installed_package_information.package_discovery:Found 2 installed packages in /home/nvidia/Jetson-RT-Traffic-System/install
[0.791s] DEBUG:colcon.colcon_installed_package_information.package_discovery:Found 303 installed packages in /opt/ros/humble
[0.795s] Level 1:colcon.colcon_core.package_discovery:discover_packages(prefix_path) using defaults
[0.890s] Level 5:colcon.colcon_core.verb:set package 'detections_img' build argument 'cmake_args' from command line to 'None'
[0.890s] Level 5:colcon.colcon_core.verb:set package 'detections_img' build argument 'cmake_target' from command line to 'None'
[0.890s] Level 5:colcon.colcon_core.verb:set package 'detections_img' build argument 'cmake_target_skip_unavailable' from command line to 'False'
[0.891s] Level 5:colcon.colcon_core.verb:set package 'detections_img' build argument 'cmake_clean_cache' from command line to 'False'
[0.891s] Level 5:colcon.colcon_core.verb:set package 'detections_img' build argument 'cmake_clean_first' from command line to 'False'
[0.891s] Level 5:colcon.colcon_core.verb:set package 'detections_img' build argument 'cmake_force_configure' from command line to 'False'
[0.891s] Level 5:colcon.colcon_core.verb:set package 'detections_img' build argument 'ament_cmake_args' from command line to 'None'
[0.891s] Level 5:colcon.colcon_core.verb:set package 'detections_img' build argument 'catkin_cmake_args' from command line to 'None'
[0.891s] Level 5:colcon.colcon_core.verb:set package 'detections_img' build argument 'catkin_skip_building_tests' from command line to 'False'
[0.891s] DEBUG:colcon.colcon_core.verb:Building package 'detections_img' with the following arguments: {'ament_cmake_args': None, 'build_base': '/home/nvidia/Jetson-RT-Traffic-System/build/detections_img', 'catkin_cmake_args': None, 'catkin_skip_building_tests': False, 'cmake_args': None, 'cmake_clean_cache': False, 'cmake_clean_first': False, 'cmake_force_configure': False, 'cmake_target': None, 'cmake_target_skip_unavailable': False, 'install_base': '/home/nvidia/Jetson-RT-Traffic-System/install/detections_img', 'merge_install': False, 'path': '/home/nvidia/Jetson-RT-Traffic-System/src/detections_img', 'symlink_install': False, 'test_result_base': None}
[0.892s] Level 5:colcon.colcon_core.verb:set package 'traffic_detect' build argument 'cmake_args' from command line to 'None'
[0.892s] Level 5:colcon.colcon_core.verb:set package 'traffic_detect' build argument 'cmake_target' from command line to 'None'
[0.892s] Level 5:colcon.colcon_core.verb:set package 'traffic_detect' build argument 'cmake_target_skip_unavailable' from command line to 'False'
[0.892s] Level 5:colcon.colcon_core.verb:set package 'traffic_detect' build argument 'cmake_clean_cache' from command line to 'False'
[0.892s] Level 5:colcon.colcon_core.verb:set package 'traffic_detect' build argument 'cmake_clean_first' from command line to 'False'
[0.892s] Level 5:colcon.colcon_core.verb:set package 'traffic_detect' build argument 'cmake_force_configure' from command line to 'False'
[0.892s] Level 5:colcon.colcon_core.verb:set package 'traffic_detect' build argument 'ament_cmake_args' from command line to 'None'
[0.892s] Level 5:colcon.colcon_core.verb:set package 'traffic_detect' build argument 'catkin_cmake_args' from command line to 'None'
[0.892s] Level 5:colcon.colcon_core.verb:set package 'traffic_detect' build argument 'catkin_skip_building_tests' from command line to 'False'
[0.892s] DEBUG:colcon.colcon_core.verb:Building package 'traffic_detect' with the following arguments: {'ament_cmake_args': None, 'build_base': '/home/nvidia/Jetson-RT-Traffic-System/build/traffic_detect', 'catkin_cmake_args': None, 'catkin_skip_building_tests': False, 'cmake_args': None, 'cmake_clean_cache': False, 'cmake_clean_first': False, 'cmake_force_configure': False, 'cmake_target': None, 'cmake_target_skip_unavailable': False, 'install_base': '/home/nvidia/Jetson-RT-Traffic-System/install/traffic_detect', 'merge_install': False, 'path': '/home/nvidia/Jetson-RT-Traffic-System/src/traffic_detect', 'symlink_install': False, 'test_result_base': None}
[0.893s] INFO:colcon.colcon_core.executor:Executing jobs using 'parallel' executor
[0.895s] DEBUG:colcon.colcon_parallel_executor.executor.parallel:run_until_complete
[0.896s] INFO:colcon.colcon_ros.task.ament_cmake.build:Building ROS package in '/home/nvidia/Jetson-RT-Traffic-System/src/detections_img' with build type 'ament_cmake'
[0.896s] INFO:colcon.colcon_cmake.task.cmake.build:Building CMake package in '/home/nvidia/Jetson-RT-Traffic-System/src/detections_img'
[0.901s] INFO:colcon.colcon_core.plugin_system:Skipping extension 'colcon_core.shell.bat': Not used on non-Windows systems
[0.901s] INFO:colcon.colcon_core.shell:Skip shell extension 'powershell' for command environment: Not usable outside of PowerShell
[0.901s] DEBUG:colcon.colcon_core.shell:Skip shell extension 'dsv' for command environment
[0.909s] INFO:colcon.colcon_ros.task.ament_cmake.build:Building ROS package in '/home/nvidia/Jetson-RT-Traffic-System/src/traffic_detect' with build type 'ament_cmake'
[0.909s] INFO:colcon.colcon_cmake.task.cmake.build:Building CMake package in '/home/nvidia/Jetson-RT-Traffic-System/src/traffic_detect'
[0.910s] INFO:colcon.colcon_core.shell:Skip shell extension 'powershell' for command environment: Not usable outside of PowerShell
[0.910s] DEBUG:colcon.colcon_core.shell:Skip shell extension 'dsv' for command environment
[0.924s] DEBUG:colcon.colcon_core.event_handler.log_command:Invoking command in '/home/nvidia/Jetson-RT-Traffic-System/build/detections_img': CMAKE_PREFIX_PATH=${CMAKE_PREFIX_PATH}:/opt/ros/humble /usr/bin/cmake --build /home/nvidia/Jetson-RT-Traffic-System/build/detections_img -- -j6 -l6
[0.937s] DEBUG:colcon.colcon_core.event_handler.log_command:Invoking command in '/home/nvidia/Jetson-RT-Traffic-System/build/traffic_detect': CMAKE_PREFIX_PATH=${CMAKE_PREFIX_PATH}:/opt/ros/humble /usr/bin/cmake --build /home/nvidia/Jetson-RT-Traffic-System/build/traffic_detect -- -j6 -l6
[29.321s] DEBUG:colcon.colcon_core.event_handler.log_command:Invoked command in '/home/nvidia/Jetson-RT-Traffic-System/build/traffic_detect' returned '0': CMAKE_PREFIX_PATH=${CMAKE_PREFIX_PATH}:/opt/ros/humble /usr/bin/cmake --build /home/nvidia/Jetson-RT-Traffic-System/build/traffic_detect -- -j6 -l6
[29.345s] DEBUG:colcon.colcon_core.event_handler.log_command:Invoking command in '/home/nvidia/Jetson-RT-Traffic-System/build/traffic_detect': CMAKE_PREFIX_PATH=${CMAKE_PREFIX_PATH}:/opt/ros/humble /usr/bin/cmake --install /home/nvidia/Jetson-RT-Traffic-System/build/traffic_detect
[29.380s] Level 1:colcon.colcon_core.environment:create_environment_scripts_only(traffic_detect)
[29.382s] DEBUG:colcon.colcon_core.event_handler.log_command:Invoked command in '/home/nvidia/Jetson-RT-Traffic-System/build/traffic_detect' returned '0': CMAKE_PREFIX_PATH=${CMAKE_PREFIX_PATH}:/opt/ros/humble /usr/bin/cmake --install /home/nvidia/Jetson-RT-Traffic-System/build/traffic_detect
[29.390s] Level 1:colcon.colcon_core.environment:checking '/home/nvidia/Jetson-RT-Traffic-System/install/traffic_detect' for CMake module files
[29.392s] Level 1:colcon.colcon_core.environment:checking '/home/nvidia/Jetson-RT-Traffic-System/install/traffic_detect' for CMake config files
[29.393s] Level 1:colcon.colcon_core.shell:create_environment_hook('traffic_detect', 'cmake_prefix_path')
[29.394s] INFO:colcon.colcon_core.shell:Creating environment hook '/home/nvidia/Jetson-RT-Traffic-System/install/traffic_detect/share/traffic_detect/hook/cmake_prefix_path.ps1'
[29.396s] INFO:colcon.colcon_core.shell:Creating environment descriptor '/home/nvidia/Jetson-RT-Traffic-System/install/traffic_detect/share/traffic_detect/hook/cmake_prefix_path.dsv'
[29.398s] INFO:colcon.colcon_core.shell:Creating environment hook '/home/nvidia/Jetson-RT-Traffic-System/install/traffic_detect/share/traffic_detect/hook/cmake_prefix_path.sh'
[29.401s] Level 1:colcon.colcon_core.environment:checking '/home/nvidia/Jetson-RT-Traffic-System/install/traffic_detect/lib'
[29.402s] Level 1:colcon.colcon_core.environment:checking '/home/nvidia/Jetson-RT-Traffic-System/install/traffic_detect/bin'
[29.402s] Level 1:colcon.colcon_core.environment:checking '/home/nvidia/Jetson-RT-Traffic-System/install/traffic_detect/lib/pkgconfig/traffic_detect.pc'
[29.403s] Level 1:colcon.colcon_core.environment:checking '/home/nvidia/Jetson-RT-Traffic-System/install/traffic_detect/lib/python3.10/site-packages'
[29.404s] Level 1:colcon.colcon_core.environment:checking '/home/nvidia/Jetson-RT-Traffic-System/install/traffic_detect/bin'
[29.405s] INFO:colcon.colcon_core.shell:Creating package script '/home/nvidia/Jetson-RT-Traffic-System/install/traffic_detect/share/traffic_detect/package.ps1'
[29.408s] INFO:colcon.colcon_core.shell:Creating package descriptor '/home/nvidia/Jetson-RT-Traffic-System/install/traffic_detect/share/traffic_detect/package.dsv'
[29.410s] INFO:colcon.colcon_core.shell:Creating package script '/home/nvidia/Jetson-RT-Traffic-System/install/traffic_detect/share/traffic_detect/package.sh'
[29.413s] INFO:colcon.colcon_core.shell:Creating package script '/home/nvidia/Jetson-RT-Traffic-System/install/traffic_detect/share/traffic_detect/package.bash'
[29.417s] INFO:colcon.colcon_core.shell:Creating package script '/home/nvidia/Jetson-RT-Traffic-System/install/traffic_detect/share/traffic_detect/package.zsh'
[29.419s] Level 1:colcon.colcon_core.environment:create_file_with_runtime_dependencies(/home/nvidia/Jetson-RT-Traffic-System/install/traffic_detect/share/colcon-core/packages/traffic_detect)
[29.422s] Level 1:colcon.colcon_core.environment:create_environment_scripts_only(traffic_detect)
[29.423s] Level 1:colcon.colcon_core.environment:checking '/home/nvidia/Jetson-RT-Traffic-System/install/traffic_detect' for CMake module files
[29.424s] Level 1:colcon.colcon_core.environment:checking '/home/nvidia/Jetson-RT-Traffic-System/install/traffic_detect' for CMake config files
[29.426s] Level 1:colcon.colcon_core.shell:create_environment_hook('traffic_detect', 'cmake_prefix_path')
[29.426s] INFO:colcon.colcon_core.shell:Creating environment hook '/home/nvidia/Jetson-RT-Traffic-System/install/traffic_detect/share/traffic_detect/hook/cmake_prefix_path.ps1'
[29.428s] INFO:colcon.colcon_core.shell:Creating environment descriptor '/home/nvidia/Jetson-RT-Traffic-System/install/traffic_detect/share/traffic_detect/hook/cmake_prefix_path.dsv'
[29.429s] INFO:colcon.colcon_core.shell:Creating environment hook '/home/nvidia/Jetson-RT-Traffic-System/install/traffic_detect/share/traffic_detect/hook/cmake_prefix_path.sh'
[29.431s] Level 1:colcon.colcon_core.environment:checking '/home/nvidia/Jetson-RT-Traffic-System/install/traffic_detect/lib'
[29.432s] Level 1:colcon.colcon_core.environment:checking '/home/nvidia/Jetson-RT-Traffic-System/install/traffic_detect/bin'
[29.432s] Level 1:colcon.colcon_core.environment:checking '/home/nvidia/Jetson-RT-Traffic-System/install/traffic_detect/lib/pkgconfig/traffic_detect.pc'
[29.433s] Level 1:colcon.colcon_core.environment:checking '/home/nvidia/Jetson-RT-Traffic-System/install/traffic_detect/lib/python3.10/site-packages'
[29.434s] Level 1:colcon.colcon_core.environment:checking '/home/nvidia/Jetson-RT-Traffic-System/install/traffic_detect/bin'
[29.435s] INFO:colcon.colcon_core.shell:Creating package script '/home/nvidia/Jetson-RT-Traffic-System/install/traffic_detect/share/traffic_detect/package.ps1'
[29.436s] INFO:colcon.colcon_core.shell:Creating package descriptor '/home/nvidia/Jetson-RT-Traffic-System/install/traffic_detect/share/traffic_detect/package.dsv'
[29.438s] INFO:colcon.colcon_core.shell:Creating package script '/home/nvidia/Jetson-RT-Traffic-System/install/traffic_detect/share/traffic_detect/package.sh'
[29.439s] INFO:colcon.colcon_core.shell:Creating package script '/home/nvidia/Jetson-RT-Traffic-System/install/traffic_detect/share/traffic_detect/package.bash'
[29.441s] INFO:colcon.colcon_core.shell:Creating package script '/home/nvidia/Jetson-RT-Traffic-System/install/traffic_detect/share/traffic_detect/package.zsh'
[29.442s] Level 1:colcon.colcon_core.environment:create_file_with_runtime_dependencies(/home/nvidia/Jetson-RT-Traffic-System/install/traffic_detect/share/colcon-core/packages/traffic_detect)
[33.612s] DEBUG:colcon.colcon_core.event_handler.log_command:Invoked command in '/home/nvidia/Jetson-RT-Traffic-System/build/detections_img' returned '0': CMAKE_PREFIX_PATH=${CMAKE_PREFIX_PATH}:/opt/ros/humble /usr/bin/cmake --build /home/nvidia/Jetson-RT-Traffic-System/build/detections_img -- -j6 -l6
[33.618s] DEBUG:colcon.colcon_core.event_handler.log_command:Invoking command in '/home/nvidia/Jetson-RT-Traffic-System/build/detections_img': CMAKE_PREFIX_PATH=${CMAKE_PREFIX_PATH}:/opt/ros/humble /usr/bin/cmake --install /home/nvidia/Jetson-RT-Traffic-System/build/detections_img
[33.653s] Level 1:colcon.colcon_core.environment:create_environment_scripts_only(detections_img)
[33.654s] Level 1:colcon.colcon_core.environment:checking '/home/nvidia/Jetson-RT-Traffic-System/install/detections_img' for CMake module files
[33.656s] DEBUG:colcon.colcon_core.event_handler.log_command:Invoked command in '/home/nvidia/Jetson-RT-Traffic-System/build/detections_img' returned '0': CMAKE_PREFIX_PATH=${CMAKE_PREFIX_PATH}:/opt/ros/humble /usr/bin/cmake --install /home/nvidia/Jetson-RT-Traffic-System/build/detections_img
[33.657s] Level 1:colcon.colcon_core.environment:checking '/home/nvidia/Jetson-RT-Traffic-System/install/detections_img' for CMake config files
[33.658s] Level 1:colcon.colcon_core.shell:create_environment_hook('detections_img', 'cmake_prefix_path')
[33.659s] INFO:colcon.colcon_core.shell:Creating environment hook '/home/nvidia/Jetson-RT-Traffic-System/install/detections_img/share/detections_img/hook/cmake_prefix_path.ps1'
[33.661s] INFO:colcon.colcon_core.shell:Creating environment descriptor '/home/nvidia/Jetson-RT-Traffic-System/install/detections_img/share/detections_img/hook/cmake_prefix_path.dsv'
[33.662s] INFO:colcon.colcon_core.shell:Creating environment hook '/home/nvidia/Jetson-RT-Traffic-System/install/detections_img/share/detections_img/hook/cmake_prefix_path.sh'
[33.665s] Level 1:colcon.colcon_core.environment:checking '/home/nvidia/Jetson-RT-Traffic-System/install/detections_img/lib'
[33.665s] Level 1:colcon.colcon_core.environment:checking '/home/nvidia/Jetson-RT-Traffic-System/install/detections_img/bin'
[33.665s] Level 1:colcon.colcon_core.environment:checking '/home/nvidia/Jetson-RT-Traffic-System/install/detections_img/lib/pkgconfig/detections_img.pc'
[33.666s] Level 1:colcon.colcon_core.environment:checking '/home/nvidia/Jetson-RT-Traffic-System/install/detections_img/lib/python3.10/site-packages'
[33.667s] Level 1:colcon.colcon_core.environment:checking '/home/nvidia/Jetson-RT-Traffic-System/install/detections_img/bin'
[33.668s] INFO:colcon.colcon_core.shell:Creating package script '/home/nvidia/Jetson-RT-Traffic-System/install/detections_img/share/detections_img/package.ps1'
[33.670s] INFO:colcon.colcon_core.shell:Creating package descriptor '/home/nvidia/Jetson-RT-Traffic-System/install/detections_img/share/detections_img/package.dsv'
[33.671s] INFO:colcon.colcon_core.shell:Creating package script '/home/nvidia/Jetson-RT-Traffic-System/install/detections_img/share/detections_img/package.sh'
[33.673s] INFO:colcon.colcon_core.shell:Creating package script '/home/nvidia/Jetson-RT-Traffic-System/install/detections_img/share/detections_img/package.bash'
[33.675s] INFO:colcon.colcon_core.shell:Creating package script '/home/nvidia/Jetson-RT-Traffic-System/install/detections_img/share/detections_img/package.zsh'
[33.676s] Level 1:colcon.colcon_core.environment:create_file_with_runtime_dependencies(/home/nvidia/Jetson-RT-Traffic-System/install/detections_img/share/colcon-core/packages/detections_img)
[33.678s] Level 1:colcon.colcon_core.environment:create_environment_scripts_only(detections_img)
[33.679s] Level 1:colcon.colcon_core.environment:checking '/home/nvidia/Jetson-RT-Traffic-System/install/detections_img' for CMake module files
[33.681s] Level 1:colcon.colcon_core.environment:checking '/home/nvidia/Jetson-RT-Traffic-System/install/detections_img' for CMake config files
[33.682s] Level 1:colcon.colcon_core.shell:create_environment_hook('detections_img', 'cmake_prefix_path')
[33.682s] INFO:colcon.colcon_core.shell:Creating environment hook '/home/nvidia/Jetson-RT-Traffic-System/install/detections_img/share/detections_img/hook/cmake_prefix_path.ps1'
[33.684s] INFO:colcon.colcon_core.shell:Creating environment descriptor '/home/nvidia/Jetson-RT-Traffic-System/install/detections_img/share/detections_img/hook/cmake_prefix_path.dsv'
[33.685s] INFO:colcon.colcon_core.shell:Creating environment hook '/home/nvidia/Jetson-RT-Traffic-System/install/detections_img/share/detections_img/hook/cmake_prefix_path.sh'
[33.687s] Level 1:colcon.colcon_core.environment:checking '/home/nvidia/Jetson-RT-Traffic-System/install/detections_img/lib'
[33.688s] Level 1:colcon.colcon_core.environment:checking '/home/nvidia/Jetson-RT-Traffic-System/install/detections_img/bin'
[33.688s] Level 1:colcon.colcon_core.environment:checking '/home/nvidia/Jetson-RT-Traffic-System/install/detections_img/lib/pkgconfig/detections_img.pc'
[33.689s] Level 1:colcon.colcon_core.environment:checking '/home/nvidia/Jetson-RT-Traffic-System/install/detections_img/lib/python3.10/site-packages'
[33.690s] Level 1:colcon.colcon_core.environment:checking '/home/nvidia/Jetson-RT-Traffic-System/install/detections_img/bin'
[33.691s] INFO:colcon.colcon_core.shell:Creating package script '/home/nvidia/Jetson-RT-Traffic-System/install/detections_img/share/detections_img/package.ps1'
[33.693s] INFO:colcon.colcon_core.shell:Creating package descriptor '/home/nvidia/Jetson-RT-Traffic-System/install/detections_img/share/detections_img/package.dsv'
[33.694s] INFO:colcon.colcon_core.shell:Creating package script '/home/nvidia/Jetson-RT-Traffic-System/install/detections_img/share/detections_img/package.sh'
[33.696s] INFO:colcon.colcon_core.shell:Creating package script '/home/nvidia/Jetson-RT-Traffic-System/install/detections_img/share/detections_img/package.bash'
[33.698s] INFO:colcon.colcon_core.shell:Creating package script '/home/nvidia/Jetson-RT-Traffic-System/install/detections_img/share/detections_img/package.zsh'
[33.700s] Level 1:colcon.colcon_core.environment:create_file_with_runtime_dependencies(/home/nvidia/Jetson-RT-Traffic-System/install/detections_img/share/colcon-core/packages/detections_img)
[33.701s] DEBUG:colcon.colcon_parallel_executor.executor.parallel:closing loop
[33.702s] DEBUG:colcon.colcon_parallel_executor.executor.parallel:loop closed
[33.702s] DEBUG:colcon.colcon_parallel_executor.executor.parallel:run_until_complete finished with '0'
[33.703s] DEBUG:colcon.colcon_core.event_reactor:joining thread
[33.721s] INFO:colcon.colcon_core.plugin_system:Skipping extension 'colcon_notification.desktop_notification.terminal_notifier': Not used on non-Darwin systems
[33.721s] INFO:colcon.colcon_core.plugin_system:Skipping extension 'colcon_notification.desktop_notification.win32': Not used on non-Windows systems
[33.722s] INFO:colcon.colcon_notification.desktop_notification:Sending desktop notification using 'notify2'
[33.767s] DEBUG:colcon.colcon_core.event_reactor:joined thread
[33.768s] INFO:colcon.colcon_core.shell:Creating prefix script '/home/nvidia/Jetson-RT-Traffic-System/install/local_setup.ps1'
[33.773s] INFO:colcon.colcon_core.shell:Creating prefix util module '/home/nvidia/Jetson-RT-Traffic-System/install/_local_setup_util_ps1.py'
[33.781s] INFO:colcon.colcon_core.shell:Creating prefix chain script '/home/nvidia/Jetson-RT-Traffic-System/install/setup.ps1'
[33.785s] INFO:colcon.colcon_core.shell:Creating prefix script '/home/nvidia/Jetson-RT-Traffic-System/install/local_setup.sh'
[33.787s] INFO:colcon.colcon_core.shell:Creating prefix util module '/home/nvidia/Jetson-RT-Traffic-System/install/_local_setup_util_sh.py'
[33.790s] INFO:colcon.colcon_core.shell:Creating prefix chain script '/home/nvidia/Jetson-RT-Traffic-System/install/setup.sh'
[33.794s] INFO:colcon.colcon_core.shell:Creating prefix script '/home/nvidia/Jetson-RT-Traffic-System/install/local_setup.bash'
[33.797s] INFO:colcon.colcon_core.shell:Creating prefix chain script '/home/nvidia/Jetson-RT-Traffic-System/install/setup.bash'
[33.800s] INFO:colcon.colcon_core.shell:Creating prefix script '/home/nvidia/Jetson-RT-Traffic-System/install/local_setup.zsh'
[33.802s] INFO:colcon.colcon_core.shell:Creating prefix chain script '/home/nvidia/Jetson-RT-Traffic-System/install/setup.zsh'
